03-30 11:00:09.719 INFO MCS 3.0.18
03-30 11:00:09.719 RECD 00 01 86 0B 00 00 00 00 00 64          Length=53           D1 S6F11W   SYSBYTE=100 S6F11
                        01 03 B1 04 00 00 00 00 A9 02 00 C9 01 01 01 02 A9 02 00 18 
                        01 02 41 06 4F 48 54 35 30 36 01 01 41 09 42 44 42 30 30 31 
                        5F 42 31 
03-30 11:00:09.727 SEND 00 01 06 0C 00 00 00 00 00 64          Length=13           D1 S6F12    SYSBYTE=100
                        21 01 00 
03-30 11:00:10.239 RECD 00 01 86 0B 00 00 00 00 00 65          Length=63           D1 S6F11W   SYSBYTE=101 S6F11
                        01 03 B1 04 00 00 00 00 A9 02 00 CE 01 01 01 02 A9 02 00 1D 
                        01 03 41 06 4F 48 54 35 30 36 41 09 42 44 42 30 30 31 5F 42 
                        31 41 0A 43 61 72 72 69 65 72 30 30 31 
03-30 11:00:10.247 SEND 00 01 06 0C 00 00 00 00 00 65          Length=13           D1 S6F12    SYSBYTE=101
                        21 01 00 
03-30 11:00:30.345 RECD 00 01 86 0B 00 00 00 00 00 66          Length=78           D1 S6F11W   SYSBYTE=102 S6F11
                        01 03 B1 04 00 00 00 00 A9 02 00 98 01 01 01 02 A9 02 00 17 
                        01 04 41 06 4F 48 54 35 30 36 41 0A 43 61 72 72 69 65 72 30 
                        30 31 41 09 42 44 42 30 30 31 5F 42 31 41 0D 50 72 65 6D 6F 
                        76 65 43 6D 64 30 30 31 
03-30 11:00:30.358 RECD 00 01 86 0B 00 00 00 00 00 67          Length=63           D1 S6F11W   SYSBYTE=103 S6F11
                        01 03 B1 04 00 00 00 00 A9 02 00 CF 01 01 01 02 A9 02 00 1E 
                        01 03 41 06 4F 48 54 35 30 36 41 09 42 44 42 30 30 31 5F 42 
                        31 41 0A 43 61 72 72 69 65 72 30 30 31 
03-30 11:00:30.366 SEND 00 01 06 0C 00 00 00 00 00 66          Length=13           D1 S6F12    SYSBYTE=102
                        21 01 00 
03-30 11:00:30.377 SEND 00 01 06 0C 00 00 00 00 00 67          Length=13           D1 S6F12    SYSBYTE=103
                        21 01 00 
03-30 11:00:30.386 RECD 00 01 86 0B 00 00 00 00 00 68          Length=55           D1 S6F11W   SYSBYTE=104 S6F11
                        01 03 B1 04 00 00 00 00 A9 02 00 D2 01 01 01 02 A9 02 00 21 
                        01 02 41 06 4F 48 54 35 30 36 41 0D 50 72 65 6D 6F 76 65 43 
                        6D 64 30 30 31 
03-30 11:00:30.397 SEND 00 01 06 0C 00 00 00 00 00 68          Length=13           D1 S6F12    SYSBYTE=104
                        21 01 00 
03-30 11:00:30.404 RECD 00 01 86 0B 00 00 00 00 00 69          Length=112          D1 S6F11W   SYSBYTE=105 S6F11
                        01 03 B1 04 00 00 00 00 A9 02 00 6B 01 01 01 02 A9 02 00 11 
                        01 03 01 03 41 0D 50 72 65 6D 6F 76 65 43 6D 64 30 30 31 A9 
                        02 00 0A A9 02 00 00 A9 02 00 00 01 01 01 02 01 03 41 0A 43 
                        61 72 72 69 65 72 30 30 31 41 09 42 48 46 30 30 35 5F 42 36 
                        41 09 42 44 42 30 30 31 5F 42 31 41 09 42 44 42 30 30 31 5F 
                        42 31 
03-30 11:00:30.411 SEND 00 01 06 0C 00 00 00 00 00 69          Length=13           D1 S6F12    SYSBYTE=105
                        21 01 00 
03-30 11:01:03.063 SEND 00 01 82 31 00 00 00 00 00 23          Length=294          D1 S2F49W   SYSBYTE=35
                        01 04 B1 04 00 00 00 00 41 00 41 0C 54 52 41 4E 53 46 45 52 
                        5F 45 58 34 01 03 01 02 41 0B 43 4F 4D 4D 41 4E 44 49 4E 46 
                        4F 01 03 01 02 41 09 43 4F 4D 4D 41 4E 44 49 44 41 0D 50 72 
                        65 6D 6F 76 65 43 6D 64 30 30 31 01 02 41 08 50 52 49 4F 52 
                        49 54 59 A9 02 00 0A 01 02 41 07 52 45 50 4C 41 43 45 A9 02 
                        00 00 01 02 41 0C 54 52 41 4E 53 46 45 52 49 4E 46 4F 01 03 
                        01 02 41 09 43 41 52 52 49 45 52 49 44 41 0A 43 61 72 72 69 
                        65 72 30 30 31 01 02 41 0A 53 4F 55 52 43 45 50 4F 52 54 41 
                        09 42 48 46 30 30 35 5F 42 36 01 02 41 08 44 45 53 54 50 4F 
                        52 54 41 09 42 44 42 30 30 31 5F 42 31 01 02 41 0C 44 45 4C 
                        49 56 45 52 59 49 4E 46 4F 01 03 01 02 41 0C 44 45 4C 49 56 
                        45 52 59 54 59 50 45 41 00 01 02 41 14 45 58 50 45 43 54 45 
                        44 44 45 4C 49 56 45 52 59 54 49 4D 45 A9 02 00 00 01 02 41 
                        13 44 45 4C 49 56 45 52 59 57 41 49 54 54 49 4D 45 4F 55 54 
                        A9 02 00 1E 
03-30 11:01:03.115 WARN RECEIVE UNKNOWN MESSAGE FOR D1 S2F50    SYSBYTE=35 (ERR_DISPATCHER_UnrecognizedFunction)
03-30 11:01:03.122 RECD 00 01 02 32 00 00 00 00 00 23          Length=17           D1 S2F50    SYSBYTE=35
                        01 02 21 01 04 01 00 
03-30 11:01:05.541 RECD 00 01 86 0B 00 00 00 00 00 6A          Length=55           D1 S6F11W   SYSBYTE=106 S6F11
                        01 03 B1 04 00 00 00 00 A9 02 00 CC 01 01 01 02 A9 02 00 1B 
                        01 02 41 06 4F 48 54 35 31 30 41 0D 50 72 65 6D 6F 76 65 43 
                        6D 64 30 30 31 
03-30 11:01:05.548 SEND 00 01 06 0C 00 00 00 00 00 6A          Length=13           D1 S6F12    SYSBYTE=106
                        21 01 00 
03-30 11:01:38.684 RECD 00 01 86 0B 00 00 00 00 00 6B          Length=53           D1 S6F11W   SYSBYTE=107 S6F11
                        01 03 B1 04 00 00 00 00 A9 02 00 C9 01 01 01 02 A9 02 00 18 
                        01 02 41 06 4F 48 54 35 31 30 01 01 41 09 42 48 46 30 30 35 
                        5F 42 36 
03-30 11:01:38.691 SEND 00 01 06 0C 00 00 00 00 00 6B          Length=13           D1 S6F12    SYSBYTE=107
                        21 01 00 
03-30 11:01:39.215 RECD 00 01 86 0B 00 00 00 00 00 6C          Length=47           D1 S6F11W   SYSBYTE=108 S6F11
                        01 03 B1 04 00 00 00 00 A9 02 00 6F 01 01 01 02 A9 02 00 15 
                        01 01 41 0D 50 72 65 6D 6F 76 65 43 6D 64 30 30 31 
03-30 11:01:39.225 RECD 00 01 86 0B 00 00 00 00 00 6D          Length=63           D1 S6F11W   SYSBYTE=109 S6F11
                        01 03 B1 04 00 00 00 00 A9 02 00 CA 01 01 01 02 A9 02 00 19 
                        01 03 41 06 4F 48 54 35 31 30 41 09 42 48 46 30 30 35 5F 42 
                        36 41 0A 43 61 72 72 69 65 72 30 30 31 
03-30 11:01:39.232 SEND 00 01 06 0C 00 00 00 00 00 6C          Length=13           D1 S6F12    SYSBYTE=108
                        21 01 00 
03-30 11:01:39.240 SEND 00 01 06 0C 00 00 00 00 00 6D          Length=13           D1 S6F12    SYSBYTE=109
                        21 01 00 
03-30 11:01:59.332 RECD 00 01 86 0B 00 00 00 00 00 6E          Length=81           D1 S6F11W   SYSBYTE=110 S6F11
                        01 03 B1 04 00 00 00 00 A9 02 00 97 01 01 01 02 A9 02 00 16 
                        01 05 41 06 4F 48 54 35 31 30 41 0A 43 61 72 72 69 65 72 30 
                        30 31 41 08 4F 48 54 35 31 30 5F 31 41 0D 50 72 65 6D 6F 76 
                        65 43 6D 64 30 30 31 A9 02 00 64 
03-30 11:01:59.342 RECD 00 01 86 0B 00 00 00 00 00 6F          Length=63           D1 S6F11W   SYSBYTE=111 S6F11
                        01 03 B1 04 00 00 00 00 A9 02 00 CB 01 01 01 02 A9 02 00 1A 
                        01 03 41 06 4F 48 54 35 31 30 41 09 42 48 46 30 30 35 5F 42 
                        36 41 0A 43 61 72 72 69 65 72 30 30 31 
03-30 11:01:59.349 SEND 00 01 06 0C 00 00 00 00 00 6E          Length=13           D1 S6F12    SYSBYTE=110
                        21 01 00 
03-30 11:01:59.388 RECD 00 01 86 0B 00 00 00 00 00 70          Length=53           D1 S6F11W   SYSBYTE=112 S6F11
                        01 03 B1 04 00 00 00 00 A9 02 00 CD 01 01 01 02 A9 02 00 1C 
                        01 02 41 06 4F 48 54 35 31 30 01 01 41 09 42 48 46 30 30 35 
                        5F 42 36 
03-30 11:01:59.398 SEND 00 01 06 0C 00 00 00 00 00 6F          Length=13           D1 S6F12    SYSBYTE=111
                        21 01 00 
03-30 11:01:59.405 SEND 00 01 06 0C 00 00 00 00 00 70          Length=13           D1 S6F12    SYSBYTE=112
                        21 01 00 
03-30 11:02:20.445 RECD 00 01 86 0B 00 00 00 00 00 71          Length=53           D1 S6F11W   SYSBYTE=113 S6F11
                        01 03 B1 04 00 00 00 00 A9 02 00 C9 01 01 01 02 A9 02 00 18 
                        01 02 41 06 4F 48 54 35 31 30 01 01 41 09 42 44 42 30 30 31 
                        5F 42 31 
03-30 11:02:20.451 SEND 00 01 06 0C 00 00 00 00 00 71          Length=13           D1 S6F12    SYSBYTE=113
                        21 01 00 
03-30 11:02:21.477 RECD 00 01 86 0B 00 00 00 00 00 72          Length=63           D1 S6F11W   SYSBYTE=114 S6F11
                        01 03 B1 04 00 00 00 00 A9 02 00 CE 01 01 01 02 A9 02 00 1D 
                        01 03 41 06 4F 48 54 35 31 30 41 09 42 44 42 30 30 31 5F 42 
                        31 41 0A 43 61 72 72 69 65 72 30 30 31 
03-30 11:02:21.486 SEND 00 01 06 0C 00 00 00 00 00 72          Length=13           D1 S6F12    SYSBYTE=114
                        21 01 00 
03-30 11:02:41.577 RECD 00 01 86 0B 00 00 00 00 00 73          Length=78           D1 S6F11W   SYSBYTE=115 S6F11
                        01 03 B1 04 00 00 00 00 A9 02 00 98 01 01 01 02 A9 02 00 17 
                        01 04 41 06 4F 48 54 35 31 30 41 0A 43 61 72 72 69 65 72 30 
                        30 31 41 09 42 44 42 30 30 31 5F 42 31 41 0D 50 72 65 6D 6F 
                        76 65 43 6D 64 30 30 31 
03-30 11:02:41.589 RECD 00 01 86 0B 00 00 00 00 00 74          Length=63           D1 S6F11W   SYSBYTE=116 S6F11
                        01 03 B1 04 00 00 00 00 A9 02 00 CF 01 01 01 02 A9 02 00 1E 
                        01 03 41 06 4F 48 54 35 31 30 41 09 42 44 42 30 30 31 5F 42 
                        31 41 0A 43 61 72 72 69 65 72 30 30 31 
03-30 11:02:41.598 SEND 00 01 06 0C 00 00 00 00 00 73          Length=13           D1 S6F12    SYSBYTE=115
                        21 01 00 
03-30 11:02:41.604 SEND 00 01 06 0C 00 00 00 00 00 74          Length=13           D1 S6F12    SYSBYTE=116
                        21 01 00 
03-30 11:02:41.612 RECD 00 01 86 0B 00 00 00 00 00 75          Length=55           D1 S6F11W   SYSBYTE=117 S6F11
                        01 03 B1 04 00 00 00 00 A9 02 00 D2 01 01 01 02 A9 02 00 21 
                        01 02 41 06 4F 48 54 35 31 30 41 0D 50 72 65 6D 6F 76 65 43 
                        6D 64 30 30 31 
03-30 11:02:41.623 SEND 00 01 06 0C 00 00 00 00 00 75          Length=13           D1 S6F12    SYSBYTE=117
                        21 01 00 
03-30 11:02:41.630 RECD 00 01 86 0B 00 00 00 00 00 76          Length=112          D1 S6F11W   SYSBYTE=118 S6F11
                        01 03 B1 04 00 00 00 00 A9 02 00 6B 01 01 01 02 A9 02 00 11 
                        01 03 01 03 41 0D 50 72 65 6D 6F 76 65 43 6D 64 30 30 31 A9 
                        02 00 0A A9 02 00 00 A9 02 00 00 01 01 01 02 01 03 41 0A 43 
                        61 72 72 69 65 72 30 30 31 41 09 42 48 46 30 30 35 5F 42 36 
                        41 09 42 44 42 30 30 31 5F 42 31 41 09 42 44 42 30 30 31 5F 
                        42 31 
03-30 11:02:41.637 SEND 00 01 06 0C 00 00 00 00 00 76          Length=13           D1 S6F12    SYSBYTE=118
                        21 01 00 
03-30 11:02:48.889 SEND 00 01 82 31 00 00 00 00 00 24          Length=301          D1 S2F49W   SYSBYTE=36
                        01 04 B1 04 00 00 00 00 41 00 41 0C 54 52 41 4E 53 46 45 52 
                        5F 45 58 34 01 03 01 02 41 0B 43 4F 4D 4D 41 4E 44 49 4E 46 
                        4F 01 03 01 02 41 09 43 4F 4D 4D 41 4E 44 49 44 41 0D 50 72 
                        65 6D 6F 76 65 43 6D 64 30 30 31 01 02 41 08 50 52 49 4F 52 
                        49 54 59 A9 02 00 0A 01 02 41 07 52 45 50 4C 41 43 45 A9 02 
                        00 00 01 02 41 0C 54 52 41 4E 53 46 45 52 49 4E 46 4F 01 03 
                        01 02 41 09 43 41 52 52 49 45 52 49 44 41 0A 43 61 72 72 69 
                        65 72 30 30 31 01 02 41 0A 53 4F 55 52 43 45 50 4F 52 54 41 
                        09 42 48 46 30 30 35 5F 42 36 01 02 41 08 44 45 53 54 50 4F 
                        52 54 41 09 42 44 42 30 30 31 5F 42 31 01 02 41 0C 44 45 4C 
                        49 56 45 52 59 49 4E 46 4F 01 03 01 02 41 0C 44 45 4C 49 56 
                        45 52 59 54 59 50 45 41 07 50 52 45 4D 4F 56 45 01 02 41 14 
                        45 58 50 45 43 54 45 44 44 45 4C 49 56 45 52 59 54 49 4D 45 
                        A9 02 00 00 01 02 41 13 44 45 4C 49 56 45 52 59 57 41 49 54 
                        54 49 4D 45 4F 55 54 A9 02 00 1E 
03-30 11:02:48.922 WARN RECEIVE UNKNOWN MESSAGE FOR D1 S2F50    SYSBYTE=36 (ERR_DISPATCHER_UnrecognizedFunction)
03-30 11:02:48.928 RECD 00 01 02 32 00 00 00 00 00 24          Length=17           D1 S2F50    SYSBYTE=36
                        01 02 21 01 04 01 00 
03-30 11:02:50.667 RECD 00 01 86 0B 00 00 00 00 00 77          Length=55           D1 S6F11W   SYSBYTE=119 S6F11
                        01 03 B1 04 00 00 00 00 A9 02 00 CC 01 01 01 02 A9 02 00 1B 
                        01 02 41 06 4F 48 54 35 30 36 41 0D 50 72 65 6D 6F 76 65 43 
                        6D 64 30 30 31 
03-30 11:02:50.676 SEND 00 01 06 0C 00 00 00 00 00 77          Length=13           D1 S6F12    SYSBYTE=119
                        21 01 00 
03-30 11:03:05.240 RECD 00 01 86 0B 00 00 00 00 00 78          Length=53           D1 S6F11W   SYSBYTE=120 S6F11
                        01 03 B1 04 00 00 00 00 A9 02 00 C9 01 01 01 02 A9 02 00 18 
                        01 02 41 06 4F 48 54 35 30 36 01 01 41 09 42 48 46 30 30 35 
                        5F 42 36 
03-30 11:03:05.247 RECD 00 01 86 0B 00 00 00 00 00 79          Length=47           D1 S6F11W   SYSBYTE=121 S6F11
                        01 03 B1 04 00 00 00 00 A9 02 00 6F 01 01 01 02 A9 02 00 15 
                        01 01 41 0D 50 72 65 6D 6F 76 65 43 6D 64 30 30 31 
03-30 11:03:05.256 SEND 00 01 06 0C 00 00 00 00 00 78          Length=13           D1 S6F12    SYSBYTE=120
                        21 01 00 
03-30 11:03:05.263 SEND 00 01 06 0C 00 00 00 00 00 79          Length=13           D1 S6F12    SYSBYTE=121
                        21 01 00 
03-30 11:03:05.767 RECD 00 01 86 0B 00 00 00 00 00 7A          Length=63           D1 S6F11W   SYSBYTE=122 S6F11
                        01 03 B1 04 00 00 00 00 A9 02 00 CA 01 01 01 02 A9 02 00 19 
                        01 03 41 06 4F 48 54 35 30 36 41 09 42 48 46 30 30 35 5F 42 
                        36 41 0A 43 61 72 72 69 65 72 30 30 31 
03-30 11:03:05.775 SEND 00 01 06 0C 00 00 00 00 00 7A          Length=13           D1 S6F12    SYSBYTE=122
                        21 01 00 
03-30 11:03:09.297 RECD 00 01 86 0B 00 00 00 00 00 7B          Length=81           D1 S6F11W   SYSBYTE=123 S6F11
                        01 03 B1 04 00 00 00 00 A9 02 00 97 01 01 01 02 A9 02 00 16 
                        01 05 41 06 4F 48 54 35 30 36 41 0A 43 61 72 72 69 65 72 30 
                        30 31 41 08 4F 48 54 35 30 36 5F 31 41 0D 50 72 65 6D 6F 76 
                        65 43 6D 64 30 30 31 A9 02 00 64 
03-30 11:03:09.329 RECD 00 01 86 0B 00 00 00 00 00 7C          Length=63           D1 S6F11W   SYSBYTE=124 S6F11
                        01 03 B1 04 00 00 00 00 A9 02 00 CB 01 01 01 02 A9 02 00 1A 
                        01 03 41 06 4F 48 54 35 30 36 41 09 42 48 46 30 30 35 5F 42 
                        36 41 0A 43 61 72 72 69 65 72 30 30 31 
03-30 11:03:09.342 SEND 00 01 06 0C 00 00 00 00 00 7B          Length=13           D1 S6F12    SYSBYTE=123
                        21 01 00 
03-30 11:03:09.356 SEND 00 01 06 0C 00 00 00 00 00 7C          Length=13           D1 S6F12    SYSBYTE=124
                        21 01 00 
03-30 11:03:09.830 RECD 00 01 86 0B 00 00 00 00 00 7D          Length=53           D1 S6F11W   SYSBYTE=125 S6F11
                        01 03 B1 04 00 00 00 00 A9 02 00 CD 01 01 01 02 A9 02 00 1C 
                        01 02 41 06 4F 48 54 35 30 36 01 01 41 09 42 48 46 30 30 35 
                        5F 42 36 
03-30 11:03:09.838 SEND 00 01 06 0C 00 00 00 00 00 7D          Length=13           D1 S6F12    SYSBYTE=125
                        21 01 00 
03-30 11:03:30.924 RECD 00 01 86 0B 00 00 00 00 00 7E          Length=53           D1 S6F11W   SYSBYTE=126 S6F11
                        01 03 B1 04 00 00 00 00 A9 02 00 C9 01 01 01 02 A9 02 00 18 
                        01 02 41 06 4F 48 54 35 30 36 01 01 41 09 42 44 42 30 30 31 
                        5F 42 31 
03-30 11:03:30.932 SEND 00 01 06 0C 00 00 00 00 00 7E          Length=13           D1 S6F12    SYSBYTE=126
                        21 01 00 
03-30 11:04:01.577 RECD 00 01 86 0B 00 00 00 00 00 7F          Length=111          D1 S6F11W   SYSBYTE=127 S6F11
                        01 03 B1 04 00 00 00 00 A9 02 00 6B 01 01 01 02 A9 02 00 11 
                        01 03 01 03 41 0D 50 72 65 6D 6F 76 65 43 6D 64 30 30 31 A9 
                        02 00 0A A9 02 00 00 A9 02 00 01 01 01 01 02 01 03 41 0A 43 
                        61 72 72 69 65 72 30 30 31 41 09 42 48 46 30 30 35 5F 42 36 
                        41 09 42 44 42 30 30 31 5F 42 31 41 08 4F 48 54 35 30 36 5F 
                        31 
03-30 11:04:01.585 RECD 00 01 86 0B 00 00 00 00 00 80          Length=123          D1 S6F11W   SYSBYTE=128 S6F11
                        01 03 B1 04 00 00 00 00 A9 02 00 97 01 01 01 02 A9 02 00 16 
                        01 05 41 06 4F 48 54 35 30 36 41 1F 55 4E 4B 4E 4F 57 4E 2D 
                        4F 48 54 35 30 36 5F 31 2D 32 30 32 31 30 33 33 30 31 31 30 
                        34 30 31 41 08 4F 48 54 35 30 36 5F 31 41 22 54 52 5F 55 4E 
                        4B 4E 4F 57 4E 2D 4F 48 54 35 30 36 5F 31 2D 32 30 32 31 30 
                        33 33 30 31 31 30 34 30 31 A9 02 00 00 
03-30 11:04:01.592 SEND 00 01 06 0C 00 00 00 00 00 7F          Length=13           D1 S6F12    SYSBYTE=127
                        21 01 00 
03-30 11:04:01.601 SEND 00 01 06 0C 00 00 00 00 00 80          Length=13           D1 S6F12    SYSBYTE=128
                        21 01 00 
03-30 11:04:51.685 SEND 00 01 82 31 00 00 00 00 00 25          Length=293          D1 S2F49W   SYSBYTE=37
                        01 04 B1 04 00 00 00 00 41 00 41 0C 54 52 41 4E 53 46 45 52 
                        5F 45 58 34 01 03 01 02 41 0B 43 4F 4D 4D 41 4E 44 49 4E 46 
                        4F 01 03 01 02 41 09 43 4F 4D 4D 41 4E 44 49 44 41 0D 50 72 
                        65 6D 6F 76 65 43 6D 64 30 30 32 01 02 41 08 50 52 49 4F 52 
                        49 54 59 A9 02 00 0A 01 02 41 07 52 45 50 4C 41 43 45 A9 02 
                        00 00 01 02 41 0C 54 52 41 4E 53 46 45 52 49 4E 46 4F 01 03 
                        01 02 41 09 43 41 52 52 49 45 52 49 44 41 0A 43 61 72 72 69 
                        65 72 30 30 31 01 02 41 0A 53 4F 55 52 43 45 50 4F 52 54 41 
                        08 4F 48 54 35 30 36 5F 31 01 02 41 08 44 45 53 54 50 4F 52 
                        54 41 09 42 44 42 30 30 31 5F 42 31 01 02 41 0C 44 45 4C 49 
                        56 45 52 59 49 4E 46 4F 01 03 01 02 41 0C 44 45 4C 49 56 45 
                        52 59 54 59 50 45 41 00 01 02 41 14 45 58 50 45 43 54 45 44 
                        44 45 4C 49 56 45 52 59 54 49 4D 45 A9 02 00 00 01 02 41 13 
                        44 45 4C 49 56 45 52 59 57 41 49 54 54 49 4D 45 4F 55 54 A9 
                        02 00 00 
03-30 11:04:51.714 WARN RECEIVE UNKNOWN MESSAGE FOR D1 S2F50    SYSBYTE=37 (ERR_DISPATCHER_UnrecognizedFunction)
03-30 11:04:51.721 RECD 00 01 02 32 00 00 00 00 00 25          Length=17           D1 S2F50    SYSBYTE=37
                        01 02 21 01 02 01 00 
03-30 11:05:54.482 SEND 00 01 82 31 00 00 00 00 00 26          Length=293          D1 S2F49W   SYSBYTE=38
                        01 04 B1 04 00 00 00 00 41 00 41 0C 54 52 41 4E 53 46 45 52 
                        5F 45 58 34 01 03 01 02 41 0B 43 4F 4D 4D 41 4E 44 49 4E 46 
                        4F 01 03 01 02 41 09 43 4F 4D 4D 41 4E 44 49 44 41 0D 50 72 
                        65 6D 6F 76 65 43 6D 64 30 30 32 01 02 41 08 50 52 49 4F 52 
                        49 54 59 A9 02 00 0A 01 02 41 07 52 45 50 4C 41 43 45 A9 02 
                        00 00 01 02 41 0C 54 52 41 4E 53 46 45 52 49 4E 46 4F 01 03 
                        01 02 41 09 43 41 52 52 49 45 52 49 44 41 0A 43 61 72 72 69 
                        65 72 30 30 31 01 02 41 0A 53 4F 55 52 43 45 50 4F 52 54 41 
                        08 4F 48 54 35 30 36 5F 31 01 02 41 08 44 45 53 54 50 4F 52 
                        54 41 09 42 44 42 30 30 31 5F 42 31 01 02 41 0C 44 45 4C 49 
                        56 45 52 59 49 4E 46 4F 01 03 01 02 41 0C 44 45 4C 49 56 45 
                        52 59 54 59 50 45 41 00 01 02 41 14 45 58 50 45 43 54 45 44 
                        44 45 4C 49 56 45 52 59 54 49 4D 45 A9 02 00 00 01 02 41 13 
                        44 45 4C 49 56 45 52 59 57 41 49 54 54 49 4D 45 4F 55 54 A9 
                        02 00 00 
03-30 11:05:54.512 WARN RECEIVE UNKNOWN MESSAGE FOR D1 S2F50    SYSBYTE=38 (ERR_DISPATCHER_UnrecognizedFunction)
03-30 11:05:54.519 RECD 00 01 02 32 00 00 00 00 00 26          Length=17           D1 S2F50    SYSBYTE=38
                        01 02 21 01 02 01 00 
03-30 11:07:29.111 SEND 00 01 82 31 00 00 00 00 00 27          Length=293          D1 S2F49W   SYSBYTE=39
                        01 04 B1 04 00 00 00 00 41 00 41 0C 54 52 41 4E 53 46 45 52 
                        5F 45 58 34 01 03 01 02 41 0B 43 4F 4D 4D 41 4E 44 49 4E 46 
                        4F 01 03 01 02 41 09 43 4F 4D 4D 41 4E 44 49 44 41 0D 50 72 
                        65 6D 6F 76 65 43 6D 64 30 30 32 01 02 41 08 50 52 49 4F 52 
                        49 54 59 A9 02 00 0A 01 02 41 07 52 45 50 4C 41 43 45 A9 02 
                        00 00 01 02 41 0C 54 52 41 4E 53 46 45 52 49 4E 46 4F 01 03 
                        01 02 41 09 43 41 52 52 49 45 52 49 44 41 0A 43 61 72 72 69 
                        65 72 30 30 31 01 02 41 0A 53 4F 55 52 43 45 50 4F 52 54 41 
                        08 4F 48 54 35 30 36 5F 31 01 02 41 08 44 45 53 54 50 4F 52 
                        54 41 09 42 44 42 30 30 31 5F 42 31 01 02 41 0C 44 45 4C 49 
                        56 45 52 59 49 4E 46 4F 01 03 01 02 41 0C 44 45 4C 49 56 45 
                        52 59 54 59 50 45 41 00 01 02 41 14 45 58 50 45 43 54 45 44 
                        44 45 4C 49 56 45 52 59 54 49 4D 45 A9 02 00 00 01 02 41 13 
                        44 45 4C 49 56 45 52 59 57 41 49 54 54 49 4D 45 4F 55 54 A9 
                        02 00 00 
03-30 11:07:54.520 SEND FF FF 00 00 00 05 7F 00 00 0E          Length=10           Linktest.req
03-30 11:07:54.525 RECD FF FF 00 00 00 06 7F 00 00 0E          Length=10           Linktest.rsp
03-30 11:08:14.112 TIME T3 TIMEOUT FOR D1 S2F49W   SYSBYTE=39
03-30 11:08:31.100 WARN INVALID SECONDARY MESSAGE
03-30 11:08:31.111 RECD 00 01 02 32 00 00 00 00 00 27          Length=17           D1 S2F50    SYSBYTE=39
                        01 02 21 01 02 01 00 
03-30 11:09:02.911 SEND 00 01 82 31 00 00 00 00 00 28          Length=293          D1 S2F49W   SYSBYTE=40
                        01 04 B1 04 00 00 00 00 41 00 41 0C 54 52 41 4E 53 46 45 52 
                        5F 45 58 34 01 03 01 02 41 0B 43 4F 4D 4D 41 4E 44 49 4E 46 
                        4F 01 03 01 02 41 09 43 4F 4D 4D 41 4E 44 49 44 41 0D 50 72 
                        65 6D 6F 76 65 43 6D 64 30 30 32 01 02 41 08 50 52 49 4F 52 
                        49 54 59 A9 02 00 0A 01 02 41 07 52 45 50 4C 41 43 45 A9 02 
                        00 00 01 02 41 0C 54 52 41 4E 53 46 45 52 49 4E 46 4F 01 03 
                        01 02 41 09 43 41 52 52 49 45 52 49 44 41 0A 43 61 72 72 69 
                        65 72 30 30 31 01 02 41 0A 53 4F 55 52 43 45 50 4F 52 54 41 
                        08 4F 48 54 35 30 36 5F 31 01 02 41 08 44 45 53 54 50 4F 52 
                        54 41 09 42 44 42 30 30 31 5F 42 31 01 02 41 0C 44 45 4C 49 
                        56 45 52 59 49 4E 46 4F 01 03 01 02 41 0C 44 45 4C 49 56 45 
                        52 59 54 59 50 45 41 00 01 02 41 14 45 58 50 45 43 54 45 44 
                        44 45 4C 49 56 45 52 59 54 49 4D 45 A9 02 00 00 01 02 41 13 
                        44 45 4C 49 56 45 52 59 57 41 49 54 54 49 4D 45 4F 55 54 A9 
                        02 00 00 
03-30 11:09:02.942 WARN RECEIVE UNKNOWN MESSAGE FOR D1 S2F50    SYSBYTE=40 (ERR_DISPATCHER_UnrecognizedFunction)
03-30 11:09:02.953 RECD 00 01 02 32 00 00 00 00 00 28          Length=17           D1 S2F50    SYSBYTE=40
                        01 02 21 01 02 01 00 
03-30 11:09:39.806 SEND 00 01 82 31 00 00 00 00 00 29          Length=293          D1 S2F49W   SYSBYTE=41
                        01 04 B1 04 00 00 00 00 41 00 41 0C 54 52 41 4E 53 46 45 52 
                        5F 45 58 34 01 03 01 02 41 0B 43 4F 4D 4D 41 4E 44 49 4E 46 
                        4F 01 03 01 02 41 09 43 4F 4D 4D 41 4E 44 49 44 41 0D 50 72 
                        65 6D 6F 76 65 43 6D 64 30 30 32 01 02 41 08 50 52 49 4F 52 
                        49 54 59 A9 02 00 0A 01 02 41 07 52 45 50 4C 41 43 45 A9 02 
                        00 00 01 02 41 0C 54 52 41 4E 53 46 45 52 49 4E 46 4F 01 03 
                        01 02 41 09 43 41 52 52 49 45 52 49 44 41 0A 43 61 72 72 69 
                        65 72 30 30 31 01 02 41 0A 53 4F 55 52 43 45 50 4F 52 54 41 
                        08 4F 48 54 35 30 36 5F 31 01 02 41 08 44 45 53 54 50 4F 52 
                        54 41 09 42 44 42 30 30 31 5F 42 31 01 02 41 0C 44 45 4C 49 
                        56 45 52 59 49 4E 46 4F 01 03 01 02 41 0C 44 45 4C 49 56 45 
                        52 59 54 59 50 45 41 00 01 02 41 14 45 58 50 45 43 54 45 44 
                        44 45 4C 49 56 45 52 59 54 49 4D 45 A9 02 00 00 01 02 41 13 
                        44 45 4C 49 56 45 52 59 57 41 49 54 54 49 4D 45 4F 55 54 A9 
                        02 00 00 
03-30 11:10:24.808 TIME T3 TIMEOUT FOR D1 S2F49W   SYSBYTE=41
03-30 11:11:02.942 SEND FF FF 00 00 00 05 7F 00 00 0F          Length=10           Linktest.req
03-30 11:11:02.947 RECD FF FF 00 00 00 06 7F 00 00 0F          Length=10           Linktest.rsp
03-30 11:12:24.501 WARN INVALID SECONDARY MESSAGE
03-30 11:12:24.509 RECD 00 01 02 32 00 00 00 00 00 29          Length=17           D1 S2F50    SYSBYTE=41
                        01 02 21 01 02 01 00 
03-30 11:12:30.347 SEND 00 01 82 31 00 00 00 00 00 2A          Length=293          D1 S2F49W   SYSBYTE=42
                        01 04 B1 04 00 00 00 00 41 00 41 0C 54 52 41 4E 53 46 45 52 
                        5F 45 58 34 01 03 01 02 41 0B 43 4F 4D 4D 41 4E 44 49 4E 46 
                        4F 01 03 01 02 41 09 43 4F 4D 4D 41 4E 44 49 44 41 0D 50 72 
                        65 6D 6F 76 65 43 6D 64 30 30 32 01 02 41 08 50 52 49 4F 52 
                        49 54 59 A9 02 00 0A 01 02 41 07 52 45 50 4C 41 43 45 A9 02 
                        00 00 01 02 41 0C 54 52 41 4E 53 46 45 52 49 4E 46 4F 01 03 
                        01 02 41 09 43 41 52 52 49 45 52 49 44 41 0A 43 61 72 72 69 
                        65 72 30 30 31 01 02 41 0A 53 4F 55 52 43 45 50 4F 52 54 41 
                        08 4F 48 54 35 30 36 5F 31 01 02 41 08 44 45 53 54 50 4F 52 
                        54 41 09 42 44 42 30 30 31 5F 42 31 01 02 41 0C 44 45 4C 49 
                        56 45 52 59 49 4E 46 4F 01 03 01 02 41 0C 44 45 4C 49 56 45 
                        52 59 54 59 50 45 41 00 01 02 41 14 45 58 50 45 43 54 45 44 
                        44 45 4C 49 56 45 52 59 54 49 4D 45 A9 02 00 00 01 02 41 13 
                        44 45 4C 49 56 45 52 59 57 41 49 54 54 49 4D 45 4F 55 54 A9 
                        02 00 00 
03-30 11:13:15.351 TIME T3 TIMEOUT FOR D1 S2F49W   SYSBYTE=42
03-30 11:13:28.425 WARN INVALID SECONDARY MESSAGE
03-30 11:13:28.433 RECD 00 01 02 32 00 00 00 00 00 2A          Length=17           D1 S2F50    SYSBYTE=42
                        01 02 21 01 02 01 00 
03-30 11:13:34.933 SEND 00 01 82 31 00 00 00 00 00 2B          Length=293          D1 S2F49W   SYSBYTE=43
                        01 04 B1 04 00 00 00 00 41 00 41 0C 54 52 41 4E 53 46 45 52 
                        5F 45 58 34 01 03 01 02 41 0B 43 4F 4D 4D 41 4E 44 49 4E 46 
                        4F 01 03 01 02 41 09 43 4F 4D 4D 41 4E 44 49 44 41 0D 50 72 
                        65 6D 6F 76 65 43 6D 64 30 30 32 01 02 41 08 50 52 49 4F 52 
                        49 54 59 A9 02 00 0A 01 02 41 07 52 45 50 4C 41 43 45 A9 02 
                        00 00 01 02 41 0C 54 52 41 4E 53 46 45 52 49 4E 46 4F 01 03 
                        01 02 41 09 43 41 52 52 49 45 52 49 44 41 0A 43 61 72 72 69 
                        65 72 30 30 31 01 02 41 0A 53 4F 55 52 43 45 50 4F 52 54 41 
                        08 4F 48 54 35 30 36 5F 31 01 02 41 08 44 45 53 54 50 4F 52 
                        54 41 09 42 44 42 30 30 31 5F 42 31 01 02 41 0C 44 45 4C 49 
                        56 45 52 59 49 4E 46 4F 01 03 01 02 41 0C 44 45 4C 49 56 45 
                        52 59 54 59 50 45 41 00 01 02 41 14 45 58 50 45 43 54 45 44 
                        44 45 4C 49 56 45 52 59 54 49 4D 45 A9 02 00 00 01 02 41 13 
                        44 45 4C 49 56 45 52 59 57 41 49 54 54 49 4D 45 4F 55 54 A9 
                        02 00 00 
03-30 11:14:19.937 TIME T3 TIMEOUT FOR D1 S2F49W   SYSBYTE=43
03-30 11:15:28.431 SEND FF FF 00 00 00 05 7F 00 00 10          Length=10           Linktest.req
03-30 11:15:28.437 RECD FF FF 00 00 00 06 7F 00 00 10          Length=10           Linktest.rsp
03-30 11:17:28.447 RECD FF FF 00 00 00 05 7F 00 00 06          Length=10           Linktest.req
03-30 11:17:28.451 SEND FF FF 00 00 00 05 7F 00 00 11          Length=10           Linktest.req
03-30 11:17:28.454 SEND FF FF 00 00 00 06 7F 00 00 06          Length=10           Linktest.rsp
03-30 11:17:28.457 RECD FF FF 00 00 00 06 7F 00 00 11          Length=10           Linktest.rsp
03-30 11:19:28.464 SEND FF FF 00 00 00 05 7F 00 00 12          Length=10           Linktest.req
03-30 11:19:28.471 RECD FF FF 00 00 00 06 7F 00 00 12          Length=10           Linktest.rsp
03-30 11:21:28.480 RECD FF FF 00 00 00 05 7F 00 00 07          Length=10           Linktest.req
03-30 11:21:28.484 SEND FF FF 00 00 00 05 7F 00 00 13          Length=10           Linktest.req
03-30 11:21:28.488 SEND FF FF 00 00 00 06 7F 00 00 07          Length=10           Linktest.rsp
03-30 11:21:28.491 RECD FF FF 00 00 00 06 7F 00 00 13          Length=10           Linktest.rsp
03-30 11:23:28.499 SEND FF FF 00 00 00 05 7F 00 00 14          Length=10           Linktest.req
03-30 11:23:28.505 RECD FF FF 00 00 00 06 7F 00 00 14          Length=10           Linktest.rsp
03-30 11:25:28.520 RECD FF FF 00 00 00 05 7F 00 00 08          Length=10           Linktest.req
03-30 11:25:28.524 SEND FF FF 00 00 00 05 7F 00 00 15          Length=10           Linktest.req
03-30 11:25:28.528 SEND FF FF 00 00 00 06 7F 00 00 08          Length=10           Linktest.rsp
03-30 11:25:28.532 RECD FF FF 00 00 00 06 7F 00 00 15          Length=10           Linktest.rsp
03-30 11:26:14.535 WARN INVALID SECONDARY MESSAGE
03-30 11:26:14.545 RECD 00 01 02 32 00 00 00 00 00 2B          Length=17           D1 S2F50    SYSBYTE=43
                        01 02 21 01 02 01 00 
03-30 11:27:28.547 RECD FF FF 00 00 00 05 7F 00 00 09          Length=10           Linktest.req
03-30 11:27:28.551 SEND FF FF 00 00 00 06 7F 00 00 09          Length=10           Linktest.rsp
03-30 11:29:28.564 SEND FF FF 00 00 00 05 7F 00 00 16          Length=10           Linktest.req
03-30 11:29:28.575 RECD FF FF 00 00 00 06 7F 00 00 16          Length=10           Linktest.rsp
03-30 11:31:28.578 RECD FF FF 00 00 00 05 7F 00 00 0A          Length=10           Linktest.req
03-30 11:31:28.582 SEND FF FF 00 00 00 06 7F 00 00 0A          Length=10           Linktest.rsp
03-30 11:33:28.590 SEND FF FF 00 00 00 05 7F 00 00 17          Length=10           Linktest.req
03-30 11:33:28.596 RECD FF FF 00 00 00 06 7F 00 00 17          Length=10           Linktest.rsp
03-30 11:35:28.605 RECD FF FF 00 00 00 05 7F 00 00 0B          Length=10           Linktest.req
03-30 11:35:28.608 SEND FF FF 00 00 00 05 7F 00 00 18          Length=10           Linktest.req
03-30 11:35:28.611 SEND FF FF 00 00 00 06 7F 00 00 0B          Length=10           Linktest.rsp
03-30 11:35:28.615 RECD FF FF 00 00 00 06 7F 00 00 18          Length=10           Linktest.rsp
03-30 11:35:34.505 SEND 00 01 82 31 00 00 00 00 00 2C          Length=208          D1 S2F49W   SYSBYTE=44
                        01 04 B1 04 00 00 00 00 41 00 41 08 54 52 41 4E 53 46 45 52 
                        01 02 01 02 41 0B 43 4F 4D 4D 41 4E 44 49 4E 46 4F 01 03 01 
                        02 41 09 43 4F 4D 4D 41 4E 44 49 44 41 12 54 72 61 6E 73 66 
                        65 72 43 6F 6D 6D 61 6E 64 30 30 31 01 02 41 08 50 52 49 4F 
                        52 49 54 59 A9 02 00 0A 01 02 41 07 52 45 50 4C 41 43 45 A9 
                        02 00 00 01 02 41 0C 54 52 41 4E 53 46 45 52 49 4E 46 4F 01 
                        03 01 02 41 09 43 41 52 52 49 45 52 49 44 41 0A 43 61 72 72 
                        69 65 72 30 30 32 01 02 41 0A 53 4F 55 52 43 45 50 4F 52 54 
                        41 0B 4D 53 56 4F 49 44 30 35 5F 42 31 01 02 41 08 44 45 53 
                        54 50 4F 52 54 41 0B 4D 53 56 4F 49 44 30 34 5F 42 31 
03-30 11:35:34.542 WARN RECEIVE UNKNOWN MESSAGE FOR D1 S2F50    SYSBYTE=44 (ERR_DISPATCHER_UnrecognizedFunction)
03-30 11:35:34.549 RECD 00 01 02 32 00 00 00 00 00 2C          Length=17           D1 S2F50    SYSBYTE=44
                        01 02 21 01 04 01 00 
03-30 11:35:36.171 RECD 00 01 86 0B 00 00 00 00 00 81          Length=52           D1 S6F11W   SYSBYTE=129 S6F11
                        01 03 B1 04 00 00 00 00 A9 02 00 6C 01 01 01 02 A9 02 00 12 
                        01 01 41 12 54 72 61 6E 73 66 65 72 43 6F 6D 6D 61 6E 64 30 
                        30 31 
03-30 11:35:36.258 RECD 00 01 86 0B 00 00 00 00 00 82          Length=60           D1 S6F11W   SYSBYTE=130 S6F11
                        01 03 B1 04 00 00 00 00 A9 02 00 CC 01 01 01 02 A9 02 00 1B 
                        01 02 41 06 4F 48 54 35 30 31 41 12 54 72 61 6E 73 66 65 72 
                        43 6F 6D 6D 61 6E 64 30 30 31 
03-30 11:35:36.285 SEND 00 01 06 0C 00 00 00 00 00 81          Length=13           D1 S6F12    SYSBYTE=129
                        21 01 00 
03-30 11:35:36.306 SEND 00 01 06 0C 00 00 00 00 00 82          Length=13           D1 S6F12    SYSBYTE=130
                        21 01 00 
03-30 11:36:14.854 RECD 00 01 86 0B 00 00 00 00 00 83          Length=55           D1 S6F11W   SYSBYTE=131 S6F11
                        01 03 B1 04 00 00 00 00 A9 02 00 C9 01 01 01 02 A9 02 00 18 
                        01 02 41 06 4F 48 54 35 30 31 01 01 41 0B 4D 53 56 4F 49 44 
                        30 35 5F 42 31 
03-30 11:36:14.862 SEND 00 01 06 0C 00 00 00 00 00 83          Length=13           D1 S6F12    SYSBYTE=131
                        21 01 00 
03-30 11:36:15.371 RECD 00 01 86 0B 00 00 00 00 00 84          Length=52           D1 S6F11W   SYSBYTE=132 S6F11
                        01 03 B1 04 00 00 00 00 A9 02 00 6F 01 01 01 02 A9 02 00 15 
                        01 01 41 12 54 72 61 6E 73 66 65 72 43 6F 6D 6D 61 6E 64 30 
                        30 31 
03-30 11:36:15.379 SEND 00 01 06 0C 00 00 00 00 00 84          Length=13           D1 S6F12    SYSBYTE=132
                        21 01 00 
03-30 11:36:15.393 RECD 00 01 86 0B 00 00 00 00 00 85          Length=65           D1 S6F11W   SYSBYTE=133 S6F11
                        01 03 B1 04 00 00 00 00 A9 02 00 CA 01 01 01 02 A9 02 00 19 
                        01 03 41 06 4F 48 54 35 30 31 41 0B 4D 53 56 4F 49 44 30 35 
                        5F 42 31 41 0A 43 61 72 72 69 65 72 30 30 32 
03-30 11:36:15.401 SEND 00 01 06 0C 00 00 00 00 00 85          Length=13           D1 S6F12    SYSBYTE=133
                        21 01 00 
03-30 11:36:35.485 RECD 00 01 86 0B 00 00 00 00 00 86          Length=86           D1 S6F11W   SYSBYTE=134 S6F11
                        01 03 B1 04 00 00 00 00 A9 02 00 97 01 01 01 02 A9 02 00 16 
                        01 05 41 06 4F 48 54 35 30 31 41 0A 43 61 72 72 69 65 72 30 
                        30 32 41 08 4F 48 54 35 30 31 5F 31 41 12 54 72 61 6E 73 66 
                        65 72 43 6F 6D 6D 61 6E 64 30 30 31 A9 02 00 64 
03-30 11:36:35.502 RECD 00 01 86 0B 00 00 00 00 00 87          Length=65           D1 S6F11W   SYSBYTE=135 S6F11
                        01 03 B1 04 00 00 00 00 A9 02 00 CB 01 01 01 02 A9 02 00 1A 
                        01 03 41 06 4F 48 54 35 30 31 41 0B 4D 53 56 4F 49 44 30 35 
                        5F 42 31 41 0A 43 61 72 72 69 65 72 30 30 32 
03-30 11:36:35.520 SEND 00 01 06 0C 00 00 00 00 00 86          Length=13           D1 S6F12    SYSBYTE=134
                        21 01 00 
03-30 11:36:35.527 RECD 00 01 86 0B 00 00 00 00 00 88          Length=55           D1 S6F11W   SYSBYTE=136 S6F11
                        01 03 B1 04 00 00 00 00 A9 02 00 CD 01 01 01 02 A9 02 00 1C 
                        01 02 41 06 4F 48 54 35 30 31 01 01 41 0B 4D 53 56 4F 49 44 
                        30 35 5F 42 31 
03-30 11:36:35.533 SEND 00 01 06 0C 00 00 00 00 00 87          Length=13           D1 S6F12    SYSBYTE=135
                        21 01 00 
03-30 11:36:35.540 SEND 00 01 06 0C 00 00 00 00 00 88          Length=13           D1 S6F12    SYSBYTE=136
                        21 01 00 
03-30 11:36:43.040 RECD 00 01 86 0B 00 00 00 00 00 89          Length=55           D1 S6F11W   SYSBYTE=137 S6F11
                        01 03 B1 04 00 00 00 00 A9 02 00 C9 01 01 01 02 A9 02 00 18 
                        01 02 41 06 4F 48 54 35 30 31 01 01 41 0B 4D 53 56 4F 49 44 
                        30 34 5F 42 31 
03-30 11:36:43.048 SEND 00 01 06 0C 00 00 00 00 00 89          Length=13           D1 S6F12    SYSBYTE=137
                        21 01 00 
03-30 11:36:43.559 RECD 00 01 86 0B 00 00 00 00 00 8A          Length=60           D1 S6F11W   SYSBYTE=138 S6F11
                        01 03 B1 04 00 00 00 00 A9 02 00 D2 01 01 01 02 A9 02 00 21 
                        01 02 41 06 4F 48 54 35 30 31 41 12 54 72 61 6E 73 66 65 72 
                        43 6F 6D 6D 61 6E 64 30 30 31 
03-30 11:36:43.570 RECD 00 01 86 0B 00 00 00 00 00 8B          Length=120          D1 S6F11W   SYSBYTE=139 S6F11
                        01 03 B1 04 00 00 00 00 A9 02 00 6B 01 01 01 02 A9 02 00 11 
                        01 03 01 03 41 12 54 72 61 6E 73 66 65 72 43 6F 6D 6D 61 6E 
                        64 30 30 31 A9 02 00 0A A9 02 00 00 A9 02 00 01 01 01 01 02 
                        01 03 41 0A 43 61 72 72 69 65 72 30 30 32 41 0B 4D 53 56 4F 
                        49 44 30 35 5F 42 31 41 0B 4D 53 56 4F 49 44 30 34 5F 42 31 
                        41 08 4F 48 54 35 30 31 5F 31 
03-30 11:36:43.584 SEND 00 01 06 0C 00 00 00 00 00 8A          Length=13           D1 S6F12    SYSBYTE=138
                        21 01 00 
03-30 11:36:43.591 SEND 00 01 06 0C 00 00 00 00 00 8B          Length=13           D1 S6F12    SYSBYTE=139
                        21 01 00 
03-30 11:38:43.577 SEND FF FF 00 00 00 05 7F 00 00 19          Length=10           Linktest.req
03-30 11:38:43.583 RECD FF FF 00 00 00 06 7F 00 00 19          Length=10           Linktest.rsp
03-30 11:40:43.593 RECD FF FF 00 00 00 05 7F 00 00 0C          Length=10           Linktest.req
03-30 11:40:43.597 SEND FF FF 00 00 00 06 7F 00 00 0C          Length=10           Linktest.rsp
03-30 11:41:14.115 SEND 00 01 82 31 00 00 00 00 00 2D          Length=208          D1 S2F49W   SYSBYTE=45
                        01 04 B1 04 00 00 00 00 41 00 41 08 54 52 41 4E 53 46 45 52 
                        01 02 01 02 41 0B 43 4F 4D 4D 41 4E 44 49 4E 46 4F 01 03 01 
                        02 41 09 43 4F 4D 4D 41 4E 44 49 44 41 12 54 72 61 6E 73 66 
                        65 72 43 6F 6D 6D 61 6E 64 30 30 31 01 02 41 08 50 52 49 4F 
                        52 49 54 59 A9 02 00 0A 01 02 41 07 52 45 50 4C 41 43 45 A9 
                        02 00 00 01 02 41 0C 54 52 41 4E 53 46 45 52 49 4E 46 4F 01 
                        03 01 02 41 09 43 41 52 52 49 45 52 49 44 41 0A 43 61 72 72 
                        69 65 72 30 30 32 01 02 41 0A 53 4F 55 52 43 45 50 4F 52 54 
                        41 0B 4D 53 56 4F 49 44 30 35 5F 42 31 01 02 41 08 44 45 53 
                        54 50 4F 52 54 41 0B 4D 53 56 4F 49 44 30 34 5F 42 31 
03-30 11:41:14.153 WARN RECEIVE UNKNOWN MESSAGE FOR D1 S2F50    SYSBYTE=45 (ERR_DISPATCHER_UnrecognizedFunction)
03-30 11:41:14.160 RECD 00 01 02 32 00 00 00 00 00 2D          Length=17           D1 S2F50    SYSBYTE=45
                        01 02 21 01 04 01 00 
03-30 11:41:16.192 RECD 00 01 86 0B 00 00 00 00 00 8C          Length=52           D1 S6F11W   SYSBYTE=140 S6F11
                        01 03 B1 04 00 00 00 00 A9 02 00 6C 01 01 01 02 A9 02 00 12 
                        01 01 41 12 54 72 61 6E 73 66 65 72 43 6F 6D 6D 61 6E 64 30 
                        30 31 
03-30 11:41:16.199 SEND 00 01 06 0C 00 00 00 00 00 8C          Length=13           D1 S6F12    SYSBYTE=140
                        21 01 00 
03-30 11:41:16.209 RECD 00 01 86 0B 00 00 00 00 00 8D          Length=60           D1 S6F11W   SYSBYTE=141 S6F11
                        01 03 B1 04 00 00 00 00 A9 02 00 CC 01 01 01 02 A9 02 00 1B 
                        01 02 41 06 4F 48 54 35 30 33 41 12 54 72 61 6E 73 66 65 72 
                        43 6F 6D 6D 61 6E 64 30 30 31 
03-30 11:41:16.216 SEND 00 01 06 0C 00 00 00 00 00 8D          Length=13           D1 S6F12    SYSBYTE=141
                        21 01 00 
03-30 11:41:56.878 RECD 00 01 86 0B 00 00 00 00 00 8E          Length=55           D1 S6F11W   SYSBYTE=142 S6F11
                        01 03 B1 04 00 00 00 00 A9 02 00 C9 01 01 01 02 A9 02 00 18 
                        01 02 41 06 4F 48 54 35 30 33 01 01 41 0B 4D 53 56 4F 49 44 
                        30 35 5F 42 31 
03-30 11:41:56.885 SEND 00 01 06 0C 00 00 00 00 00 8E          Length=13           D1 S6F12    SYSBYTE=142
                        21 01 00 
03-30 11:41:57.396 RECD 00 01 86 0B 00 00 00 00 00 8F          Length=52           D1 S6F11W   SYSBYTE=143 S6F11
                        01 03 B1 04 00 00 00 00 A9 02 00 6F 01 01 01 02 A9 02 00 15 
                        01 01 41 12 54 72 61 6E 73 66 65 72 43 6F 6D 6D 61 6E 64 30 
                        30 31 
03-30 11:41:57.411 RECD 00 01 86 0B 00 00 00 00 00 90          Length=65           D1 S6F11W   SYSBYTE=144 S6F11
                        01 03 B1 04 00 00 00 00 A9 02 00 CA 01 01 01 02 A9 02 00 19 
                        01 03 41 06 4F 48 54 35 30 33 41 0B 4D 53 56 4F 49 44 30 35 
                        5F 42 31 41 0A 43 61 72 72 69 65 72 30 30 32 
03-30 11:41:57.418 SEND 00 01 06 0C 00 00 00 00 00 8F          Length=13           D1 S6F12    SYSBYTE=143
                        21 01 00 
03-30 11:41:57.432 SEND 00 01 06 0C 00 00 00 00 00 90          Length=13           D1 S6F12    SYSBYTE=144
                        21 01 00 
03-30 11:42:17.003 RECD 00 01 86 0B 00 00 00 00 00 91          Length=86           D1 S6F11W   SYSBYTE=145 S6F11
                        01 03 B1 04 00 00 00 00 A9 02 00 97 01 01 01 02 A9 02 00 16 
                        01 05 41 06 4F 48 54 35 30 33 41 0A 43 61 72 72 69 65 72 30 
                        30 32 41 08 4F 48 54 35 30 33 5F 31 41 12 54 72 61 6E 73 66 
                        65 72 43 6F 6D 6D 61 6E 64 30 30 31 A9 02 00 64 
03-30 11:42:17.012 RECD 00 01 86 0B 00 00 00 00 00 92          Length=65           D1 S6F11W   SYSBYTE=146 S6F11
                        01 03 B1 04 00 00 00 00 A9 02 00 CB 01 01 01 02 A9 02 00 1A 
                        01 03 41 06 4F 48 54 35 30 33 41 0B 4D 53 56 4F 49 44 30 35 
                        5F 42 31 41 0A 43 61 72 72 69 65 72 30 30 32 
03-30 11:42:17.020 SEND 00 01 06 0C 00 00 00 00 00 91          Length=13           D1 S6F12    SYSBYTE=145
                        21 01 00 
03-30 11:42:17.027 SEND 00 01 06 0C 00 00 00 00 00 92          Length=13           D1 S6F12    SYSBYTE=146
                        21 01 00 
03-30 11:42:17.534 RECD 00 01 86 0B 00 00 00 00 00 93          Length=55           D1 S6F11W   SYSBYTE=147 S6F11
                        01 03 B1 04 00 00 00 00 A9 02 00 CD 01 01 01 02 A9 02 00 1C 
                        01 02 41 06 4F 48 54 35 30 33 01 01 41 0B 4D 53 56 4F 49 44 
                        30 35 5F 42 31 
03-30 11:42:17.543 SEND 00 01 06 0C 00 00 00 00 00 93          Length=13           D1 S6F12    SYSBYTE=147
                        21 01 00 
03-30 11:42:24.575 RECD 00 01 86 0B 00 00 00 00 00 94          Length=55           D1 S6F11W   SYSBYTE=148 S6F11
                        01 03 B1 04 00 00 00 00 A9 02 00 C9 01 01 01 02 A9 02 00 18 
                        01 02 41 06 4F 48 54 35 30 33 01 01 41 0B 4D 53 56 4F 49 44 
                        30 34 5F 42 31 
03-30 11:42:24.582 SEND 00 01 06 0C 00 00 00 00 00 94          Length=13           D1 S6F12    SYSBYTE=148
                        21 01 00 
03-30 11:42:25.134 RECD 00 01 86 0B 00 00 00 00 00 95          Length=60           D1 S6F11W   SYSBYTE=149 S6F11
                        01 03 B1 04 00 00 00 00 A9 02 00 D2 01 01 01 02 A9 02 00 21 
                        01 02 41 06 4F 48 54 35 30 33 41 12 54 72 61 6E 73 66 65 72 
                        43 6F 6D 6D 61 6E 64 30 30 31 
03-30 11:42:25.142 RECD 00 01 86 0B 00 00 00 00 00 96          Length=120          D1 S6F11W   SYSBYTE=150 S6F11
                        01 03 B1 04 00 00 00 00 A9 02 00 6B 01 01 01 02 A9 02 00 11 
                        01 03 01 03 41 12 54 72 61 6E 73 66 65 72 43 6F 6D 6D 61 6E 
                        64 30 30 31 A9 02 00 0A A9 02 00 00 A9 02 00 01 01 01 01 02 
                        01 03 41 0A 43 61 72 72 69 65 72 30 30 32 41 0B 4D 53 56 4F 
                        49 44 30 35 5F 42 31 41 0B 4D 53 56 4F 49 44 30 34 5F 42 31 
                        41 08 4F 48 54 35 30 33 5F 31 
03-30 11:42:25.153 SEND 00 01 06 0C 00 00 00 00 00 95          Length=13           D1 S6F12    SYSBYTE=149
                        21 01 00 
03-30 11:42:25.161 SEND 00 01 06 0C 00 00 00 00 00 96          Length=13           D1 S6F12    SYSBYTE=150
                        21 01 00 
03-30 11:43:15.400 SEND 00 01 82 31 00 00 00 00 00 2E          Length=208          D1 S2F49W   SYSBYTE=46
                        01 04 B1 04 00 00 00 00 41 00 41 08 54 52 41 4E 53 46 45 52 
                        01 02 01 02 41 0B 43 4F 4D 4D 41 4E 44 49 4E 46 4F 01 03 01 
                        02 41 09 43 4F 4D 4D 41 4E 44 49 44 41 12 54 72 61 6E 73 66 
                        65 72 43 6F 6D 6D 61 6E 64 30 30 31 01 02 41 08 50 52 49 4F 
                        52 49 54 59 A9 02 00 0A 01 02 41 07 52 45 50 4C 41 43 45 A9 
                        02 00 00 01 02 41 0C 54 52 41 4E 53 46 45 52 49 4E 46 4F 01 
                        03 01 02 41 09 43 41 52 52 49 45 52 49 44 41 0A 43 61 72 72 
                        69 65 72 30 30 32 01 02 41 0A 53 4F 55 52 43 45 50 4F 52 54 
                        41 0B 4D 53 56 4F 49 44 30 35 5F 42 31 01 02 41 08 44 45 53 
                        54 50 4F 52 54 41 0B 4D 53 56 4F 49 44 30 34 5F 42 31 
03-30 11:43:15.438 WARN RECEIVE UNKNOWN MESSAGE FOR D1 S2F50    SYSBYTE=46 (ERR_DISPATCHER_UnrecognizedFunction)
03-30 11:43:15.445 RECD 00 01 02 32 00 00 00 00 00 2E          Length=17           D1 S2F50    SYSBYTE=46
                        01 02 21 01 04 01 00 
03-30 11:43:16.890 RECD 00 01 86 0B 00 00 00 00 00 97          Length=52           D1 S6F11W   SYSBYTE=151 S6F11
                        01 03 B1 04 00 00 00 00 A9 02 00 6C 01 01 01 02 A9 02 00 12 
                        01 01 41 12 54 72 61 6E 73 66 65 72 43 6F 6D 6D 61 6E 64 30 
                        30 31 
03-30 11:43:16.897 RECD 00 01 86 0B 00 00 00 00 00 98          Length=60           D1 S6F11W   SYSBYTE=152 S6F11
                        01 03 B1 04 00 00 00 00 A9 02 00 CC 01 01 01 02 A9 02 00 1B 
                        01 02 41 06 4F 48 54 35 30 38 41 12 54 72 61 6E 73 66 65 72 
                        43 6F 6D 6D 61 6E 64 30 30 31 
03-30 11:43:16.905 SEND 00 01 06 0C 00 00 00 00 00 97          Length=13           D1 S6F12    SYSBYTE=151
                        21 01 00 
03-30 11:43:16.912 SEND 00 01 06 0C 00 00 00 00 00 98          Length=13           D1 S6F12    SYSBYTE=152
                        21 01 00 
03-30 11:43:48.036 RECD 00 01 86 0B 00 00 00 00 00 99          Length=55           D1 S6F11W   SYSBYTE=153 S6F11
                        01 03 B1 04 00 00 00 00 A9 02 00 C9 01 01 01 02 A9 02 00 18 
                        01 02 41 06 4F 48 54 35 30 38 01 01 41 0B 4D 53 56 4F 49 44 
                        30 35 5F 42 31 
03-30 11:43:48.043 SEND 00 01 06 0C 00 00 00 00 00 99          Length=13           D1 S6F12    SYSBYTE=153
                        21 01 00 
03-30 11:43:48.556 RECD 00 01 86 0B 00 00 00 00 00 9A          Length=52           D1 S6F11W   SYSBYTE=154 S6F11
                        01 03 B1 04 00 00 00 00 A9 02 00 6F 01 01 01 02 A9 02 00 15 
                        01 01 41 12 54 72 61 6E 73 66 65 72 43 6F 6D 6D 61 6E 64 30 
                        30 31 
03-30 11:43:48.563 SEND 00 01 06 0C 00 00 00 00 00 9A          Length=13           D1 S6F12    SYSBYTE=154
                        21 01 00 
03-30 11:43:48.580 RECD 00 01 86 0B 00 00 00 00 00 9B          Length=65           D1 S6F11W   SYSBYTE=155 S6F11
                        01 03 B1 04 00 00 00 00 A9 02 00 CA 01 01 01 02 A9 02 00 19 
                        01 03 41 06 4F 48 54 35 30 38 41 0B 4D 53 56 4F 49 44 30 35 
                        5F 42 31 41 0A 43 61 72 72 69 65 72 30 30 32 
03-30 11:43:48.588 SEND 00 01 06 0C 00 00 00 00 00 9B          Length=13           D1 S6F12    SYSBYTE=155
                        21 01 00 
03-30 11:44:08.159 RECD 00 01 86 0B 00 00 00 00 00 9C          Length=86           D1 S6F11W   SYSBYTE=156 S6F11
                        01 03 B1 04 00 00 00 00 A9 02 00 97 01 01 01 02 A9 02 00 16 
                        01 05 41 06 4F 48 54 35 30 38 41 0A 43 61 72 72 69 65 72 30 
                        30 32 41 08 4F 48 54 35 30 38 5F 31 41 12 54 72 61 6E 73 66 
                        65 72 43 6F 6D 6D 61 6E 64 30 30 31 A9 02 00 64 
03-30 11:44:08.166 SEND 00 01 06 0C 00 00 00 00 00 9C          Length=13           D1 S6F12    SYSBYTE=156
                        21 01 00 
03-30 11:44:08.680 RECD 00 01 86 0B 00 00 00 00 00 9D          Length=65           D1 S6F11W   SYSBYTE=157 S6F11
                        01 03 B1 04 00 00 00 00 A9 02 00 CB 01 01 01 02 A9 02 00 1A 
                        01 03 41 06 4F 48 54 35 30 38 41 0B 4D 53 56 4F 49 44 30 35 
                        5F 42 31 41 0A 43 61 72 72 69 65 72 30 30 32 
03-30 11:44:08.688 RECD 00 01 86 0B 00 00 00 00 00 9E          Length=55           D1 S6F11W   SYSBYTE=158 S6F11
                        01 03 B1 04 00 00 00 00 A9 02 00 CD 01 01 01 02 A9 02 00 1C 
                        01 02 41 06 4F 48 54 35 30 38 01 01 41 0B 4D 53 56 4F 49 44 
                        30 35 5F 42 31 
03-30 11:44:08.698 SEND 00 01 06 0C 00 00 00 00 00 9D          Length=13           D1 S6F12    SYSBYTE=157
                        21 01 00 
03-30 11:44:08.704 SEND 00 01 06 0C 00 00 00 00 00 9E          Length=13           D1 S6F12    SYSBYTE=158
                        21 01 00 
03-30 11:44:16.233 RECD 00 01 86 0B 00 00 00 00 00 9F          Length=55           D1 S6F11W   SYSBYTE=159 S6F11
                        01 03 B1 04 00 00 00 00 A9 02 00 C9 01 01 01 02 A9 02 00 18 
                        01 02 41 06 4F 48 54 35 30 38 01 01 41 0B 4D 53 56 4F 49 44 
                        30 34 5F 42 31 
03-30 11:44:16.243 SEND 00 01 06 0C 00 00 00 00 00 9F          Length=13           D1 S6F12    SYSBYTE=159
                        21 01 00 
03-30 11:44:16.748 RECD 00 01 86 0B 00 00 00 00 00 A0          Length=60           D1 S6F11W   SYSBYTE=160 S6F11
                        01 03 B1 04 00 00 00 00 A9 02 00 D2 01 01 01 02 A9 02 00 21 
                        01 02 41 06 4F 48 54 35 30 38 41 12 54 72 61 6E 73 66 65 72 
                        43 6F 6D 6D 61 6E 64 30 30 31 
03-30 11:44:16.756 RECD 00 01 86 0B 00 00 00 00 00 A1          Length=120          D1 S6F11W   SYSBYTE=161 S6F11
                        01 03 B1 04 00 00 00 00 A9 02 00 6B 01 01 01 02 A9 02 00 11 
                        01 03 01 03 41 12 54 72 61 6E 73 66 65 72 43 6F 6D 6D 61 6E 
                        64 30 30 31 A9 02 00 0A A9 02 00 00 A9 02 00 01 01 01 01 02 
                        01 03 41 0A 43 61 72 72 69 65 72 30 30 32 41 0B 4D 53 56 4F 
                        49 44 30 35 5F 42 31 41 0B 4D 53 56 4F 49 44 30 34 5F 42 31 
                        41 08 4F 48 54 35 30 38 5F 31 
03-30 11:44:16.762 SEND 00 01 06 0C 00 00 00 00 00 A0          Length=13           D1 S6F12    SYSBYTE=160
                        21 01 00 
03-30 11:44:16.769 SEND 00 01 06 0C 00 00 00 00 00 A1          Length=13           D1 S6F12    SYSBYTE=161
                        21 01 00 
03-30 11:46:16.761 SEND FF FF 00 00 00 05 7F 00 00 1A          Length=10           Linktest.req
03-30 11:46:16.768 RECD FF FF 00 00 00 06 7F 00 00 1A          Length=10           Linktest.rsp
03-30 11:46:21.989 SEND 00 01 82 31 00 00 00 00 00 2F          Length=208          D1 S2F49W   SYSBYTE=47
                        01 04 B1 04 00 00 00 00 41 00 41 08 54 52 41 4E 53 46 45 52 
                        01 02 01 02 41 0B 43 4F 4D 4D 41 4E 44 49 4E 46 4F 01 03 01 
                        02 41 09 43 4F 4D 4D 41 4E 44 49 44 41 12 54 72 61 6E 73 66 
                        65 72 43 6F 6D 6D 61 6E 64 30 30 31 01 02 41 08 50 52 49 4F 
                        52 49 54 59 A9 02 00 0A 01 02 41 07 52 45 50 4C 41 43 45 A9 
                        02 00 00 01 02 41 0C 54 52 41 4E 53 46 45 52 49 4E 46 4F 01 
                        03 01 02 41 09 43 41 52 52 49 45 52 49 44 41 0A 43 61 72 72 
                        69 65 72 30 30 32 01 02 41 0A 53 4F 55 52 43 45 50 4F 52 54 
                        41 0B 4D 53 56 4F 49 44 30 35 5F 42 31 01 02 41 08 44 45 53 
                        54 50 4F 52 54 41 0B 4D 53 56 4F 49 44 30 34 5F 42 31 
03-30 11:46:22.035 WARN RECEIVE UNKNOWN MESSAGE FOR D1 S2F50    SYSBYTE=47 (ERR_DISPATCHER_UnrecognizedFunction)
03-30 11:46:22.041 RECD 00 01 02 32 00 00 00 00 00 2F          Length=17           D1 S2F50    SYSBYTE=47
                        01 02 21 01 04 01 00 
03-30 11:46:24.481 RECD 00 01 86 0B 00 00 00 00 00 A2          Length=52           D1 S6F11W   SYSBYTE=162 S6F11
                        01 03 B1 04 00 00 00 00 A9 02 00 6C 01 01 01 02 A9 02 00 12 
                        01 01 41 12 54 72 61 6E 73 66 65 72 43 6F 6D 6D 61 6E 64 30 
                        30 31 
03-30 11:46:24.488 SEND 00 01 06 0C 00 00 00 00 00 A2          Length=13           D1 S6F12    SYSBYTE=162
                        21 01 00 
03-30 11:46:24.494 RECD 00 01 86 0B 00 00 00 00 00 A3          Length=60           D1 S6F11W   SYSBYTE=163 S6F11
                        01 03 B1 04 00 00 00 00 A9 02 00 CC 01 01 01 02 A9 02 00 1B 
                        01 02 41 06 4F 48 54 35 31 33 41 12 54 72 61 6E 73 66 65 72 
                        43 6F 6D 6D 61 6E 64 30 30 31 
03-30 11:46:24.502 SEND 00 01 06 0C 00 00 00 00 00 A3          Length=13           D1 S6F12    SYSBYTE=163
                        21 01 00 
03-30 11:46:56.638 RECD 00 01 86 0B 00 00 00 00 00 A4          Length=55           D1 S6F11W   SYSBYTE=164 S6F11
                        01 03 B1 04 00 00 00 00 A9 02 00 C9 01 01 01 02 A9 02 00 18 
                        01 02 41 06 4F 48 54 35 31 33 01 01 41 0B 4D 53 56 4F 49 44 
                        30 35 5F 42 31 
03-30 11:46:56.649 SEND 00 01 06 0C 00 00 00 00 00 A4          Length=13           D1 S6F12    SYSBYTE=164
                        21 01 00 
03-30 11:46:57.155 RECD 00 01 86 0B 00 00 00 00 00 A5          Length=52           D1 S6F11W   SYSBYTE=165 S6F11
                        01 03 B1 04 00 00 00 00 A9 02 00 6F 01 01 01 02 A9 02 00 15 
                        01 01 41 12 54 72 61 6E 73 66 65 72 43 6F 6D 6D 61 6E 64 30 
                        30 31 
03-30 11:46:57.164 RECD 00 01 86 0B 00 00 00 00 00 A6          Length=65           D1 S6F11W   SYSBYTE=166 S6F11
                        01 03 B1 04 00 00 00 00 A9 02 00 CA 01 01 01 02 A9 02 00 19 
                        01 03 41 06 4F 48 54 35 31 33 41 0B 4D 53 56 4F 49 44 30 35 
                        5F 42 31 41 0A 43 61 72 72 69 65 72 30 30 32 
03-30 11:46:57.172 SEND 00 01 06 0C 00 00 00 00 00 A5          Length=13           D1 S6F12    SYSBYTE=165
                        21 01 00 
03-30 11:46:57.180 SEND 00 01 06 0C 00 00 00 00 00 A6          Length=13           D1 S6F12    SYSBYTE=166
                        21 01 00 
03-30 11:47:16.754 RECD 00 01 86 0B 00 00 00 00 00 A7          Length=86           D1 S6F11W   SYSBYTE=167 S6F11
                        01 03 B1 04 00 00 00 00 A9 02 00 97 01 01 01 02 A9 02 00 16 
                        01 05 41 06 4F 48 54 35 31 33 41 0A 43 61 72 72 69 65 72 30 
                        30 32 41 08 4F 48 54 35 31 33 5F 31 41 12 54 72 61 6E 73 66 
                        65 72 43 6F 6D 6D 61 6E 64 30 30 31 A9 02 00 64 
03-30 11:47:16.762 RECD 00 01 86 0B 00 00 00 00 00 A8          Length=65           D1 S6F11W   SYSBYTE=168 S6F11
                        01 03 B1 04 00 00 00 00 A9 02 00 CB 01 01 01 02 A9 02 00 1A 
                        01 03 41 06 4F 48 54 35 31 33 41 0B 4D 53 56 4F 49 44 30 35 
                        5F 42 31 41 0A 43 61 72 72 69 65 72 30 30 32 
03-30 11:47:16.770 SEND 00 01 06 0C 00 00 00 00 00 A7          Length=13           D1 S6F12    SYSBYTE=167
                        21 01 00 
03-30 11:47:16.777 SEND 00 01 06 0C 00 00 00 00 00 A8          Length=13           D1 S6F12    SYSBYTE=168
                        21 01 00 
03-30 11:47:17.288 RECD 00 01 86 0B 00 00 00 00 00 A9          Length=55           D1 S6F11W   SYSBYTE=169 S6F11
                        01 03 B1 04 00 00 00 00 A9 02 00 CD 01 01 01 02 A9 02 00 1C 
                        01 02 41 06 4F 48 54 35 31 33 01 01 41 0B 4D 53 56 4F 49 44 
                        30 35 5F 42 31 
03-30 11:47:17.296 SEND 00 01 06 0C 00 00 00 00 00 A9          Length=13           D1 S6F12    SYSBYTE=169
                        21 01 00 
03-30 11:47:24.336 RECD 00 01 86 0B 00 00 00 00 00 AA          Length=55           D1 S6F11W   SYSBYTE=170 S6F11
                        01 03 B1 04 00 00 00 00 A9 02 00 C9 01 01 01 02 A9 02 00 18 
                        01 02 41 06 4F 48 54 35 31 33 01 01 41 0B 4D 53 56 4F 49 44 
                        30 34 5F 42 31 
03-30 11:47:24.347 SEND 00 01 06 0C 00 00 00 00 00 AA          Length=13           D1 S6F12    SYSBYTE=170
                        21 01 00 
03-30 11:47:24.860 RECD 00 01 86 0B 00 00 00 00 00 AB          Length=60           D1 S6F11W   SYSBYTE=171 S6F11
                        01 03 B1 04 00 00 00 00 A9 02 00 D2 01 01 01 02 A9 02 00 21 
                        01 02 41 06 4F 48 54 35 31 33 41 12 54 72 61 6E 73 66 65 72 
                        43 6F 6D 6D 61 6E 64 30 30 31 
03-30 11:47:24.869 RECD 00 01 86 0B 00 00 00 00 00 AC          Length=120          D1 S6F11W   SYSBYTE=172 S6F11
                        01 03 B1 04 00 00 00 00 A9 02 00 6B 01 01 01 02 A9 02 00 11 
                        01 03 01 03 41 12 54 72 61 6E 73 66 65 72 43 6F 6D 6D 61 6E 
                        64 30 30 31 A9 02 00 0A A9 02 00 00 A9 02 00 01 01 01 01 02 
                        01 03 41 0A 43 61 72 72 69 65 72 30 30 32 41 0B 4D 53 56 4F 
                        49 44 30 35 5F 42 31 41 0B 4D 53 56 4F 49 44 30 34 5F 42 31 
                        41 08 4F 48 54 35 31 33 5F 31 
03-30 11:47:24.876 SEND 00 01 06 0C 00 00 00 00 00 AB          Length=13           D1 S6F12    SYSBYTE=171
                        21 01 00 
03-30 11:47:24.883 SEND 00 01 06 0C 00 00 00 00 00 AC          Length=13           D1 S6F12    SYSBYTE=172
                        21 01 00 
03-30 11:49:26.197 SEND FF FF 00 00 00 05 7F 00 00 1B          Length=10           Linktest.req
03-30 11:49:26.203 RECD FF FF 00 00 00 06 7F 00 00 1B          Length=10           Linktest.rsp
03-30 11:51:05.180 SEND 00 01 82 31 00 00 00 00 00 30          Length=208          D1 S2F49W   SYSBYTE=48
                        01 04 B1 04 00 00 00 00 41 00 41 08 54 52 41 4E 53 46 45 52 
                        01 02 01 02 41 0B 43 4F 4D 4D 41 4E 44 49 4E 46 4F 01 03 01 
                        02 41 09 43 4F 4D 4D 41 4E 44 49 44 41 12 54 72 61 6E 73 66 
                        65 72 43 6F 6D 6D 61 6E 64 30 30 31 01 02 41 08 50 52 49 4F 
                        52 49 54 59 A9 02 00 0A 01 02 41 07 52 45 50 4C 41 43 45 A9 
                        02 00 00 01 02 41 0C 54 52 41 4E 53 46 45 52 49 4E 46 4F 01 
                        03 01 02 41 09 43 41 52 52 49 45 52 49 44 41 0A 43 61 72 72 
                        69 65 72 30 30 32 01 02 41 0A 53 4F 55 52 43 45 50 4F 52 54 
                        41 0B 4D 53 56 4F 49 44 30 35 5F 42 31 01 02 41 08 44 45 53 
                        54 50 4F 52 54 41 0B 4D 53 56 4F 49 44 30 34 5F 42 31 
03-30 11:51:05.221 WARN RECEIVE UNKNOWN MESSAGE FOR D1 S2F50    SYSBYTE=48 (ERR_DISPATCHER_UnrecognizedFunction)
03-30 11:51:05.228 RECD 00 01 02 32 00 00 00 00 00 30          Length=17           D1 S2F50    SYSBYTE=48
                        01 02 21 01 04 01 00 
03-30 11:51:06.973 RECD 00 01 86 0B 00 00 00 00 00 AD          Length=52           D1 S6F11W   SYSBYTE=173 S6F11
                        01 03 B1 04 00 00 00 00 A9 02 00 6C 01 01 01 02 A9 02 00 12 
                        01 01 41 12 54 72 61 6E 73 66 65 72 43 6F 6D 6D 61 6E 64 30 
                        30 31 
03-30 11:51:06.981 SEND 00 01 06 0C 00 00 00 00 00 AD          Length=13           D1 S6F12    SYSBYTE=173
                        21 01 00 
03-30 11:51:06.988 RECD 00 01 86 0B 00 00 00 00 00 AE          Length=60           D1 S6F11W   SYSBYTE=174 S6F11
                        01 03 B1 04 00 00 00 00 A9 02 00 CC 01 01 01 02 A9 02 00 1B 
                        01 02 41 06 4F 48 54 35 31 30 41 12 54 72 61 6E 73 66 65 72 
                        43 6F 6D 6D 61 6E 64 30 30 31 
03-30 11:51:06.994 SEND 00 01 06 0C 00 00 00 00 00 AE          Length=13           D1 S6F12    SYSBYTE=174
                        21 01 00 
03-30 11:51:39.913 RECD 00 01 86 0B 00 00 00 00 00 AF          Length=55           D1 S6F11W   SYSBYTE=175 S6F11
                        01 03 B1 04 00 00 00 00 A9 02 00 C9 01 01 01 02 A9 02 00 18 
                        01 02 41 06 4F 48 54 35 31 30 01 01 41 0B 4D 53 56 4F 49 44 
                        30 35 5F 42 31 
03-30 11:51:39.921 SEND 00 01 06 0C 00 00 00 00 00 AF          Length=13           D1 S6F12    SYSBYTE=175
                        21 01 00 
03-30 11:51:40.442 RECD 00 01 86 0B 00 00 00 00 00 B0          Length=52           D1 S6F11W   SYSBYTE=176 S6F11
                        01 03 B1 04 00 00 00 00 A9 02 00 6F 01 01 01 02 A9 02 00 15 
                        01 01 41 12 54 72 61 6E 73 66 65 72 43 6F 6D 6D 61 6E 64 30 
                        30 31 
03-30 11:51:40.450 SEND 00 01 06 0C 00 00 00 00 00 B0          Length=13           D1 S6F12    SYSBYTE=176
                        21 01 00 
03-30 11:51:40.458 RECD 00 01 86 0B 00 00 00 00 00 B1          Length=65           D1 S6F11W   SYSBYTE=177 S6F11
                        01 03 B1 04 00 00 00 00 A9 02 00 CA 01 01 01 02 A9 02 00 19 
                        01 03 41 06 4F 48 54 35 31 30 41 0B 4D 53 56 4F 49 44 30 35 
                        5F 42 31 41 0A 43 61 72 72 69 65 72 30 30 32 
03-30 11:51:40.465 SEND 00 01 06 0C 00 00 00 00 00 B1          Length=13           D1 S6F12    SYSBYTE=177
                        21 01 00 
03-30 11:52:01.036 RECD 00 01 86 0B 00 00 00 00 00 B2          Length=86           D1 S6F11W   SYSBYTE=178 S6F11
                        01 03 B1 04 00 00 00 00 A9 02 00 97 01 01 01 02 A9 02 00 16 
                        01 05 41 06 4F 48 54 35 31 30 41 0A 43 61 72 72 69 65 72 30 
                        30 32 41 08 4F 48 54 35 31 30 5F 31 41 12 54 72 61 6E 73 66 
                        65 72 43 6F 6D 6D 61 6E 64 30 30 31 A9 02 00 64 
03-30 11:52:01.045 RECD 00 01 86 0B 00 00 00 00 00 B3          Length=65           D1 S6F11W   SYSBYTE=179 S6F11
                        01 03 B1 04 00 00 00 00 A9 02 00 CB 01 01 01 02 A9 02 00 1A 
                        01 03 41 06 4F 48 54 35 31 30 41 0B 4D 53 56 4F 49 44 30 35 
                        5F 42 31 41 0A 43 61 72 72 69 65 72 30 30 32 
03-30 11:52:01.055 SEND 00 01 06 0C 00 00 00 00 00 B2          Length=13           D1 S6F12    SYSBYTE=178
                        21 01 00 
03-30 11:52:01.062 RECD 00 01 86 0B 00 00 00 00 00 B4          Length=55           D1 S6F11W   SYSBYTE=180 S6F11
                        01 03 B1 04 00 00 00 00 A9 02 00 CD 01 01 01 02 A9 02 00 1C 
                        01 02 41 06 4F 48 54 35 31 30 01 01 41 0B 4D 53 56 4F 49 44 
                        30 35 5F 42 31 
03-30 11:52:01.070 SEND 00 01 06 0C 00 00 00 00 00 B3          Length=13           D1 S6F12    SYSBYTE=179
                        21 01 00 
03-30 11:52:01.078 SEND 00 01 06 0C 00 00 00 00 00 B4          Length=13           D1 S6F12    SYSBYTE=180
                        21 01 00 
03-30 11:52:08.800 RECD 00 01 86 0B 00 00 00 00 00 B5          Length=55           D1 S6F11W   SYSBYTE=181 S6F11
                        01 03 B1 04 00 00 00 00 A9 02 00 C9 01 01 01 02 A9 02 00 18 
                        01 02 41 06 4F 48 54 35 31 30 01 01 41 0B 4D 53 56 4F 49 44 
                        30 34 5F 42 31 
03-30 11:52:08.809 SEND 00 01 06 0C 00 00 00 00 00 B5          Length=13           D1 S6F12    SYSBYTE=181
                        21 01 00 
03-30 11:52:09.329 RECD 00 01 86 0B 00 00 00 00 00 B6          Length=65           D1 S6F11W   SYSBYTE=182 S6F11
                        01 03 B1 04 00 00 00 00 A9 02 00 CE 01 01 01 02 A9 02 00 1D 
                        01 03 41 06 4F 48 54 35 31 30 41 0B 4D 53 56 4F 49 44 30 34 
                        5F 42 31 41 0A 43 61 72 72 69 65 72 30 30 32 
03-30 11:52:09.343 SEND 00 01 06 0C 00 00 00 00 00 B6          Length=13           D1 S6F12    SYSBYTE=182
                        21 01 00 
03-30 11:52:29.478 RECD 00 01 86 0B 00 00 00 00 00 B7          Length=85           D1 S6F11W   SYSBYTE=183 S6F11
                        01 03 B1 04 00 00 00 00 A9 02 00 98 01 01 01 02 A9 02 00 17 
                        01 04 41 06 4F 48 54 35 31 30 41 0A 43 61 72 72 69 65 72 30 
                        30 32 41 0B 4D 53 56 4F 49 44 30 34 5F 42 31 41 12 54 72 61 
                        6E 73 66 65 72 43 6F 6D 6D 61 6E 64 30 30 31 
03-30 11:52:29.600 RECD 00 01 86 0B 00 00 00 00 00 B8          Length=65           D1 S6F11W   SYSBYTE=184 S6F11
                        01 03 B1 04 00 00 00 00 A9 02 00 CF 01 01 01 02 A9 02 00 1E 
                        01 03 41 06 4F 48 54 35 31 30 41 0B 4D 53 56 4F 49 44 30 34 
                        5F 42 31 41 0A 43 61 72 72 69 65 72 30 30 32 
03-30 11:52:29.608 SEND 00 01 06 0C 00 00 00 00 00 B7          Length=13           D1 S6F12    SYSBYTE=183
                        21 01 00 
03-30 11:52:29.618 RECD 00 01 86 0B 00 00 00 00 00 B9          Length=60           D1 S6F11W   SYSBYTE=185 S6F11
                        01 03 B1 04 00 00 00 00 A9 02 00 D2 01 01 01 02 A9 02 00 21 
                        01 02 41 06 4F 48 54 35 31 30 41 12 54 72 61 6E 73 66 65 72 
                        43 6F 6D 6D 61 6E 64 30 30 31 
03-30 11:52:29.625 SEND 00 01 06 0C 00 00 00 00 00 B8          Length=13           D1 S6F12    SYSBYTE=184
                        21 01 00 
03-30 11:52:29.632 RECD 00 01 86 0B 00 00 00 00 00 BA          Length=123          D1 S6F11W   SYSBYTE=186 S6F11
                        01 03 B1 04 00 00 00 00 A9 02 00 6B 01 01 01 02 A9 02 00 11 
                        01 03 01 03 41 12 54 72 61 6E 73 66 65 72 43 6F 6D 6D 61 6E 
                        64 30 30 31 A9 02 00 0A A9 02 00 00 A9 02 00 00 01 01 01 02 
                        01 03 41 0A 43 61 72 72 69 65 72 30 30 32 41 0B 4D 53 56 4F 
                        49 44 30 35 5F 42 31 41 0B 4D 53 56 4F 49 44 30 34 5F 42 31 
                        41 0B 4D 53 56 4F 49 44 30 34 5F 42 31 
03-30 11:52:29.639 SEND 00 01 06 0C 00 00 00 00 00 B9          Length=13           D1 S6F12    SYSBYTE=185
                        21 01 00 
03-30 11:52:29.646 SEND 00 01 06 0C 00 00 00 00 00 BA          Length=13           D1 S6F12    SYSBYTE=186
                        21 01 00 
03-30 11:54:30.077 RECD FF FF 00 00 00 05 7F 00 00 0D          Length=10           Linktest.req
03-30 11:54:30.081 SEND FF FF 00 00 00 06 7F 00 00 0D          Length=10           Linktest.rsp
03-30 11:56:30.089 SEND FF FF 00 00 00 05 7F 00 00 1C          Length=10           Linktest.req
03-30 11:56:30.095 RECD FF FF 00 00 00 06 7F 00 00 1C          Length=10           Linktest.rsp
03-30 11:58:30.164 RECD FF FF 00 00 00 05 7F 00 00 0E          Length=10           Linktest.req
03-30 11:58:30.168 SEND FF FF 00 00 00 05 7F 00 00 1D          Length=10           Linktest.req
03-30 11:58:30.171 SEND FF FF 00 00 00 06 7F 00 00 0E          Length=10           Linktest.rsp
03-30 11:58:30.175 RECD FF FF 00 00 00 06 7F 00 00 1D          Length=10           Linktest.rsp
03-30 12:00:30.434 INFO RECEIVE MESSAGE COUNT 100
