03-30 15:01:04.350 INFO MCS 3.0.18
03-30 15:01:04.350 SEND FF FF 00 00 00 05 7F 00 00 12          Length=10           Linktest.req
03-30 15:01:04.363 RECD FF FF 00 00 00 05 7F 00 00 0C          Length=10           Linktest.req
03-30 15:01:04.365 SEND FF FF 00 00 00 06 7F 00 00 0C          Length=10           Linktest.rsp
03-30 15:01:04.368 RECD FF FF 00 00 00 06 7F 00 00 12          Length=10           Linktest.rsp
03-30 15:03:04.364 SEND FF FF 00 00 00 05 7F 00 00 13          Length=10           Linktest.req
03-30 15:03:04.369 RECD FF FF 00 00 00 06 7F 00 00 13          Length=10           Linktest.rsp
03-30 15:05:04.377 RECD FF FF 00 00 00 05 7F 00 00 0D          Length=10           Linktest.req
03-30 15:05:04.381 SEND FF FF 00 00 00 05 7F 00 00 14          Length=10           Linktest.req
03-30 15:05:04.384 SEND FF FF 00 00 00 06 7F 00 00 0D          Length=10           Linktest.rsp
03-30 15:05:04.389 RECD FF FF 00 00 00 06 7F 00 00 14          Length=10           Linktest.rsp
03-30 15:07:04.391 SEND FF FF 00 00 00 05 7F 00 00 15          Length=10           Linktest.req
03-30 15:07:04.398 RECD FF FF 00 00 00 06 7F 00 00 15          Length=10           Linktest.rsp
03-30 15:09:04.399 RECD FF FF 00 00 00 05 7F 00 00 0E          Length=10           Linktest.req
03-30 15:09:04.405 SEND FF FF 00 00 00 06 7F 00 00 0E          Length=10           Linktest.rsp
03-30 15:11:04.682 SEND FF FF 00 00 00 05 7F 00 00 16          Length=10           Linktest.req
03-30 15:11:04.689 RECD FF FF 00 00 00 06 7F 00 00 16          Length=10           Linktest.rsp
03-30 15:13:05.081 SEND FF FF 00 00 00 05 7F 00 00 17          Length=10           Linktest.req
03-30 15:13:05.089 RECD FF FF 00 00 00 06 7F 00 00 17          Length=10           Linktest.rsp
03-30 15:15:05.437 SEND FF FF 00 00 00 05 7F 00 00 18          Length=10           Linktest.req
03-30 15:15:05.444 RECD FF FF 00 00 00 06 7F 00 00 18          Length=10           Linktest.rsp
03-30 15:17:05.607 SEND FF FF 00 00 00 05 7F 00 00 19          Length=10           Linktest.req
03-30 15:17:05.613 RECD FF FF 00 00 00 06 7F 00 00 19          Length=10           Linktest.rsp
03-30 15:19:05.776 SEND FF FF 00 00 00 05 7F 00 00 1A          Length=10           Linktest.req
03-30 15:19:05.783 RECD FF FF 00 00 00 06 7F 00 00 1A          Length=10           Linktest.rsp
03-30 15:21:05.878 SEND FF FF 00 00 00 05 7F 00 00 1B          Length=10           Linktest.req
03-30 15:21:05.885 RECD FF FF 00 00 00 06 7F 00 00 1B          Length=10           Linktest.rsp
03-30 15:23:05.954 SEND FF FF 00 00 00 05 7F 00 00 1C          Length=10           Linktest.req
03-30 15:23:05.962 RECD FF FF 00 00 00 05 7F 00 00 0F          Length=10           Linktest.req
03-30 15:23:05.972 RECD FF FF 00 00 00 06 7F 00 00 1C          Length=10           Linktest.rsp
03-30 15:23:05.975 SEND FF FF 00 00 00 06 7F 00 00 0F          Length=10           Linktest.rsp
03-30 15:25:06.029 SEND FF FF 00 00 00 05 7F 00 00 1D          Length=10           Linktest.req
03-30 15:25:06.036 RECD FF FF 00 00 00 06 7F 00 00 1D          Length=10           Linktest.rsp
03-30 15:27:06.067 SEND FF FF 00 00 00 05 7F 00 00 1E          Length=10           Linktest.req
03-30 15:27:06.071 RECD FF FF 00 00 00 05 7F 00 00 10          Length=10           Linktest.req
03-30 15:27:06.075 SEND FF FF 00 00 00 06 7F 00 00 10          Length=10           Linktest.rsp
03-30 15:27:06.084 RECD FF FF 00 00 00 06 7F 00 00 1E          Length=10           Linktest.rsp
03-30 15:29:06.109 RECD FF FF 00 00 00 05 7F 00 00 11          Length=10           Linktest.req
03-30 15:29:06.113 SEND FF FF 00 00 00 06 7F 00 00 11          Length=10           Linktest.rsp
03-30 15:31:06.135 SEND FF FF 00 00 00 05 7F 00 00 1F          Length=10           Linktest.req
03-30 15:31:06.140 RECD FF FF 00 00 00 06 7F 00 00 1F          Length=10           Linktest.rsp
03-30 15:31:06.144 RECD FF FF 00 00 00 05 7F 00 00 12          Length=10           Linktest.req
03-30 15:31:06.149 SEND FF FF 00 00 00 06 7F 00 00 12          Length=10           Linktest.rsp
03-30 15:33:06.160 SEND FF FF 00 00 00 05 7F 00 00 20          Length=10           Linktest.req
03-30 15:33:06.166 RECD FF FF 00 00 00 06 7F 00 00 20          Length=10           Linktest.rsp
03-30 15:35:06.179 RECD FF FF 00 00 00 05 7F 00 00 13          Length=10           Linktest.req
03-30 15:35:06.183 SEND FF FF 00 00 00 05 7F 00 00 21          Length=10           Linktest.req
03-30 15:35:06.186 SEND FF FF 00 00 00 06 7F 00 00 13          Length=10           Linktest.rsp
03-30 15:35:06.191 RECD FF FF 00 00 00 06 7F 00 00 21          Length=10           Linktest.rsp
03-30 15:37:06.196 SEND FF FF 00 00 00 05 7F 00 00 22          Length=10           Linktest.req
03-30 15:37:06.203 RECD FF FF 00 00 00 06 7F 00 00 22          Length=10           Linktest.rsp
03-30 15:39:06.210 RECD FF FF 00 00 00 05 7F 00 00 14          Length=10           Linktest.req
03-30 15:39:06.214 SEND FF FF 00 00 00 06 7F 00 00 14          Length=10           Linktest.rsp
03-30 15:41:06.218 SEND FF FF 00 00 00 05 7F 00 00 23          Length=10           Linktest.req
03-30 15:41:06.226 RECD FF FF 00 00 00 06 7F 00 00 23          Length=10           Linktest.rsp
03-30 15:43:06.229 RECD FF FF 00 00 00 05 7F 00 00 15          Length=10           Linktest.req
03-30 15:43:06.234 SEND FF FF 00 00 00 06 7F 00 00 15          Length=10           Linktest.rsp
03-30 15:45:06.235 SEND FF FF 00 00 00 05 7F 00 00 24          Length=10           Linktest.req
03-30 15:45:06.241 RECD FF FF 00 00 00 06 7F 00 00 24          Length=10           Linktest.rsp
03-30 15:47:06.244 RECD FF FF 00 00 00 05 7F 00 00 16          Length=10           Linktest.req
03-30 15:47:06.257 SEND FF FF 00 00 00 05 7F 00 00 25          Length=10           Linktest.req
03-30 15:47:06.260 SEND FF FF 00 00 00 06 7F 00 00 16          Length=10           Linktest.rsp
03-30 15:47:06.265 RECD FF FF 00 00 00 06 7F 00 00 25          Length=10           Linktest.rsp
03-30 15:49:06.261 SEND FF FF 00 00 00 05 7F 00 00 26          Length=10           Linktest.req
03-30 15:49:06.266 RECD FF FF 00 00 00 05 7F 00 00 17          Length=10           Linktest.req
03-30 15:49:06.271 RECD FF FF 00 00 00 06 7F 00 00 26          Length=10           Linktest.rsp
03-30 15:49:06.274 SEND FF FF 00 00 00 06 7F 00 00 17          Length=10           Linktest.rsp
03-30 15:51:06.275 SEND FF FF 00 00 00 05 7F 00 00 27          Length=10           Linktest.req
03-30 15:51:06.284 RECD FF FF 00 00 00 05 7F 00 00 18          Length=10           Linktest.req
03-30 15:51:06.289 RECD FF FF 00 00 00 06 7F 00 00 27          Length=10           Linktest.rsp
03-30 15:51:06.293 SEND FF FF 00 00 00 06 7F 00 00 18          Length=10           Linktest.rsp
03-30 15:53:06.291 SEND FF FF 00 00 00 05 7F 00 00 28          Length=10           Linktest.req
03-30 15:53:06.301 RECD FF FF 00 00 00 06 7F 00 00 28          Length=10           Linktest.rsp
03-30 15:55:06.300 RECD FF FF 00 00 00 05 7F 00 00 19          Length=10           Linktest.req
03-30 15:55:06.305 SEND FF FF 00 00 00 06 7F 00 00 19          Length=10           Linktest.rsp
03-30 15:57:06.304 SEND FF FF 00 00 00 05 7F 00 00 29          Length=10           Linktest.req
03-30 15:57:06.310 RECD FF FF 00 00 00 06 7F 00 00 29          Length=10           Linktest.rsp
03-30 15:59:06.312 RECD FF FF 00 00 00 05 7F 00 00 1A          Length=10           Linktest.req
03-30 15:59:06.316 SEND FF FF 00 00 00 06 7F 00 00 1A          Length=10           Linktest.rsp
03-30 16:01:06.317 INFO RECEIVE MESSAGE COUNT 0
