03-30 16:01:06.319 INFO MCS 3.0.18
03-30 16:01:06.319 SEND FF FF 00 00 00 05 7F 00 00 2A          Length=10           Linktest.req
03-30 16:01:06.324 RECD FF FF 00 00 00 06 7F 00 00 2A          Length=10           Linktest.rsp
03-30 16:03:06.332 SEND FF FF 00 00 00 05 7F 00 00 2B          Length=10           Linktest.req
03-30 16:03:06.336 RECD FF FF 00 00 00 05 7F 00 00 1B          Length=10           Linktest.req
03-30 16:03:06.340 SEND FF FF 00 00 00 06 7F 00 00 1B          Length=10           Linktest.rsp
03-30 16:03:06.344 RECD FF FF 00 00 00 06 7F 00 00 2B          Length=10           Linktest.rsp
03-30 16:05:06.348 SEND FF FF 00 00 00 05 7F 00 00 2C          Length=10           Linktest.req
03-30 16:05:06.355 RECD FF FF 00 00 00 06 7F 00 00 2C          Length=10           Linktest.rsp
03-30 16:07:06.357 RECD FF FF 00 00 00 05 7F 00 00 1C          Length=10           Linktest.req
03-30 16:07:06.361 SEND FF FF 00 00 00 06 7F 00 00 1C          Length=10           Linktest.rsp
03-30 16:09:06.361 SEND FF FF 00 00 00 05 7F 00 00 2D          Length=10           Linktest.req
03-30 16:09:06.368 RECD FF FF 00 00 00 06 7F 00 00 2D          Length=10           Linktest.rsp
03-30 16:11:06.369 SEND FF FF 00 00 00 05 7F 00 00 2E          Length=10           Linktest.req
03-30 16:11:06.373 RECD FF FF 00 00 00 05 7F 00 00 1D          Length=10           Linktest.req
03-30 16:11:06.379 SEND FF FF 00 00 00 06 7F 00 00 1D          Length=10           Linktest.rsp
03-30 16:11:06.382 RECD FF FF 00 00 00 06 7F 00 00 2E          Length=10           Linktest.rsp
03-30 16:13:06.383 SEND FF FF 00 00 00 05 7F 00 00 2F          Length=10           Linktest.req
03-30 16:13:06.390 RECD FF FF 00 00 00 05 7F 00 00 1E          Length=10           Linktest.req
03-30 16:13:06.396 RECD FF FF 00 00 00 06 7F 00 00 2F          Length=10           Linktest.rsp
03-30 16:13:06.399 SEND FF FF 00 00 00 06 7F 00 00 1E          Length=10           Linktest.rsp
03-30 16:15:06.397 SEND FF FF 00 00 00 05 7F 00 00 30          Length=10           Linktest.req
03-30 16:15:06.403 RECD FF FF 00 00 00 06 7F 00 00 30          Length=10           Linktest.rsp
03-30 16:17:06.406 RECD FF FF 00 00 00 05 7F 00 00 1F          Length=10           Linktest.req
03-30 16:17:06.410 SEND FF FF 00 00 00 05 7F 00 00 31          Length=10           Linktest.req
03-30 16:17:06.414 SEND FF FF 00 00 00 06 7F 00 00 1F          Length=10           Linktest.rsp
03-30 16:17:06.417 RECD FF FF 00 00 00 06 7F 00 00 31          Length=10           Linktest.rsp
03-30 16:19:06.418 SEND FF FF 00 00 00 05 7F 00 00 32          Length=10           Linktest.req
03-30 16:19:06.427 RECD FF FF 00 00 00 05 7F 00 00 20          Length=10           Linktest.req
03-30 16:19:06.432 SEND FF FF 00 00 00 06 7F 00 00 20          Length=10           Linktest.rsp
03-30 16:19:06.435 RECD FF FF 00 00 00 06 7F 00 00 32          Length=10           Linktest.rsp
03-30 16:21:06.432 SEND FF FF 00 00 00 05 7F 00 00 33          Length=10           Linktest.req
03-30 16:21:06.439 RECD FF FF 00 00 00 05 7F 00 00 21          Length=10           Linktest.req
03-30 16:21:06.444 SEND FF FF 00 00 00 06 7F 00 00 21          Length=10           Linktest.rsp
03-30 16:21:06.447 RECD FF FF 00 00 00 06 7F 00 00 33          Length=10           Linktest.rsp
03-30 16:23:06.447 SEND FF FF 00 00 00 05 7F 00 00 34          Length=10           Linktest.req
03-30 16:23:06.454 RECD FF FF 00 00 00 05 7F 00 00 22          Length=10           Linktest.req
03-30 16:23:06.460 SEND FF FF 00 00 00 06 7F 00 00 22          Length=10           Linktest.rsp
03-30 16:23:06.464 RECD FF FF 00 00 00 06 7F 00 00 34          Length=10           Linktest.rsp
03-30 16:25:06.461 SEND FF FF 00 00 00 05 7F 00 00 35          Length=10           Linktest.req
03-30 16:25:06.468 RECD FF FF 00 00 00 05 7F 00 00 23          Length=10           Linktest.req
03-30 16:25:06.483 SEND FF FF 00 00 00 06 7F 00 00 23          Length=10           Linktest.rsp
03-30 16:25:06.487 RECD FF FF 00 00 00 06 7F 00 00 35          Length=10           Linktest.rsp
03-30 16:27:06.480 SEND FF FF 00 00 00 05 7F 00 00 36          Length=10           Linktest.req
03-30 16:27:06.486 RECD FF FF 00 00 00 05 7F 00 00 24          Length=10           Linktest.req
03-30 16:27:06.490 SEND FF FF 00 00 00 06 7F 00 00 24          Length=10           Linktest.rsp
03-30 16:27:06.494 RECD FF FF 00 00 00 06 7F 00 00 36          Length=10           Linktest.rsp
03-30 16:29:06.494 SEND FF FF 00 00 00 05 7F 00 00 37          Length=10           Linktest.req
03-30 16:29:06.500 RECD FF FF 00 00 00 05 7F 00 00 25          Length=10           Linktest.req
03-30 16:29:06.507 SEND FF FF 00 00 00 06 7F 00 00 25          Length=10           Linktest.rsp
03-30 16:29:06.510 RECD FF FF 00 00 00 06 7F 00 00 37          Length=10           Linktest.rsp
03-30 16:31:06.509 SEND FF FF 00 00 00 05 7F 00 00 38          Length=10           Linktest.req
03-30 16:31:06.516 RECD FF FF 00 00 00 05 7F 00 00 26          Length=10           Linktest.req
03-30 16:31:06.521 SEND FF FF 00 00 00 06 7F 00 00 26          Length=10           Linktest.rsp
03-30 16:31:06.524 RECD FF FF 00 00 00 06 7F 00 00 38          Length=10           Linktest.rsp
03-30 16:33:06.523 SEND FF FF 00 00 00 05 7F 00 00 39          Length=10           Linktest.req
03-30 16:33:06.531 RECD FF FF 00 00 00 06 7F 00 00 39          Length=10           Linktest.rsp
03-30 16:35:06.533 RECD FF FF 00 00 00 05 7F 00 00 27          Length=10           Linktest.req
03-30 16:35:06.537 SEND FF FF 00 00 00 06 7F 00 00 27          Length=10           Linktest.rsp
03-30 16:37:06.537 SEND FF FF 00 00 00 05 7F 00 00 3A          Length=10           Linktest.req
03-30 16:37:06.544 RECD FF FF 00 00 00 06 7F 00 00 3A          Length=10           Linktest.rsp
03-30 16:39:06.548 RECD FF FF 00 00 00 05 7F 00 00 28          Length=10           Linktest.req
03-30 16:39:06.554 SEND FF FF 00 00 00 05 7F 00 00 3B          Length=10           Linktest.req
03-30 16:39:06.559 SEND FF FF 00 00 00 06 7F 00 00 28          Length=10           Linktest.rsp
03-30 16:39:06.562 RECD FF FF 00 00 00 06 7F 00 00 3B          Length=10           Linktest.rsp
03-30 16:41:06.561 SEND FF FF 00 00 00 05 7F 00 00 3C          Length=10           Linktest.req
03-30 16:41:06.567 RECD FF FF 00 00 00 05 7F 00 00 29          Length=10           Linktest.req
03-30 16:41:06.571 SEND FF FF 00 00 00 06 7F 00 00 29          Length=10           Linktest.rsp
03-30 16:41:06.576 RECD FF FF 00 00 00 06 7F 00 00 3C          Length=10           Linktest.rsp
03-30 16:43:06.575 SEND FF FF 00 00 00 05 7F 00 00 3D          Length=10           Linktest.req
03-30 16:43:06.581 RECD FF FF 00 00 00 05 7F 00 00 2A          Length=10           Linktest.req
03-30 16:43:06.585 SEND FF FF 00 00 00 06 7F 00 00 2A          Length=10           Linktest.rsp
03-30 16:43:06.588 RECD FF FF 00 00 00 06 7F 00 00 3D          Length=10           Linktest.rsp
03-30 16:45:06.589 SEND FF FF 00 00 00 05 7F 00 00 3E          Length=10           Linktest.req
03-30 16:45:06.596 RECD FF FF 00 00 00 06 7F 00 00 3E          Length=10           Linktest.rsp
03-30 16:47:06.598 RECD FF FF 00 00 00 05 7F 00 00 2B          Length=10           Linktest.req
03-30 16:47:06.602 SEND FF FF 00 00 00 06 7F 00 00 2B          Length=10           Linktest.rsp
03-30 16:49:06.602 SEND FF FF 00 00 00 05 7F 00 00 3F          Length=10           Linktest.req
03-30 16:49:06.609 RECD FF FF 00 00 00 06 7F 00 00 3F          Length=10           Linktest.rsp
03-30 16:51:06.611 RECD FF FF 00 00 00 05 7F 00 00 2C          Length=10           Linktest.req
03-30 16:51:06.617 SEND FF FF 00 00 00 05 7F 00 00 40          Length=10           Linktest.req
03-30 16:51:06.620 SEND FF FF 00 00 00 06 7F 00 00 2C          Length=10           Linktest.rsp
03-30 16:51:06.625 RECD FF FF 00 00 00 06 7F 00 00 40          Length=10           Linktest.rsp
03-30 16:53:06.630 SEND FF FF 00 00 00 05 7F 00 00 41          Length=10           Linktest.req
03-30 16:53:06.635 RECD FF FF 00 00 00 06 7F 00 00 41          Length=10           Linktest.rsp
03-30 16:55:06.638 RECD FF FF 00 00 00 05 7F 00 00 2D          Length=10           Linktest.req
03-30 16:55:06.642 SEND FF FF 00 00 00 05 7F 00 00 42          Length=10           Linktest.req
03-30 16:55:06.646 SEND FF FF 00 00 00 06 7F 00 00 2D          Length=10           Linktest.rsp
03-30 16:55:06.650 RECD FF FF 00 00 00 06 7F 00 00 42          Length=10           Linktest.rsp
03-30 16:57:06.650 SEND FF FF 00 00 00 05 7F 00 00 43          Length=10           Linktest.req
03-30 16:57:06.658 RECD FF FF 00 00 00 06 7F 00 00 43          Length=10           Linktest.rsp
03-30 16:59:06.659 RECD FF FF 00 00 00 05 7F 00 00 2E          Length=10           Linktest.req
03-30 16:59:06.663 SEND FF FF 00 00 00 06 7F 00 00 2E          Length=10           Linktest.rsp
03-30 17:01:06.662 INFO RECEIVE MESSAGE COUNT 0
