03-30 17:01:06.664 INFO MCS 3.0.18
03-30 17:01:06.664 SEND FF FF 00 00 00 05 7F 00 00 44          Length=10           Linktest.req
03-30 17:01:06.669 RECD FF FF 00 00 00 06 7F 00 00 44          Length=10           Linktest.rsp
03-30 17:03:06.672 RECD FF FF 00 00 00 05 7F 00 00 2F          Length=10           Linktest.req
03-30 17:03:06.676 SEND FF FF 00 00 00 05 7F 00 00 45          Length=10           Linktest.req
03-30 17:03:06.679 SEND FF FF 00 00 00 06 7F 00 00 2F          Length=10           Linktest.rsp
03-30 17:03:06.682 RECD FF FF 00 00 00 06 7F 00 00 45          Length=10           Linktest.rsp
03-30 17:05:06.685 SEND FF FF 00 00 00 05 7F 00 00 46          Length=10           Linktest.req
03-30 17:05:06.692 RECD FF FF 00 00 00 05 7F 00 00 30          Length=10           Linktest.req
03-30 17:05:06.696 SEND FF FF 00 00 00 06 7F 00 00 30          Length=10           Linktest.rsp
03-30 17:05:06.699 RECD FF FF 00 00 00 06 7F 00 00 46          Length=10           Linktest.rsp
03-30 17:07:06.700 SEND FF FF 00 00 00 05 7F 00 00 47          Length=10           Linktest.req
03-30 17:07:06.708 RECD FF FF 00 00 00 06 7F 00 00 47          Length=10           Linktest.rsp
03-30 17:07:06.715 RECD FF FF 00 00 00 05 7F 00 00 31          Length=10           Linktest.req
03-30 17:07:06.719 SEND FF FF 00 00 00 06 7F 00 00 31          Length=10           Linktest.rsp
03-30 17:09:06.719 SEND FF FF 00 00 00 05 7F 00 00 48          Length=10           Linktest.req
03-30 17:09:06.726 RECD FF FF 00 00 00 06 7F 00 00 48          Length=10           Linktest.rsp
03-30 17:11:06.728 RECD FF FF 00 00 00 05 7F 00 00 32          Length=10           Linktest.req
03-30 17:11:06.732 SEND FF FF 00 00 00 05 7F 00 00 49          Length=10           Linktest.req
03-30 17:11:06.737 SEND FF FF 00 00 00 06 7F 00 00 32          Length=10           Linktest.rsp
03-30 17:11:06.740 RECD FF FF 00 00 00 06 7F 00 00 49          Length=10           Linktest.rsp
03-30 17:13:06.746 SEND FF FF 00 00 00 05 7F 00 00 4A          Length=10           Linktest.req
03-30 17:13:06.759 RECD FF FF 00 00 00 06 7F 00 00 4A          Length=10           Linktest.rsp
03-30 17:15:06.760 RECD FF FF 00 00 00 05 7F 00 00 33          Length=10           Linktest.req
03-30 17:15:06.764 SEND FF FF 00 00 00 06 7F 00 00 33          Length=10           Linktest.rsp
03-30 17:17:06.762 SEND FF FF 00 00 00 05 7F 00 00 4B          Length=10           Linktest.req
03-30 17:17:06.769 RECD FF FF 00 00 00 06 7F 00 00 4B          Length=10           Linktest.rsp
03-30 17:19:06.769 RECD FF FF 00 00 00 05 7F 00 00 34          Length=10           Linktest.req
03-30 17:19:06.774 SEND FF FF 00 00 00 06 7F 00 00 34          Length=10           Linktest.rsp
03-30 17:21:06.772 SEND FF FF 00 00 00 05 7F 00 00 4C          Length=10           Linktest.req
03-30 17:21:06.778 RECD FF FF 00 00 00 06 7F 00 00 4C          Length=10           Linktest.rsp
03-30 17:23:06.777 RECD FF FF 00 00 00 05 7F 00 00 35          Length=10           Linktest.req
03-30 17:23:06.782 SEND FF FF 00 00 00 06 7F 00 00 35          Length=10           Linktest.rsp
03-30 17:25:06.781 SEND FF FF 00 00 00 05 7F 00 00 4D          Length=10           Linktest.req
03-30 17:25:06.787 RECD FF FF 00 00 00 06 7F 00 00 4D          Length=10           Linktest.rsp
03-30 17:27:06.791 SEND FF FF 00 00 00 05 7F 00 00 4E          Length=10           Linktest.req
03-30 17:27:06.794 RECD FF FF 00 00 00 05 7F 00 00 36          Length=10           Linktest.req
03-30 17:27:06.800 SEND FF FF 00 00 00 06 7F 00 00 36          Length=10           Linktest.rsp
03-30 17:27:06.803 RECD FF FF 00 00 00 06 7F 00 00 4E          Length=10           Linktest.rsp
03-30 17:29:06.804 SEND FF FF 00 00 00 05 7F 00 00 4F          Length=10           Linktest.req
03-30 17:29:06.813 RECD FF FF 00 00 00 05 7F 00 00 37          Length=10           Linktest.req
03-30 17:29:06.819 RECD FF FF 00 00 00 06 7F 00 00 4F          Length=10           Linktest.rsp
03-30 17:29:06.823 SEND FF FF 00 00 00 06 7F 00 00 37          Length=10           Linktest.rsp
03-30 17:31:06.821 SEND FF FF 00 00 00 05 7F 00 00 50          Length=10           Linktest.req
03-30 17:31:06.827 RECD FF FF 00 00 00 05 7F 00 00 38          Length=10           Linktest.req
03-30 17:31:06.830 SEND FF FF 00 00 00 06 7F 00 00 38          Length=10           Linktest.rsp
03-30 17:31:06.833 RECD FF FF 00 00 00 06 7F 00 00 50          Length=10           Linktest.rsp
03-30 17:33:06.837 SEND FF FF 00 00 00 05 7F 00 00 51          Length=10           Linktest.req
03-30 17:33:06.844 RECD FF FF 00 00 00 05 7F 00 00 39          Length=10           Linktest.req
03-30 17:33:06.847 SEND FF FF 00 00 00 06 7F 00 00 39          Length=10           Linktest.rsp
03-30 17:33:06.851 RECD FF FF 00 00 00 06 7F 00 00 51          Length=10           Linktest.rsp
03-30 17:35:06.854 SEND FF FF 00 00 00 05 7F 00 00 52          Length=10           Linktest.req
03-30 17:35:06.865 RECD FF FF 00 00 00 05 7F 00 00 3A          Length=10           Linktest.req
03-30 17:35:06.873 RECD FF FF 00 00 00 06 7F 00 00 52          Length=10           Linktest.rsp
03-30 17:35:06.878 SEND FF FF 00 00 00 06 7F 00 00 3A          Length=10           Linktest.rsp
03-30 17:37:06.872 SEND FF FF 00 00 00 05 7F 00 00 53          Length=10           Linktest.req
03-30 17:37:06.881 RECD FF FF 00 00 00 05 7F 00 00 3B          Length=10           Linktest.req
03-30 17:37:06.885 RECD FF FF 00 00 00 06 7F 00 00 53          Length=10           Linktest.rsp
03-30 17:37:06.889 SEND FF FF 00 00 00 06 7F 00 00 3B          Length=10           Linktest.rsp
03-30 17:39:06.888 SEND FF FF 00 00 00 05 7F 00 00 54          Length=10           Linktest.req
03-30 17:39:06.895 RECD FF FF 00 00 00 06 7F 00 00 54          Length=10           Linktest.rsp
03-30 17:41:06.904 RECD FF FF 00 00 00 05 7F 00 00 3C          Length=10           Linktest.req
03-30 17:41:06.908 SEND FF FF 00 00 00 06 7F 00 00 3C          Length=10           Linktest.rsp
03-30 17:43:06.910 SEND FF FF 00 00 00 05 7F 00 00 55          Length=10           Linktest.req
03-30 17:43:06.926 RECD FF FF 00 00 00 06 7F 00 00 55          Length=10           Linktest.rsp
03-30 17:45:06.921 RECD FF FF 00 00 00 05 7F 00 00 3D          Length=10           Linktest.req
03-30 17:45:06.926 SEND FF FF 00 00 00 06 7F 00 00 3D          Length=10           Linktest.rsp
03-30 17:47:06.927 SEND FF FF 00 00 00 05 7F 00 00 56          Length=10           Linktest.req
03-30 17:47:06.932 RECD FF FF 00 00 00 06 7F 00 00 56          Length=10           Linktest.rsp
03-30 17:49:06.935 RECD FF FF 00 00 00 05 7F 00 00 3E          Length=10           Linktest.req
03-30 17:49:06.939 SEND FF FF 00 00 00 05 7F 00 00 57          Length=10           Linktest.req
03-30 17:49:06.944 SEND FF FF 00 00 00 06 7F 00 00 3E          Length=10           Linktest.rsp
03-30 17:49:06.947 RECD FF FF 00 00 00 06 7F 00 00 57          Length=10           Linktest.rsp
03-30 17:51:06.948 SEND FF FF 00 00 00 05 7F 00 00 58          Length=10           Linktest.req
03-30 17:51:06.957 RECD FF FF 00 00 00 05 7F 00 00 3F          Length=10           Linktest.req
03-30 17:51:06.961 SEND FF FF 00 00 00 06 7F 00 00 3F          Length=10           Linktest.rsp
03-30 17:51:06.964 RECD FF FF 00 00 00 06 7F 00 00 58          Length=10           Linktest.rsp
03-30 17:53:06.965 SEND FF FF 00 00 00 05 7F 00 00 59          Length=10           Linktest.req
03-30 17:53:06.972 RECD FF FF 00 00 00 05 7F 00 00 40          Length=10           Linktest.req
03-30 17:53:06.976 SEND FF FF 00 00 00 06 7F 00 00 40          Length=10           Linktest.rsp
03-30 17:53:06.981 RECD FF FF 00 00 00 06 7F 00 00 59          Length=10           Linktest.rsp
03-30 17:55:06.980 SEND FF FF 00 00 00 05 7F 00 00 5A          Length=10           Linktest.req
03-30 17:55:06.986 RECD FF FF 00 00 00 06 7F 00 00 5A          Length=10           Linktest.rsp
03-30 17:57:06.990 SEND FF FF 00 00 00 05 7F 00 00 5B          Length=10           Linktest.req
03-30 17:57:06.994 RECD FF FF 00 00 00 05 7F 00 00 41          Length=10           Linktest.req
03-30 17:57:06.998 SEND FF FF 00 00 00 06 7F 00 00 41          Length=10           Linktest.rsp
03-30 17:57:07.000 RECD FF FF 00 00 00 06 7F 00 00 5B          Length=10           Linktest.rsp
03-30 17:59:07.014 SEND FF FF 00 00 00 05 7F 00 00 5C          Length=10           Linktest.req
03-30 17:59:07.021 RECD FF FF 00 00 00 05 7F 00 00 42          Length=10           Linktest.req
03-30 17:59:07.026 SEND FF FF 00 00 00 06 7F 00 00 42          Length=10           Linktest.rsp
03-30 17:59:07.031 RECD FF FF 00 00 00 06 7F 00 00 5C          Length=10           Linktest.rsp
03-30 18:01:07.036 INFO RECEIVE MESSAGE COUNT 0
