03-30 19:01:27.325 INFO MCS 3.0.18
03-30 19:01:27.325 RECD FF FF 00 00 00 05 7F 00 00 07          Length=10           Linktest.req
03-30 19:01:27.329 SEND FF FF 00 00 00 05 7F 00 00 0F          Length=10           Linktest.req
03-30 19:01:27.333 SEND FF FF 00 00 00 06 7F 00 00 07          Length=10           Linktest.rsp
03-30 19:01:27.337 RECD FF FF 00 00 00 06 7F 00 00 0F          Length=10           Linktest.rsp
03-30 19:03:27.340 SEND FF FF 00 00 00 05 7F 00 00 10          Length=10           Linktest.req
03-30 19:03:27.345 RECD FF FF 00 00 00 06 7F 00 00 10          Length=10           Linktest.rsp
03-30 19:05:27.348 RECD FF FF 00 00 00 05 7F 00 00 08          Length=10           Linktest.req
03-30 19:05:27.352 SEND FF FF 00 00 00 05 7F 00 00 11          Length=10           Linktest.req
03-30 19:05:27.363 SEND FF FF 00 00 00 06 7F 00 00 08          Length=10           Linktest.rsp
03-30 19:05:27.366 RECD FF FF 00 00 00 06 7F 00 00 11          Length=10           Linktest.rsp
03-30 19:07:27.367 SEND FF FF 00 00 00 05 7F 00 00 12          Length=10           Linktest.req
03-30 19:07:27.374 RECD FF FF 00 00 00 05 7F 00 00 09          Length=10           Linktest.req
03-30 19:07:27.380 RECD FF FF 00 00 00 06 7F 00 00 12          Length=10           Linktest.rsp
03-30 19:07:27.385 SEND FF FF 00 00 00 06 7F 00 00 09          Length=10           Linktest.rsp
03-30 19:09:27.382 SEND FF FF 00 00 00 05 7F 00 00 13          Length=10           Linktest.req
03-30 19:09:27.388 RECD FF FF 00 00 00 06 7F 00 00 13          Length=10           Linktest.rsp
03-30 19:11:27.512 RECD FF FF 00 00 00 05 7F 00 00 0A          Length=10           Linktest.req
03-30 19:11:27.516 SEND FF FF 00 00 00 05 7F 00 00 14          Length=10           Linktest.req
03-30 19:11:27.520 SEND FF FF 00 00 00 06 7F 00 00 0A          Length=10           Linktest.rsp
03-30 19:11:27.523 RECD FF FF 00 00 00 06 7F 00 00 14          Length=10           Linktest.rsp
03-30 19:13:27.656 SEND FF FF 00 00 00 05 7F 00 00 15          Length=10           Linktest.req
03-30 19:13:27.662 RECD FF FF 00 00 00 06 7F 00 00 15          Length=10           Linktest.rsp
03-30 19:15:27.785 SEND FF FF 00 00 00 05 7F 00 00 16          Length=10           Linktest.req
03-30 19:15:27.792 RECD FF FF 00 00 00 06 7F 00 00 16          Length=10           Linktest.rsp
03-30 19:17:27.890 SEND FF FF 00 00 00 05 7F 00 00 17          Length=10           Linktest.req
03-30 19:17:27.895 RECD FF FF 00 00 00 05 7F 00 00 0B          Length=10           Linktest.req
03-30 19:17:27.899 SEND FF FF 00 00 00 06 7F 00 00 0B          Length=10           Linktest.rsp
03-30 19:17:27.902 RECD FF FF 00 00 00 06 7F 00 00 17          Length=10           Linktest.rsp
03-30 19:19:27.997 SEND FF FF 00 00 00 05 7F 00 00 18          Length=10           Linktest.req
03-30 19:19:28.003 RECD FF FF 00 00 00 06 7F 00 00 18          Length=10           Linktest.rsp
03-30 19:21:28.076 SEND FF FF 00 00 00 05 7F 00 00 19          Length=10           Linktest.req
03-30 19:21:28.082 RECD FF FF 00 00 00 05 7F 00 00 0C          Length=10           Linktest.req
03-30 19:21:28.087 RECD FF FF 00 00 00 06 7F 00 00 19          Length=10           Linktest.rsp
03-30 19:21:28.090 SEND FF FF 00 00 00 06 7F 00 00 0C          Length=10           Linktest.rsp
03-30 19:23:28.157 SEND FF FF 00 00 00 05 7F 00 00 1A          Length=10           Linktest.req
03-30 19:23:28.163 RECD FF FF 00 00 00 06 7F 00 00 1A          Length=10           Linktest.rsp
03-30 19:25:28.226 SEND FF FF 00 00 00 05 7F 00 00 1B          Length=10           Linktest.req
03-30 19:25:28.230 RECD FF FF 00 00 00 05 7F 00 00 0D          Length=10           Linktest.req
03-30 19:25:28.236 SEND FF FF 00 00 00 06 7F 00 00 0D          Length=10           Linktest.rsp
03-30 19:25:28.240 RECD FF FF 00 00 00 06 7F 00 00 1B          Length=10           Linktest.rsp
03-30 19:27:28.285 SEND FF FF 00 00 00 05 7F 00 00 1C          Length=10           Linktest.req
03-30 19:27:28.292 RECD FF FF 00 00 00 06 7F 00 00 1C          Length=10           Linktest.rsp
03-30 19:29:28.343 SEND FF FF 00 00 00 05 7F 00 00 1D          Length=10           Linktest.req
03-30 19:29:28.346 RECD FF FF 00 00 00 05 7F 00 00 0E          Length=10           Linktest.req
03-30 19:29:28.350 SEND FF FF 00 00 00 06 7F 00 00 0E          Length=10           Linktest.rsp
03-30 19:29:28.354 RECD FF FF 00 00 00 06 7F 00 00 1D          Length=10           Linktest.rsp
03-30 19:31:28.390 SEND FF FF 00 00 00 05 7F 00 00 1E          Length=10           Linktest.req
03-30 19:31:28.397 RECD FF FF 00 00 00 06 7F 00 00 1E          Length=10           Linktest.rsp
03-30 19:31:28.403 RECD FF FF 00 00 00 05 7F 00 00 0F          Length=10           Linktest.req
03-30 19:31:28.408 SEND FF FF 00 00 00 06 7F 00 00 0F          Length=10           Linktest.rsp
03-30 19:33:28.440 SEND FF FF 00 00 00 05 7F 00 00 1F          Length=10           Linktest.req
03-30 19:33:28.445 RECD FF FF 00 00 00 06 7F 00 00 1F          Length=10           Linktest.rsp
03-30 19:35:28.476 SEND FF FF 00 00 00 05 7F 00 00 20          Length=10           Linktest.req
03-30 19:35:28.481 RECD FF FF 00 00 00 05 7F 00 00 10          Length=10           Linktest.req
03-30 19:35:28.485 SEND FF FF 00 00 00 06 7F 00 00 10          Length=10           Linktest.rsp
03-30 19:35:28.489 RECD FF FF 00 00 00 06 7F 00 00 20          Length=10           Linktest.rsp
03-30 19:37:28.517 SEND FF FF 00 00 00 05 7F 00 00 21          Length=10           Linktest.req
03-30 19:37:28.524 RECD FF FF 00 00 00 06 7F 00 00 21          Length=10           Linktest.rsp
03-30 19:37:28.528 RECD FF FF 00 00 00 05 7F 00 00 11          Length=10           Linktest.req
03-30 19:37:28.532 SEND FF FF 00 00 00 06 7F 00 00 11          Length=10           Linktest.rsp
03-30 19:39:28.555 SEND FF FF 00 00 00 05 7F 00 00 22          Length=10           Linktest.req
03-30 19:39:28.562 RECD FF FF 00 00 00 06 7F 00 00 22          Length=10           Linktest.rsp
03-30 19:41:28.586 RECD FF FF 00 00 00 05 7F 00 00 12          Length=10           Linktest.req
03-30 19:41:28.608 SEND FF FF 00 00 00 05 7F 00 00 23          Length=10           Linktest.req
03-30 19:41:28.611 SEND FF FF 00 00 00 06 7F 00 00 12          Length=10           Linktest.rsp
03-30 19:41:28.615 RECD FF FF 00 00 00 06 7F 00 00 23          Length=10           Linktest.rsp
03-30 19:43:28.620 SEND FF FF 00 00 00 05 7F 00 00 24          Length=10           Linktest.req
03-30 19:43:28.623 RECD FF FF 00 00 00 05 7F 00 00 13          Length=10           Linktest.req
03-30 19:43:28.627 SEND FF FF 00 00 00 06 7F 00 00 13          Length=10           Linktest.rsp
03-30 19:43:28.630 RECD FF FF 00 00 00 06 7F 00 00 24          Length=10           Linktest.rsp
03-30 19:45:28.647 SEND FF FF 00 00 00 05 7F 00 00 25          Length=10           Linktest.req
03-30 19:45:28.660 RECD FF FF 00 00 00 05 7F 00 00 14          Length=10           Linktest.req
03-30 19:45:28.666 RECD FF FF 00 00 00 06 7F 00 00 25          Length=10           Linktest.rsp
03-30 19:45:28.669 SEND FF FF 00 00 00 06 7F 00 00 14          Length=10           Linktest.rsp
03-30 19:47:28.681 SEND FF FF 00 00 00 05 7F 00 00 26          Length=10           Linktest.req
03-30 19:47:28.688 RECD FF FF 00 00 00 05 7F 00 00 15          Length=10           Linktest.req
03-30 19:47:28.694 RECD FF FF 00 00 00 06 7F 00 00 26          Length=10           Linktest.rsp
03-30 19:47:28.698 SEND FF FF 00 00 00 06 7F 00 00 15          Length=10           Linktest.rsp
03-30 19:49:28.708 SEND FF FF 00 00 00 05 7F 00 00 27          Length=10           Linktest.req
03-30 19:49:28.715 RECD FF FF 00 00 00 05 7F 00 00 16          Length=10           Linktest.req
03-30 19:49:28.720 RECD FF FF 00 00 00 06 7F 00 00 27          Length=10           Linktest.rsp
03-30 19:49:28.726 SEND FF FF 00 00 00 06 7F 00 00 16          Length=10           Linktest.rsp
03-30 19:51:28.733 SEND FF FF 00 00 00 05 7F 00 00 28          Length=10           Linktest.req
03-30 19:51:28.740 RECD FF FF 00 00 00 05 7F 00 00 17          Length=10           Linktest.req
03-30 19:51:28.746 RECD FF FF 00 00 00 06 7F 00 00 28          Length=10           Linktest.rsp
03-30 19:51:28.748 SEND FF FF 00 00 00 06 7F 00 00 17          Length=10           Linktest.rsp
03-30 19:53:28.757 SEND FF FF 00 00 00 05 7F 00 00 29          Length=10           Linktest.req
03-30 19:53:28.764 RECD FF FF 00 00 00 05 7F 00 00 18          Length=10           Linktest.req
03-30 19:53:28.768 SEND FF FF 00 00 00 06 7F 00 00 18          Length=10           Linktest.rsp
03-30 19:53:28.771 RECD FF FF 00 00 00 06 7F 00 00 29          Length=10           Linktest.rsp
03-30 19:55:28.782 SEND FF FF 00 00 00 05 7F 00 00 2A          Length=10           Linktest.req
03-30 19:55:28.786 RECD FF FF 00 00 00 05 7F 00 00 19          Length=10           Linktest.req
03-30 19:55:28.790 SEND FF FF 00 00 00 06 7F 00 00 19          Length=10           Linktest.rsp
03-30 19:55:28.793 RECD FF FF 00 00 00 06 7F 00 00 2A          Length=10           Linktest.rsp
03-30 19:57:28.800 SEND FF FF 00 00 00 05 7F 00 00 2B          Length=10           Linktest.req
03-30 19:57:28.812 RECD FF FF 00 00 00 06 7F 00 00 2B          Length=10           Linktest.rsp
03-30 19:57:28.818 RECD FF FF 00 00 00 05 7F 00 00 1A          Length=10           Linktest.req
03-30 19:57:28.823 SEND FF FF 00 00 00 06 7F 00 00 1A          Length=10           Linktest.rsp
03-30 19:59:28.828 SEND FF FF 00 00 00 05 7F 00 00 2C          Length=10           Linktest.req
03-30 19:59:28.834 RECD FF FF 00 00 00 06 7F 00 00 2C          Length=10           Linktest.rsp
03-30 20:01:28.844 INFO RECEIVE MESSAGE COUNT 0
