03-30 20:01:28.846 INFO MCS 3.0.18
03-30 20:01:28.846 RECD FF FF 00 00 00 05 7F 00 00 1B          Length=10           Linktest.req
03-30 20:01:28.850 SEND FF FF 00 00 00 05 7F 00 00 2D          Length=10           Linktest.req
03-30 20:01:28.854 SEND FF FF 00 00 00 06 7F 00 00 1B          Length=10           Linktest.rsp
03-30 20:01:28.863 RECD FF FF 00 00 00 06 7F 00 00 2D          Length=10           Linktest.rsp
03-30 20:03:28.871 SEND FF FF 00 00 00 05 7F 00 00 2E          Length=10           Linktest.req
03-30 20:03:28.877 RECD FF FF 00 00 00 05 7F 00 00 1C          Length=10           Linktest.req
03-30 20:03:28.881 SEND FF FF 00 00 00 06 7F 00 00 1C          Length=10           Linktest.rsp
03-30 20:03:28.884 RECD FF FF 00 00 00 06 7F 00 00 2E          Length=10           Linktest.rsp
03-30 20:05:28.890 SEND FF FF 00 00 00 05 7F 00 00 2F          Length=10           Linktest.req
03-30 20:05:28.893 RECD FF FF 00 00 00 05 7F 00 00 1D          Length=10           Linktest.req
03-30 20:05:28.896 SEND FF FF 00 00 00 06 7F 00 00 1D          Length=10           Linktest.rsp
03-30 20:05:28.899 RECD FF FF 00 00 00 06 7F 00 00 2F          Length=10           Linktest.rsp
03-30 20:07:28.906 SEND FF FF 00 00 00 05 7F 00 00 30          Length=10           Linktest.req
03-30 20:07:28.912 RECD FF FF 00 00 00 05 7F 00 00 1E          Length=10           Linktest.req
03-30 20:07:28.916 SEND FF FF 00 00 00 06 7F 00 00 1E          Length=10           Linktest.rsp
03-30 20:07:28.919 RECD FF FF 00 00 00 06 7F 00 00 30          Length=10           Linktest.rsp
03-30 20:09:28.923 SEND FF FF 00 00 00 05 7F 00 00 31          Length=10           Linktest.req
03-30 20:09:28.929 RECD FF FF 00 00 00 06 7F 00 00 31          Length=10           Linktest.rsp
03-30 20:11:28.929 RECD FF FF 00 00 00 05 7F 00 00 1F          Length=10           Linktest.req
03-30 20:11:28.933 SEND FF FF 00 00 00 05 7F 00 00 32          Length=10           Linktest.req
03-30 20:11:28.935 SEND FF FF 00 00 00 06 7F 00 00 1F          Length=10           Linktest.rsp
03-30 20:11:28.938 RECD FF FF 00 00 00 06 7F 00 00 32          Length=10           Linktest.rsp
03-30 20:13:28.939 SEND FF FF 00 00 00 05 7F 00 00 33          Length=10           Linktest.req
03-30 20:13:28.944 RECD FF FF 00 00 00 05 7F 00 00 20          Length=10           Linktest.req
03-30 20:13:28.948 SEND FF FF 00 00 00 06 7F 00 00 20          Length=10           Linktest.rsp
03-30 20:13:28.951 RECD FF FF 00 00 00 06 7F 00 00 33          Length=10           Linktest.rsp
03-30 20:15:28.953 SEND FF FF 00 00 00 05 7F 00 00 34          Length=10           Linktest.req
03-30 20:15:28.957 RECD FF FF 00 00 00 05 7F 00 00 21          Length=10           Linktest.req
03-30 20:15:28.961 SEND FF FF 00 00 00 06 7F 00 00 21          Length=10           Linktest.rsp
03-30 20:15:28.964 RECD FF FF 00 00 00 06 7F 00 00 34          Length=10           Linktest.rsp
03-30 20:17:28.966 SEND FF FF 00 00 00 05 7F 00 00 35          Length=10           Linktest.req
03-30 20:17:28.972 RECD FF FF 00 00 00 06 7F 00 00 35          Length=10           Linktest.rsp
03-30 20:19:28.971 RECD FF FF 00 00 00 05 7F 00 00 22          Length=10           Linktest.req
03-30 20:19:28.974 SEND FF FF 00 00 00 05 7F 00 00 36          Length=10           Linktest.req
03-30 20:19:28.976 SEND FF FF 00 00 00 06 7F 00 00 22          Length=10           Linktest.rsp
03-30 20:19:28.990 RECD FF FF 00 00 00 06 7F 00 00 36          Length=10           Linktest.rsp
03-30 20:21:28.994 SEND FF FF 00 00 00 05 7F 00 00 37          Length=10           Linktest.req
03-30 20:21:29.002 RECD FF FF 00 00 00 06 7F 00 00 37          Length=10           Linktest.rsp
03-30 20:23:29.003 RECD FF FF 00 00 00 05 7F 00 00 23          Length=10           Linktest.req
03-30 20:23:29.007 SEND FF FF 00 00 00 06 7F 00 00 23          Length=10           Linktest.rsp
03-30 20:25:29.005 SEND FF FF 00 00 00 05 7F 00 00 38          Length=10           Linktest.req
03-30 20:25:29.011 RECD FF FF 00 00 00 06 7F 00 00 38          Length=10           Linktest.rsp
03-30 20:27:29.013 RECD FF FF 00 00 00 05 7F 00 00 24          Length=10           Linktest.req
03-30 20:27:29.017 SEND FF FF 00 00 00 05 7F 00 00 39          Length=10           Linktest.req
03-30 20:27:29.022 SEND FF FF 00 00 00 06 7F 00 00 24          Length=10           Linktest.rsp
03-30 20:27:29.026 RECD FF FF 00 00 00 06 7F 00 00 39          Length=10           Linktest.rsp
03-30 20:29:29.025 SEND FF FF 00 00 00 05 7F 00 00 3A          Length=10           Linktest.req
03-30 20:29:29.031 RECD FF FF 00 00 00 05 7F 00 00 25          Length=10           Linktest.req
03-30 20:29:29.036 SEND FF FF 00 00 00 06 7F 00 00 25          Length=10           Linktest.rsp
03-30 20:29:29.039 RECD FF FF 00 00 00 06 7F 00 00 3A          Length=10           Linktest.rsp
03-30 20:31:29.038 SEND FF FF 00 00 00 05 7F 00 00 3B          Length=10           Linktest.req
03-30 20:31:29.046 RECD FF FF 00 00 00 05 7F 00 00 26          Length=10           Linktest.req
03-30 20:31:29.051 RECD FF FF 00 00 00 06 7F 00 00 3B          Length=10           Linktest.rsp
03-30 20:31:29.054 SEND FF FF 00 00 00 06 7F 00 00 26          Length=10           Linktest.rsp
03-30 20:33:29.052 SEND FF FF 00 00 00 05 7F 00 00 3C          Length=10           Linktest.req
03-30 20:33:29.058 RECD FF FF 00 00 00 06 7F 00 00 3C          Length=10           Linktest.rsp
03-30 20:35:29.060 RECD FF FF 00 00 00 05 7F 00 00 27          Length=10           Linktest.req
03-30 20:35:29.064 SEND FF FF 00 00 00 06 7F 00 00 27          Length=10           Linktest.rsp
03-30 20:37:29.064 SEND FF FF 00 00 00 05 7F 00 00 3D          Length=10           Linktest.req
03-30 20:37:29.070 RECD FF FF 00 00 00 06 7F 00 00 3D          Length=10           Linktest.rsp
03-30 20:39:29.075 RECD FF FF 00 00 00 05 7F 00 00 28          Length=10           Linktest.req
03-30 20:39:29.085 SEND FF FF 00 00 00 05 7F 00 00 3E          Length=10           Linktest.req
03-30 20:39:29.091 SEND FF FF 00 00 00 06 7F 00 00 28          Length=10           Linktest.rsp
03-30 20:39:29.096 RECD FF FF 00 00 00 06 7F 00 00 3E          Length=10           Linktest.rsp
03-30 20:41:29.095 SEND FF FF 00 00 00 05 7F 00 00 3F          Length=10           Linktest.req
03-30 20:41:29.099 RECD FF FF 00 00 00 05 7F 00 00 29          Length=10           Linktest.req
03-30 20:41:29.102 SEND FF FF 00 00 00 06 7F 00 00 29          Length=10           Linktest.rsp
03-30 20:41:29.105 RECD FF FF 00 00 00 06 7F 00 00 3F          Length=10           Linktest.rsp
03-30 20:43:29.109 SEND FF FF 00 00 00 05 7F 00 00 40          Length=10           Linktest.req
03-30 20:43:29.114 RECD FF FF 00 00 00 06 7F 00 00 40          Length=10           Linktest.rsp
03-30 20:45:29.116 RECD FF FF 00 00 00 05 7F 00 00 2A          Length=10           Linktest.req
03-30 20:45:29.120 SEND FF FF 00 00 00 05 7F 00 00 41          Length=10           Linktest.req
03-30 20:45:29.124 SEND FF FF 00 00 00 06 7F 00 00 2A          Length=10           Linktest.rsp
03-30 20:45:29.127 RECD FF FF 00 00 00 06 7F 00 00 41          Length=10           Linktest.rsp
03-30 20:47:29.131 SEND FF FF 00 00 00 05 7F 00 00 42          Length=10           Linktest.req
03-30 20:47:29.136 RECD FF FF 00 00 00 05 7F 00 00 2B          Length=10           Linktest.req
03-30 20:47:29.142 SEND FF FF 00 00 00 06 7F 00 00 2B          Length=10           Linktest.rsp
03-30 20:47:29.145 RECD FF FF 00 00 00 06 7F 00 00 42          Length=10           Linktest.rsp
03-30 20:49:29.145 SEND FF FF 00 00 00 05 7F 00 00 43          Length=10           Linktest.req
03-30 20:49:29.151 RECD FF FF 00 00 00 05 7F 00 00 2C          Length=10           Linktest.req
03-30 20:49:29.155 SEND FF FF 00 00 00 06 7F 00 00 2C          Length=10           Linktest.rsp
03-30 20:49:29.158 RECD FF FF 00 00 00 06 7F 00 00 43          Length=10           Linktest.rsp
03-30 20:51:29.158 SEND FF FF 00 00 00 05 7F 00 00 44          Length=10           Linktest.req
03-30 20:51:29.165 RECD FF FF 00 00 00 05 7F 00 00 2D          Length=10           Linktest.req
03-30 20:51:29.171 SEND FF FF 00 00 00 06 7F 00 00 2D          Length=10           Linktest.rsp
03-30 20:51:29.174 RECD FF FF 00 00 00 06 7F 00 00 44          Length=10           Linktest.rsp
03-30 20:53:29.174 SEND FF FF 00 00 00 05 7F 00 00 45          Length=10           Linktest.req
03-30 20:53:29.180 RECD FF FF 00 00 00 05 7F 00 00 2E          Length=10           Linktest.req
03-30 20:53:29.186 RECD FF FF 00 00 00 06 7F 00 00 45          Length=10           Linktest.rsp
03-30 20:53:29.190 SEND FF FF 00 00 00 06 7F 00 00 2E          Length=10           Linktest.rsp
03-30 20:55:29.190 SEND FF FF 00 00 00 05 7F 00 00 46          Length=10           Linktest.req
03-30 20:55:29.195 RECD FF FF 00 00 00 05 7F 00 00 2F          Length=10           Linktest.req
03-30 20:55:29.199 SEND FF FF 00 00 00 06 7F 00 00 2F          Length=10           Linktest.rsp
03-30 20:55:29.201 RECD FF FF 00 00 00 06 7F 00 00 46          Length=10           Linktest.rsp
03-30 20:57:29.204 SEND FF FF 00 00 00 05 7F 00 00 47          Length=10           Linktest.req
03-30 20:57:29.218 RECD FF FF 00 00 00 05 7F 00 00 30          Length=10           Linktest.req
03-30 20:57:29.224 SEND FF FF 00 00 00 06 7F 00 00 30          Length=10           Linktest.rsp
03-30 20:57:29.227 RECD FF FF 00 00 00 06 7F 00 00 47          Length=10           Linktest.rsp
03-30 20:59:29.227 SEND FF FF 00 00 00 05 7F 00 00 48          Length=10           Linktest.req
03-30 20:59:29.233 RECD FF FF 00 00 00 05 7F 00 00 31          Length=10           Linktest.req
03-30 20:59:29.237 RECD FF FF 00 00 00 06 7F 00 00 48          Length=10           Linktest.rsp
03-30 20:59:29.241 SEND FF FF 00 00 00 06 7F 00 00 31          Length=10           Linktest.rsp
03-30 21:01:29.242 INFO RECEIVE MESSAGE COUNT 0
