03-30 10:06:51.707 INFO MCS 3.0.18
03-30 10:06:51.707 RECD D1 S2F50    SYSBYTE=20(ERR_DISPATCHER_UnrecognizedFunction)
                   <L 2
                       <B 1 '31'>
                       <L 2
                           <L 2
                               <A 11 'COMMANDINFO'>
                               <B 1 '0'>
                           >
                           <L 2
                               <A 12 'TRANSFERINFO'>
                               <B 1 '2'>
                           >
                       >
                   >.
03-30 10:07:26.510 RECD D1 S9F11    SYSBYTE=6(ERR_DISPATCHER_MismatchFormat)
                   <B 10 '0 1 130 49 0 0 0 0 0 21'>.
03-30 10:17:15.922 RECD D1 S2F50    SYSBYTE=21(ERR_DISPATCHER_UnrecognizedFunction)
                   <L 2
                       <B 1 '4'>
                       <L 0>
                   >.
03-30 10:36:07.547 RECD D1 S2F50    SYSBYTE=22(ERR_DISPATCHER_UnrecognizedFunction)
                   <L 2
                       <B 1 '4'>
                       <L 0>
                   >.
03-30 10:44:01.653 RECD D1 S2F50    SYSBYTE=24(ERR_DISPATCHER_UnrecognizedFunction)
                   <L 2
                       <B 1 '2'>
                       <L 2
                           <L 2
                               <A 11 'COMMANDINFO'>
                               <B 1 '0'>
                           >
                           <L 2
                               <A 12 'TRANSFERINFO'>
                               <B 1 '2'>
                           >
                       >
                   >.
03-30 10:44:15.750 RECD D1 S2F50    SYSBYTE=25(ERR_DISPATCHER_UnrecognizedFunction)
                   <L 2
                       <B 1 '2'>
                       <L 2
                           <L 2
                               <A 11 'COMMANDINFO'>
                               <B 1 '0'>
                           >
                           <L 2
                               <A 12 'TRANSFERINFO'>
                               <B 1 '2'>
                           >
                       >
                   >.
03-30 10:44:27.687 RECD D1 S2F50    SYSBYTE=26(ERR_DISPATCHER_UnrecognizedFunction)
                   <L 2
                       <B 1 '2'>
                       <L 2
                           <L 2
                               <A 11 'COMMANDINFO'>
                               <B 1 '0'>
                           >
                           <L 2
                               <A 12 'TRANSFERINFO'>
                               <B 1 '2'>
                           >
                       >
                   >.
03-30 10:44:44.288 RECD D1 S2F50    SYSBYTE=27(ERR_DISPATCHER_UnrecognizedFunction)
                   <L 2
                       <B 1 '2'>
                       <L 2
                           <L 2
                               <A 11 'COMMANDINFO'>
                               <B 1 '0'>
                           >
                           <L 2
                               <A 12 'TRANSFERINFO'>
                               <B 1 '2'>
                           >
                       >
                   >.
03-30 10:45:18.493 RECD D1 S2F50    SYSBYTE=28(ERR_DISPATCHER_UnrecognizedFunction)
                   <L 2
                       <B 1 '2'>
                       <L 2
                           <L 2
                               <A 11 'COMMANDINFO'>
                               <B 1 '0'>
                           >
                           <L 2
                               <A 12 'TRANSFERINFO'>
                               <B 1 '2'>
                           >
                       >
                   >.
03-30 10:45:27.824 RECD D1 S2F50    SYSBYTE=29(ERR_DISPATCHER_UnrecognizedFunction)
                   <L 2
                       <B 1 '2'>
                       <L 2
                           <L 2
                               <A 11 'COMMANDINFO'>
                               <B 1 '0'>
                           >
                           <L 2
                               <A 12 'TRANSFERINFO'>
                               <B 1 '2'>
                           >
                       >
                   >.
03-30 10:45:33.673 RECD D1 S2F50    SYSBYTE=30(ERR_DISPATCHER_UnrecognizedFunction)
                   <L 2
                       <B 1 '2'>
                       <L 2
                           <L 2
                               <A 11 'COMMANDINFO'>
                               <B 1 '0'>
                           >
                           <L 2
                               <A 12 'TRANSFERINFO'>
                               <B 1 '2'>
                           >
                       >
                   >.
03-30 10:47:07.923 RECD D1 S2F50    SYSBYTE=31(ERR_DISPATCHER_UnrecognizedFunction)
                   <L 2
                       <B 1 '4'>
                       <L 0>
                   >.
03-30 10:50:27.254 RECD D1 S2F50    SYSBYTE=33(ERR_DISPATCHER_UnrecognizedFunction)
                   <L 2
                       <B 1 '4'>
                       <L 0>
                   >.
03-30 10:58:54.597 RECD D1 S2F50    SYSBYTE=34(ERR_DISPATCHER_UnrecognizedFunction)
                   <L 2
                       <B 1 '4'>
                       <L 0>
                   >.
03-30 11:01:03.128 RECD D1 S2F50    SYSBYTE=35(ERR_DISPATCHER_UnrecognizedFunction)
                   <L 2
                       <B 1 '4'>
                       <L 0>
                   >.
03-30 11:02:48.933 RECD D1 S2F50    SYSBYTE=36(ERR_DISPATCHER_UnrecognizedFunction)
                   <L 2
                       <B 1 '4'>
                       <L 0>
                   >.
03-30 11:04:51.727 RECD D1 S2F50    SYSBYTE=37(ERR_DISPATCHER_UnrecognizedFunction)
                   <L 2
                       <B 1 '2'>
                       <L 0>
                   >.
03-30 11:05:54.525 RECD D1 S2F50    SYSBYTE=38(ERR_DISPATCHER_UnrecognizedFunction)
                   <L 2
                       <B 1 '2'>
                       <L 0>
                   >.
03-30 11:09:02.963 RECD D1 S2F50    SYSBYTE=40(ERR_DISPATCHER_UnrecognizedFunction)
                   <L 2
                       <B 1 '2'>
                       <L 0>
                   >.
03-30 11:35:34.555 RECD D1 S2F50    SYSBYTE=44(ERR_DISPATCHER_UnrecognizedFunction)
                   <L 2
                       <B 1 '4'>
                       <L 0>
                   >.
03-30 11:41:14.166 RECD D1 S2F50    SYSBYTE=45(ERR_DISPATCHER_UnrecognizedFunction)
                   <L 2
                       <B 1 '4'>
                       <L 0>
                   >.
03-30 11:43:15.451 RECD D1 S2F50    SYSBYTE=46(ERR_DISPATCHER_UnrecognizedFunction)
                   <L 2
                       <B 1 '4'>
                       <L 0>
                   >.
03-30 11:46:22.047 RECD D1 S2F50    SYSBYTE=47(ERR_DISPATCHER_UnrecognizedFunction)
                   <L 2
                       <B 1 '4'>
                       <L 0>
                   >.
03-30 11:51:05.234 RECD D1 S2F50    SYSBYTE=48(ERR_DISPATCHER_UnrecognizedFunction)
                   <L 2
                       <B 1 '4'>
                       <L 0>
                   >.
03-30 13:32:03.563 RECD D1 S2F50    SYSBYTE=20(ERR_DISPATCHER_UnrecognizedFunction)
                   <L 2
                       <B 1 '4'>
                       <L 0>
                   >.
03-30 13:33:26.306 RECD D1 S2F50    SYSBYTE=21(ERR_DISPATCHER_UnrecognizedFunction)
                   <L 2
                       <B 1 '3'>
                       <L 2
                           <L 2
                               <A 11 'COMMANDINFO'>
                               <B 1 '0'>
                           >
                           <L 2
                               <A 12 'TRANSFERINFO'>
                               <B 1 '2'>
                           >
                       >
                   >.
03-30 13:33:44.696 RECD D1 S2F50    SYSBYTE=22(ERR_DISPATCHER_UnrecognizedFunction)
                   <L 2
                       <B 1 '4'>
                       <L 0>
                   >.
03-30 13:36:24.450 RECD D1 S2F50    SYSBYTE=23(ERR_DISPATCHER_UnrecognizedFunction)
                   <L 2
                       <B 1 '4'>
                       <L 0>
                   >.
03-30 13:38:45.551 RECD D1 S2F50    SYSBYTE=24(ERR_DISPATCHER_UnrecognizedFunction)
                   <L 2
                       <B 1 '4'>
                       <L 0>
                   >.
03-30 13:41:55.319 RECD D1 S2F50    SYSBYTE=25(ERR_DISPATCHER_UnrecognizedFunction)
                   <L 2
                       <B 1 '4'>
                       <L 0>
                   >.
03-30 13:46:19.832 RECD D1 S2F50    SYSBYTE=20(ERR_DISPATCHER_UnrecognizedFunction)
                   <L 2
                       <B 1 '4'>
                       <L 0>
                   >.
03-30 13:47:03.174 RECD D1 S2F50    SYSBYTE=21(ERR_DISPATCHER_UnrecognizedFunction)
                   <L 2
                       <B 1 '4'>
                       <L 0>
                   >.
03-30 13:48:39.444 RECD D1 S2F50    SYSBYTE=20(ERR_DISPATCHER_UnrecognizedFunction)
                   <L 2
                       <B 1 '4'>
                       <L 0>
                   >.
03-30 13:51:30.341 RECD D1 S2F50    SYSBYTE=21(ERR_DISPATCHER_UnrecognizedFunction)
                   <L 2
                       <B 1 '4'>
                       <L 0>
                   >.
03-30 13:53:08.552 RECD D1 S2F50    SYSBYTE=22(ERR_DISPATCHER_UnrecognizedFunction)
                   <L 2
                       <B 1 '4'>
                       <L 0>
                   >.
03-30 13:57:32.690 RECD D1 S2F50    SYSBYTE=23(ERR_DISPATCHER_UnrecognizedFunction)
                   <L 2
                       <B 1 '4'>
                       <L 0>
                   >.
03-30 14:10:43.871 RECD D1 S2F50    SYSBYTE=20(ERR_DISPATCHER_UnrecognizedFunction)
                   <L 2
                       <B 1 '4'>
                       <L 0>
                   >.
03-30 14:16:25.367 RECD D1 S2F50    SYSBYTE=21(ERR_DISPATCHER_UnrecognizedFunction)
                   <L 2
                       <B 1 '4'>
                       <L 0>
                   >.
03-30 14:17:56.204 RECD D1 S2F50    SYSBYTE=22(ERR_DISPATCHER_UnrecognizedFunction)
                   <L 2
                       <B 1 '4'>
                       <L 0>
                   >.
03-30 18:06:10.935 RECD D1 S2F50    SYSBYTE=23(ERR_DISPATCHER_UnrecognizedFunction)
                   <L 2
                       <B 1 '4'>
                       <L 0>
                   >.
03-30 18:11:11.823 RECD D1 S2F50    SYSBYTE=24(ERR_DISPATCHER_UnrecognizedFunction)
                   <L 2
                       <B 1 '4'>
                       <L 0>
                   >.
03-30 18:16:07.909 RECD D1 S2F50    SYSBYTE=20(ERR_DISPATCHER_UnrecognizedFunction)
                   <L 2
                       <B 1 '4'>
                       <L 0>
                   >.
03-30 18:37:39.089 RECD D1 S2F50    SYSBYTE=21(ERR_DISPATCHER_UnrecognizedFunction)
                   <L 2
                       <B 1 '4'>
                       <L 0>
                   >.
03-30 18:42:50.433 RECD D1 S2F50    SYSBYTE=22(ERR_DISPATCHER_UnrecognizedFunction)
                   <L 2
                       <B 1 '4'>
                       <L 0>
                   >.
03-30 18:43:55.715 RECD D1 S2F50    SYSBYTE=23(ERR_DISPATCHER_UnrecognizedFunction)
                   <L 2
                       <B 1 '4'>
                       <L 0>
                   >.
03-30 18:53:08.675 RECD D1 S2F50    SYSBYTE=24(ERR_DISPATCHER_UnrecognizedFunction)
                   <L 2
                       <B 1 '4'>
                       <L 0>
                   >.
03-30 18:57:06.452 RECD D1 S2F50    SYSBYTE=25(ERR_DISPATCHER_UnrecognizedFunction)
                   <L 2
                       <B 1 '4'>
                       <L 0>
                   >.
