03-31 09:00:41.204 INFO MCS 3.0.18
03-31 09:00:41.204 SEND FF FF 00 00 00 05 7F 00 00 07          Length=10           Linktest.req
03-31 09:00:41.215 RECD FF FF 00 00 00 06 7F 00 00 07          Length=10           Linktest.rsp
03-31 09:02:42.261 SEND FF FF 00 00 00 05 7F 00 00 08          Length=10           Linktest.req
03-31 09:02:42.276 RECD FF FF 00 00 00 06 7F 00 00 08          Length=10           Linktest.rsp
03-31 09:04:42.486 SEND FF FF 00 00 00 05 7F 00 00 09          Length=10           Linktest.req
03-31 09:04:42.507 RECD FF FF 00 00 00 06 7F 00 00 09          Length=10           Linktest.rsp
03-31 09:06:42.509 RECD FF FF 00 00 00 05 7F 00 00 03          Length=10           Linktest.req
03-31 09:06:42.515 SEND FF FF 00 00 00 05 7F 00 00 0A          Length=10           Linktest.req
03-31 09:06:42.525 SEND FF FF 00 00 00 06 7F 00 00 03          Length=10           Linktest.rsp
03-31 09:06:42.528 RECD FF FF 00 00 00 06 7F 00 00 0A          Length=10           Linktest.rsp
03-31 09:08:42.522 SEND FF FF 00 00 00 05 7F 00 00 0B          Length=10           Linktest.req
03-31 09:08:42.528 RECD FF FF 00 00 00 05 7F 00 00 04          Length=10           Linktest.req
03-31 09:08:42.534 RECD FF FF 00 00 00 06 7F 00 00 0B          Length=10           Linktest.rsp
03-31 09:08:42.538 SEND FF FF 00 00 00 06 7F 00 00 04          Length=10           Linktest.rsp
03-31 09:10:42.535 SEND FF FF 00 00 00 05 7F 00 00 0C          Length=10           Linktest.req
03-31 09:10:42.542 RECD FF FF 00 00 00 06 7F 00 00 0C          Length=10           Linktest.rsp
03-31 09:12:42.541 RECD FF FF 00 00 00 05 7F 00 00 05          Length=10           Linktest.req
03-31 09:12:42.545 SEND FF FF 00 00 00 06 7F 00 00 05          Length=10           Linktest.rsp
03-31 09:14:42.544 SEND FF FF 00 00 00 05 7F 00 00 0D          Length=10           Linktest.req
03-31 09:14:42.551 RECD FF FF 00 00 00 06 7F 00 00 0D          Length=10           Linktest.rsp
03-31 09:16:42.551 RECD FF FF 00 00 00 05 7F 00 00 06          Length=10           Linktest.req
03-31 09:16:42.555 SEND FF FF 00 00 00 05 7F 00 00 0E          Length=10           Linktest.req
03-31 09:16:42.562 SEND FF FF 00 00 00 06 7F 00 00 06          Length=10           Linktest.rsp
03-31 09:16:42.569 RECD FF FF 00 00 00 06 7F 00 00 0E          Length=10           Linktest.rsp
03-31 09:18:42.571 RECD FF FF 00 00 00 05 7F 00 00 07          Length=10           Linktest.req
03-31 09:18:42.575 SEND FF FF 00 00 00 06 7F 00 00 07          Length=10           Linktest.rsp
03-31 09:19:24.189 SEND 00 01 82 31 00 00 00 00 00 15          Length=308          D1 S2F49W   SYSBYTE=21
                        01 04 B1 04 00 00 00 00 41 00 41 0C 54 52 41 4E 53 46 45 52 
                        5F 45 58 34 01 03 01 02 41 0B 43 4F 4D 4D 41 4E 44 49 4E 46 
                        4F 01 03 01 02 41 09 43 4F 4D 4D 41 4E 44 49 44 41 0D 50 72 
                        65 6D 6F 76 65 43 6D 64 30 30 32 01 02 41 08 50 52 49 4F 52 
                        49 54 59 A9 02 00 0A 01 02 41 07 52 45 50 4C 41 43 45 A9 02 
                        00 00 01 02 41 0C 54 52 41 4E 53 46 45 52 49 4E 46 4F 01 03 
                        01 02 41 09 43 41 52 52 49 45 52 49 44 41 0A 43 61 72 72 69 
                        65 72 30 30 31 01 02 41 0A 53 4F 55 52 43 45 50 4F 52 54 41 
                        08 4F 48 54 35 30 38 5F 31 01 02 41 08 44 45 53 54 50 4F 52 
                        54 41 11 53 31 47 53 35 30 31 41 5F 4F 55 54 32 31 2E 4C 50 
                        01 02 41 0C 44 45 4C 49 56 45 52 59 49 4E 46 4F 01 03 01 02 
                        41 0C 44 45 4C 49 56 45 52 59 54 59 50 45 41 07 50 52 45 4D 
                        4F 56 45 01 02 41 14 45 58 50 45 43 54 45 44 44 45 4C 49 56 
                        45 52 59 54 49 4D 45 A9 02 00 00 01 02 41 13 44 45 4C 49 56 
                        45 52 59 57 41 49 54 54 49 4D 45 4F 55 54 A9 02 01 F4 
03-31 09:19:24.237 WARN RECEIVE UNKNOWN MESSAGE FOR D1 S2F50    SYSBYTE=21 (ERR_DISPATCHER_UnrecognizedFunction)
03-31 09:19:24.243 RECD 00 01 02 32 00 00 00 00 00 15          Length=17           D1 S2F50    SYSBYTE=21
                        01 02 21 01 04 01 00 
03-31 09:19:24.663 RECD 00 01 86 0B 00 00 00 00 00 11          Length=47           D1 S6F11W   SYSBYTE=17 S6F11
                        01 03 B1 04 00 00 00 00 A9 02 00 6C 01 01 01 02 A9 02 00 12 
                        01 01 41 0D 50 72 65 6D 6F 76 65 43 6D 64 30 30 32 
03-31 09:19:24.671 RECD 00 01 86 0B 00 00 00 00 00 12          Length=55           D1 S6F11W   SYSBYTE=18 S6F11
                        01 03 B1 04 00 00 00 00 A9 02 00 CC 01 01 01 02 A9 02 00 1B 
                        01 02 41 06 4F 48 54 35 30 38 41 0D 50 72 65 6D 6F 76 65 43 
                        6D 64 30 30 32 
03-31 09:19:24.678 SEND 00 01 06 0C 00 00 00 00 00 11          Length=13           D1 S6F12    SYSBYTE=17
                        21 01 00 
03-31 09:19:24.684 SEND 00 01 06 0C 00 00 00 00 00 12          Length=13           D1 S6F12    SYSBYTE=18
                        21 01 00 
03-31 09:19:24.750 RECD 00 01 86 0B 00 00 00 00 00 13          Length=47           D1 S6F11W   SYSBYTE=19 S6F11
                        01 03 B1 04 00 00 00 00 A9 02 00 6F 01 01 01 02 A9 02 00 15 
                        01 01 41 0D 50 72 65 6D 6F 76 65 43 6D 64 30 30 32 
03-31 09:19:24.758 SEND 00 01 06 0C 00 00 00 00 00 13          Length=13           D1 S6F12    SYSBYTE=19
                        21 01 00 
03-31 09:19:24.780 RECD 00 01 86 0B 00 00 00 00 00 14          Length=53           D1 S6F11W   SYSBYTE=20 S6F11
                        01 03 B1 04 00 00 00 00 A9 02 00 CD 01 01 01 02 A9 02 00 1C 
                        01 02 41 06 4F 48 54 35 30 38 01 01 41 09 42 48 46 30 30 35 
                        5F 42 36 
03-31 09:19:24.787 SEND 00 01 06 0C 00 00 00 00 00 14          Length=13           D1 S6F12    SYSBYTE=20
                        21 01 00 
03-31 09:20:51.042 RECD 00 01 86 0B 00 00 00 00 00 15          Length=61           D1 S6F11W   SYSBYTE=21 S6F11
                        01 03 B1 04 00 00 00 00 A9 02 00 C9 01 01 01 02 A9 02 00 18 
                        01 02 41 06 4F 48 54 35 30 38 01 01 41 11 53 31 47 53 35 30 
                        31 41 5F 4F 55 54 32 31 2E 4C 50 
03-31 09:20:51.048 SEND 00 01 06 0C 00 00 00 00 00 15          Length=13           D1 S6F12    SYSBYTE=21
                        21 01 00 
03-31 09:22:33.897 SEND 00 01 82 31 00 00 00 00 00 16          Length=301          D1 S2F49W   SYSBYTE=22
                        01 04 B1 04 00 00 00 00 41 00 41 0C 54 52 41 4E 53 46 45 52 
                        5F 45 58 34 01 03 01 02 41 0B 43 4F 4D 4D 41 4E 44 49 4E 46 
                        4F 01 03 01 02 41 09 43 4F 4D 4D 41 4E 44 49 44 41 0D 50 72 
                        65 6D 6F 76 65 43 6D 64 30 30 33 01 02 41 08 50 52 49 4F 52 
                        49 54 59 A9 02 00 0A 01 02 41 07 52 45 50 4C 41 43 45 A9 02 
                        00 00 01 02 41 0C 54 52 41 4E 53 46 45 52 49 4E 46 4F 01 03 
                        01 02 41 09 43 41 52 52 49 45 52 49 44 41 0A 43 61 72 72 69 
                        65 72 30 30 31 01 02 41 0A 53 4F 55 52 43 45 50 4F 52 54 41 
                        08 4F 48 54 35 30 38 5F 31 01 02 41 08 44 45 53 54 50 4F 52 
                        54 41 11 53 31 47 53 35 30 31 41 5F 4F 55 54 32 31 2E 4C 50 
                        01 02 41 0C 44 45 4C 49 56 45 52 59 49 4E 46 4F 01 03 01 02 
                        41 0C 44 45 4C 49 56 45 52 59 54 59 50 45 41 00 01 02 41 14 
                        45 58 50 45 43 54 45 44 44 45 4C 49 56 45 52 59 54 49 4D 45 
                        A9 02 00 00 01 02 41 13 44 45 4C 49 56 45 52 59 57 41 49 54 
                        54 49 4D 45 4F 55 54 A9 02 01 F4 
03-31 09:22:33.927 WARN RECEIVE UNKNOWN MESSAGE FOR D1 S2F50    SYSBYTE=22 (ERR_DISPATCHER_UnrecognizedFunction)
03-31 09:22:33.934 RECD 00 01 02 32 00 00 00 00 00 16          Length=17           D1 S2F50    SYSBYTE=22
                        01 02 21 01 02 01 00 
03-31 09:23:23.559 SEND 00 01 82 31 00 00 00 00 00 17          Length=294          D1 S2F49W   SYSBYTE=23
                        01 04 B1 04 00 00 00 00 41 00 41 0C 54 52 41 4E 53 46 45 52 
                        5F 45 58 34 01 03 01 02 41 0B 43 4F 4D 4D 41 4E 44 49 4E 46 
                        4F 01 03 01 02 41 09 43 4F 4D 4D 41 4E 44 49 44 41 0D 50 72 
                        65 6D 6F 76 65 43 6D 64 30 30 31 01 02 41 08 50 52 49 4F 52 
                        49 54 59 A9 02 00 0A 01 02 41 07 52 45 50 4C 41 43 45 A9 02 
                        00 00 01 02 41 0C 54 52 41 4E 53 46 45 52 49 4E 46 4F 01 03 
                        01 02 41 09 43 41 52 52 49 45 52 49 44 41 0A 43 61 72 72 69 
                        65 72 30 30 31 01 02 41 0A 53 4F 55 52 43 45 50 4F 52 54 41 
                        09 42 48 46 30 30 35 5F 42 36 01 02 41 08 44 45 53 54 50 4F 
                        52 54 41 09 42 44 42 30 30 31 5F 42 31 01 02 41 0C 44 45 4C 
                        49 56 45 52 59 49 4E 46 4F 01 03 01 02 41 0C 44 45 4C 49 56 
                        45 52 59 54 59 50 45 41 00 01 02 41 14 45 58 50 45 43 54 45 
                        44 44 45 4C 49 56 45 52 59 54 49 4D 45 A9 02 00 00 01 02 41 
                        13 44 45 4C 49 56 45 52 59 57 41 49 54 54 49 4D 45 4F 55 54 
                        A9 02 01 F4 
03-31 09:23:23.609 WARN RECEIVE UNKNOWN MESSAGE FOR D1 S2F50    SYSBYTE=23 (ERR_DISPATCHER_UnrecognizedFunction)
03-31 09:23:23.616 RECD 00 01 02 32 00 00 00 00 00 17          Length=17           D1 S2F50    SYSBYTE=23
                        01 02 21 01 04 01 00 
03-31 09:23:25.124 RECD 00 01 86 0B 00 00 00 00 00 16          Length=47           D1 S6F11W   SYSBYTE=22 S6F11
                        01 03 B1 04 00 00 00 00 A9 02 00 6C 01 01 01 02 A9 02 00 12 
                        01 01 41 0D 50 72 65 6D 6F 76 65 43 6D 64 30 30 31 
03-31 09:23:25.131 RECD 00 01 86 0B 00 00 00 00 00 17          Length=55           D1 S6F11W   SYSBYTE=23 S6F11
                        01 03 B1 04 00 00 00 00 A9 02 00 CC 01 01 01 02 A9 02 00 1B 
                        01 02 41 06 4F 48 54 35 30 38 41 0D 50 72 65 6D 6F 76 65 43 
                        6D 64 30 30 31 
03-31 09:23:25.148 SEND 00 01 06 0C 00 00 00 00 00 16          Length=13           D1 S6F12    SYSBYTE=22
                        21 01 00 
03-31 09:23:25.155 SEND 00 01 06 0C 00 00 00 00 00 17          Length=13           D1 S6F12    SYSBYTE=23
                        21 01 00 
03-31 09:23:40.479 SEND 00 01 82 29 00 00 00 00 00 18          Length=50           D1 S2F41W   SYSBYTE=24
                        01 02 41 06 43 41 4E 43 45 4C 01 01 01 02 41 09 43 4F 4D 4D 
                        41 4E 44 49 44 41 0D 50 72 65 6D 6F 76 65 43 6D 64 30 30 31 
03-31 09:23:40.543 RECD 00 01 02 2A 00 00 00 00 00 18          Length=17           D1 S2F42    SYSBYTE=24 S2F42
                        01 02 21 01 04 01 00 
03-31 09:23:49.754 RECD 00 01 86 0B 00 00 00 00 00 18          Length=53           D1 S6F11W   SYSBYTE=24 S6F11
                        01 03 B1 04 00 00 00 00 A9 02 00 C9 01 01 01 02 A9 02 00 18 
                        01 02 41 06 4F 48 54 35 30 38 01 01 41 09 42 48 46 30 30 35 
                        5F 42 36 
03-31 09:23:49.761 SEND 00 01 06 0C 00 00 00 00 00 18          Length=13           D1 S6F12    SYSBYTE=24
                        21 01 00 
03-31 09:23:49.770 RECD 00 01 86 0B 00 00 00 00 00 19          Length=47           D1 S6F11W   SYSBYTE=25 S6F11
                        01 03 B1 04 00 00 00 00 A9 02 00 6F 01 01 01 02 A9 02 00 15 
                        01 01 41 0D 50 72 65 6D 6F 76 65 43 6D 64 30 30 31 
03-31 09:23:49.777 SEND 00 01 06 0C 00 00 00 00 00 19          Length=13           D1 S6F12    SYSBYTE=25
                        21 01 00 
03-31 09:23:49.789 RECD 00 01 86 0B 00 00 00 00 00 1A          Length=63           D1 S6F11W   SYSBYTE=26 S6F11
                        01 03 B1 04 00 00 00 00 A9 02 00 CA 01 01 01 02 A9 02 00 19 
                        01 03 41 06 4F 48 54 35 30 38 41 09 42 48 46 30 30 35 5F 42 
                        36 41 0A 43 61 72 72 69 65 72 30 30 31 
03-31 09:23:49.797 SEND 00 01 06 0C 00 00 00 00 00 1A          Length=13           D1 S6F12    SYSBYTE=26
                        21 01 00 
03-31 09:24:05.841 RECD 00 01 86 0B 00 00 00 00 00 1B          Length=81           D1 S6F11W   SYSBYTE=27 S6F11
                        01 03 B1 04 00 00 00 00 A9 02 00 97 01 01 01 02 A9 02 00 16 
                        01 05 41 06 4F 48 54 35 30 38 41 0A 43 61 72 72 69 65 72 30 
                        30 31 41 08 4F 48 54 35 30 38 5F 31 41 0D 50 72 65 6D 6F 76 
                        65 43 6D 64 30 30 31 A9 02 00 64 
03-31 09:24:05.856 RECD 00 01 86 0B 00 00 00 00 00 1C          Length=63           D1 S6F11W   SYSBYTE=28 S6F11
                        01 03 B1 04 00 00 00 00 A9 02 00 CB 01 01 01 02 A9 02 00 1A 
                        01 03 41 06 4F 48 54 35 30 38 41 09 42 48 46 30 30 35 5F 42 
                        36 41 0A 43 61 72 72 69 65 72 30 30 31 
03-31 09:24:05.868 SEND 00 01 06 0C 00 00 00 00 00 1B          Length=13           D1 S6F12    SYSBYTE=27
                        21 01 00 
03-31 09:24:05.874 RECD 00 01 86 0B 00 00 00 00 00 1D          Length=53           D1 S6F11W   SYSBYTE=29 S6F11
                        01 03 B1 04 00 00 00 00 A9 02 00 CD 01 01 01 02 A9 02 00 1C 
                        01 02 41 06 4F 48 54 35 30 38 01 01 41 09 42 48 46 30 30 35 
                        5F 42 36 
03-31 09:24:05.882 SEND 00 01 06 0C 00 00 00 00 00 1C          Length=13           D1 S6F12    SYSBYTE=28
                        21 01 00 
03-31 09:24:05.901 SEND 00 01 06 0C 00 00 00 00 00 1D          Length=13           D1 S6F12    SYSBYTE=29
                        21 01 00 
03-31 09:24:10.878 RECD 00 01 86 0B 00 00 00 00 00 1E          Length=53           D1 S6F11W   SYSBYTE=30 S6F11
                        01 03 B1 04 00 00 00 00 A9 02 00 C9 01 01 01 02 A9 02 00 18 
                        01 02 41 06 4F 48 54 35 30 38 01 01 41 09 42 44 42 30 30 31 
                        5F 42 31 
03-31 09:24:10.887 SEND 00 01 06 0C 00 00 00 00 00 1E          Length=13           D1 S6F12    SYSBYTE=30
                        21 01 00 
03-31 09:24:11.391 RECD 00 01 86 0B 00 00 00 00 00 1F          Length=63           D1 S6F11W   SYSBYTE=31 S6F11
                        01 03 B1 04 00 00 00 00 A9 02 00 CE 01 01 01 02 A9 02 00 1D 
                        01 03 41 06 4F 48 54 35 30 38 41 09 42 44 42 30 30 31 5F 42 
                        31 41 0A 43 61 72 72 69 65 72 30 30 31 
03-31 09:24:11.405 SEND 00 01 06 0C 00 00 00 00 00 1F          Length=13           D1 S6F12    SYSBYTE=31
                        21 01 00 
03-31 09:24:13.417 RECD 00 01 86 0B 00 00 00 00 00 20          Length=78           D1 S6F11W   SYSBYTE=32 S6F11
                        01 03 B1 04 00 00 00 00 A9 02 00 98 01 01 01 02 A9 02 00 17 
                        01 04 41 06 4F 48 54 35 30 38 41 0A 43 61 72 72 69 65 72 30 
                        30 31 41 09 42 44 42 30 30 31 5F 42 31 41 0D 50 72 65 6D 6F 
                        76 65 43 6D 64 30 30 31 
03-31 09:24:13.423 SEND 00 01 06 0C 00 00 00 00 00 20          Length=13           D1 S6F12    SYSBYTE=32
                        21 01 00 
03-31 09:24:13.449 RECD 00 01 86 0B 00 00 00 00 00 21          Length=63           D1 S6F11W   SYSBYTE=33 S6F11
                        01 03 B1 04 00 00 00 00 A9 02 00 CF 01 01 01 02 A9 02 00 1E 
                        01 03 41 06 4F 48 54 35 30 38 41 09 42 44 42 30 30 31 5F 42 
                        31 41 0A 43 61 72 72 69 65 72 30 30 31 
03-31 09:24:13.456 SEND 00 01 06 0C 00 00 00 00 00 21          Length=13           D1 S6F12    SYSBYTE=33
                        21 01 00 
03-31 09:24:13.474 RECD 00 01 86 0B 00 00 00 00 00 22          Length=55           D1 S6F11W   SYSBYTE=34 S6F11
                        01 03 B1 04 00 00 00 00 A9 02 00 D2 01 01 01 02 A9 02 00 21 
                        01 02 41 06 4F 48 54 35 30 38 41 0D 50 72 65 6D 6F 76 65 43 
                        6D 64 30 30 31 
03-31 09:24:13.497 SEND 00 01 06 0C 00 00 00 00 00 22          Length=13           D1 S6F12    SYSBYTE=34
                        21 01 00 
03-31 09:24:13.512 RECD 00 01 86 0B 00 00 00 00 00 23          Length=112          D1 S6F11W   SYSBYTE=35 S6F11
                        01 03 B1 04 00 00 00 00 A9 02 00 6B 01 01 01 02 A9 02 00 11 
                        01 03 01 03 41 0D 50 72 65 6D 6F 76 65 43 6D 64 30 30 31 A9 
                        02 00 0A A9 02 00 00 A9 02 00 00 01 01 01 02 01 03 41 0A 43 
                        61 72 72 69 65 72 30 30 31 41 09 42 48 46 30 30 35 5F 42 36 
                        41 09 42 44 42 30 30 31 5F 42 31 41 09 42 44 42 30 30 31 5F 
                        42 31 
03-31 09:24:13.528 SEND 00 01 06 0C 00 00 00 00 00 23          Length=13           D1 S6F12    SYSBYTE=35
                        21 01 00 
03-31 09:24:34.637 SEND 00 01 82 31 00 00 00 00 00 19          Length=301          D1 S2F49W   SYSBYTE=25
                        01 04 B1 04 00 00 00 00 41 00 41 0C 54 52 41 4E 53 46 45 52 
                        5F 45 58 34 01 03 01 02 41 0B 43 4F 4D 4D 41 4E 44 49 4E 46 
                        4F 01 03 01 02 41 09 43 4F 4D 4D 41 4E 44 49 44 41 0D 50 72 
                        65 6D 6F 76 65 43 6D 64 30 30 31 01 02 41 08 50 52 49 4F 52 
                        49 54 59 A9 02 00 0A 01 02 41 07 52 45 50 4C 41 43 45 A9 02 
                        00 00 01 02 41 0C 54 52 41 4E 53 46 45 52 49 4E 46 4F 01 03 
                        01 02 41 09 43 41 52 52 49 45 52 49 44 41 0A 43 61 72 72 69 
                        65 72 30 30 31 01 02 41 0A 53 4F 55 52 43 45 50 4F 52 54 41 
                        09 42 48 46 30 30 35 5F 42 36 01 02 41 08 44 45 53 54 50 4F 
                        52 54 41 09 42 44 42 30 30 31 5F 42 31 01 02 41 0C 44 45 4C 
                        49 56 45 52 59 49 4E 46 4F 01 03 01 02 41 0C 44 45 4C 49 56 
                        45 52 59 54 59 50 45 41 07 50 52 45 4D 4F 56 45 01 02 41 14 
                        45 58 50 45 43 54 45 44 44 45 4C 49 56 45 52 59 54 49 4D 45 
                        A9 02 00 00 01 02 41 13 44 45 4C 49 56 45 52 59 57 41 49 54 
                        54 49 4D 45 4F 55 54 A9 02 01 F4 
03-31 09:24:34.673 WARN RECEIVE UNKNOWN MESSAGE FOR D1 S2F50    SYSBYTE=25 (ERR_DISPATCHER_UnrecognizedFunction)
03-31 09:24:34.679 RECD 00 01 02 32 00 00 00 00 00 19          Length=17           D1 S2F50    SYSBYTE=25
                        01 02 21 01 04 01 00 
03-31 09:24:36.580 RECD 00 01 86 0B 00 00 00 00 00 24          Length=47           D1 S6F11W   SYSBYTE=36 S6F11
                        01 03 B1 04 00 00 00 00 A9 02 00 6C 01 01 01 02 A9 02 00 12 
                        01 01 41 0D 50 72 65 6D 6F 76 65 43 6D 64 30 30 31 
03-31 09:24:36.589 RECD 00 01 86 0B 00 00 00 00 00 25          Length=55           D1 S6F11W   SYSBYTE=37 S6F11
                        01 03 B1 04 00 00 00 00 A9 02 00 CC 01 01 01 02 A9 02 00 1B 
                        01 02 41 06 4F 48 54 35 30 38 41 0D 50 72 65 6D 6F 76 65 43 
                        6D 64 30 30 31 
03-31 09:24:36.595 SEND 00 01 06 0C 00 00 00 00 00 24          Length=13           D1 S6F12    SYSBYTE=36
                        21 01 00 
03-31 09:24:36.600 SEND 00 01 06 0C 00 00 00 00 00 25          Length=13           D1 S6F12    SYSBYTE=37
                        21 01 00 
03-31 09:25:15.740 RECD 00 01 86 0B 00 00 00 00 00 26          Length=53           D1 S6F11W   SYSBYTE=38 S6F11
                        01 03 B1 04 00 00 00 00 A9 02 00 C9 01 01 01 02 A9 02 00 18 
                        01 02 41 06 4F 48 54 35 30 38 01 01 41 09 42 48 46 30 30 35 
                        5F 42 36 
03-31 09:25:15.749 SEND 00 01 06 0C 00 00 00 00 00 26          Length=13           D1 S6F12    SYSBYTE=38
                        21 01 00 
03-31 09:25:16.255 RECD 00 01 86 0B 00 00 00 00 00 27          Length=47           D1 S6F11W   SYSBYTE=39 S6F11
                        01 03 B1 04 00 00 00 00 A9 02 00 6F 01 01 01 02 A9 02 00 15 
                        01 01 41 0D 50 72 65 6D 6F 76 65 43 6D 64 30 30 31 
03-31 09:25:16.265 RECD 00 01 86 0B 00 00 00 00 00 28          Length=63           D1 S6F11W   SYSBYTE=40 S6F11
                        01 03 B1 04 00 00 00 00 A9 02 00 CA 01 01 01 02 A9 02 00 19 
                        01 03 41 06 4F 48 54 35 30 38 41 09 42 48 46 30 30 35 5F 42 
                        36 41 0A 43 61 72 72 69 65 72 30 30 31 
03-31 09:25:16.272 SEND 00 01 06 0C 00 00 00 00 00 27          Length=13           D1 S6F12    SYSBYTE=39
                        21 01 00 
03-31 09:25:16.278 SEND 00 01 06 0C 00 00 00 00 00 28          Length=13           D1 S6F12    SYSBYTE=40
                        21 01 00 
03-31 09:25:36.355 RECD 00 01 86 0B 00 00 00 00 00 29          Length=81           D1 S6F11W   SYSBYTE=41 S6F11
                        01 03 B1 04 00 00 00 00 A9 02 00 97 01 01 01 02 A9 02 00 16 
                        01 05 41 06 4F 48 54 35 30 38 41 0A 43 61 72 72 69 65 72 30 
                        30 31 41 08 4F 48 54 35 30 38 5F 31 41 0D 50 72 65 6D 6F 76 
                        65 43 6D 64 30 30 31 A9 02 00 64 
03-31 09:25:36.379 RECD 00 01 86 0B 00 00 00 00 00 2A          Length=63           D1 S6F11W   SYSBYTE=42 S6F11
                        01 03 B1 04 00 00 00 00 A9 02 00 CB 01 01 01 02 A9 02 00 1A 
                        01 03 41 06 4F 48 54 35 30 38 41 09 42 48 46 30 30 35 5F 42 
                        36 41 0A 43 61 72 72 69 65 72 30 30 31 
03-31 09:25:36.387 SEND 00 01 06 0C 00 00 00 00 00 29          Length=13           D1 S6F12    SYSBYTE=41
                        21 01 00 
03-31 09:25:36.394 RECD 00 01 86 0B 00 00 00 00 00 2B          Length=53           D1 S6F11W   SYSBYTE=43 S6F11
                        01 03 B1 04 00 00 00 00 A9 02 00 CD 01 01 01 02 A9 02 00 1C 
                        01 02 41 06 4F 48 54 35 30 38 01 01 41 09 42 48 46 30 30 35 
                        5F 42 36 
03-31 09:25:36.403 SEND 00 01 06 0C 00 00 00 00 00 2A          Length=13           D1 S6F12    SYSBYTE=42
                        21 01 00 
03-31 09:25:36.409 SEND 00 01 06 0C 00 00 00 00 00 2B          Length=13           D1 S6F12    SYSBYTE=43
                        21 01 00 
03-31 09:25:57.952 RECD 00 01 86 0B 00 00 00 00 00 2C          Length=53           D1 S6F11W   SYSBYTE=44 S6F11
                        01 03 B1 04 00 00 00 00 A9 02 00 C9 01 01 01 02 A9 02 00 18 
                        01 02 41 06 4F 48 54 35 30 38 01 01 41 09 42 44 42 30 30 31 
                        5F 42 31 
03-31 09:25:57.959 SEND 00 01 06 0C 00 00 00 00 00 2C          Length=13           D1 S6F12    SYSBYTE=44
                        21 01 00 
03-31 09:27:57.952 SEND FF FF 00 00 00 05 7F 00 00 0F          Length=10           Linktest.req
03-31 09:27:57.959 RECD FF FF 00 00 00 06 7F 00 00 0F          Length=10           Linktest.rsp
03-31 09:29:57.960 RECD FF FF 00 00 00 05 7F 00 00 08          Length=10           Linktest.req
03-31 09:29:57.967 SEND FF FF 00 00 00 05 7F 00 00 10          Length=10           Linktest.req
03-31 09:29:57.984 SEND FF FF 00 00 00 06 7F 00 00 08          Length=10           Linktest.rsp
03-31 09:29:57.990 RECD FF FF 00 00 00 06 7F 00 00 10          Length=10           Linktest.rsp
03-31 09:30:24.772 SEND 00 01 82 29 00 00 00 00 00 1A          Length=49           D1 S2F41W   SYSBYTE=26
                        01 02 41 05 41 42 4F 52 54 01 01 01 02 41 09 43 4F 4D 4D 41 
                        4E 44 49 44 41 0D 50 72 65 6D 6F 76 65 43 6D 64 30 30 31 
03-31 09:30:24.808 RECD 00 01 02 2A 00 00 00 00 00 1A          Length=17           D1 S2F42    SYSBYTE=26 S2F42
                        01 02 21 01 04 01 00 
03-31 09:30:25.410 RECD 00 01 86 0B 00 00 00 00 00 2D          Length=47           D1 S6F11W   SYSBYTE=45 S6F11
                        01 03 B1 04 00 00 00 00 A9 02 00 67 01 01 01 02 A9 02 00 0D 
                        01 01 41 0D 50 72 65 6D 6F 76 65 43 6D 64 30 30 31 
03-31 09:30:25.416 SEND 00 01 06 0C 00 00 00 00 00 2D          Length=13           D1 S6F12    SYSBYTE=45
                        21 01 00 
03-31 09:32:25.411 SEND FF FF 00 00 00 05 7F 00 00 11          Length=10           Linktest.req
03-31 09:32:25.419 RECD FF FF 00 00 00 06 7F 00 00 11          Length=10           Linktest.rsp
03-31 09:34:25.418 RECD FF FF 00 00 00 05 7F 00 00 09          Length=10           Linktest.req
03-31 09:34:25.422 SEND FF FF 00 00 00 06 7F 00 00 09          Length=10           Linktest.rsp
03-31 09:35:17.981 SEND 00 01 82 31 00 00 00 00 00 1B          Length=301          D1 S2F49W   SYSBYTE=27
                        01 04 B1 04 00 00 00 00 41 00 41 0C 54 52 41 4E 53 46 45 52 
                        5F 45 58 34 01 03 01 02 41 0B 43 4F 4D 4D 41 4E 44 49 4E 46 
                        4F 01 03 01 02 41 09 43 4F 4D 4D 41 4E 44 49 44 41 0D 50 72 
                        65 6D 6F 76 65 43 6D 64 30 30 31 01 02 41 08 50 52 49 4F 52 
                        49 54 59 A9 02 00 0A 01 02 41 07 52 45 50 4C 41 43 45 A9 02 
                        00 00 01 02 41 0C 54 52 41 4E 53 46 45 52 49 4E 46 4F 01 03 
                        01 02 41 09 43 41 52 52 49 45 52 49 44 41 0A 43 61 72 72 69 
                        65 72 30 30 31 01 02 41 0A 53 4F 55 52 43 45 50 4F 52 54 41 
                        09 42 48 46 30 30 35 5F 42 36 01 02 41 08 44 45 53 54 50 4F 
                        52 54 41 09 42 44 42 30 30 31 5F 42 31 01 02 41 0C 44 45 4C 
                        49 56 45 52 59 49 4E 46 4F 01 03 01 02 41 0C 44 45 4C 49 56 
                        45 52 59 54 59 50 45 41 07 50 52 45 4D 4F 56 45 01 02 41 14 
                        45 58 50 45 43 54 45 44 44 45 4C 49 56 45 52 59 54 49 4D 45 
                        A9 02 00 00 01 02 41 13 44 45 4C 49 56 45 52 59 57 41 49 54 
                        54 49 4D 45 4F 55 54 A9 02 01 F4 
03-31 09:35:18.020 WARN RECEIVE UNKNOWN MESSAGE FOR D1 S2F50    SYSBYTE=27 (ERR_DISPATCHER_UnrecognizedFunction)
03-31 09:35:18.027 RECD 00 01 02 32 00 00 00 00 00 1B          Length=17           D1 S2F50    SYSBYTE=27
                        01 02 21 01 04 01 00 
03-31 09:35:20.301 RECD 00 01 86 0B 00 00 00 00 00 2E          Length=47           D1 S6F11W   SYSBYTE=46 S6F11
                        01 03 B1 04 00 00 00 00 A9 02 00 6C 01 01 01 02 A9 02 00 12 
                        01 01 41 0D 50 72 65 6D 6F 76 65 43 6D 64 30 30 31 
03-31 09:35:20.309 SEND 00 01 06 0C 00 00 00 00 00 2E          Length=13           D1 S6F12    SYSBYTE=46
                        21 01 00 
03-31 09:35:20.317 RECD 00 01 86 0B 00 00 00 00 00 2F          Length=55           D1 S6F11W   SYSBYTE=47 S6F11
                        01 03 B1 04 00 00 00 00 A9 02 00 CC 01 01 01 02 A9 02 00 1B 
                        01 02 41 06 4F 48 54 35 30 38 41 0D 50 72 65 6D 6F 76 65 43 
                        6D 64 30 30 31 
03-31 09:35:20.323 SEND 00 01 06 0C 00 00 00 00 00 2F          Length=13           D1 S6F12    SYSBYTE=47
                        21 01 00 
03-31 09:35:45.830 SEND 00 01 82 31 00 00 00 00 00 1C          Length=301          D1 S2F49W   SYSBYTE=28
                        01 04 B1 04 00 00 00 00 41 00 41 0C 54 52 41 4E 53 46 45 52 
                        5F 45 58 34 01 03 01 02 41 0B 43 4F 4D 4D 41 4E 44 49 4E 46 
                        4F 01 03 01 02 41 09 43 4F 4D 4D 41 4E 44 49 44 41 0D 50 72 
                        65 6D 6F 76 65 43 6D 64 30 30 31 01 02 41 08 50 52 49 4F 52 
                        49 54 59 A9 02 00 0A 01 02 41 07 52 45 50 4C 41 43 45 A9 02 
                        00 00 01 02 41 0C 54 52 41 4E 53 46 45 52 49 4E 46 4F 01 03 
                        01 02 41 09 43 41 52 52 49 45 52 49 44 41 0A 43 61 72 72 69 
                        65 72 30 30 31 01 02 41 0A 53 4F 55 52 43 45 50 4F 52 54 41 
                        09 42 48 46 30 30 35 5F 42 36 01 02 41 08 44 45 53 54 50 4F 
                        52 54 41 09 42 44 42 30 30 31 5F 42 31 01 02 41 0C 44 45 4C 
                        49 56 45 52 59 49 4E 46 4F 01 03 01 02 41 0C 44 45 4C 49 56 
                        45 52 59 54 59 50 45 41 07 50 52 45 4D 4F 56 45 01 02 41 14 
                        45 58 50 45 43 54 45 44 44 45 4C 49 56 45 52 59 54 49 4D 45 
                        A9 02 00 00 01 02 41 13 44 45 4C 49 56 45 52 59 57 41 49 54 
                        54 49 4D 45 4F 55 54 A9 02 01 F4 
03-31 09:35:45.868 WARN RECEIVE UNKNOWN MESSAGE FOR D1 S2F50    SYSBYTE=28 (ERR_DISPATCHER_UnrecognizedFunction)
03-31 09:35:45.875 RECD 00 01 02 32 00 00 00 00 00 1C          Length=17           D1 S2F50    SYSBYTE=28
                        01 02 21 01 04 01 00 
03-31 09:35:46.925 RECD 00 01 86 0B 00 00 00 00 00 30          Length=47           D1 S6F11W   SYSBYTE=48 S6F11
                        01 03 B1 04 00 00 00 00 A9 02 00 6C 01 01 01 02 A9 02 00 12 
                        01 01 41 0D 50 72 65 6D 6F 76 65 43 6D 64 30 30 31 
03-31 09:35:46.936 SEND 00 01 06 0C 00 00 00 00 00 30          Length=13           D1 S6F12    SYSBYTE=48
                        21 01 00 
03-31 09:35:46.944 RECD 00 01 86 0B 00 00 00 00 00 31          Length=55           D1 S6F11W   SYSBYTE=49 S6F11
                        01 03 B1 04 00 00 00 00 A9 02 00 CC 01 01 01 02 A9 02 00 1B 
                        01 02 41 06 4F 48 54 35 30 38 41 0D 50 72 65 6D 6F 76 65 43 
                        6D 64 30 30 31 
03-31 09:35:46.953 RECD 00 01 86 0B 00 00 00 00 00 32          Length=53           D1 S6F11W   SYSBYTE=50 S6F11
                        01 03 B1 04 00 00 00 00 A9 02 00 C9 01 01 01 02 A9 02 00 18 
                        01 02 41 06 4F 48 54 35 30 38 01 01 41 09 42 48 46 30 30 35 
                        5F 42 36 
03-31 09:35:46.960 SEND 00 01 06 0C 00 00 00 00 00 31          Length=13           D1 S6F12    SYSBYTE=49
                        21 01 00 
03-31 09:35:46.966 SEND 00 01 06 0C 00 00 00 00 00 32          Length=13           D1 S6F12    SYSBYTE=50
                        21 01 00 
03-31 09:35:47.467 RECD 00 01 86 0B 00 00 00 00 00 33          Length=47           D1 S6F11W   SYSBYTE=51 S6F11
                        01 03 B1 04 00 00 00 00 A9 02 00 6F 01 01 01 02 A9 02 00 15 
                        01 01 41 0D 50 72 65 6D 6F 76 65 43 6D 64 30 30 31 
03-31 09:35:47.475 RECD 00 01 86 0B 00 00 00 00 00 34          Length=63           D1 S6F11W   SYSBYTE=52 S6F11
                        01 03 B1 04 00 00 00 00 A9 02 00 CA 01 01 01 02 A9 02 00 19 
                        01 03 41 06 4F 48 54 35 30 38 41 09 42 48 46 30 30 35 5F 42 
                        36 41 0A 43 61 72 72 69 65 72 30 30 31 
03-31 09:35:47.484 SEND 00 01 06 0C 00 00 00 00 00 33          Length=13           D1 S6F12    SYSBYTE=51
                        21 01 00 
03-31 09:35:47.491 SEND 00 01 06 0C 00 00 00 00 00 34          Length=13           D1 S6F12    SYSBYTE=52
                        21 01 00 
03-31 09:35:49.496 RECD 00 01 86 0B 00 00 00 00 00 35          Length=81           D1 S6F11W   SYSBYTE=53 S6F11
                        01 03 B1 04 00 00 00 00 A9 02 00 97 01 01 01 02 A9 02 00 16 
                        01 05 41 06 4F 48 54 35 30 38 41 0A 43 61 72 72 69 65 72 30 
                        30 31 41 08 4F 48 54 35 30 38 5F 31 41 0D 50 72 65 6D 6F 76 
                        65 43 6D 64 30 30 31 A9 02 00 64 
03-31 09:35:49.505 RECD 00 01 86 0B 00 00 00 00 00 36          Length=63           D1 S6F11W   SYSBYTE=54 S6F11
                        01 03 B1 04 00 00 00 00 A9 02 00 CB 01 01 01 02 A9 02 00 1A 
                        01 03 41 06 4F 48 54 35 30 38 41 09 42 48 46 30 30 35 5F 42 
                        36 41 0A 43 61 72 72 69 65 72 30 30 31 
03-31 09:35:49.516 SEND 00 01 06 0C 00 00 00 00 00 35          Length=13           D1 S6F12    SYSBYTE=53
                        21 01 00 
03-31 09:35:49.525 SEND 00 01 06 0C 00 00 00 00 00 36          Length=13           D1 S6F12    SYSBYTE=54
                        21 01 00 
03-31 09:35:49.531 RECD 00 01 86 0B 00 00 00 00 00 37          Length=53           D1 S6F11W   SYSBYTE=55 S6F11
                        01 03 B1 04 00 00 00 00 A9 02 00 CD 01 01 01 02 A9 02 00 1C 
                        01 02 41 06 4F 48 54 35 30 38 01 01 41 09 42 48 46 30 30 35 
                        5F 42 36 
03-31 09:35:49.541 SEND 00 01 06 0C 00 00 00 00 00 37          Length=13           D1 S6F12    SYSBYTE=55
                        21 01 00 
03-31 09:36:11.099 RECD 00 01 86 0B 00 00 00 00 00 38          Length=53           D1 S6F11W   SYSBYTE=56 S6F11
                        01 03 B1 04 00 00 00 00 A9 02 00 C9 01 01 01 02 A9 02 00 18 
                        01 02 41 06 4F 48 54 35 30 38 01 01 41 09 42 44 42 30 30 31 
                        5F 42 31 
03-31 09:36:11.110 SEND 00 01 06 0C 00 00 00 00 00 38          Length=13           D1 S6F12    SYSBYTE=56
                        21 01 00 
03-31 09:36:28.093 SEND 00 01 82 29 00 00 00 00 00 1D          Length=49           D1 S2F41W   SYSBYTE=29
                        01 02 41 05 41 42 4F 52 54 01 01 01 02 41 09 43 4F 4D 4D 41 
                        4E 44 49 44 41 0D 50 72 65 6D 6F 76 65 43 6D 64 30 30 31 
03-31 09:36:28.126 RECD 00 01 02 2A 00 00 00 00 00 1D          Length=17           D1 S2F42    SYSBYTE=29 S2F42
                        01 02 21 01 04 01 00 
03-31 09:37:10.828 RECD 00 01 86 0B 00 00 00 00 00 39          Length=47           D1 S6F11W   SYSBYTE=57 S6F11
                        01 03 B1 04 00 00 00 00 A9 02 00 67 01 01 01 02 A9 02 00 0D 
                        01 01 41 0D 50 72 65 6D 6F 76 65 43 6D 64 30 30 31 
03-31 09:37:10.835 SEND 00 01 06 0C 00 00 00 00 00 39          Length=13           D1 S6F12    SYSBYTE=57
                        21 01 00 
03-31 09:39:10.829 SEND FF FF 00 00 00 05 7F 00 00 12          Length=10           Linktest.req
03-31 09:39:10.836 RECD FF FF 00 00 00 06 7F 00 00 12          Length=10           Linktest.rsp
03-31 09:41:10.837 SEND FF FF 00 00 00 05 7F 00 00 13          Length=10           Linktest.req
03-31 09:41:10.849 RECD FF FF 00 00 00 05 7F 00 00 0A          Length=10           Linktest.req
03-31 09:41:10.854 SEND FF FF 00 00 00 06 7F 00 00 0A          Length=10           Linktest.rsp
03-31 09:41:10.859 RECD FF FF 00 00 00 06 7F 00 00 13          Length=10           Linktest.rsp
03-31 09:43:10.861 SEND FF FF 00 00 00 05 7F 00 00 14          Length=10           Linktest.req
03-31 09:43:10.865 RECD FF FF 00 00 00 05 7F 00 00 0B          Length=10           Linktest.req
03-31 09:43:10.871 SEND FF FF 00 00 00 06 7F 00 00 0B          Length=10           Linktest.rsp
03-31 09:43:10.880 RECD FF FF 00 00 00 06 7F 00 00 14          Length=10           Linktest.rsp
03-31 09:45:10.876 RECD FF FF 00 00 00 05 7F 00 00 0C          Length=10           Linktest.req
03-31 09:45:10.882 SEND FF FF 00 00 00 06 7F 00 00 0C          Length=10           Linktest.rsp
03-31 09:47:10.907 SEND FF FF 00 00 00 05 7F 00 00 15          Length=10           Linktest.req
03-31 09:47:10.911 RECD FF FF 00 00 00 06 7F 00 00 15          Length=10           Linktest.rsp
03-31 09:49:10.896 RECD FF FF 00 00 00 05 7F 00 00 0D          Length=10           Linktest.req
03-31 09:49:10.899 SEND FF FF 00 00 00 06 7F 00 00 0D          Length=10           Linktest.rsp
03-31 09:51:10.900 SEND FF FF 00 00 00 05 7F 00 00 16          Length=10           Linktest.req
03-31 09:51:10.906 RECD FF FF 00 00 00 06 7F 00 00 16          Length=10           Linktest.rsp
03-31 09:53:10.909 RECD FF FF 00 00 00 05 7F 00 00 0E          Length=10           Linktest.req
03-31 09:53:10.913 SEND FF FF 00 00 00 06 7F 00 00 0E          Length=10           Linktest.rsp
03-31 09:55:10.912 SEND FF FF 00 00 00 05 7F 00 00 17          Length=10           Linktest.req
03-31 09:55:10.918 RECD FF FF 00 00 00 06 7F 00 00 17          Length=10           Linktest.rsp
03-31 09:57:10.923 RECD FF FF 00 00 00 05 7F 00 00 0F          Length=10           Linktest.req
03-31 09:57:10.928 SEND FF FF 00 00 00 05 7F 00 00 18          Length=10           Linktest.req
03-31 09:57:10.933 SEND FF FF 00 00 00 06 7F 00 00 0F          Length=10           Linktest.rsp
03-31 09:57:10.937 RECD FF FF 00 00 00 06 7F 00 00 18          Length=10           Linktest.rsp
03-31 09:59:10.934 SEND FF FF 00 00 00 05 7F 00 00 19          Length=10           Linktest.req
03-31 09:59:10.940 RECD FF FF 00 00 00 06 7F 00 00 19          Length=10           Linktest.rsp
03-31 10:01:10.942 INFO RECEIVE MESSAGE COUNT 50
