03-31 11:00:27.828 INFO MCS 3.0.18
03-31 11:00:27.828 RECD FF FF 00 00 00 05 7F 00 00 09          Length=10           Linktest.req
03-31 11:00:27.832 SEND FF FF 00 00 00 06 7F 00 00 09          Length=10           Linktest.rsp
03-31 11:02:28.121 RECD FF FF 00 00 00 05 7F 00 00 0A          Length=10           Linktest.req
03-31 11:02:28.125 SEND FF FF 00 00 00 06 7F 00 00 0A          Length=10           Linktest.rsp
03-31 11:04:28.304 RECD FF FF 00 00 00 05 7F 00 00 0B          Length=10           Linktest.req
03-31 11:04:28.308 SEND FF FF 00 00 00 06 7F 00 00 0B          Length=10           Linktest.rsp
03-31 11:06:28.435 RECD FF FF 00 00 00 05 7F 00 00 0C          Length=10           Linktest.req
03-31 11:06:28.439 SEND FF FF 00 00 00 06 7F 00 00 0C          Length=10           Linktest.rsp
03-31 11:08:28.557 RECD FF FF 00 00 00 05 7F 00 00 0D          Length=10           Linktest.req
03-31 11:08:28.561 SEND FF FF 00 00 00 05 7F 00 00 0B          Length=10           Linktest.req
03-31 11:08:28.566 SEND FF FF 00 00 00 06 7F 00 00 0D          Length=10           Linktest.rsp
03-31 11:08:28.570 RECD FF FF 00 00 00 06 7F 00 00 0B          Length=10           Linktest.rsp
03-31 11:10:28.620 SEND FF FF 00 00 00 05 7F 00 00 0C          Length=10           Linktest.req
03-31 11:10:28.627 RECD FF FF 00 00 00 05 7F 00 00 0E          Length=10           Linktest.req
03-31 11:10:28.632 SEND FF FF 00 00 00 06 7F 00 00 0E          Length=10           Linktest.rsp
03-31 11:10:28.634 RECD FF FF 00 00 00 06 7F 00 00 0C          Length=10           Linktest.rsp
03-31 11:12:28.685 SEND FF FF 00 00 00 05 7F 00 00 0D          Length=10           Linktest.req
03-31 11:12:28.693 RECD FF FF 00 00 00 05 7F 00 00 0F          Length=10           Linktest.req
03-31 11:12:28.697 SEND FF FF 00 00 00 06 7F 00 00 0F          Length=10           Linktest.rsp
03-31 11:12:28.701 RECD FF FF 00 00 00 06 7F 00 00 0D          Length=10           Linktest.rsp
03-31 11:14:28.731 SEND FF FF 00 00 00 05 7F 00 00 0E          Length=10           Linktest.req
03-31 11:14:28.738 RECD FF FF 00 00 00 05 7F 00 00 10          Length=10           Linktest.req
03-31 11:14:28.742 SEND FF FF 00 00 00 06 7F 00 00 10          Length=10           Linktest.rsp
03-31 11:14:28.745 RECD FF FF 00 00 00 06 7F 00 00 0E          Length=10           Linktest.rsp
03-31 11:16:28.766 SEND FF FF 00 00 00 05 7F 00 00 0F          Length=10           Linktest.req
03-31 11:16:28.772 RECD FF FF 00 00 00 06 7F 00 00 0F          Length=10           Linktest.rsp
03-31 11:18:28.795 SEND FF FF 00 00 00 05 7F 00 00 10          Length=10           Linktest.req
03-31 11:18:28.798 RECD FF FF 00 00 00 05 7F 00 00 11          Length=10           Linktest.req
03-31 11:18:28.804 SEND FF FF 00 00 00 06 7F 00 00 11          Length=10           Linktest.rsp
03-31 11:18:28.810 RECD FF FF 00 00 00 06 7F 00 00 10          Length=10           Linktest.rsp
03-31 11:20:28.822 SEND FF FF 00 00 00 05 7F 00 00 11          Length=10           Linktest.req
03-31 11:20:28.826 RECD FF FF 00 00 00 05 7F 00 00 12          Length=10           Linktest.req
03-31 11:20:28.829 SEND FF FF 00 00 00 06 7F 00 00 12          Length=10           Linktest.rsp
03-31 11:20:28.833 RECD FF FF 00 00 00 06 7F 00 00 11          Length=10           Linktest.rsp
03-31 11:22:28.847 SEND FF FF 00 00 00 05 7F 00 00 12          Length=10           Linktest.req
03-31 11:22:28.853 RECD FF FF 00 00 00 05 7F 00 00 13          Length=10           Linktest.req
03-31 11:22:28.859 RECD FF FF 00 00 00 06 7F 00 00 12          Length=10           Linktest.rsp
03-31 11:22:28.862 SEND FF FF 00 00 00 06 7F 00 00 13          Length=10           Linktest.rsp
03-31 11:24:28.867 SEND FF FF 00 00 00 05 7F 00 00 13          Length=10           Linktest.req
03-31 11:24:28.874 RECD FF FF 00 00 00 06 7F 00 00 13          Length=10           Linktest.rsp
03-31 11:26:28.880 RECD FF FF 00 00 00 05 7F 00 00 14          Length=10           Linktest.req
03-31 11:26:28.884 SEND FF FF 00 00 00 06 7F 00 00 14          Length=10           Linktest.rsp
03-31 11:28:28.889 SEND FF FF 00 00 00 05 7F 00 00 14          Length=10           Linktest.req
03-31 11:28:28.894 RECD FF FF 00 00 00 06 7F 00 00 14          Length=10           Linktest.rsp
03-31 11:30:28.900 RECD FF FF 00 00 00 05 7F 00 00 15          Length=10           Linktest.req
03-31 11:30:28.905 SEND FF FF 00 00 00 05 7F 00 00 15          Length=10           Linktest.req
03-31 11:30:28.911 SEND FF FF 00 00 00 06 7F 00 00 15          Length=10           Linktest.rsp
03-31 11:30:28.914 RECD FF FF 00 00 00 06 7F 00 00 15          Length=10           Linktest.rsp
03-31 11:32:28.918 SEND FF FF 00 00 00 05 7F 00 00 16          Length=10           Linktest.req
03-31 11:32:28.924 RECD FF FF 00 00 00 05 7F 00 00 16          Length=10           Linktest.req
03-31 11:32:28.929 SEND FF FF 00 00 00 06 7F 00 00 16          Length=10           Linktest.rsp
03-31 11:32:28.932 RECD FF FF 00 00 00 06 7F 00 00 16          Length=10           Linktest.rsp
03-31 11:34:28.934 SEND FF FF 00 00 00 05 7F 00 00 17          Length=10           Linktest.req
03-31 11:34:28.941 RECD FF FF 00 00 00 05 7F 00 00 17          Length=10           Linktest.req
03-31 11:34:28.945 SEND FF FF 00 00 00 06 7F 00 00 17          Length=10           Linktest.rsp
03-31 11:34:28.949 RECD FF FF 00 00 00 06 7F 00 00 17          Length=10           Linktest.rsp
03-31 11:36:28.951 SEND FF FF 00 00 00 05 7F 00 00 18          Length=10           Linktest.req
03-31 11:36:28.976 RECD FF FF 00 00 00 05 7F 00 00 18          Length=10           Linktest.req
03-31 11:36:28.982 SEND FF FF 00 00 00 06 7F 00 00 18          Length=10           Linktest.rsp
03-31 11:36:28.987 RECD FF FF 00 00 00 06 7F 00 00 18          Length=10           Linktest.rsp
03-31 11:38:28.983 SEND FF FF 00 00 00 05 7F 00 00 19          Length=10           Linktest.req
03-31 11:38:28.989 RECD FF FF 00 00 00 05 7F 00 00 19          Length=10           Linktest.req
03-31 11:38:28.995 SEND FF FF 00 00 00 06 7F 00 00 19          Length=10           Linktest.rsp
03-31 11:38:28.998 RECD FF FF 00 00 00 06 7F 00 00 19          Length=10           Linktest.rsp
03-31 11:40:29.001 SEND FF FF 00 00 00 05 7F 00 00 1A          Length=10           Linktest.req
03-31 11:40:29.006 RECD FF FF 00 00 00 06 7F 00 00 1A          Length=10           Linktest.rsp
03-31 11:42:29.009 RECD FF FF 00 00 00 05 7F 00 00 1A          Length=10           Linktest.req
03-31 11:42:29.012 SEND FF FF 00 00 00 05 7F 00 00 1B          Length=10           Linktest.req
03-31 11:42:29.015 SEND FF FF 00 00 00 06 7F 00 00 1A          Length=10           Linktest.rsp
03-31 11:42:29.018 RECD FF FF 00 00 00 06 7F 00 00 1B          Length=10           Linktest.rsp
03-31 11:44:29.023 SEND FF FF 00 00 00 05 7F 00 00 1C          Length=10           Linktest.req
03-31 11:44:29.032 RECD FF FF 00 00 00 06 7F 00 00 1C          Length=10           Linktest.rsp
03-31 11:46:29.033 RECD FF FF 00 00 00 05 7F 00 00 1B          Length=10           Linktest.req
03-31 11:46:29.037 SEND FF FF 00 00 00 05 7F 00 00 1D          Length=10           Linktest.req
03-31 11:46:29.040 SEND FF FF 00 00 00 06 7F 00 00 1B          Length=10           Linktest.rsp
03-31 11:46:29.043 RECD FF FF 00 00 00 06 7F 00 00 1D          Length=10           Linktest.rsp
03-31 11:46:29.226 SEND 00 01 82 31 00 00 00 00 00 20          Length=301          D1 S2F49W   SYSBYTE=32
                        01 04 B1 04 00 00 00 00 41 00 41 0C 54 52 41 4E 53 46 45 52 
                        5F 45 58 34 01 03 01 02 41 0B 43 4F 4D 4D 41 4E 44 49 4E 46 
                        4F 01 03 01 02 41 09 43 4F 4D 4D 41 4E 44 49 44 41 0D 50 72 
                        65 6D 6F 76 65 43 6D 64 30 30 31 01 02 41 08 50 52 49 4F 52 
                        49 54 59 A9 02 00 0A 01 02 41 07 52 45 50 4C 41 43 45 A9 02 
                        00 00 01 02 41 0C 54 52 41 4E 53 46 45 52 49 4E 46 4F 01 03 
                        01 02 41 09 43 41 52 52 49 45 52 49 44 41 0A 43 61 72 72 69 
                        65 72 30 30 31 01 02 41 0A 53 4F 55 52 43 45 50 4F 52 54 41 
                        09 42 48 46 30 30 35 5F 42 36 01 02 41 08 44 45 53 54 50 4F 
                        52 54 41 09 42 44 42 30 30 31 5F 42 31 01 02 41 0C 44 45 4C 
                        49 56 45 52 59 49 4E 46 4F 01 03 01 02 41 0C 44 45 4C 49 56 
                        45 52 59 54 59 50 45 41 07 50 52 45 4D 4F 56 45 01 02 41 14 
                        45 58 50 45 43 54 45 44 44 45 4C 49 56 45 52 59 54 49 4D 45 
                        A9 02 00 00 01 02 41 13 44 45 4C 49 56 45 52 59 57 41 49 54 
                        54 49 4D 45 4F 55 54 A9 02 01 F4 
03-31 11:46:29.262 WARN RECEIVE UNKNOWN MESSAGE FOR D1 S2F50    SYSBYTE=32 (ERR_DISPATCHER_UnrecognizedFunction)
03-31 11:46:29.269 RECD 00 01 02 32 00 00 00 00 00 20          Length=17           D1 S2F50    SYSBYTE=32
                        01 02 21 01 04 01 00 
03-31 11:46:31.606 RECD 00 01 86 0B 00 00 00 00 00 4F          Length=47           D1 S6F11W   SYSBYTE=79 S6F11
                        01 03 B1 04 00 00 00 00 A9 02 00 6C 01 01 01 02 A9 02 00 12 
                        01 01 41 0D 50 72 65 6D 6F 76 65 43 6D 64 30 30 31 
03-31 11:46:31.621 RECD 00 01 86 0B 00 00 00 00 00 50          Length=55           D1 S6F11W   SYSBYTE=80 S6F11
                        01 03 B1 04 00 00 00 00 A9 02 00 CC 01 01 01 02 A9 02 00 1B 
                        01 02 41 06 4F 48 54 35 30 38 41 0D 50 72 65 6D 6F 76 65 43 
                        6D 64 30 30 31 
03-31 11:46:31.907 SEND 00 01 06 0C 00 00 00 00 00 4F          Length=13           D1 S6F12    SYSBYTE=79
                        21 01 00 
03-31 11:46:32.056 SEND 00 01 06 0C 00 00 00 00 00 50          Length=13           D1 S6F12    SYSBYTE=80
                        21 01 00 
03-31 11:46:42.311 RECD 00 01 86 0B 00 00 00 00 00 51          Length=53           D1 S6F11W   SYSBYTE=81 S6F11
                        01 03 B1 04 00 00 00 00 A9 02 00 C9 01 01 01 02 A9 02 00 18 
                        01 02 41 06 4F 48 54 35 30 38 01 01 41 09 42 48 46 30 30 35 
                        5F 42 36 
03-31 11:46:42.319 SEND 00 01 06 0C 00 00 00 00 00 51          Length=13           D1 S6F12    SYSBYTE=81
                        21 01 00 
03-31 11:46:42.337 RECD 00 01 86 0B 00 00 00 00 00 52          Length=47           D1 S6F11W   SYSBYTE=82 S6F11
                        01 03 B1 04 00 00 00 00 A9 02 00 6F 01 01 01 02 A9 02 00 15 
                        01 01 41 0D 50 72 65 6D 6F 76 65 43 6D 64 30 30 31 
03-31 11:46:42.345 SEND 00 01 06 0C 00 00 00 00 00 52          Length=13           D1 S6F12    SYSBYTE=82
                        21 01 00 
03-31 11:46:42.860 RECD 00 01 86 0B 00 00 00 00 00 53          Length=63           D1 S6F11W   SYSBYTE=83 S6F11
                        01 03 B1 04 00 00 00 00 A9 02 00 CA 01 01 01 02 A9 02 00 19 
                        01 03 41 06 4F 48 54 35 30 38 41 09 42 48 46 30 30 35 5F 42 
                        36 41 0A 43 61 72 72 69 65 72 30 30 31 
03-31 11:46:42.868 SEND 00 01 06 0C 00 00 00 00 00 53          Length=13           D1 S6F12    SYSBYTE=83
                        21 01 00 
03-31 11:46:45.383 RECD 00 01 86 0B 00 00 00 00 00 54          Length=81           D1 S6F11W   SYSBYTE=84 S6F11
                        01 03 B1 04 00 00 00 00 A9 02 00 97 01 01 01 02 A9 02 00 16 
                        01 05 41 06 4F 48 54 35 30 38 41 0A 43 61 72 72 69 65 72 30 
                        30 31 41 08 4F 48 54 35 30 38 5F 31 41 0D 50 72 65 6D 6F 76 
                        65 43 6D 64 30 30 31 A9 02 00 64 
03-31 11:46:45.394 RECD 00 01 86 0B 00 00 00 00 00 55          Length=63           D1 S6F11W   SYSBYTE=85 S6F11
                        01 03 B1 04 00 00 00 00 A9 02 00 CB 01 01 01 02 A9 02 00 1A 
                        01 03 41 06 4F 48 54 35 30 38 41 09 42 48 46 30 30 35 5F 42 
                        36 41 0A 43 61 72 72 69 65 72 30 30 31 
03-31 11:46:45.406 SEND 00 01 06 0C 00 00 00 00 00 54          Length=13           D1 S6F12    SYSBYTE=84
                        21 01 00 
03-31 11:46:45.418 RECD 00 01 86 0B 00 00 00 00 00 56          Length=53           D1 S6F11W   SYSBYTE=86 S6F11
                        01 03 B1 04 00 00 00 00 A9 02 00 CD 01 01 01 02 A9 02 00 1C 
                        01 02 41 06 4F 48 54 35 30 38 01 01 41 09 42 48 46 30 30 35 
                        5F 42 36 
03-31 11:46:45.424 SEND 00 01 06 0C 00 00 00 00 00 55          Length=13           D1 S6F12    SYSBYTE=85
                        21 01 00 
03-31 11:46:45.434 SEND 00 01 06 0C 00 00 00 00 00 56          Length=13           D1 S6F12    SYSBYTE=86
                        21 01 00 
03-31 11:46:50.937 RECD 00 01 86 0B 00 00 00 00 00 57          Length=53           D1 S6F11W   SYSBYTE=87 S6F11
                        01 03 B1 04 00 00 00 00 A9 02 00 C9 01 01 01 02 A9 02 00 18 
                        01 02 41 06 4F 48 54 35 30 38 01 01 41 09 42 44 42 30 30 31 
                        5F 42 31 
03-31 11:46:50.944 SEND 00 01 06 0C 00 00 00 00 00 57          Length=13           D1 S6F12    SYSBYTE=87
                        21 01 00 
03-31 11:47:01.941 SEND 00 01 82 29 00 00 00 00 00 21          Length=49           D1 S2F41W   SYSBYTE=33
                        01 02 41 05 41 42 4F 52 54 01 01 01 02 41 09 43 4F 4D 4D 41 
                        4E 44 49 44 41 0D 50 72 65 6D 6F 76 65 43 6D 64 30 30 31 
03-31 11:47:01.968 RECD 00 01 02 2A 00 00 00 00 00 21          Length=17           D1 S2F42    SYSBYTE=33 S2F42
                        01 02 21 01 04 01 00 
03-31 11:47:02.497 RECD 00 01 86 0B 00 00 00 00 00 58          Length=47           D1 S6F11W   SYSBYTE=88 S6F11
                        01 03 B1 04 00 00 00 00 A9 02 00 67 01 01 01 02 A9 02 00 0D 
                        01 01 41 0D 50 72 65 6D 6F 76 65 43 6D 64 30 30 31 
03-31 11:47:02.504 SEND 00 01 06 0C 00 00 00 00 00 58          Length=13           D1 S6F12    SYSBYTE=88
                        21 01 00 
03-31 11:47:02.527 RECD 00 01 86 0B 00 00 00 00 00 59          Length=107          D1 S6F11W   SYSBYTE=89 S6F11
                        01 03 B1 04 00 00 00 00 A9 02 00 65 01 01 01 02 A9 02 00 0B 
                        01 02 01 03 41 0D 50 72 65 6D 6F 76 65 43 6D 64 30 30 31 A9 
                        02 00 0A A9 02 00 00 01 01 01 02 01 03 41 0A 43 61 72 72 69 
                        65 72 30 30 31 41 09 42 48 46 30 30 35 5F 42 36 41 09 42 44 
                        42 30 30 31 5F 42 31 41 08 4F 48 54 35 30 38 5F 31 
03-31 11:47:02.535 SEND 00 01 06 0C 00 00 00 00 00 59          Length=13           D1 S6F12    SYSBYTE=89
                        21 01 00 
03-31 11:47:02.550 RECD 00 01 86 0B 00 00 00 00 00 5A          Length=55           D1 S6F11W   SYSBYTE=90 S6F11
                        01 03 B1 04 00 00 00 00 A9 02 00 D2 01 01 01 02 A9 02 00 21 
                        01 02 41 06 4F 48 54 35 30 38 41 0D 50 72 65 6D 6F 76 65 43 
                        6D 64 30 30 31 
03-31 11:47:02.557 SEND 00 01 06 0C 00 00 00 00 00 5A          Length=13           D1 S6F12    SYSBYTE=90
                        21 01 00 
03-31 11:47:27.671 SEND 00 01 82 31 00 00 00 00 00 22          Length=303          D1 S2F49W   SYSBYTE=34
                        01 04 B1 04 00 00 00 00 41 00 41 0C 54 52 41 4E 53 46 45 52 
                        5F 45 58 34 01 03 01 02 41 0B 43 4F 4D 4D 41 4E 44 49 4E 46 
                        4F 01 03 01 02 41 09 43 4F 4D 4D 41 4E 44 49 44 41 0D 50 72 
                        65 6D 6F 76 65 43 6D 64 30 30 32 01 02 41 08 50 52 49 4F 52 
                        49 54 59 A9 02 00 0A 01 02 41 07 52 45 50 4C 41 43 45 A9 02 
                        00 00 01 02 41 0C 54 52 41 4E 53 46 45 52 49 4E 46 4F 01 03 
                        01 02 41 09 43 41 52 52 49 45 52 49 44 41 0A 43 61 72 72 69 
                        65 72 30 30 31 01 02 41 0A 53 4F 55 52 43 45 50 4F 52 54 41 
                        08 4F 48 54 35 30 38 5F 31 01 02 41 08 44 45 53 54 50 4F 52 
                        54 41 13 53 31 47 53 35 30 31 41 5F 49 4E 32 32 2E 4F 55 54 
                        45 52 01 02 41 0C 44 45 4C 49 56 45 52 59 49 4E 46 4F 01 03 
                        01 02 41 0C 44 45 4C 49 56 45 52 59 54 59 50 45 41 00 01 02 
                        41 14 45 58 50 45 43 54 45 44 44 45 4C 49 56 45 52 59 54 49 
                        4D 45 A9 02 00 00 01 02 41 13 44 45 4C 49 56 45 52 59 57 41 
                        49 54 54 49 4D 45 4F 55 54 A9 02 01 F4 
03-31 11:47:27.741 WARN RECEIVE UNKNOWN MESSAGE FOR D1 S2F50    SYSBYTE=34 (ERR_DISPATCHER_UnrecognizedFunction)
03-31 11:47:27.748 RECD 00 01 02 32 00 00 00 00 00 22          Length=17           D1 S2F50    SYSBYTE=34
                        01 02 21 01 04 01 00 
03-31 11:47:28.110 RECD 00 01 86 0B 00 00 00 00 00 5B          Length=47           D1 S6F11W   SYSBYTE=91 S6F11
                        01 03 B1 04 00 00 00 00 A9 02 00 6C 01 01 01 02 A9 02 00 12 
                        01 01 41 0D 50 72 65 6D 6F 76 65 43 6D 64 30 30 32 
03-31 11:47:28.116 SEND 00 01 06 0C 00 00 00 00 00 5B          Length=13           D1 S6F12    SYSBYTE=91
                        21 01 00 
03-31 11:47:28.128 RECD 00 01 86 0B 00 00 00 00 00 5C          Length=55           D1 S6F11W   SYSBYTE=92 S6F11
                        01 03 B1 04 00 00 00 00 A9 02 00 CC 01 01 01 02 A9 02 00 1B 
                        01 02 41 06 4F 48 54 35 30 38 41 0D 50 72 65 6D 6F 76 65 43 
                        6D 64 30 30 32 
03-31 11:47:28.134 SEND 00 01 06 0C 00 00 00 00 00 5C          Length=13           D1 S6F12    SYSBYTE=92
                        21 01 00 
03-31 11:47:28.151 RECD 00 01 86 0B 00 00 00 00 00 5D          Length=47           D1 S6F11W   SYSBYTE=93 S6F11
                        01 03 B1 04 00 00 00 00 A9 02 00 6F 01 01 01 02 A9 02 00 15 
                        01 01 41 0D 50 72 65 6D 6F 76 65 43 6D 64 30 30 32 
03-31 11:47:28.158 SEND 00 01 06 0C 00 00 00 00 00 5D          Length=13           D1 S6F12    SYSBYTE=93
                        21 01 00 
03-31 11:47:28.166 RECD 00 01 86 0B 00 00 00 00 00 5E          Length=53           D1 S6F11W   SYSBYTE=94 S6F11
                        01 03 B1 04 00 00 00 00 A9 02 00 CD 01 01 01 02 A9 02 00 1C 
                        01 02 41 06 4F 48 54 35 30 38 01 01 41 09 42 48 46 30 30 35 
                        5F 42 36 
03-31 11:47:28.173 SEND 00 01 06 0C 00 00 00 00 00 5E          Length=13           D1 S6F12    SYSBYTE=94
                        21 01 00 
03-31 11:48:06.277 RECD 00 01 86 0B 00 00 00 00 00 5F          Length=63           D1 S6F11W   SYSBYTE=95 S6F11
                        01 03 B1 04 00 00 00 00 A9 02 00 C9 01 01 01 02 A9 02 00 18 
                        01 02 41 06 4F 48 54 35 30 38 01 01 41 13 53 31 47 53 35 30 
                        31 41 5F 49 4E 32 32 2E 4F 55 54 45 52 
03-31 11:48:06.285 SEND 00 01 06 0C 00 00 00 00 00 5F          Length=13           D1 S6F12    SYSBYTE=95
                        21 01 00 
03-31 11:48:06.812 RECD 00 01 86 0B 00 00 00 00 00 60          Length=73           D1 S6F11W   SYSBYTE=96 S6F11
                        01 03 B1 04 00 00 00 00 A9 02 00 CE 01 01 01 02 A9 02 00 1D 
                        01 03 41 06 4F 48 54 35 30 38 41 13 53 31 47 53 35 30 31 41 
                        5F 49 4E 32 32 2E 4F 55 54 45 52 41 0A 43 61 72 72 69 65 72 
                        30 30 31 
03-31 11:48:06.819 SEND 00 01 06 0C 00 00 00 00 00 60          Length=13           D1 S6F12    SYSBYTE=96
                        21 01 00 
03-31 11:48:10.851 RECD 00 01 86 0B 00 00 00 00 00 61          Length=88           D1 S6F11W   SYSBYTE=97 S6F11
                        01 03 B1 04 00 00 00 00 A9 02 00 98 01 01 01 02 A9 02 00 17 
                        01 04 41 06 4F 48 54 35 30 38 41 0A 43 61 72 72 69 65 72 30 
                        30 31 41 13 53 31 47 53 35 30 31 41 5F 49 4E 32 32 2E 4F 55 
                        54 45 52 41 0D 50 72 65 6D 6F 76 65 43 6D 64 30 30 32 
03-31 11:48:10.861 SEND 00 01 06 0C 00 00 00 00 00 61          Length=13           D1 S6F12    SYSBYTE=97
                        21 01 00 
03-31 11:48:10.870 RECD 00 01 86 0B 00 00 00 00 00 62          Length=73           D1 S6F11W   SYSBYTE=98 S6F11
                        01 03 B1 04 00 00 00 00 A9 02 00 CF 01 01 01 02 A9 02 00 1E 
                        01 03 41 06 4F 48 54 35 30 38 41 13 53 31 47 53 35 30 31 41 
                        5F 49 4E 32 32 2E 4F 55 54 45 52 41 0A 43 61 72 72 69 65 72 
                        30 30 31 
03-31 11:48:10.880 SEND 00 01 06 0C 00 00 00 00 00 62          Length=13           D1 S6F12    SYSBYTE=98
                        21 01 00 
03-31 11:48:10.888 RECD 00 01 86 0B 00 00 00 00 00 63          Length=55           D1 S6F11W   SYSBYTE=99 S6F11
                        01 03 B1 04 00 00 00 00 A9 02 00 D2 01 01 01 02 A9 02 00 21 
                        01 02 41 06 4F 48 54 35 30 38 41 0D 50 72 65 6D 6F 76 65 43 
                        6D 64 30 30 32 
03-31 11:48:10.894 RECD 00 01 86 0B 00 00 00 00 00 64          Length=132          D1 S6F11W   SYSBYTE=100 S6F11
                        01 03 B1 04 00 00 00 00 A9 02 00 6B 01 01 01 02 A9 02 00 11 
                        01 03 01 03 41 0D 50 72 65 6D 6F 76 65 43 6D 64 30 30 32 A9 
                        02 00 0A A9 02 00 00 A9 02 00 00 01 01 01 02 01 03 41 0A 43 
                        61 72 72 69 65 72 30 30 31 41 09 42 48 46 30 30 35 5F 42 36 
                        41 13 53 31 47 53 35 30 31 41 5F 49 4E 32 32 2E 4F 55 54 45 
                        52 41 13 53 31 47 53 35 30 31 41 5F 49 4E 32 32 2E 4F 55 54 
                        45 52 
03-31 11:48:10.901 SEND 00 01 06 0C 00 00 00 00 00 63          Length=13           D1 S6F12    SYSBYTE=99
                        21 01 00 
03-31 11:48:10.908 SEND 00 01 06 0C 00 00 00 00 00 64          Length=13           D1 S6F12    SYSBYTE=100
                        21 01 00 
03-31 11:50:10.888 SEND FF FF 00 00 00 05 7F 00 00 1E          Length=10           Linktest.req
03-31 11:50:10.894 RECD FF FF 00 00 00 06 7F 00 00 1E          Length=10           Linktest.rsp
03-31 11:52:10.896 RECD FF FF 00 00 00 05 7F 00 00 1C          Length=10           Linktest.req
03-31 11:52:10.900 SEND FF FF 00 00 00 06 7F 00 00 1C          Length=10           Linktest.rsp
03-31 11:54:10.899 SEND FF FF 00 00 00 05 7F 00 00 1F          Length=10           Linktest.req
03-31 11:54:10.907 RECD FF FF 00 00 00 06 7F 00 00 1F          Length=10           Linktest.rsp
03-31 11:55:06.933 SEND 00 01 82 31 00 00 00 00 00 23          Length=301          D1 S2F49W   SYSBYTE=35
                        01 04 B1 04 00 00 00 00 41 00 41 0C 54 52 41 4E 53 46 45 52 
                        5F 45 58 34 01 03 01 02 41 0B 43 4F 4D 4D 41 4E 44 49 4E 46 
                        4F 01 03 01 02 41 09 43 4F 4D 4D 41 4E 44 49 44 41 0D 50 72 
                        65 6D 6F 76 65 43 6D 64 30 30 31 01 02 41 08 50 52 49 4F 52 
                        49 54 59 A9 02 00 0A 01 02 41 07 52 45 50 4C 41 43 45 A9 02 
                        00 00 01 02 41 0C 54 52 41 4E 53 46 45 52 49 4E 46 4F 01 03 
                        01 02 41 09 43 41 52 52 49 45 52 49 44 41 0A 43 61 72 72 69 
                        65 72 30 30 31 01 02 41 0A 53 4F 55 52 43 45 50 4F 52 54 41 
                        09 42 48 46 30 30 35 5F 42 36 01 02 41 08 44 45 53 54 50 4F 
                        52 54 41 09 42 44 42 30 30 31 5F 42 31 01 02 41 0C 44 45 4C 
                        49 56 45 52 59 49 4E 46 4F 01 03 01 02 41 0C 44 45 4C 49 56 
                        45 52 59 54 59 50 45 41 07 50 52 45 4D 4F 56 45 01 02 41 14 
                        45 58 50 45 43 54 45 44 44 45 4C 49 56 45 52 59 54 49 4D 45 
                        A9 02 00 00 01 02 41 13 44 45 4C 49 56 45 52 59 57 41 49 54 
                        54 49 4D 45 4F 55 54 A9 02 00 1E 
03-31 11:55:06.973 WARN RECEIVE UNKNOWN MESSAGE FOR D1 S2F50    SYSBYTE=35 (ERR_DISPATCHER_UnrecognizedFunction)
03-31 11:55:06.980 RECD 00 01 02 32 00 00 00 00 00 23          Length=17           D1 S2F50    SYSBYTE=35
                        01 02 21 01 04 01 00 
03-31 11:55:07.883 RECD 00 01 86 0B 00 00 00 00 00 65          Length=47           D1 S6F11W   SYSBYTE=101 S6F11
                        01 03 B1 04 00 00 00 00 A9 02 00 6C 01 01 01 02 A9 02 00 12 
                        01 01 41 0D 50 72 65 6D 6F 76 65 43 6D 64 30 30 31 
03-31 11:55:07.891 SEND 00 01 06 0C 00 00 00 00 00 65          Length=13           D1 S6F12    SYSBYTE=101
                        21 01 00 
03-31 11:55:07.898 RECD 00 01 86 0B 00 00 00 00 00 66          Length=55           D1 S6F11W   SYSBYTE=102 S6F11
                        01 03 B1 04 00 00 00 00 A9 02 00 CC 01 01 01 02 A9 02 00 1B 
                        01 02 41 06 4F 48 54 35 30 38 41 0D 50 72 65 6D 6F 76 65 43 
                        6D 64 30 30 31 
03-31 11:55:07.903 SEND 00 01 06 0C 00 00 00 00 00 66          Length=13           D1 S6F12    SYSBYTE=102
                        21 01 00 
03-31 11:55:32.495 RECD 00 01 86 0B 00 00 00 00 00 67          Length=53           D1 S6F11W   SYSBYTE=103 S6F11
                        01 03 B1 04 00 00 00 00 A9 02 00 C9 01 01 01 02 A9 02 00 18 
                        01 02 41 06 4F 48 54 35 30 38 01 01 41 09 42 48 46 30 30 35 
                        5F 42 36 
03-31 11:55:32.503 SEND 00 01 06 0C 00 00 00 00 00 67          Length=13           D1 S6F12    SYSBYTE=103
                        21 01 00 
03-31 11:55:33.018 RECD 00 01 86 0B 00 00 00 00 00 68          Length=47           D1 S6F11W   SYSBYTE=104 S6F11
                        01 03 B1 04 00 00 00 00 A9 02 00 6F 01 01 01 02 A9 02 00 15 
                        01 01 41 0D 50 72 65 6D 6F 76 65 43 6D 64 30 30 31 
03-31 11:55:33.030 RECD 00 01 86 0B 00 00 00 00 00 69          Length=63           D1 S6F11W   SYSBYTE=105 S6F11
                        01 03 B1 04 00 00 00 00 A9 02 00 CA 01 01 01 02 A9 02 00 19 
                        01 03 41 06 4F 48 54 35 30 38 41 09 42 48 46 30 30 35 5F 42 
                        36 41 0A 43 61 72 72 69 65 72 30 30 31 
03-31 11:55:33.037 SEND 00 01 06 0C 00 00 00 00 00 68          Length=13           D1 S6F12    SYSBYTE=104
                        21 01 00 
03-31 11:55:33.046 SEND 00 01 06 0C 00 00 00 00 00 69          Length=13           D1 S6F12    SYSBYTE=105
                        21 01 00 
03-31 11:55:52.600 RECD 00 01 86 0B 00 00 00 00 00 6A          Length=81           D1 S6F11W   SYSBYTE=106 S6F11
                        01 03 B1 04 00 00 00 00 A9 02 00 97 01 01 01 02 A9 02 00 16 
                        01 05 41 06 4F 48 54 35 30 38 41 0A 43 61 72 72 69 65 72 30 
                        30 31 41 08 4F 48 54 35 30 38 5F 31 41 0D 50 72 65 6D 6F 76 
                        65 43 6D 64 30 30 31 A9 02 00 64 
03-31 11:55:52.609 RECD 00 01 86 0B 00 00 00 00 00 6B          Length=63           D1 S6F11W   SYSBYTE=107 S6F11
                        01 03 B1 04 00 00 00 00 A9 02 00 CB 01 01 01 02 A9 02 00 1A 
                        01 03 41 06 4F 48 54 35 30 38 41 09 42 48 46 30 30 35 5F 42 
                        36 41 0A 43 61 72 72 69 65 72 30 30 31 
03-31 11:55:52.618 SEND 00 01 06 0C 00 00 00 00 00 6A          Length=13           D1 S6F12    SYSBYTE=106
                        21 01 00 
03-31 11:55:52.625 SEND 00 01 06 0C 00 00 00 00 00 6B          Length=13           D1 S6F12    SYSBYTE=107
                        21 01 00 
03-31 11:55:53.129 RECD 00 01 86 0B 00 00 00 00 00 6C          Length=53           D1 S6F11W   SYSBYTE=108 S6F11
                        01 03 B1 04 00 00 00 00 A9 02 00 CD 01 01 01 02 A9 02 00 1C 
                        01 02 41 06 4F 48 54 35 30 38 01 01 41 09 42 48 46 30 30 35 
                        5F 42 36 
03-31 11:55:53.137 SEND 00 01 06 0C 00 00 00 00 00 6C          Length=13           D1 S6F12    SYSBYTE=108
                        21 01 00 
03-31 11:56:14.720 RECD 00 01 86 0B 00 00 00 00 00 6D          Length=53           D1 S6F11W   SYSBYTE=109 S6F11
                        01 03 B1 04 00 00 00 00 A9 02 00 C9 01 01 01 02 A9 02 00 18 
                        01 02 41 06 4F 48 54 35 30 38 01 01 41 09 42 44 42 30 30 31 
                        5F 42 31 
03-31 11:56:14.731 SEND 00 01 06 0C 00 00 00 00 00 6D          Length=13           D1 S6F12    SYSBYTE=109
                        21 01 00 
03-31 11:56:44.825 RECD 00 01 86 0B 00 00 00 00 00 6E          Length=55           D1 S6F11W   SYSBYTE=110 S6F11
                        01 03 B1 04 00 00 00 00 A9 02 00 D2 01 01 01 02 A9 02 00 21 
                        01 02 41 06 4F 48 54 35 30 38 41 0D 50 72 65 6D 6F 76 65 43 
                        6D 64 30 30 31 
03-31 11:56:44.833 SEND 00 01 06 0C 00 00 00 00 00 6E          Length=13           D1 S6F12    SYSBYTE=110
                        21 01 00 
03-31 11:56:44.857 RECD 00 01 86 0B 00 00 00 00 00 6F          Length=111          D1 S6F11W   SYSBYTE=111 S6F11
                        01 03 B1 04 00 00 00 00 A9 02 00 6B 01 01 01 02 A9 02 00 11 
                        01 03 01 03 41 0D 50 72 65 6D 6F 76 65 43 6D 64 30 30 31 A9 
                        02 00 0A A9 02 00 00 A9 02 00 01 01 01 01 02 01 03 41 0A 43 
                        61 72 72 69 65 72 30 30 31 41 09 42 48 46 30 30 35 5F 42 36 
                        41 09 42 44 42 30 30 31 5F 42 31 41 08 4F 48 54 35 30 38 5F 
                        31 
03-31 11:56:44.866 SEND 00 01 06 0C 00 00 00 00 00 6F          Length=13           D1 S6F12    SYSBYTE=111
                        21 01 00 
03-31 11:57:13.424 SEND 00 01 82 31 00 00 00 00 00 24          Length=301          D1 S2F49W   SYSBYTE=36
                        01 04 B1 04 00 00 00 00 41 00 41 0C 54 52 41 4E 53 46 45 52 
                        5F 45 58 34 01 03 01 02 41 0B 43 4F 4D 4D 41 4E 44 49 4E 46 
                        4F 01 03 01 02 41 09 43 4F 4D 4D 41 4E 44 49 44 41 0D 50 72 
                        65 6D 6F 76 65 43 6D 64 30 30 32 01 02 41 08 50 52 49 4F 52 
                        49 54 59 A9 02 00 0A 01 02 41 07 52 45 50 4C 41 43 45 A9 02 
                        00 00 01 02 41 0C 54 52 41 4E 53 46 45 52 49 4E 46 4F 01 03 
                        01 02 41 09 43 41 52 52 49 45 52 49 44 41 0A 43 61 72 72 69 
                        65 72 30 30 31 01 02 41 0A 53 4F 55 52 43 45 50 4F 52 54 41 
                        08 4F 48 54 35 30 38 5F 31 01 02 41 08 44 45 53 54 50 4F 52 
                        54 41 11 53 31 47 53 35 30 31 41 5F 4F 55 54 32 31 2E 4C 50 
                        01 02 41 0C 44 45 4C 49 56 45 52 59 49 4E 46 4F 01 03 01 02 
                        41 0C 44 45 4C 49 56 45 52 59 54 59 50 45 41 00 01 02 41 14 
                        45 58 50 45 43 54 45 44 44 45 4C 49 56 45 52 59 54 49 4D 45 
                        A9 02 00 00 01 02 41 13 44 45 4C 49 56 45 52 59 57 41 49 54 
                        54 49 4D 45 4F 55 54 A9 02 00 00 
03-31 11:57:13.472 WARN RECEIVE UNKNOWN MESSAGE FOR D1 S2F50    SYSBYTE=36 (ERR_DISPATCHER_UnrecognizedFunction)
03-31 11:57:13.479 RECD 00 01 02 32 00 00 00 00 00 24          Length=17           D1 S2F50    SYSBYTE=36
                        01 02 21 01 04 01 00 
03-31 11:57:13.963 RECD 00 01 86 0B 00 00 00 00 00 70          Length=47           D1 S6F11W   SYSBYTE=112 S6F11
                        01 03 B1 04 00 00 00 00 A9 02 00 6C 01 01 01 02 A9 02 00 12 
                        01 01 41 0D 50 72 65 6D 6F 76 65 43 6D 64 30 30 32 
03-31 11:57:13.970 SEND 00 01 06 0C 00 00 00 00 00 70          Length=13           D1 S6F12    SYSBYTE=112
                        21 01 00 
03-31 11:57:13.982 RECD 00 01 86 0B 00 00 00 00 00 71          Length=55           D1 S6F11W   SYSBYTE=113 S6F11
                        01 03 B1 04 00 00 00 00 A9 02 00 CC 01 01 01 02 A9 02 00 1B 
                        01 02 41 06 4F 48 54 35 30 38 41 0D 50 72 65 6D 6F 76 65 43 
                        6D 64 30 30 32 
03-31 11:57:13.989 SEND 00 01 06 0C 00 00 00 00 00 71          Length=13           D1 S6F12    SYSBYTE=113
                        21 01 00 
03-31 11:57:13.998 RECD 00 01 86 0B 00 00 00 00 00 72          Length=47           D1 S6F11W   SYSBYTE=114 S6F11
                        01 03 B1 04 00 00 00 00 A9 02 00 6F 01 01 01 02 A9 02 00 15 
                        01 01 41 0D 50 72 65 6D 6F 76 65 43 6D 64 30 30 32 
03-31 11:57:14.005 SEND 00 01 06 0C 00 00 00 00 00 72          Length=13           D1 S6F12    SYSBYTE=114
                        21 01 00 
03-31 11:57:14.028 RECD 00 01 86 0B 00 00 00 00 00 73          Length=53           D1 S6F11W   SYSBYTE=115 S6F11
                        01 03 B1 04 00 00 00 00 A9 02 00 CD 01 01 01 02 A9 02 00 1C 
                        01 02 41 06 4F 48 54 35 30 38 01 01 41 09 42 48 46 30 30 35 
                        5F 42 36 
03-31 11:57:14.035 SEND 00 01 06 0C 00 00 00 00 00 73          Length=13           D1 S6F12    SYSBYTE=115
                        21 01 00 
03-31 11:57:32.087 RECD 00 01 86 0B 00 00 00 00 00 74          Length=61           D1 S6F11W   SYSBYTE=116 S6F11
                        01 03 B1 04 00 00 00 00 A9 02 00 C9 01 01 01 02 A9 02 00 18 
                        01 02 41 06 4F 48 54 35 30 38 01 01 41 11 53 31 47 53 35 30 
                        31 41 5F 4F 55 54 32 31 2E 4C 50 
03-31 11:57:32.095 SEND 00 01 06 0C 00 00 00 00 00 74          Length=13           D1 S6F12    SYSBYTE=116
                        21 01 00 
03-31 11:57:32.601 RECD 00 01 86 0B 00 00 00 00 00 75          Length=71           D1 S6F11W   SYSBYTE=117 S6F11
                        01 03 B1 04 00 00 00 00 A9 02 00 CE 01 01 01 02 A9 02 00 1D 
                        01 03 41 06 4F 48 54 35 30 38 41 11 53 31 47 53 35 30 31 41 
                        5F 4F 55 54 32 31 2E 4C 50 41 0A 43 61 72 72 69 65 72 30 30 
                        31 
03-31 11:57:32.608 SEND 00 01 06 0C 00 00 00 00 00 75          Length=13           D1 S6F12    SYSBYTE=117
                        21 01 00 
03-31 11:57:34.627 RECD 00 01 86 0B 00 00 00 00 00 76          Length=86           D1 S6F11W   SYSBYTE=118 S6F11
                        01 03 B1 04 00 00 00 00 A9 02 00 98 01 01 01 02 A9 02 00 17 
                        01 04 41 06 4F 48 54 35 30 38 41 0A 43 61 72 72 69 65 72 30 
                        30 31 41 11 53 31 47 53 35 30 31 41 5F 4F 55 54 32 31 2E 4C 
                        50 41 0D 50 72 65 6D 6F 76 65 43 6D 64 30 30 32 
03-31 11:57:34.653 RECD 00 01 86 0B 00 00 00 00 00 77          Length=71           D1 S6F11W   SYSBYTE=119 S6F11
                        01 03 B1 04 00 00 00 00 A9 02 00 CF 01 01 01 02 A9 02 00 1E 
                        01 03 41 06 4F 48 54 35 30 38 41 11 53 31 47 53 35 30 31 41 
                        5F 4F 55 54 32 31 2E 4C 50 41 0A 43 61 72 72 69 65 72 30 30 
                        31 
03-31 11:57:34.667 SEND 00 01 06 0C 00 00 00 00 00 76          Length=13           D1 S6F12    SYSBYTE=118
                        21 01 00 
03-31 11:57:34.679 RECD 00 01 86 0B 00 00 00 00 00 78          Length=55           D1 S6F11W   SYSBYTE=120 S6F11
                        01 03 B1 04 00 00 00 00 A9 02 00 D2 01 01 01 02 A9 02 00 21 
                        01 02 41 06 4F 48 54 35 30 38 41 0D 50 72 65 6D 6F 76 65 43 
                        6D 64 30 30 32 
03-31 11:57:34.690 SEND 00 01 06 0C 00 00 00 00 00 77          Length=13           D1 S6F12    SYSBYTE=119
                        21 01 00 
03-31 11:57:34.717 RECD 00 01 86 0B 00 00 00 00 00 79          Length=128          D1 S6F11W   SYSBYTE=121 S6F11
                        01 03 B1 04 00 00 00 00 A9 02 00 6B 01 01 01 02 A9 02 00 11 
                        01 03 01 03 41 0D 50 72 65 6D 6F 76 65 43 6D 64 30 30 32 A9 
                        02 00 0A A9 02 00 00 A9 02 00 00 01 01 01 02 01 03 41 0A 43 
                        61 72 72 69 65 72 30 30 31 41 09 42 48 46 30 30 35 5F 42 36 
                        41 11 53 31 47 53 35 30 31 41 5F 4F 55 54 32 31 2E 4C 50 41 
                        11 53 31 47 53 35 30 31 41 5F 4F 55 54 32 31 2E 4C 50 
03-31 11:57:34.729 SEND 00 01 06 0C 00 00 00 00 00 78          Length=13           D1 S6F12    SYSBYTE=120
                        21 01 00 
03-31 11:57:34.738 SEND 00 01 06 0C 00 00 00 00 00 79          Length=13           D1 S6F12    SYSBYTE=121
                        21 01 00 
03-31 11:58:18.661 SEND 00 01 82 31 00 00 00 00 00 25          Length=301          D1 S2F49W   SYSBYTE=37
                        01 04 B1 04 00 00 00 00 41 00 41 0C 54 52 41 4E 53 46 45 52 
                        5F 45 58 34 01 03 01 02 41 0B 43 4F 4D 4D 41 4E 44 49 4E 46 
                        4F 01 03 01 02 41 09 43 4F 4D 4D 41 4E 44 49 44 41 0D 50 72 
                        65 6D 6F 76 65 43 6D 64 30 30 31 01 02 41 08 50 52 49 4F 52 
                        49 54 59 A9 02 00 0A 01 02 41 07 52 45 50 4C 41 43 45 A9 02 
                        00 00 01 02 41 0C 54 52 41 4E 53 46 45 52 49 4E 46 4F 01 03 
                        01 02 41 09 43 41 52 52 49 45 52 49 44 41 0A 43 61 72 72 69 
                        65 72 30 30 31 01 02 41 0A 53 4F 55 52 43 45 50 4F 52 54 41 
                        09 42 48 46 30 30 35 5F 42 36 01 02 41 08 44 45 53 54 50 4F 
                        52 54 41 09 42 44 42 30 30 31 5F 42 31 01 02 41 0C 44 45 4C 
                        49 56 45 52 59 49 4E 46 4F 01 03 01 02 41 0C 44 45 4C 49 56 
                        45 52 59 54 59 50 45 41 07 50 52 45 4D 4F 56 45 01 02 41 14 
                        45 58 50 45 43 54 45 44 44 45 4C 49 56 45 52 59 54 49 4D 45 
                        A9 02 00 00 01 02 41 13 44 45 4C 49 56 45 52 59 57 41 49 54 
                        54 49 4D 45 4F 55 54 A9 02 00 1E 
03-31 11:58:18.701 WARN RECEIVE UNKNOWN MESSAGE FOR D1 S2F50    SYSBYTE=37 (ERR_DISPATCHER_UnrecognizedFunction)
03-31 11:58:18.707 RECD 00 01 02 32 00 00 00 00 00 25          Length=17           D1 S2F50    SYSBYTE=37
                        01 02 21 01 04 01 00 
03-31 11:58:19.820 RECD 00 01 86 0B 00 00 00 00 00 7A          Length=47           D1 S6F11W   SYSBYTE=122 S6F11
                        01 03 B1 04 00 00 00 00 A9 02 00 6C 01 01 01 02 A9 02 00 12 
                        01 01 41 0D 50 72 65 6D 6F 76 65 43 6D 64 30 30 31 
03-31 11:58:19.827 RECD 00 01 86 0B 00 00 00 00 00 7B          Length=55           D1 S6F11W   SYSBYTE=123 S6F11
                        01 03 B1 04 00 00 00 00 A9 02 00 CC 01 01 01 02 A9 02 00 1B 
                        01 02 41 06 4F 48 54 35 30 38 41 0D 50 72 65 6D 6F 76 65 43 
                        6D 64 30 30 31 
03-31 11:58:19.833 SEND 00 01 06 0C 00 00 00 00 00 7A          Length=13           D1 S6F12    SYSBYTE=122
                        21 01 00 
03-31 11:58:19.839 SEND 00 01 06 0C 00 00 00 00 00 7B          Length=13           D1 S6F12    SYSBYTE=123
                        21 01 00 
03-31 11:58:24.858 RECD 00 01 86 0B 00 00 00 00 00 7C          Length=53           D1 S6F11W   SYSBYTE=124 S6F11
                        01 03 B1 04 00 00 00 00 A9 02 00 C9 01 01 01 02 A9 02 00 18 
                        01 02 41 06 4F 48 54 35 30 38 01 01 41 09 42 48 46 30 30 35 
                        5F 42 36 
03-31 11:58:24.866 SEND 00 01 06 0C 00 00 00 00 00 7C          Length=13           D1 S6F12    SYSBYTE=124
                        21 01 00 
03-31 11:58:25.391 RECD 00 01 86 0B 00 00 00 00 00 7D          Length=47           D1 S6F11W   SYSBYTE=125 S6F11
                        01 03 B1 04 00 00 00 00 A9 02 00 6F 01 01 01 02 A9 02 00 15 
                        01 01 41 0D 50 72 65 6D 6F 76 65 43 6D 64 30 30 31 
03-31 11:58:25.400 SEND 00 01 06 0C 00 00 00 00 00 7D          Length=13           D1 S6F12    SYSBYTE=125
                        21 01 00 
03-31 11:58:25.411 RECD 00 01 86 0B 00 00 00 00 00 7E          Length=63           D1 S6F11W   SYSBYTE=126 S6F11
                        01 03 B1 04 00 00 00 00 A9 02 00 CA 01 01 01 02 A9 02 00 19 
                        01 03 41 06 4F 48 54 35 30 38 41 09 42 48 46 30 30 35 5F 42 
                        36 41 0A 43 61 72 72 69 65 72 30 30 31 
03-31 11:58:25.418 SEND 00 01 06 0C 00 00 00 00 00 7E          Length=13           D1 S6F12    SYSBYTE=126
                        21 01 00 
03-31 11:58:27.421 RECD 00 01 86 0B 00 00 00 00 00 7F          Length=81           D1 S6F11W   SYSBYTE=127 S6F11
                        01 03 B1 04 00 00 00 00 A9 02 00 97 01 01 01 02 A9 02 00 16 
                        01 05 41 06 4F 48 54 35 30 38 41 0A 43 61 72 72 69 65 72 30 
                        30 31 41 08 4F 48 54 35 30 38 5F 31 41 0D 50 72 65 6D 6F 76 
                        65 43 6D 64 30 30 31 A9 02 00 64 
03-31 11:58:27.436 RECD 00 01 86 0B 00 00 00 00 00 80          Length=63           D1 S6F11W   SYSBYTE=128 S6F11
                        01 03 B1 04 00 00 00 00 A9 02 00 CB 01 01 01 02 A9 02 00 1A 
                        01 03 41 06 4F 48 54 35 30 38 41 09 42 48 46 30 30 35 5F 42 
                        36 41 0A 43 61 72 72 69 65 72 30 30 31 
03-31 11:58:27.445 SEND 00 01 06 0C 00 00 00 00 00 7F          Length=13           D1 S6F12    SYSBYTE=127
                        21 01 00 
03-31 11:58:27.482 RECD 00 01 86 0B 00 00 00 00 00 81          Length=53           D1 S6F11W   SYSBYTE=129 S6F11
                        01 03 B1 04 00 00 00 00 A9 02 00 CD 01 01 01 02 A9 02 00 1C 
                        01 02 41 06 4F 48 54 35 30 38 01 01 41 09 42 48 46 30 30 35 
                        5F 42 36 
03-31 11:58:27.492 SEND 00 01 06 0C 00 00 00 00 00 80          Length=13           D1 S6F12    SYSBYTE=128
                        21 01 00 
03-31 11:58:27.500 SEND 00 01 06 0C 00 00 00 00 00 81          Length=13           D1 S6F12    SYSBYTE=129
                        21 01 00 
03-31 11:58:32.460 RECD 00 01 86 0B 00 00 00 00 00 82          Length=53           D1 S6F11W   SYSBYTE=130 S6F11
                        01 03 B1 04 00 00 00 00 A9 02 00 C9 01 01 01 02 A9 02 00 18 
                        01 02 41 06 4F 48 54 35 30 38 01 01 41 09 42 44 42 30 30 31 
                        5F 42 31 
03-31 11:58:32.468 SEND 00 01 06 0C 00 00 00 00 00 82          Length=13           D1 S6F12    SYSBYTE=130
                        21 01 00 
03-31 11:59:02.578 RECD 00 01 86 0B 00 00 00 00 00 83          Length=55           D1 S6F11W   SYSBYTE=131 S6F11
                        01 03 B1 04 00 00 00 00 A9 02 00 D2 01 01 01 02 A9 02 00 21 
                        01 02 41 06 4F 48 54 35 30 38 41 0D 50 72 65 6D 6F 76 65 43 
                        6D 64 30 30 31 
03-31 11:59:02.585 RECD 00 01 86 0B 00 00 00 00 00 84          Length=111          D1 S6F11W   SYSBYTE=132 S6F11
                        01 03 B1 04 00 00 00 00 A9 02 00 6B 01 01 01 02 A9 02 00 11 
                        01 03 01 03 41 0D 50 72 65 6D 6F 76 65 43 6D 64 30 30 31 A9 
                        02 00 0A A9 02 00 00 A9 02 00 01 01 01 01 02 01 03 41 0A 43 
                        61 72 72 69 65 72 30 30 31 41 09 42 48 46 30 30 35 5F 42 36 
                        41 09 42 44 42 30 30 31 5F 42 31 41 08 4F 48 54 35 30 38 5F 
                        31 
03-31 11:59:02.594 SEND 00 01 06 0C 00 00 00 00 00 83          Length=13           D1 S6F12    SYSBYTE=131
                        21 01 00 
03-31 11:59:02.600 SEND 00 01 06 0C 00 00 00 00 00 84          Length=13           D1 S6F12    SYSBYTE=132
                        21 01 00 
03-31 11:59:24.742 SEND 00 01 82 31 00 00 00 00 00 26          Length=293          D1 S2F49W   SYSBYTE=38
                        01 04 B1 04 00 00 00 00 41 00 41 0C 54 52 41 4E 53 46 45 52 
                        5F 45 58 34 01 03 01 02 41 0B 43 4F 4D 4D 41 4E 44 49 4E 46 
                        4F 01 03 01 02 41 09 43 4F 4D 4D 41 4E 44 49 44 41 0D 50 72 
                        65 6D 6F 76 65 43 6D 64 30 30 32 01 02 41 08 50 52 49 4F 52 
                        49 54 59 A9 02 00 0A 01 02 41 07 52 45 50 4C 41 43 45 A9 02 
                        00 00 01 02 41 0C 54 52 41 4E 53 46 45 52 49 4E 46 4F 01 03 
                        01 02 41 09 43 41 52 52 49 45 52 49 44 41 0A 43 61 72 72 69 
                        65 72 30 30 31 01 02 41 0A 53 4F 55 52 43 45 50 4F 52 54 41 
                        08 4F 48 54 35 30 38 5F 31 01 02 41 08 44 45 53 54 50 4F 52 
                        54 41 09 42 44 42 30 30 31 5F 42 31 01 02 41 0C 44 45 4C 49 
                        56 45 52 59 49 4E 46 4F 01 03 01 02 41 0C 44 45 4C 49 56 45 
                        52 59 54 59 50 45 41 00 01 02 41 14 45 58 50 45 43 54 45 44 
                        44 45 4C 49 56 45 52 59 54 49 4D 45 A9 02 00 00 01 02 41 13 
                        44 45 4C 49 56 45 52 59 57 41 49 54 54 49 4D 45 4F 55 54 A9 
                        02 00 00 
03-31 11:59:24.827 WARN RECEIVE UNKNOWN MESSAGE FOR D1 S2F50    SYSBYTE=38 (ERR_DISPATCHER_UnrecognizedFunction)
03-31 11:59:24.834 RECD 00 01 02 32 00 00 00 00 00 26          Length=17           D1 S2F50    SYSBYTE=38
                        01 02 21 01 04 01 00 
03-31 11:59:25.176 RECD 00 01 86 0B 00 00 00 00 00 85          Length=47           D1 S6F11W   SYSBYTE=133 S6F11
                        01 03 B1 04 00 00 00 00 A9 02 00 6C 01 01 01 02 A9 02 00 12 
                        01 01 41 0D 50 72 65 6D 6F 76 65 43 6D 64 30 30 32 
03-31 11:59:25.183 SEND 00 01 06 0C 00 00 00 00 00 85          Length=13           D1 S6F12    SYSBYTE=133
                        21 01 00 
03-31 11:59:25.193 RECD 00 01 86 0B 00 00 00 00 00 86          Length=55           D1 S6F11W   SYSBYTE=134 S6F11
                        01 03 B1 04 00 00 00 00 A9 02 00 CC 01 01 01 02 A9 02 00 1B 
                        01 02 41 06 4F 48 54 35 30 38 41 0D 50 72 65 6D 6F 76 65 43 
                        6D 64 30 30 32 
03-31 11:59:25.200 SEND 00 01 06 0C 00 00 00 00 00 86          Length=13           D1 S6F12    SYSBYTE=134
                        21 01 00 
03-31 11:59:25.212 RECD 00 01 86 0B 00 00 00 00 00 87          Length=47           D1 S6F11W   SYSBYTE=135 S6F11
                        01 03 B1 04 00 00 00 00 A9 02 00 6F 01 01 01 02 A9 02 00 15 
                        01 01 41 0D 50 72 65 6D 6F 76 65 43 6D 64 30 30 32 
03-31 11:59:25.221 SEND 00 01 06 0C 00 00 00 00 00 87          Length=13           D1 S6F12    SYSBYTE=135
                        21 01 00 
03-31 11:59:25.239 RECD 00 01 86 0B 00 00 00 00 00 88          Length=53           D1 S6F11W   SYSBYTE=136 S6F11
                        01 03 B1 04 00 00 00 00 A9 02 00 CD 01 01 01 02 A9 02 00 1C 
                        01 02 41 06 4F 48 54 35 30 38 01 01 41 09 42 48 46 30 30 35 
                        5F 42 36 
03-31 11:59:25.246 SEND 00 01 06 0C 00 00 00 00 00 88          Length=13           D1 S6F12    SYSBYTE=136
                        21 01 00 
03-31 11:59:25.715 RECD 00 01 86 0B 00 00 00 00 00 89          Length=63           D1 S6F11W   SYSBYTE=137 S6F11
                        01 03 B1 04 00 00 00 00 A9 02 00 CE 01 01 01 02 A9 02 00 1D 
                        01 03 41 06 4F 48 54 35 30 38 41 09 42 44 42 30 30 31 5F 42 
                        31 41 0A 43 61 72 72 69 65 72 30 30 31 
03-31 11:59:25.725 SEND 00 01 06 0C 00 00 00 00 00 89          Length=13           D1 S6F12    SYSBYTE=137
                        21 01 00 
03-31 11:59:27.733 RECD 00 01 86 0B 00 00 00 00 00 8A          Length=78           D1 S6F11W   SYSBYTE=138 S6F11
                        01 03 B1 04 00 00 00 00 A9 02 00 98 01 01 01 02 A9 02 00 17 
                        01 04 41 06 4F 48 54 35 30 38 41 0A 43 61 72 72 69 65 72 30 
                        30 31 41 09 42 44 42 30 30 31 5F 42 31 41 0D 50 72 65 6D 6F 
                        76 65 43 6D 64 30 30 32 
03-31 11:59:27.742 SEND 00 01 06 0C 00 00 00 00 00 8A          Length=13           D1 S6F12    SYSBYTE=138
                        21 01 00 
03-31 11:59:27.753 RECD 00 01 86 0B 00 00 00 00 00 8B          Length=63           D1 S6F11W   SYSBYTE=139 S6F11
                        01 03 B1 04 00 00 00 00 A9 02 00 CF 01 01 01 02 A9 02 00 1E 
                        01 03 41 06 4F 48 54 35 30 38 41 09 42 44 42 30 30 31 5F 42 
                        31 41 0A 43 61 72 72 69 65 72 30 30 31 
03-31 11:59:27.761 RECD 00 01 86 0B 00 00 00 00 00 8C          Length=55           D1 S6F11W   SYSBYTE=140 S6F11
                        01 03 B1 04 00 00 00 00 A9 02 00 D2 01 01 01 02 A9 02 00 21 
                        01 02 41 06 4F 48 54 35 30 38 41 0D 50 72 65 6D 6F 76 65 43 
                        6D 64 30 30 32 
03-31 11:59:27.770 SEND 00 01 06 0C 00 00 00 00 00 8B          Length=13           D1 S6F12    SYSBYTE=139
                        21 01 00 
03-31 11:59:27.777 SEND 00 01 06 0C 00 00 00 00 00 8C          Length=13           D1 S6F12    SYSBYTE=140
                        21 01 00 
03-31 11:59:27.785 RECD 00 01 86 0B 00 00 00 00 00 8D          Length=112          D1 S6F11W   SYSBYTE=141 S6F11
                        01 03 B1 04 00 00 00 00 A9 02 00 6B 01 01 01 02 A9 02 00 11 
                        01 03 01 03 41 0D 50 72 65 6D 6F 76 65 43 6D 64 30 30 32 A9 
                        02 00 0A A9 02 00 00 A9 02 00 00 01 01 01 02 01 03 41 0A 43 
                        61 72 72 69 65 72 30 30 31 41 09 42 48 46 30 30 35 5F 42 36 
                        41 09 42 44 42 30 30 31 5F 42 31 41 09 42 44 42 30 30 31 5F 
                        42 31 
03-31 11:59:27.791 SEND 00 01 06 0C 00 00 00 00 00 8D          Length=13           D1 S6F12    SYSBYTE=141
                        21 01 00 
03-31 12:01:27.765 INFO RECEIVE MESSAGE COUNT 70
