03-31 12:01:27.766 INFO MCS 3.0.18
03-31 12:01:27.766 SEND FF FF 00 00 00 05 7F 00 00 20          Length=10           Linktest.req
03-31 12:01:27.780 RECD FF FF 00 00 00 06 7F 00 00 20          Length=10           Linktest.rsp
03-31 12:03:27.783 SEND FF FF 00 00 00 05 7F 00 00 21          Length=10           Linktest.req
03-31 12:03:27.789 RECD FF FF 00 00 00 05 7F 00 00 1D          Length=10           Linktest.req
03-31 12:03:27.793 SEND FF FF 00 00 00 06 7F 00 00 1D          Length=10           Linktest.rsp
03-31 12:03:27.797 RECD FF FF 00 00 00 06 7F 00 00 21          Length=10           Linktest.rsp
03-31 12:04:37.106 SEND 00 01 82 31 00 00 00 00 00 27          Length=301          D1 S2F49W   SYSBYTE=39
                        01 04 B1 04 00 00 00 00 41 00 41 0C 54 52 41 4E 53 46 45 52 
                        5F 45 58 34 01 03 01 02 41 0B 43 4F 4D 4D 41 4E 44 49 4E 46 
                        4F 01 03 01 02 41 09 43 4F 4D 4D 41 4E 44 49 44 41 0D 50 72 
                        65 6D 6F 76 65 43 6D 64 30 30 31 01 02 41 08 50 52 49 4F 52 
                        49 54 59 A9 02 00 0A 01 02 41 07 52 45 50 4C 41 43 45 A9 02 
                        00 00 01 02 41 0C 54 52 41 4E 53 46 45 52 49 4E 46 4F 01 03 
                        01 02 41 09 43 41 52 52 49 45 52 49 44 41 0A 43 61 72 72 69 
                        65 72 30 30 31 01 02 41 0A 53 4F 55 52 43 45 50 4F 52 54 41 
                        09 42 48 46 30 30 35 5F 42 36 01 02 41 08 44 45 53 54 50 4F 
                        52 54 41 09 42 44 42 30 30 31 5F 42 31 01 02 41 0C 44 45 4C 
                        49 56 45 52 59 49 4E 46 4F 01 03 01 02 41 0C 44 45 4C 49 56 
                        45 52 59 54 59 50 45 41 07 50 52 45 4D 4F 56 45 01 02 41 14 
                        45 58 50 45 43 54 45 44 44 45 4C 49 56 45 52 59 54 49 4D 45 
                        A9 02 00 00 01 02 41 13 44 45 4C 49 56 45 52 59 57 41 49 54 
                        54 49 4D 45 4F 55 54 A9 02 00 00 
03-31 12:04:37.172 WARN RECEIVE UNKNOWN MESSAGE FOR D1 S2F50    SYSBYTE=39 (ERR_DISPATCHER_UnrecognizedFunction)
03-31 12:04:37.179 RECD 00 01 02 32 00 00 00 00 00 27          Length=17           D1 S2F50    SYSBYTE=39
                        01 02 21 01 04 01 00 
03-31 12:04:38.873 RECD 00 01 86 0B 00 00 00 00 00 8E          Length=47           D1 S6F11W   SYSBYTE=142 S6F11
                        01 03 B1 04 00 00 00 00 A9 02 00 6C 01 01 01 02 A9 02 00 12 
                        01 01 41 0D 50 72 65 6D 6F 76 65 43 6D 64 30 30 31 
03-31 12:04:38.883 RECD 00 01 86 0B 00 00 00 00 00 8F          Length=55           D1 S6F11W   SYSBYTE=143 S6F11
                        01 03 B1 04 00 00 00 00 A9 02 00 CC 01 01 01 02 A9 02 00 1B 
                        01 02 41 06 4F 48 54 35 30 38 41 0D 50 72 65 6D 6F 76 65 43 
                        6D 64 30 30 31 
03-31 12:04:38.893 SEND 00 01 06 0C 00 00 00 00 00 8E          Length=13           D1 S6F12    SYSBYTE=142
                        21 01 00 
03-31 12:04:38.903 SEND 00 01 06 0C 00 00 00 00 00 8F          Length=13           D1 S6F12    SYSBYTE=143
                        21 01 00 
03-31 12:04:46.918 RECD 00 01 86 0B 00 00 00 00 00 90          Length=53           D1 S6F11W   SYSBYTE=144 S6F11
                        01 03 B1 04 00 00 00 00 A9 02 00 C9 01 01 01 02 A9 02 00 18 
                        01 02 41 06 4F 48 54 35 30 38 01 01 41 09 42 48 46 30 30 35 
                        5F 42 36 
03-31 12:04:46.925 SEND 00 01 06 0C 00 00 00 00 00 90          Length=13           D1 S6F12    SYSBYTE=144
                        21 01 00 
03-31 12:04:47.441 RECD 00 01 86 0B 00 00 00 00 00 91          Length=47           D1 S6F11W   SYSBYTE=145 S6F11
                        01 03 B1 04 00 00 00 00 A9 02 00 6F 01 01 01 02 A9 02 00 15 
                        01 01 41 0D 50 72 65 6D 6F 76 65 43 6D 64 30 30 31 
03-31 12:04:47.453 RECD 00 01 86 0B 00 00 00 00 00 92          Length=63           D1 S6F11W   SYSBYTE=146 S6F11
                        01 03 B1 04 00 00 00 00 A9 02 00 CA 01 01 01 02 A9 02 00 19 
                        01 03 41 06 4F 48 54 35 30 38 41 09 42 48 46 30 30 35 5F 42 
                        36 41 0A 43 61 72 72 69 65 72 30 30 31 
03-31 12:04:47.459 SEND 00 01 06 0C 00 00 00 00 00 91          Length=13           D1 S6F12    SYSBYTE=145
                        21 01 00 
03-31 12:04:47.467 SEND 00 01 06 0C 00 00 00 00 00 92          Length=13           D1 S6F12    SYSBYTE=146
                        21 01 00 
03-31 12:04:49.470 RECD 00 01 86 0B 00 00 00 00 00 93          Length=81           D1 S6F11W   SYSBYTE=147 S6F11
                        01 03 B1 04 00 00 00 00 A9 02 00 97 01 01 01 02 A9 02 00 16 
                        01 05 41 06 4F 48 54 35 30 38 41 0A 43 61 72 72 69 65 72 30 
                        30 31 41 08 4F 48 54 35 30 38 5F 31 41 0D 50 72 65 6D 6F 76 
                        65 43 6D 64 30 30 31 A9 02 00 64 
03-31 12:04:49.481 RECD 00 01 86 0B 00 00 00 00 00 94          Length=63           D1 S6F11W   SYSBYTE=148 S6F11
                        01 03 B1 04 00 00 00 00 A9 02 00 CB 01 01 01 02 A9 02 00 1A 
                        01 03 41 06 4F 48 54 35 30 38 41 09 42 48 46 30 30 35 5F 42 
                        36 41 0A 43 61 72 72 69 65 72 30 30 31 
03-31 12:04:49.499 SEND 00 01 06 0C 00 00 00 00 00 93          Length=13           D1 S6F12    SYSBYTE=147
                        21 01 00 
03-31 12:04:49.507 RECD 00 01 86 0B 00 00 00 00 00 95          Length=53           D1 S6F11W   SYSBYTE=149 S6F11
                        01 03 B1 04 00 00 00 00 A9 02 00 CD 01 01 01 02 A9 02 00 1C 
                        01 02 41 06 4F 48 54 35 30 38 01 01 41 09 42 48 46 30 30 35 
                        5F 42 36 
03-31 12:04:49.513 SEND 00 01 06 0C 00 00 00 00 00 94          Length=13           D1 S6F12    SYSBYTE=148
                        21 01 00 
03-31 12:04:49.520 SEND 00 01 06 0C 00 00 00 00 00 95          Length=13           D1 S6F12    SYSBYTE=149
                        21 01 00 
03-31 12:04:54.524 RECD 00 01 86 0B 00 00 00 00 00 96          Length=53           D1 S6F11W   SYSBYTE=150 S6F11
                        01 03 B1 04 00 00 00 00 A9 02 00 C9 01 01 01 02 A9 02 00 18 
                        01 02 41 06 4F 48 54 35 30 38 01 01 41 09 42 44 42 30 30 31 
                        5F 42 31 
03-31 12:04:54.533 SEND 00 01 06 0C 00 00 00 00 00 96          Length=13           D1 S6F12    SYSBYTE=150
                        21 01 00 
03-31 12:04:55.041 RECD 00 01 86 0B 00 00 00 00 00 97          Length=55           D1 S6F11W   SYSBYTE=151 S6F11
                        01 03 B1 04 00 00 00 00 A9 02 00 D2 01 01 01 02 A9 02 00 21 
                        01 02 41 06 4F 48 54 35 30 38 41 0D 50 72 65 6D 6F 76 65 43 
                        6D 64 30 30 31 
03-31 12:04:55.067 SEND 00 01 06 0C 00 00 00 00 00 97          Length=13           D1 S6F12    SYSBYTE=151
                        21 01 00 
03-31 12:04:55.074 RECD 00 01 86 0B 00 00 00 00 00 98          Length=111          D1 S6F11W   SYSBYTE=152 S6F11
                        01 03 B1 04 00 00 00 00 A9 02 00 6B 01 01 01 02 A9 02 00 11 
                        01 03 01 03 41 0D 50 72 65 6D 6F 76 65 43 6D 64 30 30 31 A9 
                        02 00 0A A9 02 00 00 A9 02 00 01 01 01 01 02 01 03 41 0A 43 
                        61 72 72 69 65 72 30 30 31 41 09 42 48 46 30 30 35 5F 42 36 
                        41 09 42 44 42 30 30 31 5F 42 31 41 08 4F 48 54 35 30 38 5F 
                        31 
03-31 12:04:55.081 SEND 00 01 06 0C 00 00 00 00 00 98          Length=13           D1 S6F12    SYSBYTE=152
                        21 01 00 
03-31 12:05:30.617 SEND 00 01 82 31 00 00 00 00 00 28          Length=301          D1 S2F49W   SYSBYTE=40
                        01 04 B1 04 00 00 00 00 41 00 41 0C 54 52 41 4E 53 46 45 52 
                        5F 45 58 34 01 03 01 02 41 0B 43 4F 4D 4D 41 4E 44 49 4E 46 
                        4F 01 03 01 02 41 09 43 4F 4D 4D 41 4E 44 49 44 41 0D 50 72 
                        65 6D 6F 76 65 43 6D 64 30 30 31 01 02 41 08 50 52 49 4F 52 
                        49 54 59 A9 02 00 0A 01 02 41 07 52 45 50 4C 41 43 45 A9 02 
                        00 00 01 02 41 0C 54 52 41 4E 53 46 45 52 49 4E 46 4F 01 03 
                        01 02 41 09 43 41 52 52 49 45 52 49 44 41 0A 43 61 72 72 69 
                        65 72 30 30 31 01 02 41 0A 53 4F 55 52 43 45 50 4F 52 54 41 
                        09 42 48 46 30 30 35 5F 42 36 01 02 41 08 44 45 53 54 50 4F 
                        52 54 41 09 42 44 42 30 30 31 5F 42 31 01 02 41 0C 44 45 4C 
                        49 56 45 52 59 49 4E 46 4F 01 03 01 02 41 0C 44 45 4C 49 56 
                        45 52 59 54 59 50 45 41 07 50 52 45 4D 4F 56 45 01 02 41 14 
                        45 58 50 45 43 54 45 44 44 45 4C 49 56 45 52 59 54 49 4D 45 
                        A9 02 00 00 01 02 41 13 44 45 4C 49 56 45 52 59 57 41 49 54 
                        54 49 4D 45 4F 55 54 A9 02 13 88 
03-31 12:05:30.651 WARN RECEIVE UNKNOWN MESSAGE FOR D1 S2F50    SYSBYTE=40 (ERR_DISPATCHER_UnrecognizedFunction)
03-31 12:05:30.658 RECD 00 01 02 32 00 00 00 00 00 28          Length=17           D1 S2F50    SYSBYTE=40
                        01 02 21 01 04 01 00 
03-31 12:05:32.197 RECD 00 01 86 0B 00 00 00 00 00 99          Length=47           D1 S6F11W   SYSBYTE=153 S6F11
                        01 03 B1 04 00 00 00 00 A9 02 00 6C 01 01 01 02 A9 02 00 12 
                        01 01 41 0D 50 72 65 6D 6F 76 65 43 6D 64 30 30 31 
03-31 12:05:32.210 RECD 00 01 86 0B 00 00 00 00 00 9A          Length=55           D1 S6F11W   SYSBYTE=154 S6F11
                        01 03 B1 04 00 00 00 00 A9 02 00 CC 01 01 01 02 A9 02 00 1B 
                        01 02 41 06 4F 48 54 35 30 38 41 0D 50 72 65 6D 6F 76 65 43 
                        6D 64 30 30 31 
03-31 12:05:32.222 SEND 00 01 06 0C 00 00 00 00 00 99          Length=13           D1 S6F12    SYSBYTE=153
                        21 01 00 
03-31 12:05:32.230 SEND 00 01 06 0C 00 00 00 00 00 9A          Length=13           D1 S6F12    SYSBYTE=154
                        21 01 00 
03-31 12:05:45.759 RECD 00 01 86 0B 00 00 00 00 00 9B          Length=53           D1 S6F11W   SYSBYTE=155 S6F11
                        01 03 B1 04 00 00 00 00 A9 02 00 C9 01 01 01 02 A9 02 00 18 
                        01 02 41 06 4F 48 54 35 30 38 01 01 41 09 42 48 46 30 30 35 
                        5F 42 36 
03-31 12:05:45.766 SEND 00 01 06 0C 00 00 00 00 00 9B          Length=13           D1 S6F12    SYSBYTE=155
                        21 01 00 
03-31 12:05:46.275 RECD 00 01 86 0B 00 00 00 00 00 9C          Length=47           D1 S6F11W   SYSBYTE=156 S6F11
                        01 03 B1 04 00 00 00 00 A9 02 00 6F 01 01 01 02 A9 02 00 15 
                        01 01 41 0D 50 72 65 6D 6F 76 65 43 6D 64 30 30 31 
03-31 12:05:46.284 SEND 00 01 06 0C 00 00 00 00 00 9C          Length=13           D1 S6F12    SYSBYTE=156
                        21 01 00 
03-31 12:05:46.292 RECD 00 01 86 0B 00 00 00 00 00 9D          Length=63           D1 S6F11W   SYSBYTE=157 S6F11
                        01 03 B1 04 00 00 00 00 A9 02 00 CA 01 01 01 02 A9 02 00 19 
                        01 03 41 06 4F 48 54 35 30 38 41 09 42 48 46 30 30 35 5F 42 
                        36 41 0A 43 61 72 72 69 65 72 30 30 31 
03-31 12:05:46.298 SEND 00 01 06 0C 00 00 00 00 00 9D          Length=13           D1 S6F12    SYSBYTE=157
                        21 01 00 
03-31 12:05:48.299 RECD 00 01 86 0B 00 00 00 00 00 9E          Length=81           D1 S6F11W   SYSBYTE=158 S6F11
                        01 03 B1 04 00 00 00 00 A9 02 00 97 01 01 01 02 A9 02 00 16 
                        01 05 41 06 4F 48 54 35 30 38 41 0A 43 61 72 72 69 65 72 30 
                        30 31 41 08 4F 48 54 35 30 38 5F 31 41 0D 50 72 65 6D 6F 76 
                        65 43 6D 64 30 30 31 A9 02 00 64 
03-31 12:05:48.327 SEND 00 01 06 0C 00 00 00 00 00 9E          Length=13           D1 S6F12    SYSBYTE=158
                        21 01 00 
03-31 12:05:48.340 RECD 00 01 86 0B 00 00 00 00 00 9F          Length=63           D1 S6F11W   SYSBYTE=159 S6F11
                        01 03 B1 04 00 00 00 00 A9 02 00 CB 01 01 01 02 A9 02 00 1A 
                        01 03 41 06 4F 48 54 35 30 38 41 09 42 48 46 30 30 35 5F 42 
                        36 41 0A 43 61 72 72 69 65 72 30 30 31 
03-31 12:05:48.351 RECD 00 01 86 0B 00 00 00 00 00 A0          Length=53           D1 S6F11W   SYSBYTE=160 S6F11
                        01 03 B1 04 00 00 00 00 A9 02 00 CD 01 01 01 02 A9 02 00 1C 
                        01 02 41 06 4F 48 54 35 30 38 01 01 41 09 42 48 46 30 30 35 
                        5F 42 36 
03-31 12:05:48.358 SEND 00 01 06 0C 00 00 00 00 00 9F          Length=13           D1 S6F12    SYSBYTE=159
                        21 01 00 
03-31 12:05:48.364 SEND 00 01 06 0C 00 00 00 00 00 A0          Length=13           D1 S6F12    SYSBYTE=160
                        21 01 00 
03-31 12:05:52.838 RECD 00 01 86 0B 00 00 00 00 00 A1          Length=53           D1 S6F11W   SYSBYTE=161 S6F11
                        01 03 B1 04 00 00 00 00 A9 02 00 C9 01 01 01 02 A9 02 00 18 
                        01 02 41 06 4F 48 54 35 30 38 01 01 41 09 42 44 42 30 30 31 
                        5F 42 31 
03-31 12:05:52.848 SEND 00 01 06 0C 00 00 00 00 00 A1          Length=13           D1 S6F12    SYSBYTE=161
                        21 01 00 
03-31 12:06:31.372 SEND 00 01 82 31 00 00 00 00 00 29          Length=294          D1 S2F49W   SYSBYTE=41
                        01 04 B1 04 00 00 00 00 41 00 41 0C 54 52 41 4E 53 46 45 52 
                        5F 45 58 34 01 03 01 02 41 0B 43 4F 4D 4D 41 4E 44 49 4E 46 
                        4F 01 03 01 02 41 09 43 4F 4D 4D 41 4E 44 49 44 41 0D 50 72 
                        65 6D 6F 76 65 43 6D 64 30 30 32 01 02 41 08 50 52 49 4F 52 
                        49 54 59 A9 02 00 0A 01 02 41 07 52 45 50 4C 41 43 45 A9 02 
                        00 00 01 02 41 0C 54 52 41 4E 53 46 45 52 49 4E 46 4F 01 03 
                        01 02 41 09 43 41 52 52 49 45 52 49 44 41 0A 43 61 72 72 69 
                        65 72 30 30 32 01 02 41 0A 53 4F 55 52 43 45 50 4F 52 54 41 
                        09 42 48 46 30 30 38 5F 42 36 01 02 41 08 44 45 53 54 50 4F 
                        52 54 41 09 42 44 42 30 30 31 5F 42 31 01 02 41 0C 44 45 4C 
                        49 56 45 52 59 49 4E 46 4F 01 03 01 02 41 0C 44 45 4C 49 56 
                        45 52 59 54 59 50 45 41 00 01 02 41 14 45 58 50 45 43 54 45 
                        44 44 45 4C 49 56 45 52 59 54 49 4D 45 A9 02 00 00 01 02 41 
                        13 44 45 4C 49 56 45 52 59 57 41 49 54 54 49 4D 45 4F 55 54 
                        A9 02 00 00 
03-31 12:06:31.424 WARN RECEIVE UNKNOWN MESSAGE FOR D1 S2F50    SYSBYTE=41 (ERR_DISPATCHER_UnrecognizedFunction)
03-31 12:06:31.431 RECD 00 01 02 32 00 00 00 00 00 29          Length=17           D1 S2F50    SYSBYTE=41
                        01 02 21 01 04 01 00 
03-31 12:06:33.506 RECD 00 01 86 0B 00 00 00 00 00 A2          Length=47           D1 S6F11W   SYSBYTE=162 S6F11
                        01 03 B1 04 00 00 00 00 A9 02 00 6C 01 01 01 02 A9 02 00 12 
                        01 01 41 0D 50 72 65 6D 6F 76 65 43 6D 64 30 30 32 
03-31 12:06:33.513 RECD 00 01 86 0B 00 00 00 00 00 A3          Length=55           D1 S6F11W   SYSBYTE=163 S6F11
                        01 03 B1 04 00 00 00 00 A9 02 00 CC 01 01 01 02 A9 02 00 1B 
                        01 02 41 06 4F 48 54 35 31 33 41 0D 50 72 65 6D 6F 76 65 43 
                        6D 64 30 30 32 
03-31 12:06:33.522 SEND 00 01 06 0C 00 00 00 00 00 A2          Length=13           D1 S6F12    SYSBYTE=162
                        21 01 00 
03-31 12:06:33.528 SEND 00 01 06 0C 00 00 00 00 00 A3          Length=13           D1 S6F12    SYSBYTE=163
                        21 01 00 
03-31 12:06:52.092 RECD 00 01 86 0B 00 00 00 00 00 A4          Length=53           D1 S6F11W   SYSBYTE=164 S6F11
                        01 03 B1 04 00 00 00 00 A9 02 00 C9 01 01 01 02 A9 02 00 18 
                        01 02 41 06 4F 48 54 35 31 33 01 01 41 09 42 48 46 30 30 38 
                        5F 42 36 
03-31 12:06:52.100 SEND 00 01 06 0C 00 00 00 00 00 A4          Length=13           D1 S6F12    SYSBYTE=164
                        21 01 00 
03-31 12:06:52.609 RECD 00 01 86 0B 00 00 00 00 00 A5          Length=47           D1 S6F11W   SYSBYTE=165 S6F11
                        01 03 B1 04 00 00 00 00 A9 02 00 6F 01 01 01 02 A9 02 00 15 
                        01 01 41 0D 50 72 65 6D 6F 76 65 43 6D 64 30 30 32 
03-31 12:06:52.619 RECD 00 01 86 0B 00 00 00 00 00 A6          Length=63           D1 S6F11W   SYSBYTE=166 S6F11
                        01 03 B1 04 00 00 00 00 A9 02 00 CA 01 01 01 02 A9 02 00 19 
                        01 03 41 06 4F 48 54 35 31 33 41 09 42 48 46 30 30 38 5F 42 
                        36 41 0A 43 61 72 72 69 65 72 30 30 32 
03-31 12:06:52.628 SEND 00 01 06 0C 00 00 00 00 00 A5          Length=13           D1 S6F12    SYSBYTE=165
                        21 01 00 
03-31 12:06:52.634 SEND 00 01 06 0C 00 00 00 00 00 A6          Length=13           D1 S6F12    SYSBYTE=166
                        21 01 00 
03-31 12:06:54.640 RECD 00 01 86 0B 00 00 00 00 00 A7          Length=81           D1 S6F11W   SYSBYTE=167 S6F11
                        01 03 B1 04 00 00 00 00 A9 02 00 97 01 01 01 02 A9 02 00 16 
                        01 05 41 06 4F 48 54 35 31 33 41 0A 43 61 72 72 69 65 72 30 
                        30 32 41 08 4F 48 54 35 31 33 5F 31 41 0D 50 72 65 6D 6F 76 
                        65 43 6D 64 30 30 32 A9 02 00 64 
03-31 12:06:54.647 SEND 00 01 06 0C 00 00 00 00 00 A7          Length=13           D1 S6F12    SYSBYTE=167
                        21 01 00 
03-31 12:06:54.657 RECD 00 01 86 0B 00 00 00 00 00 A8          Length=63           D1 S6F11W   SYSBYTE=168 S6F11
                        01 03 B1 04 00 00 00 00 A9 02 00 CB 01 01 01 02 A9 02 00 1A 
                        01 03 41 06 4F 48 54 35 31 33 41 09 42 48 46 30 30 38 5F 42 
                        36 41 0A 43 61 72 72 69 65 72 30 30 32 
03-31 12:06:54.664 RECD 00 01 86 0B 00 00 00 00 00 A9          Length=53           D1 S6F11W   SYSBYTE=169 S6F11
                        01 03 B1 04 00 00 00 00 A9 02 00 CD 01 01 01 02 A9 02 00 1C 
                        01 02 41 06 4F 48 54 35 31 33 01 01 41 09 42 48 46 30 30 38 
                        5F 42 36 
03-31 12:06:54.672 SEND 00 01 06 0C 00 00 00 00 00 A8          Length=13           D1 S6F12    SYSBYTE=168
                        21 01 00 
03-31 12:06:54.678 SEND 00 01 06 0C 00 00 00 00 00 A9          Length=13           D1 S6F12    SYSBYTE=169
                        21 01 00 
03-31 12:07:00.180 RECD 00 01 86 0B 00 00 00 00 00 AA          Length=53           D1 S6F11W   SYSBYTE=170 S6F11
                        01 03 B1 04 00 00 00 00 A9 02 00 C9 01 01 01 02 A9 02 00 18 
                        01 02 41 06 4F 48 54 35 31 33 01 01 41 09 42 44 42 30 30 31 
                        5F 42 31 
03-31 12:07:00.190 SEND 00 01 06 0C 00 00 00 00 00 AA          Length=13           D1 S6F12    SYSBYTE=170
                        21 01 00 
03-31 12:07:00.692 RECD 00 01 86 0B 00 00 00 00 00 AB          Length=63           D1 S6F11W   SYSBYTE=171 S6F11
                        01 03 B1 04 00 00 00 00 A9 02 00 CE 01 01 01 02 A9 02 00 1D 
                        01 03 41 06 4F 48 54 35 31 33 41 09 42 44 42 30 30 31 5F 42 
                        31 41 0A 43 61 72 72 69 65 72 30 30 32 
03-31 12:07:00.700 SEND 00 01 06 0C 00 00 00 00 00 AB          Length=13           D1 S6F12    SYSBYTE=171
                        21 01 00 
03-31 12:07:02.715 RECD 00 01 86 0B 00 00 00 00 00 AC          Length=78           D1 S6F11W   SYSBYTE=172 S6F11
                        01 03 B1 04 00 00 00 00 A9 02 00 98 01 01 01 02 A9 02 00 17 
                        01 04 41 06 4F 48 54 35 31 33 41 0A 43 61 72 72 69 65 72 30 
                        30 32 41 09 42 44 42 30 30 31 5F 42 31 41 0D 50 72 65 6D 6F 
                        76 65 43 6D 64 30 30 32 
03-31 12:07:02.725 RECD 00 01 86 0B 00 00 00 00 00 AD          Length=63           D1 S6F11W   SYSBYTE=173 S6F11
                        01 03 B1 04 00 00 00 00 A9 02 00 CF 01 01 01 02 A9 02 00 1E 
                        01 03 41 06 4F 48 54 35 31 33 41 09 42 44 42 30 30 31 5F 42 
                        31 41 0A 43 61 72 72 69 65 72 30 30 32 
03-31 12:07:02.738 SEND 00 01 06 0C 00 00 00 00 00 AC          Length=13           D1 S6F12    SYSBYTE=172
                        21 01 00 
03-31 12:07:02.743 RECD 00 01 86 0B 00 00 00 00 00 AE          Length=55           D1 S6F11W   SYSBYTE=174 S6F11
                        01 03 B1 04 00 00 00 00 A9 02 00 D2 01 01 01 02 A9 02 00 21 
                        01 02 41 06 4F 48 54 35 31 33 41 0D 50 72 65 6D 6F 76 65 43 
                        6D 64 30 30 32 
03-31 12:07:02.751 SEND 00 01 06 0C 00 00 00 00 00 AD          Length=13           D1 S6F12    SYSBYTE=173
                        21 01 00 
03-31 12:07:02.758 SEND 00 01 06 0C 00 00 00 00 00 AE          Length=13           D1 S6F12    SYSBYTE=174
                        21 01 00 
03-31 12:07:02.764 RECD 00 01 86 0B 00 00 00 00 00 AF          Length=112          D1 S6F11W   SYSBYTE=175 S6F11
                        01 03 B1 04 00 00 00 00 A9 02 00 6B 01 01 01 02 A9 02 00 11 
                        01 03 01 03 41 0D 50 72 65 6D 6F 76 65 43 6D 64 30 30 32 A9 
                        02 00 0A A9 02 00 00 A9 02 00 00 01 01 01 02 01 03 41 0A 43 
                        61 72 72 69 65 72 30 30 32 41 09 42 48 46 30 30 38 5F 42 36 
                        41 09 42 44 42 30 30 31 5F 42 31 41 09 42 44 42 30 30 31 5F 
                        42 31 
03-31 12:07:02.771 SEND 00 01 06 0C 00 00 00 00 00 AF          Length=13           D1 S6F12    SYSBYTE=175
                        21 01 00 
03-31 12:09:02.748 SEND FF FF 00 00 00 05 7F 00 00 22          Length=10           Linktest.req
03-31 12:09:02.754 RECD FF FF 00 00 00 06 7F 00 00 22          Length=10           Linktest.rsp
03-31 12:11:02.756 RECD FF FF 00 00 00 05 7F 00 00 1E          Length=10           Linktest.req
03-31 12:11:02.760 SEND FF FF 00 00 00 05 7F 00 00 23          Length=10           Linktest.req
03-31 12:11:02.765 SEND FF FF 00 00 00 06 7F 00 00 1E          Length=10           Linktest.rsp
03-31 12:11:02.768 RECD FF FF 00 00 00 06 7F 00 00 23          Length=10           Linktest.rsp
03-31 12:13:02.810 SEND FF FF 00 00 00 05 7F 00 00 24          Length=10           Linktest.req
03-31 12:13:02.815 RECD FF FF 00 00 00 05 7F 00 00 1F          Length=10           Linktest.req
03-31 12:13:02.821 RECD FF FF 00 00 00 06 7F 00 00 24          Length=10           Linktest.rsp
03-31 12:13:02.824 SEND FF FF 00 00 00 06 7F 00 00 1F          Length=10           Linktest.rsp
03-31 12:15:02.822 SEND FF FF 00 00 00 05 7F 00 00 25          Length=10           Linktest.req
03-31 12:15:02.829 RECD FF FF 00 00 00 06 7F 00 00 25          Length=10           Linktest.rsp
03-31 12:17:02.832 RECD FF FF 00 00 00 05 7F 00 00 20          Length=10           Linktest.req
03-31 12:17:02.836 SEND FF FF 00 00 00 06 7F 00 00 20          Length=10           Linktest.rsp
03-31 12:19:02.836 SEND FF FF 00 00 00 05 7F 00 00 26          Length=10           Linktest.req
03-31 12:19:02.842 RECD FF FF 00 00 00 06 7F 00 00 26          Length=10           Linktest.rsp
03-31 12:21:02.845 RECD FF FF 00 00 00 05 7F 00 00 21          Length=10           Linktest.req
03-31 12:21:02.849 SEND FF FF 00 00 00 06 7F 00 00 21          Length=10           Linktest.rsp
03-31 12:23:02.849 SEND FF FF 00 00 00 05 7F 00 00 27          Length=10           Linktest.req
03-31 12:23:02.854 RECD FF FF 00 00 00 06 7F 00 00 27          Length=10           Linktest.rsp
03-31 12:25:02.857 RECD FF FF 00 00 00 05 7F 00 00 22          Length=10           Linktest.req
03-31 12:25:02.861 SEND FF FF 00 00 00 06 7F 00 00 22          Length=10           Linktest.rsp
03-31 12:27:02.862 SEND FF FF 00 00 00 05 7F 00 00 28          Length=10           Linktest.req
03-31 12:27:02.868 RECD FF FF 00 00 00 06 7F 00 00 28          Length=10           Linktest.rsp
03-31 12:29:02.870 RECD FF FF 00 00 00 05 7F 00 00 23          Length=10           Linktest.req
03-31 12:29:02.873 SEND FF FF 00 00 00 06 7F 00 00 23          Length=10           Linktest.rsp
03-31 12:31:02.874 SEND FF FF 00 00 00 05 7F 00 00 29          Length=10           Linktest.req
03-31 12:31:02.880 RECD FF FF 00 00 00 06 7F 00 00 29          Length=10           Linktest.rsp
03-31 12:33:02.882 RECD FF FF 00 00 00 05 7F 00 00 24          Length=10           Linktest.req
03-31 12:33:02.886 SEND FF FF 00 00 00 06 7F 00 00 24          Length=10           Linktest.rsp
03-31 12:35:02.887 SEND FF FF 00 00 00 05 7F 00 00 2A          Length=10           Linktest.req
03-31 12:35:02.893 RECD FF FF 00 00 00 06 7F 00 00 2A          Length=10           Linktest.rsp
03-31 12:37:02.895 RECD FF FF 00 00 00 05 7F 00 00 25          Length=10           Linktest.req
03-31 12:37:02.899 SEND FF FF 00 00 00 06 7F 00 00 25          Length=10           Linktest.rsp
03-31 12:39:02.902 SEND FF FF 00 00 00 05 7F 00 00 2B          Length=10           Linktest.req
03-31 12:39:02.908 RECD FF FF 00 00 00 06 7F 00 00 2B          Length=10           Linktest.rsp
03-31 12:41:02.910 RECD FF FF 00 00 00 05 7F 00 00 26          Length=10           Linktest.req
03-31 12:41:02.914 SEND FF FF 00 00 00 06 7F 00 00 26          Length=10           Linktest.rsp
03-31 12:43:02.913 SEND FF FF 00 00 00 05 7F 00 00 2C          Length=10           Linktest.req
03-31 12:43:02.934 RECD FF FF 00 00 00 06 7F 00 00 2C          Length=10           Linktest.rsp
03-31 12:45:02.924 RECD FF FF 00 00 00 05 7F 00 00 27          Length=10           Linktest.req
03-31 12:45:02.928 SEND FF FF 00 00 00 06 7F 00 00 27          Length=10           Linktest.rsp
03-31 12:47:02.929 SEND FF FF 00 00 00 05 7F 00 00 2D          Length=10           Linktest.req
03-31 12:47:02.934 RECD FF FF 00 00 00 06 7F 00 00 2D          Length=10           Linktest.rsp
03-31 12:49:02.937 RECD FF FF 00 00 00 05 7F 00 00 28          Length=10           Linktest.req
03-31 12:49:02.941 SEND FF FF 00 00 00 05 7F 00 00 2E          Length=10           Linktest.req
03-31 12:49:02.946 SEND FF FF 00 00 00 06 7F 00 00 28          Length=10           Linktest.rsp
03-31 12:49:02.949 RECD FF FF 00 00 00 06 7F 00 00 2E          Length=10           Linktest.rsp
03-31 12:51:02.949 SEND FF FF 00 00 00 05 7F 00 00 2F          Length=10           Linktest.req
03-31 12:51:02.955 RECD FF FF 00 00 00 05 7F 00 00 29          Length=10           Linktest.req
03-31 12:51:02.959 RECD FF FF 00 00 00 06 7F 00 00 2F          Length=10           Linktest.rsp
03-31 12:51:02.962 SEND FF FF 00 00 00 06 7F 00 00 29          Length=10           Linktest.rsp
03-31 12:53:02.963 SEND FF FF 00 00 00 05 7F 00 00 30          Length=10           Linktest.req
03-31 12:53:02.969 RECD FF FF 00 00 00 06 7F 00 00 30          Length=10           Linktest.rsp
03-31 12:55:03.136 RECD FF FF 00 00 00 05 7F 00 00 2A          Length=10           Linktest.req
03-31 12:55:03.140 SEND FF FF 00 00 00 05 7F 00 00 31          Length=10           Linktest.req
03-31 12:55:03.144 SEND FF FF 00 00 00 06 7F 00 00 2A          Length=10           Linktest.rsp
03-31 12:55:03.147 RECD FF FF 00 00 00 06 7F 00 00 31          Length=10           Linktest.rsp
03-31 12:57:03.315 SEND FF FF 00 00 00 05 7F 00 00 32          Length=10           Linktest.req
03-31 12:57:03.321 RECD FF FF 00 00 00 06 7F 00 00 32          Length=10           Linktest.rsp
03-31 12:59:03.471 SEND FF FF 00 00 00 05 7F 00 00 33          Length=10           Linktest.req
03-31 12:59:03.477 RECD FF FF 00 00 00 06 7F 00 00 33          Length=10           Linktest.rsp
03-31 13:01:03.599 INFO RECEIVE MESSAGE COUNT 37
