03-31 14:01:13.493 INFO MCS 3.0.18
03-31 14:01:13.493 RECD FF FF 00 00 00 05 7F 00 00 3B          Length=10           Linktest.req
03-31 14:01:13.497 SEND FF FF 00 00 00 05 7F 00 00 50          Length=10           Linktest.req
03-31 14:01:13.500 SEND FF FF 00 00 00 06 7F 00 00 3B          Length=10           Linktest.rsp
03-31 14:01:13.505 RECD FF FF 00 00 00 06 7F 00 00 50          Length=10           Linktest.rsp
03-31 14:03:13.508 SEND FF FF 00 00 00 05 7F 00 00 51          Length=10           Linktest.req
03-31 14:03:13.519 RECD FF FF 00 00 00 05 7F 00 00 3C          Length=10           Linktest.req
03-31 14:03:13.524 SEND FF FF 00 00 00 06 7F 00 00 3C          Length=10           Linktest.rsp
03-31 14:03:13.530 RECD FF FF 00 00 00 06 7F 00 00 51          Length=10           Linktest.rsp
03-31 14:05:13.532 SEND FF FF 00 00 00 05 7F 00 00 52          Length=10           Linktest.req
03-31 14:05:13.541 RECD FF FF 00 00 00 06 7F 00 00 52          Length=10           Linktest.rsp
03-31 14:07:13.540 RECD FF FF 00 00 00 05 7F 00 00 3D          Length=10           Linktest.req
03-31 14:07:13.546 SEND FF FF 00 00 00 06 7F 00 00 3D          Length=10           Linktest.rsp
03-31 14:09:13.543 SEND FF FF 00 00 00 05 7F 00 00 53          Length=10           Linktest.req
03-31 14:09:13.550 RECD FF FF 00 00 00 06 7F 00 00 53          Length=10           Linktest.rsp
03-31 14:11:13.549 RECD FF FF 00 00 00 05 7F 00 00 3E          Length=10           Linktest.req
03-31 14:11:13.553 SEND FF FF 00 00 00 06 7F 00 00 3E          Length=10           Linktest.rsp
03-31 14:13:13.552 SEND FF FF 00 00 00 05 7F 00 00 54          Length=10           Linktest.req
03-31 14:13:13.558 RECD FF FF 00 00 00 06 7F 00 00 54          Length=10           Linktest.rsp
03-31 14:15:13.559 RECD FF FF 00 00 00 05 7F 00 00 3F          Length=10           Linktest.req
03-31 14:15:13.563 SEND FF FF 00 00 00 06 7F 00 00 3F          Length=10           Linktest.rsp
03-31 14:17:13.564 SEND FF FF 00 00 00 05 7F 00 00 55          Length=10           Linktest.req
03-31 14:17:13.569 RECD FF FF 00 00 00 05 7F 00 00 40          Length=10           Linktest.req
03-31 14:17:13.574 SEND FF FF 00 00 00 06 7F 00 00 40          Length=10           Linktest.rsp
03-31 14:17:13.577 RECD FF FF 00 00 00 06 7F 00 00 55          Length=10           Linktest.rsp
03-31 14:19:13.578 SEND FF FF 00 00 00 05 7F 00 00 56          Length=10           Linktest.req
03-31 14:19:13.584 RECD FF FF 00 00 00 05 7F 00 00 41          Length=10           Linktest.req
03-31 14:19:13.588 SEND FF FF 00 00 00 06 7F 00 00 41          Length=10           Linktest.rsp
03-31 14:19:13.591 RECD FF FF 00 00 00 06 7F 00 00 56          Length=10           Linktest.rsp
03-31 14:21:13.592 SEND FF FF 00 00 00 05 7F 00 00 57          Length=10           Linktest.req
03-31 14:21:13.598 RECD FF FF 00 00 00 05 7F 00 00 42          Length=10           Linktest.req
03-31 14:21:13.602 SEND FF FF 00 00 00 06 7F 00 00 42          Length=10           Linktest.rsp
03-31 14:21:13.606 RECD FF FF 00 00 00 06 7F 00 00 57          Length=10           Linktest.rsp
03-31 14:23:13.606 SEND FF FF 00 00 00 05 7F 00 00 58          Length=10           Linktest.req
03-31 14:23:13.615 RECD FF FF 00 00 00 05 7F 00 00 43          Length=10           Linktest.req
03-31 14:23:13.620 SEND FF FF 00 00 00 06 7F 00 00 43          Length=10           Linktest.rsp
03-31 14:23:13.623 RECD FF FF 00 00 00 06 7F 00 00 58          Length=10           Linktest.rsp
03-31 14:25:13.623 SEND FF FF 00 00 00 05 7F 00 00 59          Length=10           Linktest.req
03-31 14:25:13.630 RECD FF FF 00 00 00 06 7F 00 00 59          Length=10           Linktest.rsp
03-31 14:25:13.658 RECD FF FF 00 00 00 05 7F 00 00 44          Length=10           Linktest.req
03-31 14:25:13.664 SEND FF FF 00 00 00 06 7F 00 00 44          Length=10           Linktest.rsp
03-31 14:27:13.662 SEND FF FF 00 00 00 05 7F 00 00 5A          Length=10           Linktest.req
03-31 14:27:13.668 RECD FF FF 00 00 00 06 7F 00 00 5A          Length=10           Linktest.rsp
03-31 14:29:13.671 RECD FF FF 00 00 00 05 7F 00 00 45          Length=10           Linktest.req
03-31 14:29:13.674 SEND FF FF 00 00 00 05 7F 00 00 5B          Length=10           Linktest.req
03-31 14:29:13.679 SEND FF FF 00 00 00 06 7F 00 00 45          Length=10           Linktest.rsp
03-31 14:29:13.682 RECD FF FF 00 00 00 06 7F 00 00 5B          Length=10           Linktest.rsp
03-31 14:31:13.685 SEND FF FF 00 00 00 05 7F 00 00 5C          Length=10           Linktest.req
03-31 14:31:13.691 RECD FF FF 00 00 00 05 7F 00 00 46          Length=10           Linktest.req
03-31 14:31:13.695 SEND FF FF 00 00 00 06 7F 00 00 46          Length=10           Linktest.rsp
03-31 14:31:13.698 RECD FF FF 00 00 00 06 7F 00 00 5C          Length=10           Linktest.rsp
03-31 14:33:13.700 SEND FF FF 00 00 00 05 7F 00 00 5D          Length=10           Linktest.req
03-31 14:33:13.707 RECD FF FF 00 00 00 06 7F 00 00 5D          Length=10           Linktest.rsp
03-31 14:35:13.708 RECD FF FF 00 00 00 05 7F 00 00 47          Length=10           Linktest.req
03-31 14:35:13.712 SEND FF FF 00 00 00 06 7F 00 00 47          Length=10           Linktest.rsp
03-31 14:37:13.713 SEND FF FF 00 00 00 05 7F 00 00 5E          Length=10           Linktest.req
03-31 14:37:13.719 RECD FF FF 00 00 00 06 7F 00 00 5E          Length=10           Linktest.rsp
03-31 14:39:13.723 RECD FF FF 00 00 00 05 7F 00 00 48          Length=10           Linktest.req
03-31 14:39:13.727 SEND FF FF 00 00 00 05 7F 00 00 5F          Length=10           Linktest.req
03-31 14:39:13.733 SEND FF FF 00 00 00 06 7F 00 00 48          Length=10           Linktest.rsp
03-31 14:39:13.736 RECD FF FF 00 00 00 06 7F 00 00 5F          Length=10           Linktest.rsp
03-31 14:41:13.737 SEND FF FF 00 00 00 05 7F 00 00 60          Length=10           Linktest.req
03-31 14:41:13.744 RECD FF FF 00 00 00 05 7F 00 00 49          Length=10           Linktest.req
03-31 14:41:13.750 RECD FF FF 00 00 00 06 7F 00 00 60          Length=10           Linktest.rsp
03-31 14:41:13.753 SEND FF FF 00 00 00 06 7F 00 00 49          Length=10           Linktest.rsp
03-31 14:43:13.753 SEND FF FF 00 00 00 05 7F 00 00 61          Length=10           Linktest.req
03-31 14:43:13.758 RECD FF FF 00 00 00 05 7F 00 00 4A          Length=10           Linktest.req
03-31 14:43:13.763 SEND FF FF 00 00 00 06 7F 00 00 4A          Length=10           Linktest.rsp
03-31 14:43:13.766 RECD FF FF 00 00 00 06 7F 00 00 61          Length=10           Linktest.rsp
03-31 14:45:13.769 SEND FF FF 00 00 00 05 7F 00 00 62          Length=10           Linktest.req
03-31 14:45:13.800 RECD FF FF 00 00 00 06 7F 00 00 62          Length=10           Linktest.rsp
03-31 14:47:13.779 RECD FF FF 00 00 00 05 7F 00 00 4B          Length=10           Linktest.req
03-31 14:47:13.783 SEND FF FF 00 00 00 06 7F 00 00 4B          Length=10           Linktest.rsp
03-31 14:49:13.786 SEND FF FF 00 00 00 05 7F 00 00 63          Length=10           Linktest.req
03-31 14:49:13.792 RECD FF FF 00 00 00 05 7F 00 00 4C          Length=10           Linktest.req
03-31 14:49:13.796 SEND FF FF 00 00 00 06 7F 00 00 4C          Length=10           Linktest.rsp
03-31 14:49:13.799 RECD FF FF 00 00 00 06 7F 00 00 63          Length=10           Linktest.rsp
03-31 14:51:13.803 SEND FF FF 00 00 00 05 7F 00 00 64          Length=10           Linktest.req
03-31 14:51:13.809 RECD FF FF 00 00 00 05 7F 00 00 4D          Length=10           Linktest.req
03-31 14:51:13.813 SEND FF FF 00 00 00 06 7F 00 00 4D          Length=10           Linktest.rsp
03-31 14:51:13.816 RECD FF FF 00 00 00 06 7F 00 00 64          Length=10           Linktest.rsp
03-31 14:53:13.819 SEND FF FF 00 00 00 05 7F 00 00 65          Length=10           Linktest.req
03-31 14:53:13.825 RECD FF FF 00 00 00 05 7F 00 00 4E          Length=10           Linktest.req
03-31 14:53:13.829 SEND FF FF 00 00 00 06 7F 00 00 4E          Length=10           Linktest.rsp
03-31 14:53:13.833 RECD FF FF 00 00 00 06 7F 00 00 65          Length=10           Linktest.rsp
03-31 14:55:13.832 SEND FF FF 00 00 00 05 7F 00 00 66          Length=10           Linktest.req
03-31 14:55:13.838 RECD FF FF 00 00 00 06 7F 00 00 66          Length=10           Linktest.rsp
03-31 14:57:13.839 RECD FF FF 00 00 00 05 7F 00 00 4F          Length=10           Linktest.req
03-31 14:57:13.843 SEND FF FF 00 00 00 06 7F 00 00 4F          Length=10           Linktest.rsp
03-31 14:59:13.842 SEND FF FF 00 00 00 05 7F 00 00 67          Length=10           Linktest.req
03-31 14:59:13.848 RECD FF FF 00 00 00 06 7F 00 00 67          Length=10           Linktest.rsp
03-31 15:01:13.849 INFO RECEIVE MESSAGE COUNT 0
