03-31 15:01:13.850 INFO MCS 3.0.18
03-31 15:01:13.850 RECD FF FF 00 00 00 05 7F 00 00 50          Length=10           Linktest.req
03-31 15:01:13.854 SEND FF FF 00 00 00 05 7F 00 00 68          Length=10           Linktest.req
03-31 15:01:13.857 SEND FF FF 00 00 00 06 7F 00 00 50          Length=10           Linktest.rsp
03-31 15:01:13.866 RECD FF FF 00 00 00 06 7F 00 00 68          Length=10           Linktest.rsp
03-31 15:03:13.868 SEND FF FF 00 00 00 05 7F 00 00 69          Length=10           Linktest.req
03-31 15:03:13.874 RECD FF FF 00 00 00 06 7F 00 00 69          Length=10           Linktest.rsp
03-31 15:05:13.875 RECD FF FF 00 00 00 05 7F 00 00 51          Length=10           Linktest.req
03-31 15:05:13.879 SEND FF FF 00 00 00 06 7F 00 00 51          Length=10           Linktest.rsp
03-31 15:07:13.877 SEND FF FF 00 00 00 05 7F 00 00 6A          Length=10           Linktest.req
03-31 15:07:13.883 RECD FF FF 00 00 00 06 7F 00 00 6A          Length=10           Linktest.rsp
03-31 15:09:13.886 SEND FF FF 00 00 00 05 7F 00 00 6B          Length=10           Linktest.req
03-31 15:09:13.908 RECD FF FF 00 00 00 05 7F 00 00 52          Length=10           Linktest.req
03-31 15:09:13.912 SEND FF FF 00 00 00 06 7F 00 00 52          Length=10           Linktest.rsp
03-31 15:09:13.917 RECD FF FF 00 00 00 06 7F 00 00 6B          Length=10           Linktest.rsp
03-31 15:11:13.916 SEND FF FF 00 00 00 05 7F 00 00 6C          Length=10           Linktest.req
03-31 15:11:13.922 RECD FF FF 00 00 00 06 7F 00 00 6C          Length=10           Linktest.rsp
03-31 15:13:13.924 RECD FF FF 00 00 00 05 7F 00 00 53          Length=10           Linktest.req
03-31 15:13:13.932 SEND FF FF 00 00 00 06 7F 00 00 53          Length=10           Linktest.rsp
03-31 15:15:13.927 SEND FF FF 00 00 00 05 7F 00 00 6D          Length=10           Linktest.req
03-31 15:15:13.938 RECD FF FF 00 00 00 06 7F 00 00 6D          Length=10           Linktest.rsp
03-31 15:17:13.934 RECD FF FF 00 00 00 05 7F 00 00 54          Length=10           Linktest.req
03-31 15:17:13.938 SEND FF FF 00 00 00 06 7F 00 00 54          Length=10           Linktest.rsp
03-31 15:19:13.939 SEND FF FF 00 00 00 05 7F 00 00 6E          Length=10           Linktest.req
03-31 15:19:13.945 RECD FF FF 00 00 00 06 7F 00 00 6E          Length=10           Linktest.rsp
03-31 15:21:13.946 RECD FF FF 00 00 00 05 7F 00 00 55          Length=10           Linktest.req
03-31 15:21:13.950 SEND FF FF 00 00 00 06 7F 00 00 55          Length=10           Linktest.rsp
03-31 15:23:13.952 SEND FF FF 00 00 00 05 7F 00 00 6F          Length=10           Linktest.req
03-31 15:23:13.959 RECD FF FF 00 00 00 06 7F 00 00 6F          Length=10           Linktest.rsp
03-31 15:25:13.961 RECD FF FF 00 00 00 05 7F 00 00 56          Length=10           Linktest.req
03-31 15:25:13.966 SEND FF FF 00 00 00 06 7F 00 00 56          Length=10           Linktest.rsp
03-31 15:27:13.966 SEND FF FF 00 00 00 05 7F 00 00 70          Length=10           Linktest.req
03-31 15:27:13.973 RECD FF FF 00 00 00 06 7F 00 00 70          Length=10           Linktest.rsp
03-31 15:29:13.975 RECD FF FF 00 00 00 05 7F 00 00 57          Length=10           Linktest.req
03-31 15:29:13.979 SEND FF FF 00 00 00 06 7F 00 00 57          Length=10           Linktest.rsp
03-31 15:31:13.979 SEND FF FF 00 00 00 05 7F 00 00 71          Length=10           Linktest.req
03-31 15:31:13.985 RECD FF FF 00 00 00 06 7F 00 00 71          Length=10           Linktest.rsp
03-31 15:33:13.991 RECD FF FF 00 00 00 05 7F 00 00 58          Length=10           Linktest.req
03-31 15:33:13.996 SEND FF FF 00 00 00 05 7F 00 00 72          Length=10           Linktest.req
03-31 15:33:14.001 SEND FF FF 00 00 00 06 7F 00 00 58          Length=10           Linktest.rsp
03-31 15:33:14.004 RECD FF FF 00 00 00 06 7F 00 00 72          Length=10           Linktest.rsp
03-31 15:35:14.007 SEND FF FF 00 00 00 05 7F 00 00 73          Length=10           Linktest.req
03-31 15:35:14.039 RECD FF FF 00 00 00 06 7F 00 00 73          Length=10           Linktest.rsp
03-31 15:37:14.019 RECD FF FF 00 00 00 05 7F 00 00 59          Length=10           Linktest.req
03-31 15:37:14.024 SEND FF FF 00 00 00 06 7F 00 00 59          Length=10           Linktest.rsp
03-31 15:39:14.024 SEND FF FF 00 00 00 05 7F 00 00 74          Length=10           Linktest.req
03-31 15:39:14.030 RECD FF FF 00 00 00 06 7F 00 00 74          Length=10           Linktest.rsp
03-31 15:41:14.033 RECD FF FF 00 00 00 05 7F 00 00 5A          Length=10           Linktest.req
03-31 15:41:14.037 SEND FF FF 00 00 00 05 7F 00 00 75          Length=10           Linktest.req
03-31 15:41:14.042 SEND FF FF 00 00 00 06 7F 00 00 5A          Length=10           Linktest.rsp
03-31 15:41:14.046 RECD FF FF 00 00 00 06 7F 00 00 75          Length=10           Linktest.rsp
03-31 15:43:14.048 SEND FF FF 00 00 00 05 7F 00 00 76          Length=10           Linktest.req
03-31 15:43:14.057 RECD FF FF 00 00 00 06 7F 00 00 76          Length=10           Linktest.rsp
03-31 15:45:14.059 RECD FF FF 00 00 00 05 7F 00 00 5B          Length=10           Linktest.req
03-31 15:45:14.063 SEND FF FF 00 00 00 06 7F 00 00 5B          Length=10           Linktest.rsp
03-31 15:47:14.064 SEND FF FF 00 00 00 05 7F 00 00 77          Length=10           Linktest.req
03-31 15:47:14.072 RECD FF FF 00 00 00 06 7F 00 00 77          Length=10           Linktest.rsp
03-31 15:49:14.076 RECD FF FF 00 00 00 05 7F 00 00 5C          Length=10           Linktest.req
03-31 15:49:14.081 SEND FF FF 00 00 00 05 7F 00 00 78          Length=10           Linktest.req
03-31 15:49:14.084 SEND FF FF 00 00 00 06 7F 00 00 5C          Length=10           Linktest.rsp
03-31 15:49:14.088 RECD FF FF 00 00 00 06 7F 00 00 78          Length=10           Linktest.rsp
03-31 15:51:14.093 SEND FF FF 00 00 00 05 7F 00 00 79          Length=10           Linktest.req
03-31 15:51:14.101 RECD FF FF 00 00 00 06 7F 00 00 79          Length=10           Linktest.rsp
03-31 15:51:14.105 RECD FF FF 00 00 00 05 7F 00 00 5D          Length=10           Linktest.req
03-31 15:51:14.109 SEND FF FF 00 00 00 06 7F 00 00 5D          Length=10           Linktest.rsp
03-31 15:53:14.115 SEND FF FF 00 00 00 05 7F 00 00 7A          Length=10           Linktest.req
03-31 15:53:14.131 RECD FF FF 00 00 00 06 7F 00 00 7A          Length=10           Linktest.rsp
03-31 15:53:14.137 RECD FF FF 00 00 00 05 7F 00 00 5E          Length=10           Linktest.req
03-31 15:53:14.141 SEND FF FF 00 00 00 06 7F 00 00 5E          Length=10           Linktest.rsp
03-31 15:55:14.154 RECD FF FF 00 00 00 05 7F 00 00 5F          Length=10           Linktest.req
03-31 15:55:14.164 SEND FF FF 00 00 00 05 7F 00 00 7B          Length=10           Linktest.req
03-31 15:55:14.169 SEND FF FF 00 00 00 06 7F 00 00 5F          Length=10           Linktest.rsp
03-31 15:55:14.172 RECD FF FF 00 00 00 06 7F 00 00 7B          Length=10           Linktest.rsp
03-31 15:57:14.172 SEND FF FF 00 00 00 05 7F 00 00 7C          Length=10           Linktest.req
03-31 15:57:14.195 RECD FF FF 00 00 00 05 7F 00 00 60          Length=10           Linktest.req
03-31 15:57:14.199 SEND FF FF 00 00 00 06 7F 00 00 60          Length=10           Linktest.rsp
03-31 15:57:14.202 RECD FF FF 00 00 00 06 7F 00 00 7C          Length=10           Linktest.rsp
03-31 15:59:14.205 SEND FF FF 00 00 00 05 7F 00 00 7D          Length=10           Linktest.req
03-31 15:59:14.211 RECD FF FF 00 00 00 05 7F 00 00 61          Length=10           Linktest.req
03-31 15:59:14.218 SEND FF FF 00 00 00 06 7F 00 00 61          Length=10           Linktest.rsp
03-31 15:59:14.222 RECD FF FF 00 00 00 06 7F 00 00 7D          Length=10           Linktest.rsp
03-31 16:01:14.219 INFO RECEIVE MESSAGE COUNT 0
