03-31 16:01:14.221 INFO MCS 3.0.18
03-31 16:01:14.221 SEND FF FF 00 00 00 05 7F 00 00 7E          Length=10           Linktest.req
03-31 16:01:14.232 RECD FF FF 00 00 00 06 7F 00 00 7E          Length=10           Linktest.rsp
03-31 16:03:14.229 RECD FF FF 00 00 00 05 7F 00 00 62          Length=10           Linktest.req
03-31 16:03:14.233 SEND FF FF 00 00 00 06 7F 00 00 62          Length=10           Linktest.rsp
03-31 16:05:14.232 SEND FF FF 00 00 00 05 7F 00 00 7F          Length=10           Linktest.req
03-31 16:05:14.238 RECD FF FF 00 00 00 06 7F 00 00 7F          Length=10           Linktest.rsp
03-31 16:07:14.239 RECD FF FF 00 00 00 05 7F 00 00 63          Length=10           Linktest.req
03-31 16:07:14.244 SEND FF FF 00 00 00 05 7F 00 00 80          Length=10           Linktest.req
03-31 16:07:14.254 SEND FF FF 00 00 00 06 7F 00 00 63          Length=10           Linktest.rsp
03-31 16:07:14.257 RECD FF FF 00 00 00 06 7F 00 00 80          Length=10           Linktest.rsp
03-31 16:09:14.251 SEND FF FF 00 00 00 05 7F 00 00 81          Length=10           Linktest.req
03-31 16:09:14.257 RECD FF FF 00 00 00 05 7F 00 00 64          Length=10           Linktest.req
03-31 16:09:14.261 RECD FF FF 00 00 00 06 7F 00 00 81          Length=10           Linktest.rsp
03-31 16:09:14.264 SEND FF FF 00 00 00 06 7F 00 00 64          Length=10           Linktest.rsp
03-31 16:11:14.262 SEND FF FF 00 00 00 05 7F 00 00 82          Length=10           Linktest.req
03-31 16:11:14.271 RECD FF FF 00 00 00 06 7F 00 00 82          Length=10           Linktest.rsp
03-31 16:13:14.271 RECD FF FF 00 00 00 05 7F 00 00 65          Length=10           Linktest.req
03-31 16:13:14.275 SEND FF FF 00 00 00 06 7F 00 00 65          Length=10           Linktest.rsp
03-31 16:15:14.274 SEND FF FF 00 00 00 05 7F 00 00 83          Length=10           Linktest.req
03-31 16:15:14.280 RECD FF FF 00 00 00 06 7F 00 00 83          Length=10           Linktest.rsp
03-31 16:17:14.281 RECD FF FF 00 00 00 05 7F 00 00 66          Length=10           Linktest.req
03-31 16:17:14.285 SEND FF FF 00 00 00 05 7F 00 00 84          Length=10           Linktest.req
03-31 16:17:14.288 SEND FF FF 00 00 00 06 7F 00 00 66          Length=10           Linktest.rsp
03-31 16:17:14.291 RECD FF FF 00 00 00 06 7F 00 00 84          Length=10           Linktest.rsp
03-31 16:19:14.295 SEND FF FF 00 00 00 05 7F 00 00 85          Length=10           Linktest.req
03-31 16:19:14.299 RECD FF FF 00 00 00 05 7F 00 00 67          Length=10           Linktest.req
03-31 16:19:14.305 SEND FF FF 00 00 00 06 7F 00 00 67          Length=10           Linktest.rsp
03-31 16:19:14.308 RECD FF FF 00 00 00 06 7F 00 00 85          Length=10           Linktest.rsp
03-31 16:21:14.309 SEND FF FF 00 00 00 05 7F 00 00 86          Length=10           Linktest.req
03-31 16:21:14.316 RECD FF FF 00 00 00 06 7F 00 00 86          Length=10           Linktest.rsp
03-31 16:23:14.321 SEND FF FF 00 00 00 05 7F 00 00 87          Length=10           Linktest.req
03-31 16:23:14.327 RECD FF FF 00 00 00 05 7F 00 00 68          Length=10           Linktest.req
03-31 16:23:14.332 SEND FF FF 00 00 00 06 7F 00 00 68          Length=10           Linktest.rsp
03-31 16:23:14.336 RECD FF FF 00 00 00 06 7F 00 00 87          Length=10           Linktest.rsp
03-31 16:25:14.336 SEND FF FF 00 00 00 05 7F 00 00 88          Length=10           Linktest.req
03-31 16:25:14.339 RECD FF FF 00 00 00 05 7F 00 00 69          Length=10           Linktest.req
03-31 16:25:14.343 SEND FF FF 00 00 00 06 7F 00 00 69          Length=10           Linktest.rsp
03-31 16:25:14.346 RECD FF FF 00 00 00 06 7F 00 00 88          Length=10           Linktest.rsp
03-31 16:27:14.350 SEND FF FF 00 00 00 05 7F 00 00 89          Length=10           Linktest.req
03-31 16:27:14.357 RECD FF FF 00 00 00 05 7F 00 00 6A          Length=10           Linktest.req
03-31 16:27:14.361 SEND FF FF 00 00 00 06 7F 00 00 6A          Length=10           Linktest.rsp
03-31 16:27:14.364 RECD FF FF 00 00 00 06 7F 00 00 89          Length=10           Linktest.rsp
03-31 16:29:14.365 SEND FF FF 00 00 00 05 7F 00 00 8A          Length=10           Linktest.req
03-31 16:29:14.372 RECD FF FF 00 00 00 06 7F 00 00 8A          Length=10           Linktest.rsp
03-31 16:31:14.375 RECD FF FF 00 00 00 05 7F 00 00 6B          Length=10           Linktest.req
03-31 16:31:14.379 SEND FF FF 00 00 00 05 7F 00 00 8B          Length=10           Linktest.req
03-31 16:31:14.382 SEND FF FF 00 00 00 06 7F 00 00 6B          Length=10           Linktest.rsp
03-31 16:31:14.386 RECD FF FF 00 00 00 06 7F 00 00 8B          Length=10           Linktest.rsp
03-31 16:33:14.387 SEND FF FF 00 00 00 05 7F 00 00 8C          Length=10           Linktest.req
03-31 16:33:14.394 RECD FF FF 00 00 00 05 7F 00 00 6C          Length=10           Linktest.req
03-31 16:33:14.398 SEND FF FF 00 00 00 06 7F 00 00 6C          Length=10           Linktest.rsp
03-31 16:33:14.401 RECD FF FF 00 00 00 06 7F 00 00 8C          Length=10           Linktest.rsp
03-31 16:35:14.403 SEND FF FF 00 00 00 05 7F 00 00 8D          Length=10           Linktest.req
03-31 16:35:14.410 RECD FF FF 00 00 00 06 7F 00 00 8D          Length=10           Linktest.rsp
03-31 16:37:14.412 RECD FF FF 00 00 00 05 7F 00 00 6D          Length=10           Linktest.req
03-31 16:37:14.416 SEND FF FF 00 00 00 06 7F 00 00 6D          Length=10           Linktest.rsp
03-31 16:39:14.418 SEND FF FF 00 00 00 05 7F 00 00 8E          Length=10           Linktest.req
03-31 16:39:14.425 RECD FF FF 00 00 00 06 7F 00 00 8E          Length=10           Linktest.rsp
03-31 16:41:14.431 RECD FF FF 00 00 00 05 7F 00 00 6E          Length=10           Linktest.req
03-31 16:41:14.437 SEND FF FF 00 00 00 05 7F 00 00 8F          Length=10           Linktest.req
03-31 16:41:14.440 SEND FF FF 00 00 00 06 7F 00 00 6E          Length=10           Linktest.rsp
03-31 16:41:14.444 RECD FF FF 00 00 00 06 7F 00 00 8F          Length=10           Linktest.rsp
03-31 16:43:14.450 SEND FF FF 00 00 00 05 7F 00 00 90          Length=10           Linktest.req
03-31 16:43:14.463 RECD FF FF 00 00 00 06 7F 00 00 90          Length=10           Linktest.rsp
03-31 16:45:14.465 RECD FF FF 00 00 00 05 7F 00 00 6F          Length=10           Linktest.req
03-31 16:45:14.469 SEND FF FF 00 00 00 06 7F 00 00 6F          Length=10           Linktest.rsp
03-31 16:47:14.471 SEND FF FF 00 00 00 05 7F 00 00 91          Length=10           Linktest.req
03-31 16:47:14.478 RECD FF FF 00 00 00 06 7F 00 00 91          Length=10           Linktest.rsp
03-31 16:49:14.482 RECD FF FF 00 00 00 05 7F 00 00 70          Length=10           Linktest.req
03-31 16:49:14.486 SEND FF FF 00 00 00 05 7F 00 00 92          Length=10           Linktest.req
03-31 16:49:14.491 SEND FF FF 00 00 00 06 7F 00 00 70          Length=10           Linktest.rsp
03-31 16:49:14.496 RECD FF FF 00 00 00 06 7F 00 00 92          Length=10           Linktest.rsp
03-31 16:51:14.496 SEND FF FF 00 00 00 05 7F 00 00 93          Length=10           Linktest.req
03-31 16:51:14.503 RECD FF FF 00 00 00 06 7F 00 00 93          Length=10           Linktest.rsp
03-31 16:53:14.506 RECD FF FF 00 00 00 05 7F 00 00 71          Length=10           Linktest.req
03-31 16:53:14.510 SEND FF FF 00 00 00 05 7F 00 00 94          Length=10           Linktest.req
03-31 16:53:14.514 SEND FF FF 00 00 00 06 7F 00 00 71          Length=10           Linktest.rsp
03-31 16:53:14.517 RECD FF FF 00 00 00 06 7F 00 00 94          Length=10           Linktest.rsp
03-31 16:55:14.517 SEND FF FF 00 00 00 05 7F 00 00 95          Length=10           Linktest.req
03-31 16:55:14.523 RECD FF FF 00 00 00 06 7F 00 00 95          Length=10           Linktest.rsp
03-31 16:57:14.529 RECD FF FF 00 00 00 05 7F 00 00 72          Length=10           Linktest.req
03-31 16:57:14.538 SEND FF FF 00 00 00 05 7F 00 00 96          Length=10           Linktest.req
03-31 16:57:14.551 SEND FF FF 00 00 00 06 7F 00 00 72          Length=10           Linktest.rsp
03-31 16:57:14.555 RECD FF FF 00 00 00 06 7F 00 00 96          Length=10           Linktest.rsp
03-31 16:59:14.549 SEND FF FF 00 00 00 05 7F 00 00 97          Length=10           Linktest.req
03-31 16:59:14.553 RECD FF FF 00 00 00 05 7F 00 00 73          Length=10           Linktest.req
03-31 16:59:14.557 SEND FF FF 00 00 00 06 7F 00 00 73          Length=10           Linktest.rsp
03-31 16:59:14.579 RECD FF FF 00 00 00 06 7F 00 00 97          Length=10           Linktest.rsp
03-31 17:01:14.582 INFO RECEIVE MESSAGE COUNT 0
