03-31 17:01:14.584 INFO MCS 3.0.18
03-31 17:01:14.584 SEND FF FF 00 00 00 05 7F 00 00 98          Length=10           Linktest.req
03-31 17:01:14.595 RECD FF FF 00 00 00 06 7F 00 00 98          Length=10           Linktest.rsp
03-31 17:03:14.592 SEND FF FF 00 00 00 05 7F 00 00 99          Length=10           Linktest.req
03-31 17:03:14.596 RECD FF FF 00 00 00 05 7F 00 00 74          Length=10           Linktest.req
03-31 17:03:14.600 SEND FF FF 00 00 00 06 7F 00 00 74          Length=10           Linktest.rsp
03-31 17:03:14.604 RECD FF FF 00 00 00 06 7F 00 00 99          Length=10           Linktest.rsp
03-31 17:05:14.606 SEND FF FF 00 00 00 05 7F 00 00 9A          Length=10           Linktest.req
03-31 17:05:14.612 RECD FF FF 00 00 00 06 7F 00 00 9A          Length=10           Linktest.rsp
03-31 17:07:14.612 RECD FF FF 00 00 00 05 7F 00 00 75          Length=10           Linktest.req
03-31 17:07:14.617 SEND FF FF 00 00 00 06 7F 00 00 75          Length=10           Linktest.rsp
03-31 17:09:14.614 SEND FF FF 00 00 00 05 7F 00 00 9B          Length=10           Linktest.req
03-31 17:09:14.620 RECD FF FF 00 00 00 06 7F 00 00 9B          Length=10           Linktest.rsp
03-31 17:11:14.619 RECD FF FF 00 00 00 05 7F 00 00 76          Length=10           Linktest.req
03-31 17:11:14.623 SEND FF FF 00 00 00 06 7F 00 00 76          Length=10           Linktest.rsp
03-31 17:13:14.622 SEND FF FF 00 00 00 05 7F 00 00 9C          Length=10           Linktest.req
03-31 17:13:14.630 RECD FF FF 00 00 00 06 7F 00 00 9C          Length=10           Linktest.rsp
03-31 17:15:14.630 RECD FF FF 00 00 00 05 7F 00 00 77          Length=10           Linktest.req
03-31 17:15:14.634 SEND FF FF 00 00 00 05 7F 00 00 9D          Length=10           Linktest.req
03-31 17:15:14.637 SEND FF FF 00 00 00 06 7F 00 00 77          Length=10           Linktest.rsp
03-31 17:15:14.640 RECD FF FF 00 00 00 06 7F 00 00 9D          Length=10           Linktest.rsp
03-31 17:17:14.643 SEND FF FF 00 00 00 05 7F 00 00 9E          Length=10           Linktest.req
03-31 17:17:14.648 RECD FF FF 00 00 00 05 7F 00 00 78          Length=10           Linktest.req
03-31 17:17:14.653 SEND FF FF 00 00 00 06 7F 00 00 78          Length=10           Linktest.rsp
03-31 17:17:14.655 RECD FF FF 00 00 00 06 7F 00 00 9E          Length=10           Linktest.rsp
03-31 17:19:14.655 SEND FF FF 00 00 00 05 7F 00 00 9F          Length=10           Linktest.req
03-31 17:19:14.662 RECD FF FF 00 00 00 05 7F 00 00 79          Length=10           Linktest.req
03-31 17:19:14.667 SEND FF FF 00 00 00 06 7F 00 00 79          Length=10           Linktest.rsp
03-31 17:19:14.670 RECD FF FF 00 00 00 06 7F 00 00 9F          Length=10           Linktest.rsp
03-31 17:21:14.670 SEND FF FF 00 00 00 05 7F 00 00 A0          Length=10           Linktest.req
03-31 17:21:14.698 RECD FF FF 00 00 00 05 7F 00 00 7A          Length=10           Linktest.req
03-31 17:21:14.702 SEND FF FF 00 00 00 06 7F 00 00 7A          Length=10           Linktest.rsp
03-31 17:21:14.705 RECD FF FF 00 00 00 06 7F 00 00 A0          Length=10           Linktest.rsp
03-31 17:23:14.705 SEND FF FF 00 00 00 05 7F 00 00 A1          Length=10           Linktest.req
03-31 17:23:14.714 RECD FF FF 00 00 00 06 7F 00 00 A1          Length=10           Linktest.rsp
03-31 17:25:14.713 RECD FF FF 00 00 00 05 7F 00 00 7B          Length=10           Linktest.req
03-31 17:25:14.717 SEND FF FF 00 00 00 06 7F 00 00 7B          Length=10           Linktest.rsp
03-31 17:27:14.716 SEND FF FF 00 00 00 05 7F 00 00 A2          Length=10           Linktest.req
03-31 17:27:14.723 RECD FF FF 00 00 00 06 7F 00 00 A2          Length=10           Linktest.rsp
03-31 17:29:14.726 RECD FF FF 00 00 00 05 7F 00 00 7C          Length=10           Linktest.req
03-31 17:29:14.732 SEND FF FF 00 00 00 05 7F 00 00 A3          Length=10           Linktest.req
03-31 17:29:14.736 SEND FF FF 00 00 00 06 7F 00 00 7C          Length=10           Linktest.rsp
03-31 17:29:14.739 RECD FF FF 00 00 00 06 7F 00 00 A3          Length=10           Linktest.rsp
03-31 17:31:14.739 SEND FF FF 00 00 00 05 7F 00 00 A4          Length=10           Linktest.req
03-31 17:31:14.745 RECD FF FF 00 00 00 05 7F 00 00 7D          Length=10           Linktest.req
03-31 17:31:14.749 SEND FF FF 00 00 00 06 7F 00 00 7D          Length=10           Linktest.rsp
03-31 17:31:14.752 RECD FF FF 00 00 00 06 7F 00 00 A4          Length=10           Linktest.rsp
03-31 17:33:14.754 SEND FF FF 00 00 00 05 7F 00 00 A5          Length=10           Linktest.req
03-31 17:33:14.761 RECD FF FF 00 00 00 05 7F 00 00 7E          Length=10           Linktest.req
03-31 17:33:14.767 SEND FF FF 00 00 00 06 7F 00 00 7E          Length=10           Linktest.rsp
03-31 17:33:14.771 RECD FF FF 00 00 00 06 7F 00 00 A5          Length=10           Linktest.rsp
03-31 17:35:14.769 SEND FF FF 00 00 00 05 7F 00 00 A6          Length=10           Linktest.req
03-31 17:35:14.776 RECD FF FF 00 00 00 06 7F 00 00 A6          Length=10           Linktest.rsp
03-31 17:35:14.780 RECD FF FF 00 00 00 05 7F 00 00 7F          Length=10           Linktest.req
03-31 17:35:14.784 SEND FF FF 00 00 00 06 7F 00 00 7F          Length=10           Linktest.rsp
03-31 17:37:14.784 SEND FF FF 00 00 00 05 7F 00 00 A7          Length=10           Linktest.req
03-31 17:37:14.790 RECD FF FF 00 00 00 06 7F 00 00 A7          Length=10           Linktest.rsp
03-31 17:39:14.793 RECD FF FF 00 00 00 05 7F 00 00 80          Length=10           Linktest.req
03-31 17:39:14.797 SEND FF FF 00 00 00 06 7F 00 00 80          Length=10           Linktest.rsp
03-31 17:41:14.797 SEND FF FF 00 00 00 05 7F 00 00 A8          Length=10           Linktest.req
03-31 17:41:14.802 RECD FF FF 00 00 00 06 7F 00 00 A8          Length=10           Linktest.rsp
03-31 17:43:14.805 RECD FF FF 00 00 00 05 7F 00 00 81          Length=10           Linktest.req
03-31 17:43:14.813 SEND FF FF 00 00 00 05 7F 00 00 A9          Length=10           Linktest.req
03-31 17:43:14.826 SEND FF FF 00 00 00 06 7F 00 00 81          Length=10           Linktest.rsp
03-31 17:43:14.831 RECD FF FF 00 00 00 06 7F 00 00 A9          Length=10           Linktest.rsp
03-31 17:45:14.819 SEND FF FF 00 00 00 05 7F 00 00 AA          Length=10           Linktest.req
03-31 17:45:14.825 RECD FF FF 00 00 00 05 7F 00 00 82          Length=10           Linktest.req
03-31 17:45:14.830 SEND FF FF 00 00 00 06 7F 00 00 82          Length=10           Linktest.rsp
03-31 17:45:14.833 RECD FF FF 00 00 00 06 7F 00 00 AA          Length=10           Linktest.rsp
03-31 17:47:14.833 SEND FF FF 00 00 00 05 7F 00 00 AB          Length=10           Linktest.req
03-31 17:47:14.839 RECD FF FF 00 00 00 06 7F 00 00 AB          Length=10           Linktest.rsp
03-31 17:47:14.844 RECD FF FF 00 00 00 05 7F 00 00 83          Length=10           Linktest.req
03-31 17:47:14.848 SEND FF FF 00 00 00 06 7F 00 00 83          Length=10           Linktest.rsp
03-31 17:49:14.848 SEND FF FF 00 00 00 05 7F 00 00 AC          Length=10           Linktest.req
03-31 17:49:14.855 RECD FF FF 00 00 00 06 7F 00 00 AC          Length=10           Linktest.rsp
03-31 17:51:14.858 RECD FF FF 00 00 00 05 7F 00 00 84          Length=10           Linktest.req
03-31 17:51:14.863 SEND FF FF 00 00 00 05 7F 00 00 AD          Length=10           Linktest.req
03-31 17:51:14.867 SEND FF FF 00 00 00 06 7F 00 00 84          Length=10           Linktest.rsp
03-31 17:51:14.870 RECD FF FF 00 00 00 06 7F 00 00 AD          Length=10           Linktest.rsp
03-31 17:53:14.895 RECD FF FF 00 00 00 05 7F 00 00 85          Length=10           Linktest.req
03-31 17:53:14.911 SEND FF FF 00 00 00 05 7F 00 00 AE          Length=10           Linktest.req
03-31 17:53:14.930 SEND FF FF 00 00 00 06 7F 00 00 85          Length=10           Linktest.rsp
03-31 17:53:14.943 RECD FF FF 00 00 00 06 7F 00 00 AE          Length=10           Linktest.rsp
03-31 17:55:14.921 SEND FF FF 00 00 00 05 7F 00 00 AF          Length=10           Linktest.req
03-31 17:55:14.926 RECD FF FF 00 00 00 05 7F 00 00 86          Length=10           Linktest.req
03-31 17:55:14.932 SEND FF FF 00 00 00 06 7F 00 00 86          Length=10           Linktest.rsp
03-31 17:55:14.937 RECD FF FF 00 00 00 06 7F 00 00 AF          Length=10           Linktest.rsp
03-31 17:57:14.934 SEND FF FF 00 00 00 05 7F 00 00 B0          Length=10           Linktest.req
03-31 17:57:14.940 RECD FF FF 00 00 00 05 7F 00 00 87          Length=10           Linktest.req
03-31 17:57:14.946 SEND FF FF 00 00 00 06 7F 00 00 87          Length=10           Linktest.rsp
03-31 17:57:14.949 RECD FF FF 00 00 00 06 7F 00 00 B0          Length=10           Linktest.rsp
03-31 17:59:14.948 SEND FF FF 00 00 00 05 7F 00 00 B1          Length=10           Linktest.req
03-31 17:59:14.980 RECD FF FF 00 00 00 05 7F 00 00 88          Length=10           Linktest.req
03-31 17:59:14.984 SEND FF FF 00 00 00 06 7F 00 00 88          Length=10           Linktest.rsp
03-31 17:59:14.987 RECD FF FF 00 00 00 06 7F 00 00 B1          Length=10           Linktest.rsp
03-31 18:01:14.988 INFO RECEIVE MESSAGE COUNT 0
