03-31 18:01:14.993 INFO MCS 3.0.18
03-31 18:01:14.993 SEND FF FF 00 00 00 05 7F 00 00 B2          Length=10           Linktest.req
03-31 18:01:14.997 RECD FF FF 00 00 00 06 7F 00 00 B2          Length=10           Linktest.rsp
03-31 18:03:15.015 RECD FF FF 00 00 00 05 7F 00 00 89          Length=10           Linktest.req
03-31 18:03:15.029 SEND FF FF 00 00 00 05 7F 00 00 B3          Length=10           Linktest.req
03-31 18:03:15.033 SEND FF FF 00 00 00 06 7F 00 00 89          Length=10           Linktest.rsp
03-31 18:03:15.039 RECD FF FF 00 00 00 06 7F 00 00 B3          Length=10           Linktest.rsp
03-31 18:05:15.036 SEND FF FF 00 00 00 05 7F 00 00 B4          Length=10           Linktest.req
03-31 18:05:15.041 RECD FF FF 00 00 00 05 7F 00 00 8A          Length=10           Linktest.req
03-31 18:05:15.053 SEND FF FF 00 00 00 06 7F 00 00 8A          Length=10           Linktest.rsp
03-31 18:05:15.056 RECD FF FF 00 00 00 06 7F 00 00 B4          Length=10           Linktest.rsp
03-31 18:07:15.047 SEND FF FF 00 00 00 05 7F 00 00 B5          Length=10           Linktest.req
03-31 18:07:15.053 RECD FF FF 00 00 00 06 7F 00 00 B5          Length=10           Linktest.rsp
03-31 18:09:15.051 RECD FF FF 00 00 00 05 7F 00 00 8B          Length=10           Linktest.req
03-31 18:09:15.055 SEND FF FF 00 00 00 06 7F 00 00 8B          Length=10           Linktest.rsp
03-31 18:11:15.053 SEND FF FF 00 00 00 05 7F 00 00 B6          Length=10           Linktest.req
03-31 18:11:15.059 RECD FF FF 00 00 00 06 7F 00 00 B6          Length=10           Linktest.rsp
03-31 18:13:15.093 RECD FF FF 00 00 00 05 7F 00 00 8C          Length=10           Linktest.req
03-31 18:13:15.108 SEND FF FF 00 00 00 06 7F 00 00 8C          Length=10           Linktest.rsp
03-31 18:15:15.095 SEND FF FF 00 00 00 05 7F 00 00 B7          Length=10           Linktest.req
03-31 18:15:15.101 RECD FF FF 00 00 00 06 7F 00 00 B7          Length=10           Linktest.rsp
03-31 18:17:15.101 RECD FF FF 00 00 00 05 7F 00 00 8D          Length=10           Linktest.req
03-31 18:17:15.105 SEND FF FF 00 00 00 06 7F 00 00 8D          Length=10           Linktest.rsp
03-31 18:19:15.105 SEND FF FF 00 00 00 05 7F 00 00 B8          Length=10           Linktest.req
03-31 18:19:15.109 RECD FF FF 00 00 00 06 7F 00 00 B8          Length=10           Linktest.rsp
03-31 18:21:15.111 RECD FF FF 00 00 00 05 7F 00 00 8E          Length=10           Linktest.req
03-31 18:21:15.115 SEND FF FF 00 00 00 06 7F 00 00 8E          Length=10           Linktest.rsp
03-31 18:21:15.118 SEND FF FF 00 00 00 05 7F 00 00 B9          Length=10           Linktest.req
03-31 18:21:15.125 RECD FF FF 00 00 00 06 7F 00 00 B9          Length=10           Linktest.rsp
03-31 18:23:15.134 RECD FF FF 00 00 00 05 7F 00 00 8F          Length=10           Linktest.req
03-31 18:23:15.142 SEND FF FF 00 00 00 05 7F 00 00 BA          Length=10           Linktest.req
03-31 18:23:15.146 SEND FF FF 00 00 00 06 7F 00 00 8F          Length=10           Linktest.rsp
03-31 18:23:15.150 RECD FF FF 00 00 00 06 7F 00 00 BA          Length=10           Linktest.rsp
03-31 18:25:15.149 SEND FF FF 00 00 00 05 7F 00 00 BB          Length=10           Linktest.req
03-31 18:25:15.155 RECD FF FF 00 00 00 05 7F 00 00 90          Length=10           Linktest.req
03-31 18:25:15.160 SEND FF FF 00 00 00 06 7F 00 00 90          Length=10           Linktest.rsp
03-31 18:25:15.164 RECD FF FF 00 00 00 06 7F 00 00 BB          Length=10           Linktest.rsp
03-31 18:27:15.162 SEND FF FF 00 00 00 05 7F 00 00 BC          Length=10           Linktest.req
03-31 18:27:15.167 RECD FF FF 00 00 00 06 7F 00 00 BC          Length=10           Linktest.rsp
03-31 18:29:15.172 RECD FF FF 00 00 00 05 7F 00 00 91          Length=10           Linktest.req
03-31 18:29:15.176 SEND FF FF 00 00 00 05 7F 00 00 BD          Length=10           Linktest.req
03-31 18:29:15.179 SEND FF FF 00 00 00 06 7F 00 00 91          Length=10           Linktest.rsp
03-31 18:29:15.182 RECD FF FF 00 00 00 06 7F 00 00 BD          Length=10           Linktest.rsp
03-31 18:31:15.185 SEND FF FF 00 00 00 05 7F 00 00 BE          Length=10           Linktest.req
03-31 18:31:15.193 RECD FF FF 00 00 00 05 7F 00 00 92          Length=10           Linktest.req
03-31 18:31:15.197 SEND FF FF 00 00 00 06 7F 00 00 92          Length=10           Linktest.rsp
03-31 18:31:15.200 RECD FF FF 00 00 00 06 7F 00 00 BE          Length=10           Linktest.rsp
03-31 18:33:15.227 RECD FF FF 00 00 00 05 7F 00 00 93          Length=10           Linktest.req
03-31 18:33:15.233 SEND FF FF 00 00 00 05 7F 00 00 BF          Length=10           Linktest.req
03-31 18:33:15.236 SEND FF FF 00 00 00 06 7F 00 00 93          Length=10           Linktest.rsp
03-31 18:33:15.242 RECD FF FF 00 00 00 06 7F 00 00 BF          Length=10           Linktest.rsp
03-31 18:35:15.245 SEND FF FF 00 00 00 05 7F 00 00 C0          Length=10           Linktest.req
03-31 18:35:15.251 RECD FF FF 00 00 00 06 7F 00 00 C0          Length=10           Linktest.rsp
03-31 18:37:15.254 RECD FF FF 00 00 00 05 7F 00 00 94          Length=10           Linktest.req
03-31 18:37:15.258 SEND FF FF 00 00 00 06 7F 00 00 94          Length=10           Linktest.rsp
03-31 18:39:15.258 SEND FF FF 00 00 00 05 7F 00 00 C1          Length=10           Linktest.req
03-31 18:39:15.269 RECD FF FF 00 00 00 06 7F 00 00 C1          Length=10           Linktest.rsp
03-31 18:40:15.182 SEND 00 01 82 31 00 00 00 00 00 2A          Length=301          D1 S2F49W   SYSBYTE=42
                        01 04 B1 04 00 00 00 00 41 00 41 0C 54 52 41 4E 53 46 45 52 
                        5F 45 58 34 01 03 01 02 41 0B 43 4F 4D 4D 41 4E 44 49 4E 46 
                        4F 01 03 01 02 41 09 43 4F 4D 4D 41 4E 44 49 44 41 0D 50 72 
                        65 6D 6F 76 65 43 6D 64 30 30 31 01 02 41 08 50 52 49 4F 52 
                        49 54 59 A9 02 00 0A 01 02 41 07 52 45 50 4C 41 43 45 A9 02 
                        00 00 01 02 41 0C 54 52 41 4E 53 46 45 52 49 4E 46 4F 01 03 
                        01 02 41 09 43 41 52 52 49 45 52 49 44 41 0A 43 61 72 72 69 
                        65 72 30 30 31 01 02 41 0A 53 4F 55 52 43 45 50 4F 52 54 41 
                        09 42 48 46 30 30 35 5F 42 36 01 02 41 08 44 45 53 54 50 4F 
                        52 54 41 09 42 44 42 30 30 31 5F 42 31 01 02 41 0C 44 45 4C 
                        49 56 45 52 59 49 4E 46 4F 01 03 01 02 41 0C 44 45 4C 49 56 
                        45 52 59 54 59 50 45 41 07 50 52 45 4D 4F 56 45 01 02 41 14 
                        45 58 50 45 43 54 45 44 44 45 4C 49 56 45 52 59 54 49 4D 45 
                        A9 02 00 00 01 02 41 13 44 45 4C 49 56 45 52 59 57 41 49 54 
                        54 49 4D 45 4F 55 54 A9 02 13 88 
03-31 18:40:15.241 WARN RECEIVE UNKNOWN MESSAGE FOR D1 S2F50    SYSBYTE=42 (ERR_DISPATCHER_UnrecognizedFunction)
03-31 18:40:15.248 RECD 00 01 02 32 00 00 00 00 00 2A          Length=17           D1 S2F50    SYSBYTE=42
                        01 02 21 01 04 01 00 
03-31 18:40:17.411 RECD 00 01 86 0B 00 00 00 00 00 B2          Length=47           D1 S6F11W   SYSBYTE=178 S6F11
                        01 03 B1 04 00 00 00 00 A9 02 00 6C 01 01 01 02 A9 02 00 12 
                        01 01 41 0D 50 72 65 6D 6F 76 65 43 6D 64 30 30 31 
03-31 18:40:17.418 SEND 00 01 06 0C 00 00 00 00 00 B2          Length=13           D1 S6F12    SYSBYTE=178
                        21 01 00 
03-31 18:40:17.435 RECD 00 01 86 0B 00 00 00 00 00 B3          Length=55           D1 S6F11W   SYSBYTE=179 S6F11
                        01 03 B1 04 00 00 00 00 A9 02 00 CC 01 01 01 02 A9 02 00 1B 
                        01 02 41 06 4F 48 54 35 30 38 41 0D 50 72 65 6D 6F 76 65 43 
                        6D 64 30 30 31 
03-31 18:40:17.442 SEND 00 01 06 0C 00 00 00 00 00 B3          Length=13           D1 S6F12    SYSBYTE=179
                        21 01 00 
03-31 18:40:56.087 RECD 00 01 86 0B 00 00 00 00 00 B4          Length=53           D1 S6F11W   SYSBYTE=180 S6F11
                        01 03 B1 04 00 00 00 00 A9 02 00 C9 01 01 01 02 A9 02 00 18 
                        01 02 41 06 4F 48 54 35 30 38 01 01 41 09 42 48 46 30 30 35 
                        5F 42 36 
03-31 18:40:56.095 SEND 00 01 06 0C 00 00 00 00 00 B4          Length=13           D1 S6F12    SYSBYTE=180
                        21 01 00 
03-31 18:40:56.604 RECD 00 01 86 0B 00 00 00 00 00 B5          Length=47           D1 S6F11W   SYSBYTE=181 S6F11
                        01 03 B1 04 00 00 00 00 A9 02 00 6F 01 01 01 02 A9 02 00 15 
                        01 01 41 0D 50 72 65 6D 6F 76 65 43 6D 64 30 30 31 
03-31 18:40:56.615 RECD 00 01 86 0B 00 00 00 00 00 B6          Length=63           D1 S6F11W   SYSBYTE=182 S6F11
                        01 03 B1 04 00 00 00 00 A9 02 00 CA 01 01 01 02 A9 02 00 19 
                        01 03 41 06 4F 48 54 35 30 38 41 09 42 48 46 30 30 35 5F 42 
                        36 41 0A 43 61 72 72 69 65 72 30 30 31 
03-31 18:40:56.630 SEND 00 01 06 0C 00 00 00 00 00 B5          Length=13           D1 S6F12    SYSBYTE=181
                        21 01 00 
03-31 18:40:56.638 SEND 00 01 06 0C 00 00 00 00 00 B6          Length=13           D1 S6F12    SYSBYTE=182
                        21 01 00 
03-31 18:41:16.193 RECD 00 01 86 0B 00 00 00 00 00 B7          Length=81           D1 S6F11W   SYSBYTE=183 S6F11
                        01 03 B1 04 00 00 00 00 A9 02 00 97 01 01 01 02 A9 02 00 16 
                        01 05 41 06 4F 48 54 35 30 38 41 0A 43 61 72 72 69 65 72 30 
                        30 31 41 08 4F 48 54 35 30 38 5F 31 41 0D 50 72 65 6D 6F 76 
                        65 43 6D 64 30 30 31 A9 02 00 64 
03-31 18:41:16.201 SEND 00 01 06 0C 00 00 00 00 00 B7          Length=13           D1 S6F12    SYSBYTE=183
                        21 01 00 
03-31 18:41:16.208 RECD 00 01 86 0B 00 00 00 00 00 B8          Length=63           D1 S6F11W   SYSBYTE=184 S6F11
                        01 03 B1 04 00 00 00 00 A9 02 00 CB 01 01 01 02 A9 02 00 1A 
                        01 03 41 06 4F 48 54 35 30 38 41 09 42 48 46 30 30 35 5F 42 
                        36 41 0A 43 61 72 72 69 65 72 30 30 31 
03-31 18:41:16.215 SEND 00 01 06 0C 00 00 00 00 00 B8          Length=13           D1 S6F12    SYSBYTE=184
                        21 01 00 
03-31 18:41:16.717 RECD 00 01 86 0B 00 00 00 00 00 B9          Length=53           D1 S6F11W   SYSBYTE=185 S6F11
                        01 03 B1 04 00 00 00 00 A9 02 00 CD 01 01 01 02 A9 02 00 1C 
                        01 02 41 06 4F 48 54 35 30 38 01 01 41 09 42 48 46 30 30 35 
                        5F 42 36 
03-31 18:41:16.725 SEND 00 01 06 0C 00 00 00 00 00 B9          Length=13           D1 S6F12    SYSBYTE=185
                        21 01 00 
03-31 18:41:38.335 RECD 00 01 86 0B 00 00 00 00 00 BA          Length=53           D1 S6F11W   SYSBYTE=186 S6F11
                        01 03 B1 04 00 00 00 00 A9 02 00 C9 01 01 01 02 A9 02 00 18 
                        01 02 41 06 4F 48 54 35 30 38 01 01 41 09 42 44 42 30 30 31 
                        5F 42 31 
03-31 18:41:38.345 SEND 00 01 06 0C 00 00 00 00 00 BA          Length=13           D1 S6F12    SYSBYTE=186
                        21 01 00 
03-31 18:42:15.174 SEND 00 01 82 31 00 00 00 00 00 2B          Length=294          D1 S2F49W   SYSBYTE=43
                        01 04 B1 04 00 00 00 00 41 00 41 0C 54 52 41 4E 53 46 45 52 
                        5F 45 58 34 01 03 01 02 41 0B 43 4F 4D 4D 41 4E 44 49 4E 46 
                        4F 01 03 01 02 41 09 43 4F 4D 4D 41 4E 44 49 44 41 0D 50 72 
                        65 6D 6F 76 65 43 6D 64 30 30 32 01 02 41 08 50 52 49 4F 52 
                        49 54 59 A9 02 00 0A 01 02 41 07 52 45 50 4C 41 43 45 A9 02 
                        00 00 01 02 41 0C 54 52 41 4E 53 46 45 52 49 4E 46 4F 01 03 
                        01 02 41 09 43 41 52 52 49 45 52 49 44 41 0A 43 61 72 72 69 
                        65 72 30 30 32 01 02 41 0A 53 4F 55 52 43 45 50 4F 52 54 41 
                        09 42 48 46 30 30 38 5F 42 36 01 02 41 08 44 45 53 54 50 4F 
                        52 54 41 09 42 44 42 30 30 31 5F 42 31 01 02 41 0C 44 45 4C 
                        49 56 45 52 59 49 4E 46 4F 01 03 01 02 41 0C 44 45 4C 49 56 
                        45 52 59 54 59 50 45 41 00 01 02 41 14 45 58 50 45 43 54 45 
                        44 44 45 4C 49 56 45 52 59 54 49 4D 45 A9 02 00 00 01 02 41 
                        13 44 45 4C 49 56 45 52 59 57 41 49 54 54 49 4D 45 4F 55 54 
                        A9 02 00 00 
03-31 18:42:15.218 WARN RECEIVE UNKNOWN MESSAGE FOR D1 S2F50    SYSBYTE=43 (ERR_DISPATCHER_UnrecognizedFunction)
03-31 18:42:15.225 RECD 00 01 02 32 00 00 00 00 00 2B          Length=17           D1 S2F50    SYSBYTE=43
                        01 02 21 01 04 01 00 
03-31 18:42:17.468 RECD 00 01 86 0B 00 00 00 00 00 BB          Length=47           D1 S6F11W   SYSBYTE=187 S6F11
                        01 03 B1 04 00 00 00 00 A9 02 00 6C 01 01 01 02 A9 02 00 12 
                        01 01 41 0D 50 72 65 6D 6F 76 65 43 6D 64 30 30 32 
03-31 18:42:17.475 SEND 00 01 06 0C 00 00 00 00 00 BB          Length=13           D1 S6F12    SYSBYTE=187
                        21 01 00 
03-31 18:42:17.485 RECD 00 01 86 0B 00 00 00 00 00 BC          Length=55           D1 S6F11W   SYSBYTE=188 S6F11
                        01 03 B1 04 00 00 00 00 A9 02 00 CC 01 01 01 02 A9 02 00 1B 
                        01 02 41 06 4F 48 54 35 31 30 41 0D 50 72 65 6D 6F 76 65 43 
                        6D 64 30 30 32 
03-31 18:42:17.492 SEND 00 01 06 0C 00 00 00 00 00 BC          Length=13           D1 S6F12    SYSBYTE=188
                        21 01 00 
03-31 18:43:08.180 RECD 00 01 86 0B 00 00 00 00 00 BD          Length=53           D1 S6F11W   SYSBYTE=189 S6F11
                        01 03 B1 04 00 00 00 00 A9 02 00 C9 01 01 01 02 A9 02 00 18 
                        01 02 41 06 4F 48 54 35 31 30 01 01 41 09 42 48 46 30 30 38 
                        5F 42 36 
03-31 18:43:08.188 SEND 00 01 06 0C 00 00 00 00 00 BD          Length=13           D1 S6F12    SYSBYTE=189
                        21 01 00 
03-31 18:43:08.696 RECD 00 01 86 0B 00 00 00 00 00 BE          Length=47           D1 S6F11W   SYSBYTE=190 S6F11
                        01 03 B1 04 00 00 00 00 A9 02 00 6F 01 01 01 02 A9 02 00 15 
                        01 01 41 0D 50 72 65 6D 6F 76 65 43 6D 64 30 30 32 
03-31 18:43:08.705 RECD 00 01 86 0B 00 00 00 00 00 BF          Length=63           D1 S6F11W   SYSBYTE=191 S6F11
                        01 03 B1 04 00 00 00 00 A9 02 00 CA 01 01 01 02 A9 02 00 19 
                        01 03 41 06 4F 48 54 35 31 30 41 09 42 48 46 30 30 38 5F 42 
                        36 41 0A 43 61 72 72 69 65 72 30 30 32 
03-31 18:43:08.711 SEND 00 01 06 0C 00 00 00 00 00 BE          Length=13           D1 S6F12    SYSBYTE=190
                        21 01 00 
03-31 18:43:08.718 SEND 00 01 06 0C 00 00 00 00 00 BF          Length=13           D1 S6F12    SYSBYTE=191
                        21 01 00 
03-31 18:43:28.786 RECD 00 01 86 0B 00 00 00 00 00 C0          Length=81           D1 S6F11W   SYSBYTE=192 S6F11
                        01 03 B1 04 00 00 00 00 A9 02 00 97 01 01 01 02 A9 02 00 16 
                        01 05 41 06 4F 48 54 35 31 30 41 0A 43 61 72 72 69 65 72 30 
                        30 32 41 08 4F 48 54 35 31 30 5F 31 41 0D 50 72 65 6D 6F 76 
                        65 43 6D 64 30 30 32 A9 02 00 64 
03-31 18:43:28.805 RECD 00 01 86 0B 00 00 00 00 00 C1          Length=63           D1 S6F11W   SYSBYTE=193 S6F11
                        01 03 B1 04 00 00 00 00 A9 02 00 CB 01 01 01 02 A9 02 00 1A 
                        01 03 41 06 4F 48 54 35 31 30 41 09 42 48 46 30 30 38 5F 42 
                        36 41 0A 43 61 72 72 69 65 72 30 30 32 
03-31 18:43:28.815 SEND 00 01 06 0C 00 00 00 00 00 C0          Length=13           D1 S6F12    SYSBYTE=192
                        21 01 00 
03-31 18:43:28.822 SEND 00 01 06 0C 00 00 00 00 00 C1          Length=13           D1 S6F12    SYSBYTE=193
                        21 01 00 
03-31 18:43:28.828 RECD 00 01 86 0B 00 00 00 00 00 C2          Length=53           D1 S6F11W   SYSBYTE=194 S6F11
                        01 03 B1 04 00 00 00 00 A9 02 00 CD 01 01 01 02 A9 02 00 1C 
                        01 02 41 06 4F 48 54 35 31 30 01 01 41 09 42 48 46 30 30 38 
                        5F 42 36 
03-31 18:43:28.834 SEND 00 01 06 0C 00 00 00 00 00 C2          Length=13           D1 S6F12    SYSBYTE=194
                        21 01 00 
03-31 18:43:53.399 RECD 00 01 86 0B 00 00 00 00 00 C3          Length=53           D1 S6F11W   SYSBYTE=195 S6F11
                        01 03 B1 04 00 00 00 00 A9 02 00 C9 01 01 01 02 A9 02 00 18 
                        01 02 41 06 4F 48 54 35 31 30 01 01 41 09 42 44 42 30 30 31 
                        5F 42 31 
03-31 18:43:53.405 SEND 00 01 06 0C 00 00 00 00 00 C3          Length=13           D1 S6F12    SYSBYTE=195
                        21 01 00 
03-31 18:43:53.915 RECD 00 01 86 0B 00 00 00 00 00 C4          Length=63           D1 S6F11W   SYSBYTE=196 S6F11
                        01 03 B1 04 00 00 00 00 A9 02 00 CE 01 01 01 02 A9 02 00 1D 
                        01 03 41 06 4F 48 54 35 31 30 41 09 42 44 42 30 30 31 5F 42 
                        31 41 0A 43 61 72 72 69 65 72 30 30 32 
03-31 18:43:53.922 SEND 00 01 06 0C 00 00 00 00 00 C4          Length=13           D1 S6F12    SYSBYTE=196
                        21 01 00 
03-31 18:44:14.000 RECD 00 01 86 0B 00 00 00 00 00 C5          Length=78           D1 S6F11W   SYSBYTE=197 S6F11
                        01 03 B1 04 00 00 00 00 A9 02 00 98 01 01 01 02 A9 02 00 17 
                        01 04 41 06 4F 48 54 35 31 30 41 0A 43 61 72 72 69 65 72 30 
                        30 32 41 09 42 44 42 30 30 31 5F 42 31 41 0D 50 72 65 6D 6F 
                        76 65 43 6D 64 30 30 32 
03-31 18:44:14.010 RECD 00 01 86 0B 00 00 00 00 00 C6          Length=63           D1 S6F11W   SYSBYTE=198 S6F11
                        01 03 B1 04 00 00 00 00 A9 02 00 CF 01 01 01 02 A9 02 00 1E 
                        01 03 41 06 4F 48 54 35 31 30 41 09 42 44 42 30 30 31 5F 42 
                        31 41 0A 43 61 72 72 69 65 72 30 30 32 
03-31 18:44:14.024 SEND 00 01 06 0C 00 00 00 00 00 C5          Length=13           D1 S6F12    SYSBYTE=197
                        21 01 00 
03-31 18:44:14.036 SEND 00 01 06 0C 00 00 00 00 00 C6          Length=13           D1 S6F12    SYSBYTE=198
                        21 01 00 
03-31 18:44:14.045 RECD 00 01 86 0B 00 00 00 00 00 C7          Length=55           D1 S6F11W   SYSBYTE=199 S6F11
                        01 03 B1 04 00 00 00 00 A9 02 00 D2 01 01 01 02 A9 02 00 21 
                        01 02 41 06 4F 48 54 35 31 30 41 0D 50 72 65 6D 6F 76 65 43 
                        6D 64 30 30 32 
03-31 18:44:14.052 RECD 00 01 86 0B 00 00 00 00 00 C8          Length=112          D1 S6F11W   SYSBYTE=200 S6F11
                        01 03 B1 04 00 00 00 00 A9 02 00 6B 01 01 01 02 A9 02 00 11 
                        01 03 01 03 41 0D 50 72 65 6D 6F 76 65 43 6D 64 30 30 32 A9 
                        02 00 0A A9 02 00 00 A9 02 00 00 01 01 01 02 01 03 41 0A 43 
                        61 72 72 69 65 72 30 30 32 41 09 42 48 46 30 30 38 5F 42 36 
                        41 09 42 44 42 30 30 31 5F 42 31 41 09 42 44 42 30 30 31 5F 
                        42 31 
03-31 18:44:14.060 SEND 00 01 06 0C 00 00 00 00 00 C7          Length=13           D1 S6F12    SYSBYTE=199
                        21 01 00 
03-31 18:44:14.067 SEND 00 01 06 0C 00 00 00 00 00 C8          Length=13           D1 S6F12    SYSBYTE=200
                        21 01 00 
03-31 18:45:16.880 SEND 00 01 82 29 00 00 00 00 00 2C          Length=49           D1 S2F41W   SYSBYTE=44
                        01 02 41 05 41 42 4F 52 54 01 01 01 02 41 09 43 4F 4D 4D 41 
                        4E 44 49 44 41 0D 50 72 65 6D 6F 76 65 43 6D 64 30 30 31 
03-31 18:45:16.910 RECD 00 01 02 2A 00 00 00 00 00 2C          Length=17           D1 S2F42    SYSBYTE=44 S2F42
                        01 02 21 01 04 01 00 
03-31 18:45:17.294 RECD 00 01 86 0B 00 00 00 00 00 C9          Length=47           D1 S6F11W   SYSBYTE=201 S6F11
                        01 03 B1 04 00 00 00 00 A9 02 00 67 01 01 01 02 A9 02 00 0D 
                        01 01 41 0D 50 72 65 6D 6F 76 65 43 6D 64 30 30 31 
03-31 18:45:17.301 SEND 00 01 06 0C 00 00 00 00 00 C9          Length=13           D1 S6F12    SYSBYTE=201
                        21 01 00 
03-31 18:45:17.316 RECD 00 01 86 0B 00 00 00 00 00 CA          Length=107          D1 S6F11W   SYSBYTE=202 S6F11
                        01 03 B1 04 00 00 00 00 A9 02 00 65 01 01 01 02 A9 02 00 0B 
                        01 02 01 03 41 0D 50 72 65 6D 6F 76 65 43 6D 64 30 30 31 A9 
                        02 00 0A A9 02 00 00 01 01 01 02 01 03 41 0A 43 61 72 72 69 
                        65 72 30 30 31 41 09 42 48 46 30 30 35 5F 42 36 41 09 42 44 
                        42 30 30 31 5F 42 31 41 08 4F 48 54 35 30 38 5F 31 
03-31 18:45:17.323 SEND 00 01 06 0C 00 00 00 00 00 CA          Length=13           D1 S6F12    SYSBYTE=202
                        21 01 00 
03-31 18:45:17.335 RECD 00 01 86 0B 00 00 00 00 00 CB          Length=55           D1 S6F11W   SYSBYTE=203 S6F11
                        01 03 B1 04 00 00 00 00 A9 02 00 D2 01 01 01 02 A9 02 00 21 
                        01 02 41 06 4F 48 54 35 30 38 41 0D 50 72 65 6D 6F 76 65 43 
                        6D 64 30 30 31 
03-31 18:45:17.343 SEND 00 01 06 0C 00 00 00 00 00 CB          Length=13           D1 S6F12    SYSBYTE=203
                        21 01 00 
03-31 18:45:53.656 SEND 00 01 82 31 00 00 00 00 00 2D          Length=301          D1 S2F49W   SYSBYTE=45
                        01 04 B1 04 00 00 00 00 41 00 41 0C 54 52 41 4E 53 46 45 52 
                        5F 45 58 34 01 03 01 02 41 0B 43 4F 4D 4D 41 4E 44 49 4E 46 
                        4F 01 03 01 02 41 09 43 4F 4D 4D 41 4E 44 49 44 41 0D 50 72 
                        65 6D 6F 76 65 43 6D 64 30 30 33 01 02 41 08 50 52 49 4F 52 
                        49 54 59 A9 02 00 0A 01 02 41 07 52 45 50 4C 41 43 45 A9 02 
                        00 00 01 02 41 0C 54 52 41 4E 53 46 45 52 49 4E 46 4F 01 03 
                        01 02 41 09 43 41 52 52 49 45 52 49 44 41 0A 43 61 72 72 69 
                        65 72 30 30 33 01 02 41 0A 53 4F 55 52 43 45 50 4F 52 54 41 
                        08 4F 48 54 35 30 38 5F 31 01 02 41 08 44 45 53 54 50 4F 52 
                        54 41 11 53 31 47 53 35 30 31 41 5F 4F 55 54 32 31 2E 4C 50 
                        01 02 41 0C 44 45 4C 49 56 45 52 59 49 4E 46 4F 01 03 01 02 
                        41 0C 44 45 4C 49 56 45 52 59 54 59 50 45 41 00 01 02 41 14 
                        45 58 50 45 43 54 45 44 44 45 4C 49 56 45 52 59 54 49 4D 45 
                        A9 02 00 00 01 02 41 13 44 45 4C 49 56 45 52 59 57 41 49 54 
                        54 49 4D 45 4F 55 54 A9 02 00 00 
03-31 18:45:53.686 WARN RECEIVE UNKNOWN MESSAGE FOR D1 S2F50    SYSBYTE=45 (ERR_DISPATCHER_UnrecognizedFunction)
03-31 18:45:53.693 RECD 00 01 02 32 00 00 00 00 00 2D          Length=17           D1 S2F50    SYSBYTE=45
                        01 02 21 01 02 01 00 
03-31 18:46:18.563 SEND 00 01 82 31 00 00 00 00 00 2E          Length=301          D1 S2F49W   SYSBYTE=46
                        01 04 B1 04 00 00 00 00 41 00 41 0C 54 52 41 4E 53 46 45 52 
                        5F 45 58 34 01 03 01 02 41 0B 43 4F 4D 4D 41 4E 44 49 4E 46 
                        4F 01 03 01 02 41 09 43 4F 4D 4D 41 4E 44 49 44 41 0D 50 72 
                        65 6D 6F 76 65 43 6D 64 30 30 33 01 02 41 08 50 52 49 4F 52 
                        49 54 59 A9 02 00 0A 01 02 41 07 52 45 50 4C 41 43 45 A9 02 
                        00 00 01 02 41 0C 54 52 41 4E 53 46 45 52 49 4E 46 4F 01 03 
                        01 02 41 09 43 41 52 52 49 45 52 49 44 41 0A 43 61 72 72 69 
                        65 72 30 30 31 01 02 41 0A 53 4F 55 52 43 45 50 4F 52 54 41 
                        08 4F 48 54 35 30 38 5F 31 01 02 41 08 44 45 53 54 50 4F 52 
                        54 41 11 53 31 47 53 35 30 31 41 5F 4F 55 54 32 31 2E 4C 50 
                        01 02 41 0C 44 45 4C 49 56 45 52 59 49 4E 46 4F 01 03 01 02 
                        41 0C 44 45 4C 49 56 45 52 59 54 59 50 45 41 00 01 02 41 14 
                        45 58 50 45 43 54 45 44 44 45 4C 49 56 45 52 59 54 49 4D 45 
                        A9 02 00 00 01 02 41 13 44 45 4C 49 56 45 52 59 57 41 49 54 
                        54 49 4D 45 4F 55 54 A9 02 00 00 
03-31 18:46:18.608 WARN RECEIVE UNKNOWN MESSAGE FOR D1 S2F50    SYSBYTE=46 (ERR_DISPATCHER_UnrecognizedFunction)
03-31 18:46:18.615 RECD 00 01 02 32 00 00 00 00 00 2E          Length=17           D1 S2F50    SYSBYTE=46
                        01 02 21 01 04 01 00 
03-31 18:46:19.110 RECD 00 01 86 0B 00 00 00 00 00 CC          Length=47           D1 S6F11W   SYSBYTE=204 S6F11
                        01 03 B1 04 00 00 00 00 A9 02 00 6C 01 01 01 02 A9 02 00 12 
                        01 01 41 0D 50 72 65 6D 6F 76 65 43 6D 64 30 30 33 
03-31 18:46:19.117 SEND 00 01 06 0C 00 00 00 00 00 CC          Length=13           D1 S6F12    SYSBYTE=204
                        21 01 00 
03-31 18:46:19.126 RECD 00 01 86 0B 00 00 00 00 00 CD          Length=55           D1 S6F11W   SYSBYTE=205 S6F11
                        01 03 B1 04 00 00 00 00 A9 02 00 CC 01 01 01 02 A9 02 00 1B 
                        01 02 41 06 4F 48 54 35 30 38 41 0D 50 72 65 6D 6F 76 65 43 
                        6D 64 30 30 33 
03-31 18:46:19.132 SEND 00 01 06 0C 00 00 00 00 00 CD          Length=13           D1 S6F12    SYSBYTE=205
                        21 01 00 
03-31 18:46:19.140 RECD 00 01 86 0B 00 00 00 00 00 CE          Length=47           D1 S6F11W   SYSBYTE=206 S6F11
                        01 03 B1 04 00 00 00 00 A9 02 00 6F 01 01 01 02 A9 02 00 15 
                        01 01 41 0D 50 72 65 6D 6F 76 65 43 6D 64 30 30 33 
03-31 18:46:19.146 SEND 00 01 06 0C 00 00 00 00 00 CE          Length=13           D1 S6F12    SYSBYTE=206
                        21 01 00 
03-31 18:46:19.160 RECD 00 01 86 0B 00 00 00 00 00 CF          Length=53           D1 S6F11W   SYSBYTE=207 S6F11
                        01 03 B1 04 00 00 00 00 A9 02 00 CD 01 01 01 02 A9 02 00 1C 
                        01 02 41 06 4F 48 54 35 30 38 01 01 41 09 42 48 46 30 30 35 
                        5F 42 36 
03-31 18:46:19.167 SEND 00 01 06 0C 00 00 00 00 00 CF          Length=13           D1 S6F12    SYSBYTE=207
                        21 01 00 
03-31 18:47:36.416 RECD 00 01 86 0B 00 00 00 00 00 D0          Length=61           D1 S6F11W   SYSBYTE=208 S6F11
                        01 03 B1 04 00 00 00 00 A9 02 00 C9 01 01 01 02 A9 02 00 18 
                        01 02 41 06 4F 48 54 35 30 38 01 01 41 11 53 31 47 53 35 30 
                        31 41 5F 4F 55 54 32 31 2E 4C 50 
03-31 18:47:36.424 SEND 00 01 06 0C 00 00 00 00 00 D0          Length=13           D1 S6F12    SYSBYTE=208
                        21 01 00 
03-31 18:47:36.929 RECD 00 01 86 0B 00 00 00 00 00 D1          Length=71           D1 S6F11W   SYSBYTE=209 S6F11
                        01 03 B1 04 00 00 00 00 A9 02 00 CE 01 01 01 02 A9 02 00 1D 
                        01 03 41 06 4F 48 54 35 30 38 41 11 53 31 47 53 35 30 31 41 
                        5F 4F 55 54 32 31 2E 4C 50 41 0A 43 61 72 72 69 65 72 30 30 
                        31 
03-31 18:47:36.937 SEND 00 01 06 0C 00 00 00 00 00 D1          Length=13           D1 S6F12    SYSBYTE=209
                        21 01 00 
03-31 18:47:57.011 RECD 00 01 86 0B 00 00 00 00 00 D2          Length=86           D1 S6F11W   SYSBYTE=210 S6F11
                        01 03 B1 04 00 00 00 00 A9 02 00 98 01 01 01 02 A9 02 00 17 
                        01 04 41 06 4F 48 54 35 30 38 41 0A 43 61 72 72 69 65 72 30 
                        30 31 41 11 53 31 47 53 35 30 31 41 5F 4F 55 54 32 31 2E 4C 
                        50 41 0D 50 72 65 6D 6F 76 65 43 6D 64 30 30 33 
03-31 18:47:57.022 SEND 00 01 06 0C 00 00 00 00 00 D2          Length=13           D1 S6F12    SYSBYTE=210
                        21 01 00 
03-31 18:47:57.033 RECD 00 01 86 0B 00 00 00 00 00 D3          Length=71           D1 S6F11W   SYSBYTE=211 S6F11
                        01 03 B1 04 00 00 00 00 A9 02 00 CF 01 01 01 02 A9 02 00 1E 
                        01 03 41 06 4F 48 54 35 30 38 41 11 53 31 47 53 35 30 31 41 
                        5F 4F 55 54 32 31 2E 4C 50 41 0A 43 61 72 72 69 65 72 30 30 
                        31 
03-31 18:47:57.041 SEND 00 01 06 0C 00 00 00 00 00 D3          Length=13           D1 S6F12    SYSBYTE=211
                        21 01 00 
03-31 18:47:57.050 RECD 00 01 86 0B 00 00 00 00 00 D4          Length=55           D1 S6F11W   SYSBYTE=212 S6F11
                        01 03 B1 04 00 00 00 00 A9 02 00 D2 01 01 01 02 A9 02 00 21 
                        01 02 41 06 4F 48 54 35 30 38 41 0D 50 72 65 6D 6F 76 65 43 
                        6D 64 30 30 33 
03-31 18:47:57.056 SEND 00 01 06 0C 00 00 00 00 00 D4          Length=13           D1 S6F12    SYSBYTE=212
                        21 01 00 
03-31 18:47:57.064 RECD 00 01 86 0B 00 00 00 00 00 D5          Length=128          D1 S6F11W   SYSBYTE=213 S6F11
                        01 03 B1 04 00 00 00 00 A9 02 00 6B 01 01 01 02 A9 02 00 11 
                        01 03 01 03 41 0D 50 72 65 6D 6F 76 65 43 6D 64 30 30 33 A9 
                        02 00 0A A9 02 00 00 A9 02 00 00 01 01 01 02 01 03 41 0A 43 
                        61 72 72 69 65 72 30 30 31 41 09 42 48 46 30 30 35 5F 42 36 
                        41 11 53 31 47 53 35 30 31 41 5F 4F 55 54 32 31 2E 4C 50 41 
                        11 53 31 47 53 35 30 31 41 5F 4F 55 54 32 31 2E 4C 50 
03-31 18:47:57.072 SEND 00 01 06 0C 00 00 00 00 00 D5          Length=13           D1 S6F12    SYSBYTE=213
                        21 01 00 
03-31 18:49:57.056 SEND FF FF 00 00 00 05 7F 00 00 C2          Length=10           Linktest.req
03-31 18:49:57.063 RECD FF FF 00 00 00 06 7F 00 00 C2          Length=10           Linktest.rsp
03-31 18:51:57.066 RECD FF FF 00 00 00 05 7F 00 00 95          Length=10           Linktest.req
03-31 18:51:57.070 SEND FF FF 00 00 00 06 7F 00 00 95          Length=10           Linktest.rsp
03-31 18:53:57.068 SEND FF FF 00 00 00 05 7F 00 00 C3          Length=10           Linktest.req
03-31 18:53:57.080 RECD FF FF 00 00 00 06 7F 00 00 C3          Length=10           Linktest.rsp
03-31 18:55:57.076 RECD FF FF 00 00 00 05 7F 00 00 96          Length=10           Linktest.req
03-31 18:55:57.080 SEND FF FF 00 00 00 06 7F 00 00 96          Length=10           Linktest.rsp
03-31 18:57:57.078 SEND FF FF 00 00 00 05 7F 00 00 C4          Length=10           Linktest.req
03-31 18:57:57.084 RECD FF FF 00 00 00 06 7F 00 00 C4          Length=10           Linktest.rsp
03-31 18:59:57.085 RECD FF FF 00 00 00 05 7F 00 00 97          Length=10           Linktest.req
03-31 18:59:57.089 SEND FF FF 00 00 00 05 7F 00 00 C5          Length=10           Linktest.req
03-31 18:59:57.092 SEND FF FF 00 00 00 06 7F 00 00 97          Length=10           Linktest.rsp
03-31 18:59:57.097 RECD FF FF 00 00 00 06 7F 00 00 C5          Length=10           Linktest.rsp
03-31 19:01:57.097 INFO RECEIVE MESSAGE COUNT 41
