03-31 19:01:57.100 INFO MCS 3.0.18
03-31 19:01:57.100 SEND FF FF 00 00 00 05 7F 00 00 C6          Length=10           Linktest.req
03-31 19:01:57.105 RECD FF FF 00 00 00 06 7F 00 00 C6          Length=10           Linktest.rsp
03-31 19:03:57.107 RECD FF FF 00 00 00 05 7F 00 00 98          Length=10           Linktest.req
03-31 19:03:57.111 SEND FF FF 00 00 00 05 7F 00 00 C7          Length=10           Linktest.req
03-31 19:03:57.115 SEND FF FF 00 00 00 06 7F 00 00 98          Length=10           Linktest.rsp
03-31 19:03:57.118 RECD FF FF 00 00 00 06 7F 00 00 C7          Length=10           Linktest.rsp
03-31 19:05:57.117 SEND FF FF 00 00 00 05 7F 00 00 C8          Length=10           Linktest.req
03-31 19:05:57.125 RECD FF FF 00 00 00 05 7F 00 00 99          Length=10           Linktest.req
03-31 19:05:57.136 SEND FF FF 00 00 00 06 7F 00 00 99          Length=10           Linktest.rsp
03-31 19:05:57.140 RECD FF FF 00 00 00 06 7F 00 00 C8          Length=10           Linktest.rsp
03-31 19:07:57.136 SEND FF FF 00 00 00 05 7F 00 00 C9          Length=10           Linktest.req
03-31 19:07:57.143 RECD FF FF 00 00 00 06 7F 00 00 C9          Length=10           Linktest.rsp
03-31 19:09:57.142 RECD FF FF 00 00 00 05 7F 00 00 9A          Length=10           Linktest.req
03-31 19:09:57.146 SEND FF FF 00 00 00 06 7F 00 00 9A          Length=10           Linktest.rsp
03-31 19:11:57.144 SEND FF FF 00 00 00 05 7F 00 00 CA          Length=10           Linktest.req
03-31 19:11:57.153 RECD FF FF 00 00 00 06 7F 00 00 CA          Length=10           Linktest.rsp
03-31 19:11:57.158 RECD FF FF 00 00 00 05 7F 00 00 9B          Length=10           Linktest.req
03-31 19:11:57.165 SEND FF FF 00 00 00 06 7F 00 00 9B          Length=10           Linktest.rsp
03-31 19:13:57.159 SEND FF FF 00 00 00 05 7F 00 00 CB          Length=10           Linktest.req
03-31 19:13:57.167 RECD FF FF 00 00 00 06 7F 00 00 CB          Length=10           Linktest.rsp
03-31 19:15:57.166 RECD FF FF 00 00 00 05 7F 00 00 9C          Length=10           Linktest.req
03-31 19:15:57.172 SEND FF FF 00 00 00 06 7F 00 00 9C          Length=10           Linktest.rsp
03-31 19:17:57.172 SEND FF FF 00 00 00 05 7F 00 00 CC          Length=10           Linktest.req
03-31 19:17:57.177 RECD FF FF 00 00 00 06 7F 00 00 CC          Length=10           Linktest.rsp
03-31 19:19:57.178 SEND FF FF 00 00 00 05 7F 00 00 CD          Length=10           Linktest.req
03-31 19:19:57.211 RECD FF FF 00 00 00 05 7F 00 00 9D          Length=10           Linktest.req
03-31 19:19:57.215 SEND FF FF 00 00 00 06 7F 00 00 9D          Length=10           Linktest.rsp
03-31 19:19:57.221 RECD FF FF 00 00 00 06 7F 00 00 CD          Length=10           Linktest.rsp
03-31 19:21:57.223 SEND FF FF 00 00 00 05 7F 00 00 CE          Length=10           Linktest.req
03-31 19:21:57.229 RECD FF FF 00 00 00 06 7F 00 00 CE          Length=10           Linktest.rsp
03-31 19:23:57.230 RECD FF FF 00 00 00 05 7F 00 00 9E          Length=10           Linktest.req
03-31 19:23:57.235 SEND FF FF 00 00 00 05 7F 00 00 CF          Length=10           Linktest.req
03-31 19:23:57.239 SEND FF FF 00 00 00 06 7F 00 00 9E          Length=10           Linktest.rsp
03-31 19:23:57.243 RECD FF FF 00 00 00 06 7F 00 00 CF          Length=10           Linktest.rsp
03-31 19:25:57.244 SEND FF FF 00 00 00 05 7F 00 00 D0          Length=10           Linktest.req
03-31 19:25:57.249 RECD FF FF 00 00 00 05 7F 00 00 9F          Length=10           Linktest.req
03-31 19:25:57.253 SEND FF FF 00 00 00 06 7F 00 00 9F          Length=10           Linktest.rsp
03-31 19:25:57.256 RECD FF FF 00 00 00 06 7F 00 00 D0          Length=10           Linktest.rsp
03-31 19:27:57.258 SEND FF FF 00 00 00 05 7F 00 00 D1          Length=10           Linktest.req
03-31 19:27:57.264 RECD FF FF 00 00 00 06 7F 00 00 D1          Length=10           Linktest.rsp
03-31 19:29:57.268 RECD FF FF 00 00 00 05 7F 00 00 A0          Length=10           Linktest.req
03-31 19:29:57.271 SEND FF FF 00 00 00 06 7F 00 00 A0          Length=10           Linktest.rsp
03-31 19:31:57.272 SEND FF FF 00 00 00 05 7F 00 00 D2          Length=10           Linktest.req
03-31 19:31:57.278 RECD FF FF 00 00 00 06 7F 00 00 D2          Length=10           Linktest.rsp
03-31 19:33:57.281 SEND FF FF 00 00 00 05 7F 00 00 D3          Length=10           Linktest.req
03-31 19:33:57.285 RECD FF FF 00 00 00 05 7F 00 00 A1          Length=10           Linktest.req
03-31 19:33:57.288 SEND FF FF 00 00 00 06 7F 00 00 A1          Length=10           Linktest.rsp
03-31 19:33:57.292 RECD FF FF 00 00 00 06 7F 00 00 D3          Length=10           Linktest.rsp
03-31 19:35:57.309 SEND FF FF 00 00 00 05 7F 00 00 D4          Length=10           Linktest.req
03-31 19:35:57.314 RECD FF FF 00 00 00 05 7F 00 00 A2          Length=10           Linktest.req
03-31 19:35:57.318 SEND FF FF 00 00 00 06 7F 00 00 A2          Length=10           Linktest.rsp
03-31 19:35:57.321 RECD FF FF 00 00 00 06 7F 00 00 D4          Length=10           Linktest.rsp
03-31 19:37:57.322 SEND FF FF 00 00 00 05 7F 00 00 D5          Length=10           Linktest.req
03-31 19:37:57.328 RECD FF FF 00 00 00 06 7F 00 00 D5          Length=10           Linktest.rsp
03-31 19:39:57.331 RECD FF FF 00 00 00 05 7F 00 00 A3          Length=10           Linktest.req
03-31 19:39:57.336 SEND FF FF 00 00 00 06 7F 00 00 A3          Length=10           Linktest.rsp
03-31 19:41:57.335 SEND FF FF 00 00 00 05 7F 00 00 D6          Length=10           Linktest.req
03-31 19:41:57.341 RECD FF FF 00 00 00 06 7F 00 00 D6          Length=10           Linktest.rsp
03-31 19:43:57.345 SEND FF FF 00 00 00 05 7F 00 00 D7          Length=10           Linktest.req
03-31 19:43:57.348 RECD FF FF 00 00 00 05 7F 00 00 A4          Length=10           Linktest.req
03-31 19:43:57.351 SEND FF FF 00 00 00 06 7F 00 00 A4          Length=10           Linktest.rsp
03-31 19:43:57.354 RECD FF FF 00 00 00 06 7F 00 00 D7          Length=10           Linktest.rsp
03-31 19:45:57.357 SEND FF FF 00 00 00 05 7F 00 00 D8          Length=10           Linktest.req
03-31 19:45:57.364 RECD FF FF 00 00 00 05 7F 00 00 A5          Length=10           Linktest.req
03-31 19:45:57.368 SEND FF FF 00 00 00 06 7F 00 00 A5          Length=10           Linktest.rsp
03-31 19:45:57.371 RECD FF FF 00 00 00 06 7F 00 00 D8          Length=10           Linktest.rsp
03-31 19:47:57.372 SEND FF FF 00 00 00 05 7F 00 00 D9          Length=10           Linktest.req
03-31 19:47:57.378 RECD FF FF 00 00 00 05 7F 00 00 A6          Length=10           Linktest.req
03-31 19:47:57.384 RECD FF FF 00 00 00 06 7F 00 00 D9          Length=10           Linktest.rsp
03-31 19:47:57.388 SEND FF FF 00 00 00 06 7F 00 00 A6          Length=10           Linktest.rsp
03-31 19:49:57.386 SEND FF FF 00 00 00 05 7F 00 00 DA          Length=10           Linktest.req
03-31 19:49:57.393 RECD FF FF 00 00 00 06 7F 00 00 DA          Length=10           Linktest.rsp
03-31 19:51:57.395 RECD FF FF 00 00 00 05 7F 00 00 A7          Length=10           Linktest.req
03-31 19:51:57.398 SEND FF FF 00 00 00 06 7F 00 00 A7          Length=10           Linktest.rsp
03-31 19:53:57.397 SEND FF FF 00 00 00 05 7F 00 00 DB          Length=10           Linktest.req
03-31 19:53:57.404 RECD FF FF 00 00 00 06 7F 00 00 DB          Length=10           Linktest.rsp
03-31 19:55:57.404 RECD FF FF 00 00 00 05 7F 00 00 A8          Length=10           Linktest.req
03-31 19:55:57.408 SEND FF FF 00 00 00 06 7F 00 00 A8          Length=10           Linktest.rsp
03-31 19:57:57.407 SEND FF FF 00 00 00 05 7F 00 00 DC          Length=10           Linktest.req
03-31 19:57:57.413 RECD FF FF 00 00 00 06 7F 00 00 DC          Length=10           Linktest.rsp
03-31 19:59:57.414 RECD FF FF 00 00 00 05 7F 00 00 A9          Length=10           Linktest.req
03-31 19:59:57.418 SEND FF FF 00 00 00 06 7F 00 00 A9          Length=10           Linktest.rsp
03-31 20:01:57.417 INFO RECEIVE MESSAGE COUNT 0
