03-31 20:01:57.419 INFO MCS 3.0.18
03-31 20:01:57.419 SEND FF FF 00 00 00 05 7F 00 00 DD          Length=10           Linktest.req
03-31 20:01:57.423 RECD FF FF 00 00 00 06 7F 00 00 DD          Length=10           Linktest.rsp
03-31 20:03:57.426 SEND FF FF 00 00 00 05 7F 00 00 DE          Length=10           Linktest.req
03-31 20:03:57.431 RECD FF FF 00 00 00 05 7F 00 00 AA          Length=10           Linktest.req
03-31 20:03:57.435 SEND FF FF 00 00 00 06 7F 00 00 AA          Length=10           Linktest.rsp
03-31 20:03:57.440 RECD FF FF 00 00 00 06 7F 00 00 DE          Length=10           Linktest.rsp
03-31 20:05:57.441 SEND FF FF 00 00 00 05 7F 00 00 DF          Length=10           Linktest.req
03-31 20:05:57.447 RECD FF FF 00 00 00 06 7F 00 00 DF          Length=10           Linktest.rsp
03-31 20:07:57.449 RECD FF FF 00 00 00 05 7F 00 00 AB          Length=10           Linktest.req
03-31 20:07:57.453 SEND FF FF 00 00 00 06 7F 00 00 AB          Length=10           Linktest.rsp
03-31 20:09:57.462 RECD FF FF 00 00 00 05 7F 00 00 AC          Length=10           Linktest.req
03-31 20:09:57.470 SEND FF FF 00 00 00 06 7F 00 00 AC          Length=10           Linktest.rsp
03-31 20:09:57.473 SEND FF FF 00 00 00 05 7F 00 00 E0          Length=10           Linktest.req
03-31 20:09:57.483 RECD FF FF 00 00 00 06 7F 00 00 E0          Length=10           Linktest.rsp
03-31 20:11:57.483 RECD FF FF 00 00 00 05 7F 00 00 AD          Length=10           Linktest.req
03-31 20:11:57.486 SEND FF FF 00 00 00 05 7F 00 00 E1          Length=10           Linktest.req
03-31 20:11:57.489 SEND FF FF 00 00 00 06 7F 00 00 AD          Length=10           Linktest.rsp
03-31 20:11:57.493 RECD FF FF 00 00 00 06 7F 00 00 E1          Length=10           Linktest.rsp
03-31 20:13:57.495 SEND FF FF 00 00 00 05 7F 00 00 E2          Length=10           Linktest.req
03-31 20:13:57.499 RECD FF FF 00 00 00 05 7F 00 00 AE          Length=10           Linktest.req
03-31 20:13:57.502 SEND FF FF 00 00 00 06 7F 00 00 AE          Length=10           Linktest.rsp
03-31 20:13:57.505 RECD FF FF 00 00 00 06 7F 00 00 E2          Length=10           Linktest.rsp
03-31 20:15:57.507 SEND FF FF 00 00 00 05 7F 00 00 E3          Length=10           Linktest.req
03-31 20:15:57.513 RECD FF FF 00 00 00 05 7F 00 00 AF          Length=10           Linktest.req
03-31 20:15:57.519 SEND FF FF 00 00 00 06 7F 00 00 AF          Length=10           Linktest.rsp
03-31 20:15:57.522 RECD FF FF 00 00 00 06 7F 00 00 E3          Length=10           Linktest.rsp
03-31 20:17:57.519 SEND FF FF 00 00 00 05 7F 00 00 E4          Length=10           Linktest.req
03-31 20:17:57.525 RECD FF FF 00 00 00 06 7F 00 00 E4          Length=10           Linktest.rsp
03-31 20:17:57.530 RECD FF FF 00 00 00 05 7F 00 00 B0          Length=10           Linktest.req
03-31 20:17:57.534 SEND FF FF 00 00 00 06 7F 00 00 B0          Length=10           Linktest.rsp
03-31 20:19:57.533 SEND FF FF 00 00 00 05 7F 00 00 E5          Length=10           Linktest.req
03-31 20:19:57.541 RECD FF FF 00 00 00 06 7F 00 00 E5          Length=10           Linktest.rsp
03-31 20:21:57.542 RECD FF FF 00 00 00 05 7F 00 00 B1          Length=10           Linktest.req
03-31 20:21:57.549 SEND FF FF 00 00 00 06 7F 00 00 B1          Length=10           Linktest.rsp
03-31 20:23:57.545 SEND FF FF 00 00 00 05 7F 00 00 E6          Length=10           Linktest.req
03-31 20:23:57.585 RECD FF FF 00 00 00 06 7F 00 00 E6          Length=10           Linktest.rsp
03-31 20:23:57.589 RECD FF FF 00 00 00 05 7F 00 00 B2          Length=10           Linktest.req
03-31 20:23:57.593 SEND FF FF 00 00 00 06 7F 00 00 B2          Length=10           Linktest.rsp
03-31 20:25:24.098 SEND 00 01 82 31 00 00 00 00 00 2F          Length=294          D1 S2F49W   SYSBYTE=47
                        01 04 B1 04 00 00 00 00 41 00 41 0C 54 52 41 4E 53 46 45 52 
                        5F 45 58 34 01 03 01 02 41 0B 43 4F 4D 4D 41 4E 44 49 4E 46 
                        4F 01 03 01 02 41 09 43 4F 4D 4D 41 4E 44 49 44 41 0D 50 72 
                        65 6D 6F 76 65 43 6D 64 30 30 31 01 02 41 08 50 52 49 4F 52 
                        49 54 59 A9 02 00 0A 01 02 41 07 52 45 50 4C 41 43 45 A9 02 
                        00 00 01 02 41 0C 54 52 41 4E 53 46 45 52 49 4E 46 4F 01 03 
                        01 02 41 09 43 41 52 52 49 45 52 49 44 41 0A 43 61 72 72 69 
                        65 72 30 30 31 01 02 41 0A 53 4F 55 52 43 45 50 4F 52 54 41 
                        09 42 48 46 30 30 39 5F 42 36 01 02 41 08 44 45 53 54 50 4F 
                        52 54 41 09 42 44 42 30 30 31 5F 42 31 01 02 41 0C 44 45 4C 
                        49 56 45 52 59 49 4E 46 4F 01 03 01 02 41 0C 44 45 4C 49 56 
                        45 52 59 54 59 50 45 41 00 01 02 41 14 45 58 50 45 43 54 45 
                        44 44 45 4C 49 56 45 52 59 54 49 4D 45 A9 02 00 00 01 02 41 
                        13 44 45 4C 49 56 45 52 59 57 41 49 54 54 49 4D 45 4F 55 54 
                        A9 02 00 00 
03-31 20:25:24.133 WARN RECEIVE UNKNOWN MESSAGE FOR D1 S2F50    SYSBYTE=47 (ERR_DISPATCHER_UnrecognizedFunction)
03-31 20:25:24.140 RECD 00 01 02 32 00 00 00 00 00 2F          Length=17           D1 S2F50    SYSBYTE=47
                        01 02 21 01 04 01 00 
03-31 20:25:24.966 RECD 00 01 86 0B 00 00 00 00 00 D6          Length=47           D1 S6F11W   SYSBYTE=214 S6F11
                        01 03 B1 04 00 00 00 00 A9 02 00 6C 01 01 01 02 A9 02 00 12 
                        01 01 41 0D 50 72 65 6D 6F 76 65 43 6D 64 30 30 31 
03-31 20:25:24.974 SEND 00 01 06 0C 00 00 00 00 00 D6          Length=13           D1 S6F12    SYSBYTE=214
                        21 01 00 
03-31 20:25:24.981 RECD 00 01 86 0B 00 00 00 00 00 D7          Length=55           D1 S6F11W   SYSBYTE=215 S6F11
                        01 03 B1 04 00 00 00 00 A9 02 00 CC 01 01 01 02 A9 02 00 1B 
                        01 02 41 06 4F 48 54 35 31 33 41 0D 50 72 65 6D 6F 76 65 43 
                        6D 64 30 30 31 
03-31 20:25:24.987 SEND 00 01 06 0C 00 00 00 00 00 D7          Length=13           D1 S6F12    SYSBYTE=215
                        21 01 00 
03-31 20:25:42.557 RECD 00 01 86 0B 00 00 00 00 00 D8          Length=53           D1 S6F11W   SYSBYTE=216 S6F11
                        01 03 B1 04 00 00 00 00 A9 02 00 C9 01 01 01 02 A9 02 00 18 
                        01 02 41 06 4F 48 54 35 31 33 01 01 41 09 42 48 46 30 30 39 
                        5F 42 36 
03-31 20:25:42.564 SEND 00 01 06 0C 00 00 00 00 00 D8          Length=13           D1 S6F12    SYSBYTE=216
                        21 01 00 
03-31 20:25:43.069 RECD 00 01 86 0B 00 00 00 00 00 D9          Length=47           D1 S6F11W   SYSBYTE=217 S6F11
                        01 03 B1 04 00 00 00 00 A9 02 00 6F 01 01 01 02 A9 02 00 15 
                        01 01 41 0D 50 72 65 6D 6F 76 65 43 6D 64 30 30 31 
03-31 20:25:43.079 RECD 00 01 86 0B 00 00 00 00 00 DA          Length=63           D1 S6F11W   SYSBYTE=218 S6F11
                        01 03 B1 04 00 00 00 00 A9 02 00 CA 01 01 01 02 A9 02 00 19 
                        01 03 41 06 4F 48 54 35 31 33 41 09 42 48 46 30 30 39 5F 42 
                        36 41 0A 43 61 72 72 69 65 72 30 30 31 
03-31 20:25:43.090 SEND 00 01 06 0C 00 00 00 00 00 D9          Length=13           D1 S6F12    SYSBYTE=217
                        21 01 00 
03-31 20:25:43.098 SEND 00 01 06 0C 00 00 00 00 00 DA          Length=13           D1 S6F12    SYSBYTE=218
                        21 01 00 
03-31 20:26:03.159 RECD 00 01 86 0B 00 00 00 00 00 DB          Length=81           D1 S6F11W   SYSBYTE=219 S6F11
                        01 03 B1 04 00 00 00 00 A9 02 00 97 01 01 01 02 A9 02 00 16 
                        01 05 41 06 4F 48 54 35 31 33 41 0A 43 61 72 72 69 65 72 30 
                        30 31 41 08 4F 48 54 35 31 33 5F 31 41 0D 50 72 65 6D 6F 76 
                        65 43 6D 64 30 30 31 A9 02 00 64 
03-31 20:26:03.165 RECD 00 01 86 0B 00 00 00 00 00 DC          Length=63           D1 S6F11W   SYSBYTE=220 S6F11
                        01 03 B1 04 00 00 00 00 A9 02 00 CB 01 01 01 02 A9 02 00 1A 
                        01 03 41 06 4F 48 54 35 31 33 41 09 42 48 46 30 30 39 5F 42 
                        36 41 0A 43 61 72 72 69 65 72 30 30 31 
03-31 20:26:03.174 SEND 00 01 06 0C 00 00 00 00 00 DB          Length=13           D1 S6F12    SYSBYTE=219
                        21 01 00 
03-31 20:26:03.180 RECD 00 01 86 0B 00 00 00 00 00 DD          Length=53           D1 S6F11W   SYSBYTE=221 S6F11
                        01 03 B1 04 00 00 00 00 A9 02 00 CD 01 01 01 02 A9 02 00 1C 
                        01 02 41 06 4F 48 54 35 31 33 01 01 41 09 42 48 46 30 30 39 
                        5F 42 36 
03-31 20:26:03.186 SEND 00 01 06 0C 00 00 00 00 00 DC          Length=13           D1 S6F12    SYSBYTE=220
                        21 01 00 
03-31 20:26:03.192 SEND 00 01 06 0C 00 00 00 00 00 DD          Length=13           D1 S6F12    SYSBYTE=221
                        21 01 00 
03-31 20:26:18.450 SEND 00 01 82 29 00 00 00 00 00 30          Length=49           D1 S2F41W   SYSBYTE=48
                        01 02 41 05 41 42 4F 52 54 01 01 01 02 41 09 43 4F 4D 4D 41 
                        4E 44 49 44 41 0D 50 72 65 6D 6F 76 65 43 6D 64 30 30 31 
03-31 20:26:18.485 RECD 00 01 02 2A 00 00 00 00 00 30          Length=17           D1 S2F42    SYSBYTE=48 S2F42
                        01 02 21 01 04 01 00 
03-31 20:26:18.743 RECD 00 01 86 0B 00 00 00 00 00 DE          Length=47           D1 S6F11W   SYSBYTE=222 S6F11
                        01 03 B1 04 00 00 00 00 A9 02 00 67 01 01 01 02 A9 02 00 0D 
                        01 01 41 0D 50 72 65 6D 6F 76 65 43 6D 64 30 30 31 
03-31 20:26:18.751 SEND 00 01 06 0C 00 00 00 00 00 DE          Length=13           D1 S6F12    SYSBYTE=222
                        21 01 00 
03-31 20:26:18.765 RECD 00 01 86 0B 00 00 00 00 00 DF          Length=107          D1 S6F11W   SYSBYTE=223 S6F11
                        01 03 B1 04 00 00 00 00 A9 02 00 65 01 01 01 02 A9 02 00 0B 
                        01 02 01 03 41 0D 50 72 65 6D 6F 76 65 43 6D 64 30 30 31 A9 
                        02 00 0A A9 02 00 00 01 01 01 02 01 03 41 0A 43 61 72 72 69 
                        65 72 30 30 31 41 09 42 48 46 30 30 39 5F 42 36 41 09 42 44 
                        42 30 30 31 5F 42 31 41 08 4F 48 54 35 31 33 5F 31 
03-31 20:26:18.772 SEND 00 01 06 0C 00 00 00 00 00 DF          Length=13           D1 S6F12    SYSBYTE=223
                        21 01 00 
03-31 20:26:18.787 RECD 00 01 86 0B 00 00 00 00 00 E0          Length=55           D1 S6F11W   SYSBYTE=224 S6F11
                        01 03 B1 04 00 00 00 00 A9 02 00 D2 01 01 01 02 A9 02 00 21 
                        01 02 41 06 4F 48 54 35 31 33 41 0D 50 72 65 6D 6F 76 65 43 
                        6D 64 30 30 31 
03-31 20:26:18.794 SEND 00 01 06 0C 00 00 00 00 00 E0          Length=13           D1 S6F12    SYSBYTE=224
                        21 01 00 
03-31 20:26:38.744 SEND 00 01 82 31 00 00 00 00 00 31          Length=300          D1 S2F49W   SYSBYTE=49
                        01 04 B1 04 00 00 00 00 41 00 41 0C 54 52 41 4E 53 46 45 52 
                        5F 45 58 34 01 03 01 02 41 0B 43 4F 4D 4D 41 4E 44 49 4E 46 
                        4F 01 03 01 02 41 09 43 4F 4D 4D 41 4E 44 49 44 41 0D 50 72 
                        65 6D 6F 76 65 43 6D 64 30 30 32 01 02 41 08 50 52 49 4F 52 
                        49 54 59 A9 02 00 0A 01 02 41 07 52 45 50 4C 41 43 45 A9 02 
                        00 00 01 02 41 0C 54 52 41 4E 53 46 45 52 49 4E 46 4F 01 03 
                        01 02 41 09 43 41 52 52 49 45 52 49 44 41 0A 43 61 72 72 69 
                        65 72 30 30 31 01 02 41 0A 53 4F 55 52 43 45 50 4F 52 54 41 
                        08 4F 48 54 35 31 33 5F 31 01 02 41 08 44 45 53 54 50 4F 52 
                        54 41 09 42 42 44 30 30 32 5F 42 34 01 02 41 0C 44 45 4C 49 
                        56 45 52 59 49 4E 46 4F 01 03 01 02 41 0C 44 45 4C 49 56 45 
                        52 59 54 59 50 45 41 07 50 52 45 4D 4F 56 45 01 02 41 14 45 
                        58 50 45 43 54 45 44 44 45 4C 49 56 45 52 59 54 49 4D 45 A9 
                        02 00 00 01 02 41 13 44 45 4C 49 56 45 52 59 57 41 49 54 54 
                        49 4D 45 4F 55 54 A9 02 00 00 
03-31 20:26:38.789 WARN RECEIVE UNKNOWN MESSAGE FOR D1 S2F50    SYSBYTE=49 (ERR_DISPATCHER_UnrecognizedFunction)
03-31 20:26:38.796 RECD 00 01 02 32 00 00 00 00 00 31          Length=17           D1 S2F50    SYSBYTE=49
                        01 02 21 01 04 01 00 
03-31 20:26:39.380 RECD 00 01 86 0B 00 00 00 00 00 E1          Length=47           D1 S6F11W   SYSBYTE=225 S6F11
                        01 03 B1 04 00 00 00 00 A9 02 00 6C 01 01 01 02 A9 02 00 12 
                        01 01 41 0D 50 72 65 6D 6F 76 65 43 6D 64 30 30 32 
03-31 20:26:39.391 RECD 00 01 86 0B 00 00 00 00 00 E2          Length=55           D1 S6F11W   SYSBYTE=226 S6F11
                        01 03 B1 04 00 00 00 00 A9 02 00 CC 01 01 01 02 A9 02 00 1B 
                        01 02 41 06 4F 48 54 35 31 33 41 0D 50 72 65 6D 6F 76 65 43 
                        6D 64 30 30 32 
03-31 20:26:39.398 SEND 00 01 06 0C 00 00 00 00 00 E1          Length=13           D1 S6F12    SYSBYTE=225
                        21 01 00 
03-31 20:26:39.409 RECD 00 01 86 0B 00 00 00 00 00 E3          Length=47           D1 S6F11W   SYSBYTE=227 S6F11
                        01 03 B1 04 00 00 00 00 A9 02 00 6F 01 01 01 02 A9 02 00 15 
                        01 01 41 0D 50 72 65 6D 6F 76 65 43 6D 64 30 30 32 
03-31 20:26:39.417 SEND 00 01 06 0C 00 00 00 00 00 E2          Length=13           D1 S6F12    SYSBYTE=226
                        21 01 00 
03-31 20:26:39.423 RECD 00 01 86 0B 00 00 00 00 00 E4          Length=53           D1 S6F11W   SYSBYTE=228 S6F11
                        01 03 B1 04 00 00 00 00 A9 02 00 CD 01 01 01 02 A9 02 00 1C 
                        01 02 41 06 4F 48 54 35 31 33 01 01 41 09 42 48 46 30 30 39 
                        5F 42 36 
03-31 20:26:39.429 SEND 00 01 06 0C 00 00 00 00 00 E3          Length=13           D1 S6F12    SYSBYTE=227
                        21 01 00 
03-31 20:26:39.440 SEND 00 01 06 0C 00 00 00 00 00 E4          Length=13           D1 S6F12    SYSBYTE=228
                        21 01 00 
03-31 20:27:04.992 RECD 00 01 86 0B 00 00 00 00 00 E5          Length=53           D1 S6F11W   SYSBYTE=229 S6F11
                        01 03 B1 04 00 00 00 00 A9 02 00 C9 01 01 01 02 A9 02 00 18 
                        01 02 41 06 4F 48 54 35 31 33 01 01 41 09 42 42 44 30 30 32 
                        5F 42 34 
03-31 20:27:04.998 SEND 00 01 06 0C 00 00 00 00 00 E5          Length=13           D1 S6F12    SYSBYTE=229
                        21 01 00 
03-31 20:27:05.511 RECD 00 01 86 0B 00 00 00 00 00 E6          Length=55           D1 S6F11W   SYSBYTE=230 S6F11
                        01 03 B1 04 00 00 00 00 A9 02 00 D2 01 01 01 02 A9 02 00 21 
                        01 02 41 06 4F 48 54 35 31 33 41 0D 50 72 65 6D 6F 76 65 43 
                        6D 64 30 30 32 
03-31 20:27:05.518 SEND 00 01 06 0C 00 00 00 00 00 E6          Length=13           D1 S6F12    SYSBYTE=230
                        21 01 00 
03-31 20:27:05.527 RECD 00 01 86 0B 00 00 00 00 00 E7          Length=111          D1 S6F11W   SYSBYTE=231 S6F11
                        01 03 B1 04 00 00 00 00 A9 02 00 6B 01 01 01 02 A9 02 00 11 
                        01 03 01 03 41 0D 50 72 65 6D 6F 76 65 43 6D 64 30 30 32 A9 
                        02 00 0A A9 02 00 00 A9 02 00 01 01 01 01 02 01 03 41 0A 43 
                        61 72 72 69 65 72 30 30 31 41 09 42 48 46 30 30 39 5F 42 36 
                        41 09 42 42 44 30 30 32 5F 42 34 41 08 4F 48 54 35 31 33 5F 
                        31 
03-31 20:27:05.536 SEND 00 01 06 0C 00 00 00 00 00 E7          Length=13           D1 S6F12    SYSBYTE=231
                        21 01 00 
03-31 20:27:54.105 SEND 00 01 82 31 00 00 00 00 00 32          Length=294          D1 S2F49W   SYSBYTE=50
                        01 04 B1 04 00 00 00 00 41 00 41 0C 54 52 41 4E 53 46 45 52 
                        5F 45 58 34 01 03 01 02 41 0B 43 4F 4D 4D 41 4E 44 49 4E 46 
                        4F 01 03 01 02 41 09 43 4F 4D 4D 41 4E 44 49 44 41 0D 50 72 
                        65 6D 6F 76 65 43 6D 64 30 30 31 01 02 41 08 50 52 49 4F 52 
                        49 54 59 A9 02 00 0A 01 02 41 07 52 45 50 4C 41 43 45 A9 02 
                        00 00 01 02 41 0C 54 52 41 4E 53 46 45 52 49 4E 46 4F 01 03 
                        01 02 41 09 43 41 52 52 49 45 52 49 44 41 0A 43 61 72 72 69 
                        65 72 30 30 31 01 02 41 0A 53 4F 55 52 43 45 50 4F 52 54 41 
                        09 42 48 46 30 30 35 5F 42 36 01 02 41 08 44 45 53 54 50 4F 
                        52 54 41 09 42 44 42 30 30 31 5F 42 31 01 02 41 0C 44 45 4C 
                        49 56 45 52 59 49 4E 46 4F 01 03 01 02 41 0C 44 45 4C 49 56 
                        45 52 59 54 59 50 45 41 00 01 02 41 14 45 58 50 45 43 54 45 
                        44 44 45 4C 49 56 45 52 59 54 49 4D 45 A9 02 00 00 01 02 41 
                        13 44 45 4C 49 56 45 52 59 57 41 49 54 54 49 4D 45 4F 55 54 
                        A9 02 00 00 
03-31 20:27:54.142 WARN RECEIVE UNKNOWN MESSAGE FOR D1 S2F50    SYSBYTE=50 (ERR_DISPATCHER_UnrecognizedFunction)
03-31 20:27:54.149 RECD 00 01 02 32 00 00 00 00 00 32          Length=17           D1 S2F50    SYSBYTE=50
                        01 02 21 01 04 01 00 
03-31 20:27:55.214 RECD 00 01 86 0B 00 00 00 00 00 E8          Length=47           D1 S6F11W   SYSBYTE=232 S6F11
                        01 03 B1 04 00 00 00 00 A9 02 00 6C 01 01 01 02 A9 02 00 12 
                        01 01 41 0D 50 72 65 6D 6F 76 65 43 6D 64 30 30 31 
03-31 20:27:55.230 SEND 00 01 06 0C 00 00 00 00 00 E8          Length=13           D1 S6F12    SYSBYTE=232
                        21 01 00 
03-31 20:27:55.240 RECD 00 01 86 0B 00 00 00 00 00 E9          Length=55           D1 S6F11W   SYSBYTE=233 S6F11
                        01 03 B1 04 00 00 00 00 A9 02 00 CC 01 01 01 02 A9 02 00 1B 
                        01 02 41 06 4F 48 54 35 30 38 41 0D 50 72 65 6D 6F 76 65 43 
                        6D 64 30 30 31 
03-31 20:27:55.249 SEND 00 01 06 0C 00 00 00 00 00 E9          Length=13           D1 S6F12    SYSBYTE=233
                        21 01 00 
03-31 20:28:19.314 RECD 00 01 86 0B 00 00 00 00 00 EA          Length=53           D1 S6F11W   SYSBYTE=234 S6F11
                        01 03 B1 04 00 00 00 00 A9 02 00 C9 01 01 01 02 A9 02 00 18 
                        01 02 41 06 4F 48 54 35 30 38 01 01 41 09 42 48 46 30 30 35 
                        5F 42 36 
03-31 20:28:19.320 SEND 00 01 06 0C 00 00 00 00 00 EA          Length=13           D1 S6F12    SYSBYTE=234
                        21 01 00 
03-31 20:28:19.829 RECD 00 01 86 0B 00 00 00 00 00 EB          Length=47           D1 S6F11W   SYSBYTE=235 S6F11
                        01 03 B1 04 00 00 00 00 A9 02 00 6F 01 01 01 02 A9 02 00 15 
                        01 01 41 0D 50 72 65 6D 6F 76 65 43 6D 64 30 30 31 
03-31 20:28:19.836 SEND 00 01 06 0C 00 00 00 00 00 EB          Length=13           D1 S6F12    SYSBYTE=235
                        21 01 00 
03-31 20:28:19.844 RECD 00 01 86 0B 00 00 00 00 00 EC          Length=63           D1 S6F11W   SYSBYTE=236 S6F11
                        01 03 B1 04 00 00 00 00 A9 02 00 CA 01 01 01 02 A9 02 00 19 
                        01 03 41 06 4F 48 54 35 30 38 41 09 42 48 46 30 30 35 5F 42 
                        36 41 0A 43 61 72 72 69 65 72 30 30 31 
03-31 20:28:19.850 SEND 00 01 06 0C 00 00 00 00 00 EC          Length=13           D1 S6F12    SYSBYTE=236
                        21 01 00 
03-31 20:28:39.923 RECD 00 01 86 0B 00 00 00 00 00 ED          Length=81           D1 S6F11W   SYSBYTE=237 S6F11
                        01 03 B1 04 00 00 00 00 A9 02 00 97 01 01 01 02 A9 02 00 16 
                        01 05 41 06 4F 48 54 35 30 38 41 0A 43 61 72 72 69 65 72 30 
                        30 31 41 08 4F 48 54 35 30 38 5F 31 41 0D 50 72 65 6D 6F 76 
                        65 43 6D 64 30 30 31 A9 02 00 64 
03-31 20:28:39.931 RECD 00 01 86 0B 00 00 00 00 00 EE          Length=63           D1 S6F11W   SYSBYTE=238 S6F11
                        01 03 B1 04 00 00 00 00 A9 02 00 CB 01 01 01 02 A9 02 00 1A 
                        01 03 41 06 4F 48 54 35 30 38 41 09 42 48 46 30 30 35 5F 42 
                        36 41 0A 43 61 72 72 69 65 72 30 30 31 
03-31 20:28:39.940 SEND 00 01 06 0C 00 00 00 00 00 ED          Length=13           D1 S6F12    SYSBYTE=237
                        21 01 00 
03-31 20:28:39.950 SEND 00 01 06 0C 00 00 00 00 00 EE          Length=13           D1 S6F12    SYSBYTE=238
                        21 01 00 
03-31 20:28:39.963 RECD 00 01 86 0B 00 00 00 00 00 EF          Length=53           D1 S6F11W   SYSBYTE=239 S6F11
                        01 03 B1 04 00 00 00 00 A9 02 00 CD 01 01 01 02 A9 02 00 1C 
                        01 02 41 06 4F 48 54 35 30 38 01 01 41 09 42 48 46 30 30 35 
                        5F 42 36 
03-31 20:28:39.972 SEND 00 01 06 0C 00 00 00 00 00 EF          Length=13           D1 S6F12    SYSBYTE=239
                        21 01 00 
03-31 20:28:44.027 SEND 00 01 82 29 00 00 00 00 00 33          Length=49           D1 S2F41W   SYSBYTE=51
                        01 02 41 05 41 42 4F 52 54 01 01 01 02 41 09 43 4F 4D 4D 41 
                        4E 44 49 44 41 0D 50 72 65 6D 6F 76 65 43 6D 64 30 30 31 
03-31 20:28:44.053 RECD 00 01 02 2A 00 00 00 00 00 33          Length=17           D1 S2F42    SYSBYTE=51 S2F42
                        01 02 21 01 04 01 00 
03-31 20:28:44.506 RECD 00 01 86 0B 00 00 00 00 00 F0          Length=47           D1 S6F11W   SYSBYTE=240 S6F11
                        01 03 B1 04 00 00 00 00 A9 02 00 67 01 01 01 02 A9 02 00 0D 
                        01 01 41 0D 50 72 65 6D 6F 76 65 43 6D 64 30 30 31 
03-31 20:28:44.514 SEND 00 01 06 0C 00 00 00 00 00 F0          Length=13           D1 S6F12    SYSBYTE=240
                        21 01 00 
03-31 20:28:44.521 RECD 00 01 86 0B 00 00 00 00 00 F1          Length=107          D1 S6F11W   SYSBYTE=241 S6F11
                        01 03 B1 04 00 00 00 00 A9 02 00 65 01 01 01 02 A9 02 00 0B 
                        01 02 01 03 41 0D 50 72 65 6D 6F 76 65 43 6D 64 30 30 31 A9 
                        02 00 0A A9 02 00 00 01 01 01 02 01 03 41 0A 43 61 72 72 69 
                        65 72 30 30 31 41 09 42 48 46 30 30 35 5F 42 36 41 09 42 44 
                        42 30 30 31 5F 42 31 41 08 4F 48 54 35 30 38 5F 31 
03-31 20:28:44.528 SEND 00 01 06 0C 00 00 00 00 00 F1          Length=13           D1 S6F12    SYSBYTE=241
                        21 01 00 
03-31 20:28:44.534 RECD 00 01 86 0B 00 00 00 00 00 F2          Length=55           D1 S6F11W   SYSBYTE=242 S6F11
                        01 03 B1 04 00 00 00 00 A9 02 00 D2 01 01 01 02 A9 02 00 21 
                        01 02 41 06 4F 48 54 35 30 38 41 0D 50 72 65 6D 6F 76 65 43 
                        6D 64 30 30 31 
03-31 20:28:44.540 SEND 00 01 06 0C 00 00 00 00 00 F2          Length=13           D1 S6F12    SYSBYTE=242
                        21 01 00 
03-31 20:29:22.234 SEND 00 01 82 31 00 00 00 00 00 34          Length=301          D1 S2F49W   SYSBYTE=52
                        01 04 B1 04 00 00 00 00 41 00 41 0C 54 52 41 4E 53 46 45 52 
                        5F 45 58 34 01 03 01 02 41 0B 43 4F 4D 4D 41 4E 44 49 4E 46 
                        4F 01 03 01 02 41 09 43 4F 4D 4D 41 4E 44 49 44 41 0D 50 72 
                        65 6D 6F 76 65 43 6D 64 30 30 32 01 02 41 08 50 52 49 4F 52 
                        49 54 59 A9 02 00 0A 01 02 41 07 52 45 50 4C 41 43 45 A9 02 
                        00 00 01 02 41 0C 54 52 41 4E 53 46 45 52 49 4E 46 4F 01 03 
                        01 02 41 09 43 41 52 52 49 45 52 49 44 41 0A 43 61 72 72 69 
                        65 72 30 30 31 01 02 41 0A 53 4F 55 52 43 45 50 4F 52 54 41 
                        09 42 48 46 30 30 35 5F 42 36 01 02 41 08 44 45 53 54 50 4F 
                        52 54 41 09 42 42 44 30 30 32 5F 42 34 01 02 41 0C 44 45 4C 
                        49 56 45 52 59 49 4E 46 4F 01 03 01 02 41 0C 44 45 4C 49 56 
                        45 52 59 54 59 50 45 41 07 50 52 45 4D 4F 56 45 01 02 41 14 
                        45 58 50 45 43 54 45 44 44 45 4C 49 56 45 52 59 54 49 4D 45 
                        A9 02 00 00 01 02 41 13 44 45 4C 49 56 45 52 59 57 41 49 54 
                        54 49 4D 45 4F 55 54 A9 02 13 88 
03-31 20:29:39.103 SEND 00 01 82 31 00 00 00 00 00 35          Length=300          D1 S2F49W   SYSBYTE=53
                        01 04 B1 04 00 00 00 00 41 00 41 0C 54 52 41 4E 53 46 45 52 
                        5F 45 58 34 01 03 01 02 41 0B 43 4F 4D 4D 41 4E 44 49 4E 46 
                        4F 01 03 01 02 41 09 43 4F 4D 4D 41 4E 44 49 44 41 0D 50 72 
                        65 6D 6F 76 65 43 6D 64 30 30 32 01 02 41 08 50 52 49 4F 52 
                        49 54 59 A9 02 00 0A 01 02 41 07 52 45 50 4C 41 43 45 A9 02 
                        00 00 01 02 41 0C 54 52 41 4E 53 46 45 52 49 4E 46 4F 01 03 
                        01 02 41 09 43 41 52 52 49 45 52 49 44 41 0A 43 61 72 72 69 
                        65 72 30 30 31 01 02 41 0A 53 4F 55 52 43 45 50 4F 52 54 41 
                        08 4F 48 54 35 30 38 5F 31 01 02 41 08 44 45 53 54 50 4F 52 
                        54 41 09 42 42 44 30 30 32 5F 42 34 01 02 41 0C 44 45 4C 49 
                        56 45 52 59 49 4E 46 4F 01 03 01 02 41 0C 44 45 4C 49 56 45 
                        52 59 54 59 50 45 41 07 50 52 45 4D 4F 56 45 01 02 41 14 45 
                        58 50 45 43 54 45 44 44 45 4C 49 56 45 52 59 54 49 4D 45 A9 
                        02 00 00 01 02 41 13 44 45 4C 49 56 45 52 59 57 41 49 54 54 
                        49 4D 45 4F 55 54 A9 02 13 88 
03-31 20:29:39.168 WARN RECEIVE UNKNOWN MESSAGE FOR D1 S2F50    SYSBYTE=53 (ERR_DISPATCHER_UnrecognizedFunction)
03-31 20:29:39.175 RECD 00 01 02 32 00 00 00 00 00 35          Length=17           D1 S2F50    SYSBYTE=53
                        01 02 21 01 04 01 00 
03-31 20:29:39.730 RECD 00 01 86 0B 00 00 00 00 00 F3          Length=47           D1 S6F11W   SYSBYTE=243 S6F11
                        01 03 B1 04 00 00 00 00 A9 02 00 6C 01 01 01 02 A9 02 00 12 
                        01 01 41 0D 50 72 65 6D 6F 76 65 43 6D 64 30 30 32 
03-31 20:29:39.741 RECD 00 01 86 0B 00 00 00 00 00 F4          Length=55           D1 S6F11W   SYSBYTE=244 S6F11
                        01 03 B1 04 00 00 00 00 A9 02 00 CC 01 01 01 02 A9 02 00 1B 
                        01 02 41 06 4F 48 54 35 30 38 41 0D 50 72 65 6D 6F 76 65 43 
                        6D 64 30 30 32 
03-31 20:29:39.754 RECD 00 01 86 0B 00 00 00 00 00 F5          Length=47           D1 S6F11W   SYSBYTE=245 S6F11
                        01 03 B1 04 00 00 00 00 A9 02 00 6F 01 01 01 02 A9 02 00 15 
                        01 01 41 0D 50 72 65 6D 6F 76 65 43 6D 64 30 30 32 
03-31 20:29:39.762 SEND 00 01 06 0C 00 00 00 00 00 F3          Length=13           D1 S6F12    SYSBYTE=243
                        21 01 00 
03-31 20:29:39.768 SEND 00 01 06 0C 00 00 00 00 00 F4          Length=13           D1 S6F12    SYSBYTE=244
                        21 01 00 
03-31 20:29:39.774 RECD 00 01 86 0B 00 00 00 00 00 F6          Length=53           D1 S6F11W   SYSBYTE=246 S6F11
                        01 03 B1 04 00 00 00 00 A9 02 00 CD 01 01 01 02 A9 02 00 1C 
                        01 02 41 06 4F 48 54 35 30 38 01 01 41 09 42 48 46 30 30 35 
                        5F 42 36 
03-31 20:29:39.782 SEND 00 01 06 0C 00 00 00 00 00 F5          Length=13           D1 S6F12    SYSBYTE=245
                        21 01 00 
03-31 20:29:39.790 SEND 00 01 06 0C 00 00 00 00 00 F6          Length=13           D1 S6F12    SYSBYTE=246
                        21 01 00 
03-31 20:30:07.234 TIME T3 TIMEOUT FOR D1 S2F49W   SYSBYTE=52
03-31 20:30:22.907 RECD 00 01 86 0B 00 00 00 00 00 F7          Length=53           D1 S6F11W   SYSBYTE=247 S6F11
                        01 03 B1 04 00 00 00 00 A9 02 00 C9 01 01 01 02 A9 02 00 18 
                        01 02 41 06 4F 48 54 35 30 38 01 01 41 09 42 42 44 30 30 32 
                        5F 42 34 
03-31 20:30:22.913 SEND 00 01 06 0C 00 00 00 00 00 F7          Length=13           D1 S6F12    SYSBYTE=247
                        21 01 00 
03-31 20:30:52.021 SEND 00 01 82 29 00 00 00 00 00 36          Length=49           D1 S2F41W   SYSBYTE=54
                        01 02 41 05 41 42 4F 52 54 01 01 01 02 41 09 43 4F 4D 4D 41 
                        4E 44 49 44 41 0D 50 72 65 6D 6F 76 65 43 6D 64 30 30 32 
03-31 20:30:52.070 RECD 00 01 02 2A 00 00 00 00 00 36          Length=17           D1 S2F42    SYSBYTE=54 S2F42
                        01 02 21 01 04 01 00 
03-31 20:30:52.550 RECD 00 01 86 0B 00 00 00 00 00 F8          Length=47           D1 S6F11W   SYSBYTE=248 S6F11
                        01 03 B1 04 00 00 00 00 A9 02 00 67 01 01 01 02 A9 02 00 0D 
                        01 01 41 0D 50 72 65 6D 6F 76 65 43 6D 64 30 30 32 
03-31 20:30:52.557 SEND 00 01 06 0C 00 00 00 00 00 F8          Length=13           D1 S6F12    SYSBYTE=248
                        21 01 00 
03-31 20:30:52.565 RECD 00 01 86 0B 00 00 00 00 00 F9          Length=107          D1 S6F11W   SYSBYTE=249 S6F11
                        01 03 B1 04 00 00 00 00 A9 02 00 65 01 01 01 02 A9 02 00 0B 
                        01 02 01 03 41 0D 50 72 65 6D 6F 76 65 43 6D 64 30 30 32 A9 
                        02 00 0A A9 02 00 00 01 01 01 02 01 03 41 0A 43 61 72 72 69 
                        65 72 30 30 31 41 09 42 48 46 30 30 35 5F 42 36 41 09 42 42 
                        44 30 30 32 5F 42 34 41 08 4F 48 54 35 30 38 5F 31 
03-31 20:30:52.572 SEND 00 01 06 0C 00 00 00 00 00 F9          Length=13           D1 S6F12    SYSBYTE=249
                        21 01 00 
03-31 20:30:52.580 RECD 00 01 86 0B 00 00 00 00 00 FA          Length=55           D1 S6F11W   SYSBYTE=250 S6F11
                        01 03 B1 04 00 00 00 00 A9 02 00 D2 01 01 01 02 A9 02 00 21 
                        01 02 41 06 4F 48 54 35 30 38 41 0D 50 72 65 6D 6F 76 65 43 
                        6D 64 30 30 32 
03-31 20:30:52.586 SEND 00 01 06 0C 00 00 00 00 00 FA          Length=13           D1 S6F12    SYSBYTE=250
                        21 01 00 
03-31 20:31:07.836 SEND 00 01 82 31 00 00 00 00 00 37          Length=293          D1 S2F49W   SYSBYTE=55
                        01 04 B1 04 00 00 00 00 41 00 41 0C 54 52 41 4E 53 46 45 52 
                        5F 45 58 34 01 03 01 02 41 0B 43 4F 4D 4D 41 4E 44 49 4E 46 
                        4F 01 03 01 02 41 09 43 4F 4D 4D 41 4E 44 49 44 41 0D 50 72 
                        65 6D 6F 76 65 43 6D 64 30 30 33 01 02 41 08 50 52 49 4F 52 
                        49 54 59 A9 02 00 0A 01 02 41 07 52 45 50 4C 41 43 45 A9 02 
                        00 00 01 02 41 0C 54 52 41 4E 53 46 45 52 49 4E 46 4F 01 03 
                        01 02 41 09 43 41 52 52 49 45 52 49 44 41 0A 43 61 72 72 69 
                        65 72 30 30 31 01 02 41 0A 53 4F 55 52 43 45 50 4F 52 54 41 
                        08 4F 48 54 35 30 38 5F 31 01 02 41 08 44 45 53 54 50 4F 52 
                        54 41 09 42 48 46 30 30 35 5F 42 36 01 02 41 0C 44 45 4C 49 
                        56 45 52 59 49 4E 46 4F 01 03 01 02 41 0C 44 45 4C 49 56 45 
                        52 59 54 59 50 45 41 00 01 02 41 14 45 58 50 45 43 54 45 44 
                        44 45 4C 49 56 45 52 59 54 49 4D 45 A9 02 00 00 01 02 41 13 
                        44 45 4C 49 56 45 52 59 57 41 49 54 54 49 4D 45 4F 55 54 A9 
                        02 00 00 
03-31 20:31:07.887 WARN RECEIVE UNKNOWN MESSAGE FOR D1 S2F50    SYSBYTE=55 (ERR_DISPATCHER_UnrecognizedFunction)
03-31 20:31:07.894 RECD 00 01 02 32 00 00 00 00 00 37          Length=17           D1 S2F50    SYSBYTE=55
                        01 02 21 01 04 01 00 
03-31 20:31:08.137 RECD 00 01 86 0B 00 00 00 00 00 FB          Length=47           D1 S6F11W   SYSBYTE=251 S6F11
                        01 03 B1 04 00 00 00 00 A9 02 00 6C 01 01 01 02 A9 02 00 12 
                        01 01 41 0D 50 72 65 6D 6F 76 65 43 6D 64 30 30 33 
03-31 20:31:08.144 SEND 00 01 06 0C 00 00 00 00 00 FB          Length=13           D1 S6F12    SYSBYTE=251
                        21 01 00 
03-31 20:31:08.661 RECD 00 01 86 0B 00 00 00 00 00 FC          Length=55           D1 S6F11W   SYSBYTE=252 S6F11
                        01 03 B1 04 00 00 00 00 A9 02 00 CC 01 01 01 02 A9 02 00 1B 
                        01 02 41 06 4F 48 54 35 30 38 41 0D 50 72 65 6D 6F 76 65 43 
                        6D 64 30 30 33 
03-31 20:31:08.718 RECD 00 01 86 0B 00 00 00 00 00 FD          Length=47           D1 S6F11W   SYSBYTE=253 S6F11
                        01 03 B1 04 00 00 00 00 A9 02 00 6F 01 01 01 02 A9 02 00 15 
                        01 01 41 0D 50 72 65 6D 6F 76 65 43 6D 64 30 30 33 
03-31 20:31:08.737 SEND 00 01 06 0C 00 00 00 00 00 FC          Length=13           D1 S6F12    SYSBYTE=252
                        21 01 00 
03-31 20:31:08.744 RECD 00 01 86 0B 00 00 00 00 00 FE          Length=53           D1 S6F11W   SYSBYTE=254 S6F11
                        01 03 B1 04 00 00 00 00 A9 02 00 CD 01 01 01 02 A9 02 00 1C 
                        01 02 41 06 4F 48 54 35 30 38 01 01 41 09 42 48 46 30 30 35 
                        5F 42 36 
03-31 20:31:08.751 SEND 00 01 06 0C 00 00 00 00 00 FD          Length=13           D1 S6F12    SYSBYTE=253
                        21 01 00 
03-31 20:31:08.757 SEND 00 01 06 0C 00 00 00 00 00 FE          Length=13           D1 S6F12    SYSBYTE=254
                        21 01 00 
03-31 20:31:31.764 RECD 00 01 86 0B 00 00 00 00 00 FF          Length=53           D1 S6F11W   SYSBYTE=255 S6F11
                        01 03 B1 04 00 00 00 00 A9 02 00 C9 01 01 01 02 A9 02 00 18 
                        01 02 41 06 4F 48 54 35 30 38 01 01 41 09 42 48 46 30 30 35 
                        5F 42 36 
03-31 20:31:31.770 SEND 00 01 06 0C 00 00 00 00 00 FF          Length=13           D1 S6F12    SYSBYTE=255
                        21 01 00 
03-31 20:31:32.281 RECD 00 01 86 0B 00 00 00 00 01 00          Length=63           D1 S6F11W   SYSBYTE=256 S6F11
                        01 03 B1 04 00 00 00 00 A9 02 00 CE 01 01 01 02 A9 02 00 1D 
                        01 03 41 06 4F 48 54 35 30 38 41 09 42 48 46 30 30 35 5F 42 
                        36 41 0A 43 61 72 72 69 65 72 30 30 31 
03-31 20:31:32.288 SEND 00 01 06 0C 00 00 00 00 01 00          Length=13           D1 S6F12    SYSBYTE=256
                        21 01 00 
03-31 20:31:52.404 RECD 00 01 86 0B 00 00 00 00 01 01          Length=78           D1 S6F11W   SYSBYTE=257 S6F11
                        01 03 B1 04 00 00 00 00 A9 02 00 98 01 01 01 02 A9 02 00 17 
                        01 04 41 06 4F 48 54 35 30 38 41 0A 43 61 72 72 69 65 72 30 
                        30 31 41 09 42 48 46 30 30 35 5F 42 36 41 0D 50 72 65 6D 6F 
                        76 65 43 6D 64 30 30 33 
03-31 20:31:52.417 RECD 00 01 86 0B 00 00 00 00 01 02          Length=63           D1 S6F11W   SYSBYTE=258 S6F11
                        01 03 B1 04 00 00 00 00 A9 02 00 CF 01 01 01 02 A9 02 00 1E 
                        01 03 41 06 4F 48 54 35 30 38 41 09 42 48 46 30 30 35 5F 42 
                        36 41 0A 43 61 72 72 69 65 72 30 30 31 
03-31 20:31:52.424 SEND 00 01 06 0C 00 00 00 00 01 01          Length=13           D1 S6F12    SYSBYTE=257
                        21 01 00 
03-31 20:31:52.431 SEND 00 01 06 0C 00 00 00 00 01 02          Length=13           D1 S6F12    SYSBYTE=258
                        21 01 00 
03-31 20:31:52.437 RECD 00 01 86 0B 00 00 00 00 01 03          Length=55           D1 S6F11W   SYSBYTE=259 S6F11
                        01 03 B1 04 00 00 00 00 A9 02 00 D2 01 01 01 02 A9 02 00 21 
                        01 02 41 06 4F 48 54 35 30 38 41 0D 50 72 65 6D 6F 76 65 43 
                        6D 64 30 30 33 
03-31 20:31:52.443 SEND 00 01 06 0C 00 00 00 00 01 03          Length=13           D1 S6F12    SYSBYTE=259
                        21 01 00 
03-31 20:31:52.451 RECD 00 01 86 0B 00 00 00 00 01 04          Length=112          D1 S6F11W   SYSBYTE=260 S6F11
                        01 03 B1 04 00 00 00 00 A9 02 00 6B 01 01 01 02 A9 02 00 11 
                        01 03 01 03 41 0D 50 72 65 6D 6F 76 65 43 6D 64 30 30 33 A9 
                        02 00 0A A9 02 00 00 A9 02 00 00 01 01 01 02 01 03 41 0A 43 
                        61 72 72 69 65 72 30 30 31 41 09 42 48 46 30 30 35 5F 42 36 
                        41 09 42 48 46 30 30 35 5F 42 36 41 09 42 48 46 30 30 35 5F 
                        42 36 
03-31 20:31:52.460 SEND 00 01 06 0C 00 00 00 00 01 04          Length=13           D1 S6F12    SYSBYTE=260
                        21 01 00 
03-31 20:33:52.445 SEND FF FF 00 00 00 05 7F 00 00 E7          Length=10           Linktest.req
03-31 20:33:52.452 RECD FF FF 00 00 00 06 7F 00 00 E7          Length=10           Linktest.rsp
03-31 20:35:52.453 RECD FF FF 00 00 00 05 7F 00 00 B3          Length=10           Linktest.req
03-31 20:35:52.457 SEND FF FF 00 00 00 06 7F 00 00 B3          Length=10           Linktest.rsp
03-31 20:37:52.457 SEND FF FF 00 00 00 05 7F 00 00 E8          Length=10           Linktest.req
03-31 20:37:52.463 RECD FF FF 00 00 00 06 7F 00 00 E8          Length=10           Linktest.rsp
03-31 20:39:52.465 RECD FF FF 00 00 00 05 7F 00 00 B4          Length=10           Linktest.req
03-31 20:39:52.469 SEND FF FF 00 00 00 06 7F 00 00 B4          Length=10           Linktest.rsp
03-31 20:41:52.470 SEND FF FF 00 00 00 05 7F 00 00 E9          Length=10           Linktest.req
03-31 20:41:52.476 RECD FF FF 00 00 00 06 7F 00 00 E9          Length=10           Linktest.rsp
03-31 20:43:52.478 RECD FF FF 00 00 00 05 7F 00 00 B5          Length=10           Linktest.req
03-31 20:43:52.483 SEND FF FF 00 00 00 05 7F 00 00 EA          Length=10           Linktest.req
03-31 20:43:52.486 SEND FF FF 00 00 00 06 7F 00 00 B5          Length=10           Linktest.rsp
03-31 20:43:52.490 RECD FF FF 00 00 00 06 7F 00 00 EA          Length=10           Linktest.rsp
03-31 20:45:52.494 SEND FF FF 00 00 00 05 7F 00 00 EB          Length=10           Linktest.req
03-31 20:45:52.499 RECD FF FF 00 00 00 05 7F 00 00 B6          Length=10           Linktest.req
03-31 20:45:52.502 SEND FF FF 00 00 00 06 7F 00 00 B6          Length=10           Linktest.rsp
03-31 20:45:52.505 RECD FF FF 00 00 00 06 7F 00 00 EB          Length=10           Linktest.rsp
03-31 20:47:52.509 SEND FF FF 00 00 00 05 7F 00 00 EC          Length=10           Linktest.req
03-31 20:47:52.516 RECD FF FF 00 00 00 05 7F 00 00 B7          Length=10           Linktest.req
03-31 20:47:52.522 SEND FF FF 00 00 00 06 7F 00 00 B7          Length=10           Linktest.rsp
03-31 20:47:52.528 RECD FF FF 00 00 00 06 7F 00 00 EC          Length=10           Linktest.rsp
03-31 20:49:52.523 SEND FF FF 00 00 00 05 7F 00 00 ED          Length=10           Linktest.req
03-31 20:49:52.529 RECD FF FF 00 00 00 06 7F 00 00 ED          Length=10           Linktest.rsp
03-31 20:51:52.532 RECD FF FF 00 00 00 05 7F 00 00 B8          Length=10           Linktest.req
03-31 20:51:52.536 SEND FF FF 00 00 00 05 7F 00 00 EE          Length=10           Linktest.req
03-31 20:51:52.542 SEND FF FF 00 00 00 06 7F 00 00 B8          Length=10           Linktest.rsp
03-31 20:51:52.545 RECD FF FF 00 00 00 06 7F 00 00 EE          Length=10           Linktest.rsp
03-31 20:53:52.553 RECD FF FF 00 00 00 05 7F 00 00 B9          Length=10           Linktest.req
03-31 20:53:52.558 SEND FF FF 00 00 00 05 7F 00 00 EF          Length=10           Linktest.req
03-31 20:53:52.561 SEND FF FF 00 00 00 06 7F 00 00 B9          Length=10           Linktest.rsp
03-31 20:53:52.564 RECD FF FF 00 00 00 06 7F 00 00 EF          Length=10           Linktest.rsp
03-31 20:54:28.173 SEND 00 01 82 31 00 00 00 00 00 38          Length=294          D1 S2F49W   SYSBYTE=56
                        01 04 B1 04 00 00 00 00 41 00 41 0C 54 52 41 4E 53 46 45 52 
                        5F 45 58 34 01 03 01 02 41 0B 43 4F 4D 4D 41 4E 44 49 4E 46 
                        4F 01 03 01 02 41 09 43 4F 4D 4D 41 4E 44 49 44 41 0D 50 72 
                        65 6D 6F 76 65 43 6D 64 30 30 31 01 02 41 08 50 52 49 4F 52 
                        49 54 59 A9 02 00 0A 01 02 41 07 52 45 50 4C 41 43 45 A9 02 
                        00 00 01 02 41 0C 54 52 41 4E 53 46 45 52 49 4E 46 4F 01 03 
                        01 02 41 09 43 41 52 52 49 45 52 49 44 41 0A 43 61 72 72 69 
                        65 72 30 30 31 01 02 41 0A 53 4F 55 52 43 45 50 4F 52 54 41 
                        09 42 48 46 30 30 35 5F 42 36 01 02 41 08 44 45 53 54 50 4F 
                        52 54 41 09 42 44 42 30 30 31 5F 42 31 01 02 41 0C 44 45 4C 
                        49 56 45 52 59 49 4E 46 4F 01 03 01 02 41 0C 44 45 4C 49 56 
                        45 52 59 54 59 50 45 41 00 01 02 41 14 45 58 50 45 43 54 45 
                        44 44 45 4C 49 56 45 52 59 54 49 4D 45 A9 02 00 00 01 02 41 
                        13 44 45 4C 49 56 45 52 59 57 41 49 54 54 49 4D 45 4F 55 54 
                        A9 02 00 00 
03-31 20:54:28.210 WARN RECEIVE UNKNOWN MESSAGE FOR D1 S2F50    SYSBYTE=56 (ERR_DISPATCHER_UnrecognizedFunction)
03-31 20:54:28.215 RECD 00 01 02 32 00 00 00 00 00 38          Length=17           D1 S2F50    SYSBYTE=56
                        01 02 21 01 04 01 00 
03-31 20:54:29.121 RECD 00 01 86 0B 00 00 00 00 01 05          Length=47           D1 S6F11W   SYSBYTE=261 S6F11
                        01 03 B1 04 00 00 00 00 A9 02 00 6C 01 01 01 02 A9 02 00 12 
                        01 01 41 0D 50 72 65 6D 6F 76 65 43 6D 64 30 30 31 
03-31 20:54:29.128 SEND 00 01 06 0C 00 00 00 00 01 05          Length=13           D1 S6F12    SYSBYTE=261
                        21 01 00 
03-31 20:54:29.147 RECD 00 01 86 0B 00 00 00 00 01 06          Length=55           D1 S6F11W   SYSBYTE=262 S6F11
                        01 03 B1 04 00 00 00 00 A9 02 00 CC 01 01 01 02 A9 02 00 1B 
                        01 02 41 06 4F 48 54 35 30 38 41 0D 50 72 65 6D 6F 76 65 43 
                        6D 64 30 30 31 
03-31 20:54:29.154 SEND 00 01 06 0C 00 00 00 00 01 06          Length=13           D1 S6F12    SYSBYTE=262
                        21 01 00 
03-31 20:54:29.161 RECD 00 01 86 0B 00 00 00 00 01 07          Length=53           D1 S6F11W   SYSBYTE=263 S6F11
                        01 03 B1 04 00 00 00 00 A9 02 00 C9 01 01 01 02 A9 02 00 18 
                        01 02 41 06 4F 48 54 35 30 38 01 01 41 09 42 48 46 30 30 35 
                        5F 42 36 
03-31 20:54:29.167 SEND 00 01 06 0C 00 00 00 00 01 07          Length=13           D1 S6F12    SYSBYTE=263
                        21 01 00 
03-31 20:54:29.669 RECD 00 01 86 0B 00 00 00 00 01 08          Length=47           D1 S6F11W   SYSBYTE=264 S6F11
                        01 03 B1 04 00 00 00 00 A9 02 00 6F 01 01 01 02 A9 02 00 15 
                        01 01 41 0D 50 72 65 6D 6F 76 65 43 6D 64 30 30 31 
03-31 20:54:29.676 SEND 00 01 06 0C 00 00 00 00 01 08          Length=13           D1 S6F12    SYSBYTE=264
                        21 01 00 
03-31 20:54:29.683 RECD 00 01 86 0B 00 00 00 00 01 09          Length=63           D1 S6F11W   SYSBYTE=265 S6F11
                        01 03 B1 04 00 00 00 00 A9 02 00 CA 01 01 01 02 A9 02 00 19 
                        01 03 41 06 4F 48 54 35 30 38 41 09 42 48 46 30 30 35 5F 42 
                        36 41 0A 43 61 72 72 69 65 72 30 30 31 
03-31 20:54:29.688 SEND 00 01 06 0C 00 00 00 00 01 09          Length=13           D1 S6F12    SYSBYTE=265
                        21 01 00 
03-31 20:54:49.757 RECD 00 01 86 0B 00 00 00 00 01 0A          Length=81           D1 S6F11W   SYSBYTE=266 S6F11
                        01 03 B1 04 00 00 00 00 A9 02 00 97 01 01 01 02 A9 02 00 16 
                        01 05 41 06 4F 48 54 35 30 38 41 0A 43 61 72 72 69 65 72 30 
                        30 31 41 08 4F 48 54 35 30 38 5F 31 41 0D 50 72 65 6D 6F 76 
                        65 43 6D 64 30 30 31 A9 02 00 64 
03-31 20:54:49.766 SEND 00 01 06 0C 00 00 00 00 01 0A          Length=13           D1 S6F12    SYSBYTE=266
                        21 01 00 
03-31 20:54:49.773 RECD 00 01 86 0B 00 00 00 00 01 0B          Length=63           D1 S6F11W   SYSBYTE=267 S6F11
                        01 03 B1 04 00 00 00 00 A9 02 00 CB 01 01 01 02 A9 02 00 1A 
                        01 03 41 06 4F 48 54 35 30 38 41 09 42 48 46 30 30 35 5F 42 
                        36 41 0A 43 61 72 72 69 65 72 30 30 31 
03-31 20:54:49.781 RECD 00 01 86 0B 00 00 00 00 01 0C          Length=53           D1 S6F11W   SYSBYTE=268 S6F11
                        01 03 B1 04 00 00 00 00 A9 02 00 CD 01 01 01 02 A9 02 00 1C 
                        01 02 41 06 4F 48 54 35 30 38 01 01 41 09 42 48 46 30 30 35 
                        5F 42 36 
03-31 20:54:49.801 SEND 00 01 06 0C 00 00 00 00 01 0B          Length=13           D1 S6F12    SYSBYTE=267
                        21 01 00 
03-31 20:54:49.815 SEND 00 01 06 0C 00 00 00 00 01 0C          Length=13           D1 S6F12    SYSBYTE=268
                        21 01 00 
03-31 20:55:01.534 SEND 00 01 82 29 00 00 00 00 00 39          Length=49           D1 S2F41W   SYSBYTE=57
                        01 02 41 05 41 42 4F 52 54 01 01 01 02 41 09 43 4F 4D 4D 41 
                        4E 44 49 44 41 0D 50 72 65 6D 6F 76 65 43 6D 64 30 30 31 
03-31 20:55:01.561 RECD 00 01 02 2A 00 00 00 00 00 39          Length=17           D1 S2F42    SYSBYTE=57 S2F42
                        01 02 21 01 04 01 00 
03-31 20:55:01.822 RECD 00 01 86 0B 00 00 00 00 01 0D          Length=47           D1 S6F11W   SYSBYTE=269 S6F11
                        01 03 B1 04 00 00 00 00 A9 02 00 67 01 01 01 02 A9 02 00 0D 
                        01 01 41 0D 50 72 65 6D 6F 76 65 43 6D 64 30 30 31 
03-31 20:55:01.829 SEND 00 01 06 0C 00 00 00 00 01 0D          Length=13           D1 S6F12    SYSBYTE=269
                        21 01 00 
03-31 20:55:01.835 RECD 00 01 86 0B 00 00 00 00 01 0E          Length=107          D1 S6F11W   SYSBYTE=270 S6F11
                        01 03 B1 04 00 00 00 00 A9 02 00 65 01 01 01 02 A9 02 00 0B 
                        01 02 01 03 41 0D 50 72 65 6D 6F 76 65 43 6D 64 30 30 31 A9 
                        02 00 0A A9 02 00 00 01 01 01 02 01 03 41 0A 43 61 72 72 69 
                        65 72 30 30 31 41 09 42 48 46 30 30 35 5F 42 36 41 09 42 44 
                        42 30 30 31 5F 42 31 41 08 4F 48 54 35 30 38 5F 31 
03-31 20:55:01.842 SEND 00 01 06 0C 00 00 00 00 01 0E          Length=13           D1 S6F12    SYSBYTE=270
                        21 01 00 
03-31 20:55:01.883 RECD 00 01 86 0B 00 00 00 00 01 0F          Length=55           D1 S6F11W   SYSBYTE=271 S6F11
                        01 03 B1 04 00 00 00 00 A9 02 00 D2 01 01 01 02 A9 02 00 21 
                        01 02 41 06 4F 48 54 35 30 38 41 0D 50 72 65 6D 6F 76 65 43 
                        6D 64 30 30 31 
03-31 20:55:01.891 SEND 00 01 06 0C 00 00 00 00 01 0F          Length=13           D1 S6F12    SYSBYTE=271
                        21 01 00 
03-31 20:55:57.983 SEND 00 01 82 31 00 00 00 00 00 3A          Length=300          D1 S2F49W   SYSBYTE=58
                        01 04 B1 04 00 00 00 00 41 00 41 0C 54 52 41 4E 53 46 45 52 
                        5F 45 58 34 01 03 01 02 41 0B 43 4F 4D 4D 41 4E 44 49 4E 46 
                        4F 01 03 01 02 41 09 43 4F 4D 4D 41 4E 44 49 44 41 0D 50 72 
                        65 6D 6F 76 65 43 6D 64 30 30 32 01 02 41 08 50 52 49 4F 52 
                        49 54 59 A9 02 00 0A 01 02 41 07 52 45 50 4C 41 43 45 A9 02 
                        00 00 01 02 41 0C 54 52 41 4E 53 46 45 52 49 4E 46 4F 01 03 
                        01 02 41 09 43 41 52 52 49 45 52 49 44 41 0A 43 61 72 72 69 
                        65 72 30 30 31 01 02 41 0A 53 4F 55 52 43 45 50 4F 52 54 41 
                        08 4F 48 54 35 30 38 5F 31 01 02 41 08 44 45 53 54 50 4F 52 
                        54 41 09 42 42 44 30 30 32 5F 42 34 01 02 41 0C 44 45 4C 49 
                        56 45 52 59 49 4E 46 4F 01 03 01 02 41 0C 44 45 4C 49 56 45 
                        52 59 54 59 50 45 41 07 50 52 45 4D 4F 56 45 01 02 41 14 45 
                        58 50 45 43 54 45 44 44 45 4C 49 56 45 52 59 54 49 4D 45 A9 
                        02 00 00 01 02 41 13 44 45 4C 49 56 45 52 59 57 41 49 54 54 
                        49 4D 45 4F 55 54 A9 02 00 32 
03-31 20:55:58.035 WARN RECEIVE UNKNOWN MESSAGE FOR D1 S2F50    SYSBYTE=58 (ERR_DISPATCHER_UnrecognizedFunction)
03-31 20:55:58.042 RECD 00 01 02 32 00 00 00 00 00 3A          Length=17           D1 S2F50    SYSBYTE=58
                        01 02 21 01 04 01 00 
03-31 20:55:58.582 RECD 00 01 86 0B 00 00 00 00 01 10          Length=47           D1 S6F11W   SYSBYTE=272 S6F11
                        01 03 B1 04 00 00 00 00 A9 02 00 6C 01 01 01 02 A9 02 00 12 
                        01 01 41 0D 50 72 65 6D 6F 76 65 43 6D 64 30 30 32 
03-31 20:55:58.589 SEND 00 01 06 0C 00 00 00 00 01 10          Length=13           D1 S6F12    SYSBYTE=272
                        21 01 00 
03-31 20:55:58.600 RECD 00 01 86 0B 00 00 00 00 01 11          Length=55           D1 S6F11W   SYSBYTE=273 S6F11
                        01 03 B1 04 00 00 00 00 A9 02 00 CC 01 01 01 02 A9 02 00 1B 
                        01 02 41 06 4F 48 54 35 30 38 41 0D 50 72 65 6D 6F 76 65 43 
                        6D 64 30 30 32 
03-31 20:55:58.607 SEND 00 01 06 0C 00 00 00 00 01 11          Length=13           D1 S6F12    SYSBYTE=273
                        21 01 00 
03-31 20:55:58.615 RECD 00 01 86 0B 00 00 00 00 01 12          Length=47           D1 S6F11W   SYSBYTE=274 S6F11
                        01 03 B1 04 00 00 00 00 A9 02 00 6F 01 01 01 02 A9 02 00 15 
                        01 01 41 0D 50 72 65 6D 6F 76 65 43 6D 64 30 30 32 
03-31 20:55:58.622 SEND 00 01 06 0C 00 00 00 00 01 12          Length=13           D1 S6F12    SYSBYTE=274
                        21 01 00 
03-31 20:55:58.632 RECD 00 01 86 0B 00 00 00 00 01 13          Length=53           D1 S6F11W   SYSBYTE=275 S6F11
                        01 03 B1 04 00 00 00 00 A9 02 00 CD 01 01 01 02 A9 02 00 1C 
                        01 02 41 06 4F 48 54 35 30 38 01 01 41 09 42 48 46 30 30 35 
                        5F 42 36 
03-31 20:55:58.639 SEND 00 01 06 0C 00 00 00 00 01 13          Length=13           D1 S6F12    SYSBYTE=275
                        21 01 00 
03-31 20:56:34.257 RECD 00 01 86 0B 00 00 00 00 01 14          Length=53           D1 S6F11W   SYSBYTE=276 S6F11
                        01 03 B1 04 00 00 00 00 A9 02 00 C9 01 01 01 02 A9 02 00 18 
                        01 02 41 06 4F 48 54 35 30 38 01 01 41 09 42 42 44 30 30 32 
                        5F 42 34 
03-31 20:56:34.264 SEND 00 01 06 0C 00 00 00 00 01 14          Length=13           D1 S6F12    SYSBYTE=276
                        21 01 00 
03-31 20:56:45.219 SEND 00 01 82 31 00 00 00 00 00 3B          Length=294          D1 S2F49W   SYSBYTE=59
                        01 04 B1 04 00 00 00 00 41 00 41 0C 54 52 41 4E 53 46 45 52 
                        5F 45 58 34 01 03 01 02 41 0B 43 4F 4D 4D 41 4E 44 49 4E 46 
                        4F 01 03 01 02 41 09 43 4F 4D 4D 41 4E 44 49 44 41 0D 50 72 
                        65 6D 6F 76 65 43 6D 64 30 30 33 01 02 41 08 50 52 49 4F 52 
                        49 54 59 A9 02 00 0A 01 02 41 07 52 45 50 4C 41 43 45 A9 02 
                        00 00 01 02 41 0C 54 52 41 4E 53 46 45 52 49 4E 46 4F 01 03 
                        01 02 41 09 43 41 52 52 49 45 52 49 44 41 0A 43 61 72 72 69 
                        65 72 30 30 32 01 02 41 0A 53 4F 55 52 43 45 50 4F 52 54 41 
                        09 42 48 46 30 30 33 5F 42 36 01 02 41 08 44 45 53 54 50 4F 
                        52 54 41 09 42 42 44 30 30 32 5F 42 34 01 02 41 0C 44 45 4C 
                        49 56 45 52 59 49 4E 46 4F 01 03 01 02 41 0C 44 45 4C 49 56 
                        45 52 59 54 59 50 45 41 00 01 02 41 14 45 58 50 45 43 54 45 
                        44 44 45 4C 49 56 45 52 59 54 49 4D 45 A9 02 00 00 01 02 41 
                        13 44 45 4C 49 56 45 52 59 57 41 49 54 54 49 4D 45 4F 55 54 
                        A9 02 00 00 
03-31 20:56:45.288 WARN RECEIVE UNKNOWN MESSAGE FOR D1 S2F50    SYSBYTE=59 (ERR_DISPATCHER_UnrecognizedFunction)
03-31 20:56:45.295 RECD 00 01 02 32 00 00 00 00 00 3B          Length=17           D1 S2F50    SYSBYTE=59
                        01 02 21 01 04 01 00 
03-31 20:56:46.814 RECD 00 01 86 0B 00 00 00 00 01 15          Length=47           D1 S6F11W   SYSBYTE=277 S6F11
                        01 03 B1 04 00 00 00 00 A9 02 00 6C 01 01 01 02 A9 02 00 12 
                        01 01 41 0D 50 72 65 6D 6F 76 65 43 6D 64 30 30 33 
03-31 20:56:46.823 RECD 00 01 86 0B 00 00 00 00 01 16          Length=55           D1 S6F11W   SYSBYTE=278 S6F11
                        01 03 B1 04 00 00 00 00 A9 02 00 CC 01 01 01 02 A9 02 00 1B 
                        01 02 41 06 4F 48 54 35 30 31 41 0D 50 72 65 6D 6F 76 65 43 
                        6D 64 30 30 33 
03-31 20:56:46.829 SEND 00 01 06 0C 00 00 00 00 01 15          Length=13           D1 S6F12    SYSBYTE=277
                        21 01 00 
03-31 20:56:46.836 SEND 00 01 06 0C 00 00 00 00 01 16          Length=13           D1 S6F12    SYSBYTE=278
                        21 01 00 
03-31 20:57:04.393 RECD 00 01 86 0B 00 00 00 00 01 17          Length=53           D1 S6F11W   SYSBYTE=279 S6F11
                        01 03 B1 04 00 00 00 00 A9 02 00 C9 01 01 01 02 A9 02 00 18 
                        01 02 41 06 4F 48 54 35 30 31 01 01 41 09 42 48 46 30 30 33 
                        5F 42 36 
03-31 20:57:04.400 SEND 00 01 06 0C 00 00 00 00 01 17          Length=13           D1 S6F12    SYSBYTE=279
                        21 01 00 
03-31 20:57:04.917 RECD 00 01 86 0B 00 00 00 00 01 18          Length=47           D1 S6F11W   SYSBYTE=280 S6F11
                        01 03 B1 04 00 00 00 00 A9 02 00 6F 01 01 01 02 A9 02 00 15 
                        01 01 41 0D 50 72 65 6D 6F 76 65 43 6D 64 30 30 33 
03-31 20:57:04.925 SEND 00 01 06 0C 00 00 00 00 01 18          Length=13           D1 S6F12    SYSBYTE=280
                        21 01 00 
03-31 20:57:04.931 RECD 00 01 86 0B 00 00 00 00 01 19          Length=63           D1 S6F11W   SYSBYTE=281 S6F11
                        01 03 B1 04 00 00 00 00 A9 02 00 CA 01 01 01 02 A9 02 00 19 
                        01 03 41 06 4F 48 54 35 30 31 41 09 42 48 46 30 30 33 5F 42 
                        36 41 0A 43 61 72 72 69 65 72 30 30 32 
03-31 20:57:04.937 SEND 00 01 06 0C 00 00 00 00 01 19          Length=13           D1 S6F12    SYSBYTE=281
                        21 01 00 
03-31 20:57:06.946 RECD 00 01 86 0B 00 00 00 00 01 1A          Length=81           D1 S6F11W   SYSBYTE=282 S6F11
                        01 03 B1 04 00 00 00 00 A9 02 00 97 01 01 01 02 A9 02 00 16 
                        01 05 41 06 4F 48 54 35 30 31 41 0A 43 61 72 72 69 65 72 30 
                        30 32 41 08 4F 48 54 35 30 31 5F 31 41 0D 50 72 65 6D 6F 76 
                        65 43 6D 64 30 30 33 A9 02 00 64 
03-31 20:57:06.957 SEND 00 01 06 0C 00 00 00 00 01 1A          Length=13           D1 S6F12    SYSBYTE=282
                        21 01 00 
03-31 20:57:06.964 RECD 00 01 86 0B 00 00 00 00 01 1B          Length=63           D1 S6F11W   SYSBYTE=283 S6F11
                        01 03 B1 04 00 00 00 00 A9 02 00 CB 01 01 01 02 A9 02 00 1A 
                        01 03 41 06 4F 48 54 35 30 31 41 09 42 48 46 30 30 33 5F 42 
                        36 41 0A 43 61 72 72 69 65 72 30 30 32 
03-31 20:57:06.971 RECD 00 01 86 0B 00 00 00 00 01 1C          Length=53           D1 S6F11W   SYSBYTE=284 S6F11
                        01 03 B1 04 00 00 00 00 A9 02 00 CD 01 01 01 02 A9 02 00 1C 
                        01 02 41 06 4F 48 54 35 30 31 01 01 41 09 42 48 46 30 30 33 
                        5F 42 36 
03-31 20:57:06.978 SEND 00 01 06 0C 00 00 00 00 01 1B          Length=13           D1 S6F12    SYSBYTE=283
                        21 01 00 
03-31 20:57:06.985 SEND 00 01 06 0C 00 00 00 00 01 1C          Length=13           D1 S6F12    SYSBYTE=284
                        21 01 00 
03-31 20:57:18.043 RECD 00 01 86 0B 00 00 00 00 01 1D          Length=53           D1 S6F11W   SYSBYTE=285 S6F11
                        01 03 B1 04 00 00 00 00 A9 02 00 C9 01 01 01 02 A9 02 00 18 
                        01 02 41 06 4F 48 54 35 30 31 01 01 41 09 42 42 44 30 30 32 
                        5F 42 34 
03-31 20:57:18.050 SEND 00 01 06 0C 00 00 00 00 01 1D          Length=13           D1 S6F12    SYSBYTE=285
                        21 01 00 
03-31 20:57:18.560 RECD 00 01 86 0B 00 00 00 00 01 1E          Length=63           D1 S6F11W   SYSBYTE=286 S6F11
                        01 03 B1 04 00 00 00 00 A9 02 00 CE 01 01 01 02 A9 02 00 1D 
                        01 03 41 06 4F 48 54 35 30 31 41 09 42 42 44 30 30 32 5F 42 
                        34 41 0A 43 61 72 72 69 65 72 30 30 32 
03-31 20:57:18.567 SEND 00 01 06 0C 00 00 00 00 01 1E          Length=13           D1 S6F12    SYSBYTE=286
                        21 01 00 
03-31 20:57:21.085 RECD 00 01 86 0B 00 00 00 00 01 1F          Length=78           D1 S6F11W   SYSBYTE=287 S6F11
                        01 03 B1 04 00 00 00 00 A9 02 00 98 01 01 01 02 A9 02 00 17 
                        01 04 41 06 4F 48 54 35 30 31 41 0A 43 61 72 72 69 65 72 30 
                        30 32 41 09 42 42 44 30 30 32 5F 42 34 41 0D 50 72 65 6D 6F 
                        76 65 43 6D 64 30 30 33 
03-31 20:57:21.094 RECD 00 01 86 0B 00 00 00 00 01 20          Length=63           D1 S6F11W   SYSBYTE=288 S6F11
                        01 03 B1 04 00 00 00 00 A9 02 00 CF 01 01 01 02 A9 02 00 1E 
                        01 03 41 06 4F 48 54 35 30 31 41 09 42 42 44 30 30 32 5F 42 
                        34 41 0A 43 61 72 72 69 65 72 30 30 32 
03-31 20:57:21.100 SEND 00 01 06 0C 00 00 00 00 01 1F          Length=13           D1 S6F12    SYSBYTE=287
                        21 01 00 
03-31 20:57:21.108 SEND 00 01 06 0C 00 00 00 00 01 20          Length=13           D1 S6F12    SYSBYTE=288
                        21 01 00 
03-31 20:57:21.114 RECD 00 01 86 0B 00 00 00 00 01 21          Length=55           D1 S6F11W   SYSBYTE=289 S6F11
                        01 03 B1 04 00 00 00 00 A9 02 00 D2 01 01 01 02 A9 02 00 21 
                        01 02 41 06 4F 48 54 35 30 31 41 0D 50 72 65 6D 6F 76 65 43 
                        6D 64 30 30 33 
03-31 20:57:21.122 SEND 00 01 06 0C 00 00 00 00 01 21          Length=13           D1 S6F12    SYSBYTE=289
                        21 01 00 
03-31 20:57:21.127 RECD 00 01 86 0B 00 00 00 00 01 22          Length=112          D1 S6F11W   SYSBYTE=290 S6F11
                        01 03 B1 04 00 00 00 00 A9 02 00 6B 01 01 01 02 A9 02 00 11 
                        01 03 01 03 41 0D 50 72 65 6D 6F 76 65 43 6D 64 30 30 33 A9 
                        02 00 0A A9 02 00 00 A9 02 00 00 01 01 01 02 01 03 41 0A 43 
                        61 72 72 69 65 72 30 30 32 41 09 42 48 46 30 30 33 5F 42 36 
                        41 09 42 42 44 30 30 32 5F 42 34 41 09 42 42 44 30 30 32 5F 
                        42 34 
03-31 20:57:21.133 SEND 00 01 06 0C 00 00 00 00 01 22          Length=13           D1 S6F12    SYSBYTE=290
                        21 01 00 
03-31 20:57:37.192 RECD 00 01 86 0B 00 00 00 00 01 23          Length=55           D1 S6F11W   SYSBYTE=291 S6F11
                        01 03 B1 04 00 00 00 00 A9 02 00 D2 01 01 01 02 A9 02 00 21 
                        01 02 41 06 4F 48 54 35 30 38 41 0D 50 72 65 6D 6F 76 65 43 
                        6D 64 30 30 32 
03-31 20:57:37.199 RECD 00 01 86 0B 00 00 00 00 01 24          Length=111          D1 S6F11W   SYSBYTE=292 S6F11
                        01 03 B1 04 00 00 00 00 A9 02 00 6B 01 01 01 02 A9 02 00 11 
                        01 03 01 03 41 0D 50 72 65 6D 6F 76 65 43 6D 64 30 30 32 A9 
                        02 00 0A A9 02 00 00 A9 02 00 01 01 01 01 02 01 03 41 0A 43 
                        61 72 72 69 65 72 30 30 31 41 09 42 48 46 30 30 35 5F 42 36 
                        41 09 42 42 44 30 30 32 5F 42 34 41 08 4F 48 54 35 30 38 5F 
                        31 
03-31 20:57:37.207 SEND 00 01 06 0C 00 00 00 00 01 23          Length=13           D1 S6F12    SYSBYTE=291
                        21 01 00 
03-31 20:57:37.214 SEND 00 01 06 0C 00 00 00 00 01 24          Length=13           D1 S6F12    SYSBYTE=292
                        21 01 00 
03-31 20:59:37.195 SEND FF FF 00 00 00 05 7F 00 00 F0          Length=10           Linktest.req
03-31 20:59:37.229 RECD FF FF 00 00 00 05 7F 00 00 BA          Length=10           Linktest.req
03-31 20:59:37.233 SEND FF FF 00 00 00 06 7F 00 00 BA          Length=10           Linktest.rsp
03-31 20:59:37.236 RECD FF FF 00 00 00 06 7F 00 00 F0          Length=10           Linktest.rsp
03-31 21:01:37.239 INFO RECEIVE MESSAGE COUNT 91
