03-31 21:01:37.241 INFO MCS 3.0.18
03-31 21:01:37.241 SEND FF FF 00 00 00 05 7F 00 00 F1          Length=10           Linktest.req
03-31 21:01:37.247 RECD FF FF 00 00 00 06 7F 00 00 F1          Length=10           Linktest.rsp
03-31 21:01:40.038 SEND 00 01 82 31 00 00 00 00 00 3C          Length=294          D1 S2F49W   SYSBYTE=60
                        01 04 B1 04 00 00 00 00 41 00 41 0C 54 52 41 4E 53 46 45 52 
                        5F 45 58 34 01 03 01 02 41 0B 43 4F 4D 4D 41 4E 44 49 4E 46 
                        4F 01 03 01 02 41 09 43 4F 4D 4D 41 4E 44 49 44 41 0D 50 72 
                        65 6D 6F 76 65 43 6D 64 30 30 31 01 02 41 08 50 52 49 4F 52 
                        49 54 59 A9 02 00 0A 01 02 41 07 52 45 50 4C 41 43 45 A9 02 
                        00 00 01 02 41 0C 54 52 41 4E 53 46 45 52 49 4E 46 4F 01 03 
                        01 02 41 09 43 41 52 52 49 45 52 49 44 41 0A 43 61 72 72 69 
                        65 72 30 30 31 01 02 41 0A 53 4F 55 52 43 45 50 4F 52 54 41 
                        09 42 48 46 30 30 35 5F 42 36 01 02 41 08 44 45 53 54 50 4F 
                        52 54 41 09 42 44 42 30 30 31 5F 42 31 01 02 41 0C 44 45 4C 
                        49 56 45 52 59 49 4E 46 4F 01 03 01 02 41 0C 44 45 4C 49 56 
                        45 52 59 54 59 50 45 41 00 01 02 41 14 45 58 50 45 43 54 45 
                        44 44 45 4C 49 56 45 52 59 54 49 4D 45 A9 02 00 00 01 02 41 
                        13 44 45 4C 49 56 45 52 59 57 41 49 54 54 49 4D 45 4F 55 54 
                        A9 02 00 00 
03-31 21:01:40.077 WARN RECEIVE UNKNOWN MESSAGE FOR D1 S2F50    SYSBYTE=60 (ERR_DISPATCHER_UnrecognizedFunction)
03-31 21:01:40.084 RECD 00 01 02 32 00 00 00 00 00 3C          Length=17           D1 S2F50    SYSBYTE=60
                        01 02 21 01 04 01 00 
03-31 21:01:42.098 RECD 00 01 86 0B 00 00 00 00 01 25          Length=47           D1 S6F11W   SYSBYTE=293 S6F11
                        01 03 B1 04 00 00 00 00 A9 02 00 6C 01 01 01 02 A9 02 00 12 
                        01 01 41 0D 50 72 65 6D 6F 76 65 43 6D 64 30 30 31 
03-31 21:01:42.108 RECD 00 01 86 0B 00 00 00 00 01 26          Length=55           D1 S6F11W   SYSBYTE=294 S6F11
                        01 03 B1 04 00 00 00 00 A9 02 00 CC 01 01 01 02 A9 02 00 1B 
                        01 02 41 06 4F 48 54 35 31 30 41 0D 50 72 65 6D 6F 76 65 43 
                        6D 64 30 30 31 
03-31 21:01:42.117 SEND 00 01 06 0C 00 00 00 00 01 25          Length=13           D1 S6F12    SYSBYTE=293
                        21 01 00 
03-31 21:01:42.123 SEND 00 01 06 0C 00 00 00 00 01 26          Length=13           D1 S6F12    SYSBYTE=294
                        21 01 00 
03-31 21:02:15.801 RECD 00 01 86 0B 00 00 00 00 01 27          Length=53           D1 S6F11W   SYSBYTE=295 S6F11
                        01 03 B1 04 00 00 00 00 A9 02 00 C9 01 01 01 02 A9 02 00 18 
                        01 02 41 06 4F 48 54 35 31 30 01 01 41 09 42 48 46 30 30 35 
                        5F 42 36 
03-31 21:02:15.807 SEND 00 01 06 0C 00 00 00 00 01 27          Length=13           D1 S6F12    SYSBYTE=295
                        21 01 00 
03-31 21:02:16.326 RECD 00 01 86 0B 00 00 00 00 01 28          Length=47           D1 S6F11W   SYSBYTE=296 S6F11
                        01 03 B1 04 00 00 00 00 A9 02 00 6F 01 01 01 02 A9 02 00 15 
                        01 01 41 0D 50 72 65 6D 6F 76 65 43 6D 64 30 30 31 
03-31 21:02:16.339 RECD 00 01 86 0B 00 00 00 00 01 29          Length=63           D1 S6F11W   SYSBYTE=297 S6F11
                        01 03 B1 04 00 00 00 00 A9 02 00 CA 01 01 01 02 A9 02 00 19 
                        01 03 41 06 4F 48 54 35 31 30 41 09 42 48 46 30 30 35 5F 42 
                        36 41 0A 43 61 72 72 69 65 72 30 30 31 
03-31 21:02:16.349 SEND 00 01 06 0C 00 00 00 00 01 28          Length=13           D1 S6F12    SYSBYTE=296
                        21 01 00 
03-31 21:02:16.355 SEND 00 01 06 0C 00 00 00 00 01 29          Length=13           D1 S6F12    SYSBYTE=297
                        21 01 00 
03-31 21:02:35.911 RECD 00 01 86 0B 00 00 00 00 01 2A          Length=81           D1 S6F11W   SYSBYTE=298 S6F11
                        01 03 B1 04 00 00 00 00 A9 02 00 97 01 01 01 02 A9 02 00 16 
                        01 05 41 06 4F 48 54 35 31 30 41 0A 43 61 72 72 69 65 72 30 
                        30 31 41 08 4F 48 54 35 31 30 5F 31 41 0D 50 72 65 6D 6F 76 
                        65 43 6D 64 30 30 31 A9 02 00 64 
03-31 21:02:35.920 RECD 00 01 86 0B 00 00 00 00 01 2B          Length=63           D1 S6F11W   SYSBYTE=299 S6F11
                        01 03 B1 04 00 00 00 00 A9 02 00 CB 01 01 01 02 A9 02 00 1A 
                        01 03 41 06 4F 48 54 35 31 30 41 09 42 48 46 30 30 35 5F 42 
                        36 41 0A 43 61 72 72 69 65 72 30 30 31 
03-31 21:02:35.929 SEND 00 01 06 0C 00 00 00 00 01 2A          Length=13           D1 S6F12    SYSBYTE=298
                        21 01 00 
03-31 21:02:35.935 SEND 00 01 06 0C 00 00 00 00 01 2B          Length=13           D1 S6F12    SYSBYTE=299
                        21 01 00 
03-31 21:02:36.429 RECD 00 01 86 0B 00 00 00 00 01 2C          Length=53           D1 S6F11W   SYSBYTE=300 S6F11
                        01 03 B1 04 00 00 00 00 A9 02 00 CD 01 01 01 02 A9 02 00 1C 
                        01 02 41 06 4F 48 54 35 31 30 01 01 41 09 42 48 46 30 30 35 
                        5F 42 36 
03-31 21:02:36.436 SEND 00 01 06 0C 00 00 00 00 01 2C          Length=13           D1 S6F12    SYSBYTE=300
                        21 01 00 
03-31 21:02:41.514 SEND 00 01 82 29 00 00 00 00 00 3D          Length=49           D1 S2F41W   SYSBYTE=61
                        01 02 41 05 41 42 4F 52 54 01 01 01 02 41 09 43 4F 4D 4D 41 
                        4E 44 49 44 41 0D 50 72 65 6D 6F 76 65 43 6D 64 30 30 31 
03-31 21:02:41.545 RECD 00 01 02 2A 00 00 00 00 00 3D          Length=17           D1 S2F42    SYSBYTE=61 S2F42
                        01 02 21 01 04 01 00 
03-31 21:02:41.963 RECD 00 01 86 0B 00 00 00 00 01 2D          Length=47           D1 S6F11W   SYSBYTE=301 S6F11
                        01 03 B1 04 00 00 00 00 A9 02 00 67 01 01 01 02 A9 02 00 0D 
                        01 01 41 0D 50 72 65 6D 6F 76 65 43 6D 64 30 30 31 
03-31 21:02:41.970 SEND 00 01 06 0C 00 00 00 00 01 2D          Length=13           D1 S6F12    SYSBYTE=301
                        21 01 00 
03-31 21:02:41.978 RECD 00 01 86 0B 00 00 00 00 01 2E          Length=107          D1 S6F11W   SYSBYTE=302 S6F11
                        01 03 B1 04 00 00 00 00 A9 02 00 65 01 01 01 02 A9 02 00 0B 
                        01 02 01 03 41 0D 50 72 65 6D 6F 76 65 43 6D 64 30 30 31 A9 
                        02 00 0A A9 02 00 00 01 01 01 02 01 03 41 0A 43 61 72 72 69 
                        65 72 30 30 31 41 09 42 48 46 30 30 35 5F 42 36 41 09 42 44 
                        42 30 30 31 5F 42 31 41 08 4F 48 54 35 31 30 5F 31 
03-31 21:02:41.984 SEND 00 01 06 0C 00 00 00 00 01 2E          Length=13           D1 S6F12    SYSBYTE=302
                        21 01 00 
03-31 21:02:41.992 RECD 00 01 86 0B 00 00 00 00 01 2F          Length=55           D1 S6F11W   SYSBYTE=303 S6F11
                        01 03 B1 04 00 00 00 00 A9 02 00 D2 01 01 01 02 A9 02 00 21 
                        01 02 41 06 4F 48 54 35 31 30 41 0D 50 72 65 6D 6F 76 65 43 
                        6D 64 30 30 31 
03-31 21:02:41.998 SEND 00 01 06 0C 00 00 00 00 01 2F          Length=13           D1 S6F12    SYSBYTE=303
                        21 01 00 
03-31 21:03:12.315 SEND 00 01 82 31 00 00 00 00 00 3E          Length=300          D1 S2F49W   SYSBYTE=62
                        01 04 B1 04 00 00 00 00 41 00 41 0C 54 52 41 4E 53 46 45 52 
                        5F 45 58 34 01 03 01 02 41 0B 43 4F 4D 4D 41 4E 44 49 4E 46 
                        4F 01 03 01 02 41 09 43 4F 4D 4D 41 4E 44 49 44 41 0D 50 72 
                        65 6D 6F 76 65 43 6D 64 30 30 32 01 02 41 08 50 52 49 4F 52 
                        49 54 59 A9 02 00 0A 01 02 41 07 52 45 50 4C 41 43 45 A9 02 
                        00 00 01 02 41 0C 54 52 41 4E 53 46 45 52 49 4E 46 4F 01 03 
                        01 02 41 09 43 41 52 52 49 45 52 49 44 41 0A 43 61 72 72 69 
                        65 72 30 30 31 01 02 41 0A 53 4F 55 52 43 45 50 4F 52 54 41 
                        08 4F 48 54 35 31 30 5F 31 01 02 41 08 44 45 53 54 50 4F 52 
                        54 41 09 42 42 44 30 30 32 5F 42 34 01 02 41 0C 44 45 4C 49 
                        56 45 52 59 49 4E 46 4F 01 03 01 02 41 0C 44 45 4C 49 56 45 
                        52 59 54 59 50 45 41 07 50 52 45 4D 4F 56 45 01 02 41 14 45 
                        58 50 45 43 54 45 44 44 45 4C 49 56 45 52 59 54 49 4D 45 A9 
                        02 00 00 01 02 41 13 44 45 4C 49 56 45 52 59 57 41 49 54 54 
                        49 4D 45 4F 55 54 A9 02 01 F4 
03-31 21:03:12.357 WARN RECEIVE UNKNOWN MESSAGE FOR D1 S2F50    SYSBYTE=62 (ERR_DISPATCHER_UnrecognizedFunction)
03-31 21:03:12.364 RECD 00 01 02 32 00 00 00 00 00 3E          Length=17           D1 S2F50    SYSBYTE=62
                        01 02 21 01 04 01 00 
03-31 21:03:12.607 RECD 00 01 86 0B 00 00 00 00 01 30          Length=47           D1 S6F11W   SYSBYTE=304 S6F11
                        01 03 B1 04 00 00 00 00 A9 02 00 6C 01 01 01 02 A9 02 00 12 
                        01 01 41 0D 50 72 65 6D 6F 76 65 43 6D 64 30 30 32 
03-31 21:03:12.614 SEND 00 01 06 0C 00 00 00 00 01 30          Length=13           D1 S6F12    SYSBYTE=304
                        21 01 00 
03-31 21:03:12.622 RECD 00 01 86 0B 00 00 00 00 01 31          Length=55           D1 S6F11W   SYSBYTE=305 S6F11
                        01 03 B1 04 00 00 00 00 A9 02 00 CC 01 01 01 02 A9 02 00 1B 
                        01 02 41 06 4F 48 54 35 31 30 41 0D 50 72 65 6D 6F 76 65 43 
                        6D 64 30 30 32 
03-31 21:03:12.629 SEND 00 01 06 0C 00 00 00 00 01 31          Length=13           D1 S6F12    SYSBYTE=305
                        21 01 00 
03-31 21:03:12.665 RECD 00 01 86 0B 00 00 00 00 01 32          Length=47           D1 S6F11W   SYSBYTE=306 S6F11
                        01 03 B1 04 00 00 00 00 A9 02 00 6F 01 01 01 02 A9 02 00 15 
                        01 01 41 0D 50 72 65 6D 6F 76 65 43 6D 64 30 30 32 
03-31 21:03:12.672 SEND 00 01 06 0C 00 00 00 00 01 32          Length=13           D1 S6F12    SYSBYTE=306
                        21 01 00 
03-31 21:03:12.693 RECD 00 01 86 0B 00 00 00 00 01 33          Length=53           D1 S6F11W   SYSBYTE=307 S6F11
                        01 03 B1 04 00 00 00 00 A9 02 00 CD 01 01 01 02 A9 02 00 1C 
                        01 02 41 06 4F 48 54 35 31 30 01 01 41 09 42 48 46 30 30 35 
                        5F 42 36 
03-31 21:03:12.700 SEND 00 01 06 0C 00 00 00 00 01 33          Length=13           D1 S6F12    SYSBYTE=307
                        21 01 00 
03-31 21:03:55.840 RECD 00 01 86 0B 00 00 00 00 01 34          Length=53           D1 S6F11W   SYSBYTE=308 S6F11
                        01 03 B1 04 00 00 00 00 A9 02 00 C9 01 01 01 02 A9 02 00 18 
                        01 02 41 06 4F 48 54 35 31 30 01 01 41 09 42 42 44 30 30 32 
                        5F 42 34 
03-31 21:03:55.850 SEND 00 01 06 0C 00 00 00 00 01 34          Length=13           D1 S6F12    SYSBYTE=308
                        21 01 00 
03-31 21:04:02.736 SEND 00 01 82 31 00 00 00 00 00 3F          Length=294          D1 S2F49W   SYSBYTE=63
                        01 04 B1 04 00 00 00 00 41 00 41 0C 54 52 41 4E 53 46 45 52 
                        5F 45 58 34 01 03 01 02 41 0B 43 4F 4D 4D 41 4E 44 49 4E 46 
                        4F 01 03 01 02 41 09 43 4F 4D 4D 41 4E 44 49 44 41 0D 50 72 
                        65 6D 6F 76 65 43 6D 64 30 30 33 01 02 41 08 50 52 49 4F 52 
                        49 54 59 A9 02 00 0A 01 02 41 07 52 45 50 4C 41 43 45 A9 02 
                        00 00 01 02 41 0C 54 52 41 4E 53 46 45 52 49 4E 46 4F 01 03 
                        01 02 41 09 43 41 52 52 49 45 52 49 44 41 0A 43 61 72 72 69 
                        65 72 30 30 32 01 02 41 0A 53 4F 55 52 43 45 50 4F 52 54 41 
                        09 42 48 46 30 30 33 5F 42 36 01 02 41 08 44 45 53 54 50 4F 
                        52 54 41 09 42 42 44 30 30 32 5F 42 34 01 02 41 0C 44 45 4C 
                        49 56 45 52 59 49 4E 46 4F 01 03 01 02 41 0C 44 45 4C 49 56 
                        45 52 59 54 59 50 45 41 00 01 02 41 14 45 58 50 45 43 54 45 
                        44 44 45 4C 49 56 45 52 59 54 49 4D 45 A9 02 00 00 01 02 41 
                        13 44 45 4C 49 56 45 52 59 57 41 49 54 54 49 4D 45 4F 55 54 
                        A9 02 00 00 
03-31 21:04:02.788 WARN RECEIVE UNKNOWN MESSAGE FOR D1 S2F50    SYSBYTE=63 (ERR_DISPATCHER_UnrecognizedFunction)
03-31 21:04:02.795 RECD 00 01 02 32 00 00 00 00 00 3F          Length=17           D1 S2F50    SYSBYTE=63
                        01 02 21 01 04 01 00 
03-31 21:04:04.381 RECD 00 01 86 0B 00 00 00 00 01 35          Length=47           D1 S6F11W   SYSBYTE=309 S6F11
                        01 03 B1 04 00 00 00 00 A9 02 00 6C 01 01 01 02 A9 02 00 12 
                        01 01 41 0D 50 72 65 6D 6F 76 65 43 6D 64 30 30 33 
03-31 21:04:04.388 SEND 00 01 06 0C 00 00 00 00 01 35          Length=13           D1 S6F12    SYSBYTE=309
                        21 01 00 
03-31 21:04:04.899 RECD 00 01 86 0B 00 00 00 00 01 36          Length=55           D1 S6F11W   SYSBYTE=310 S6F11
                        01 03 B1 04 00 00 00 00 A9 02 00 CC 01 01 01 02 A9 02 00 1B 
                        01 02 41 06 4F 48 54 35 31 33 41 0D 50 72 65 6D 6F 76 65 43 
                        6D 64 30 30 33 
03-31 21:04:04.907 SEND 00 01 06 0C 00 00 00 00 01 36          Length=13           D1 S6F12    SYSBYTE=310
                        21 01 00 
03-31 21:04:41.050 RECD 00 01 86 0B 00 00 00 00 01 37          Length=53           D1 S6F11W   SYSBYTE=311 S6F11
                        01 03 B1 04 00 00 00 00 A9 02 00 C9 01 01 01 02 A9 02 00 18 
                        01 02 41 06 4F 48 54 35 31 33 01 01 41 09 42 48 46 30 30 33 
                        5F 42 36 
03-31 21:04:41.057 SEND 00 01 06 0C 00 00 00 00 01 37          Length=13           D1 S6F12    SYSBYTE=311
                        21 01 00 
03-31 21:04:41.568 RECD 00 01 86 0B 00 00 00 00 01 38          Length=47           D1 S6F11W   SYSBYTE=312 S6F11
                        01 03 B1 04 00 00 00 00 A9 02 00 6F 01 01 01 02 A9 02 00 15 
                        01 01 41 0D 50 72 65 6D 6F 76 65 43 6D 64 30 30 33 
03-31 21:04:41.586 RECD 00 01 86 0B 00 00 00 00 01 39          Length=63           D1 S6F11W   SYSBYTE=313 S6F11
                        01 03 B1 04 00 00 00 00 A9 02 00 CA 01 01 01 02 A9 02 00 19 
                        01 03 41 06 4F 48 54 35 31 33 41 09 42 48 46 30 30 33 5F 42 
                        36 41 0A 43 61 72 72 69 65 72 30 30 32 
03-31 21:04:41.596 SEND 00 01 06 0C 00 00 00 00 01 38          Length=13           D1 S6F12    SYSBYTE=312
                        21 01 00 
03-31 21:04:41.603 SEND 00 01 06 0C 00 00 00 00 01 39          Length=13           D1 S6F12    SYSBYTE=313
                        21 01 00 
03-31 21:05:01.673 RECD 00 01 86 0B 00 00 00 00 01 3A          Length=81           D1 S6F11W   SYSBYTE=314 S6F11
                        01 03 B1 04 00 00 00 00 A9 02 00 97 01 01 01 02 A9 02 00 16 
                        01 05 41 06 4F 48 54 35 31 33 41 0A 43 61 72 72 69 65 72 30 
                        30 32 41 08 4F 48 54 35 31 33 5F 31 41 0D 50 72 65 6D 6F 76 
                        65 43 6D 64 30 30 33 A9 02 00 64 
03-31 21:05:01.684 RECD 00 01 86 0B 00 00 00 00 01 3B          Length=63           D1 S6F11W   SYSBYTE=315 S6F11
                        01 03 B1 04 00 00 00 00 A9 02 00 CB 01 01 01 02 A9 02 00 1A 
                        01 03 41 06 4F 48 54 35 31 33 41 09 42 48 46 30 30 33 5F 42 
                        36 41 0A 43 61 72 72 69 65 72 30 30 32 
03-31 21:05:01.697 SEND 00 01 06 0C 00 00 00 00 01 3A          Length=13           D1 S6F12    SYSBYTE=314
                        21 01 00 
03-31 21:05:01.704 RECD 00 01 86 0B 00 00 00 00 01 3C          Length=53           D1 S6F11W   SYSBYTE=316 S6F11
                        01 03 B1 04 00 00 00 00 A9 02 00 CD 01 01 01 02 A9 02 00 1C 
                        01 02 41 06 4F 48 54 35 31 33 01 01 41 09 42 48 46 30 30 33 
                        5F 42 36 
03-31 21:05:01.709 SEND 00 01 06 0C 00 00 00 00 01 3B          Length=13           D1 S6F12    SYSBYTE=315
                        21 01 00 
03-31 21:05:01.715 SEND 00 01 06 0C 00 00 00 00 01 3C          Length=13           D1 S6F12    SYSBYTE=316
                        21 01 00 
03-31 21:05:51.373 RECD 00 01 86 0B 00 00 00 00 01 3D          Length=53           D1 S6F11W   SYSBYTE=317 S6F11
                        01 03 B1 04 00 00 00 00 A9 02 00 C9 01 01 01 02 A9 02 00 18 
                        01 02 41 06 4F 48 54 35 31 33 01 01 41 09 42 42 44 30 30 32 
                        5F 42 34 
03-31 21:05:51.380 SEND 00 01 06 0C 00 00 00 00 01 3D          Length=13           D1 S6F12    SYSBYTE=317
                        21 01 00 
03-31 21:05:51.887 RECD 00 01 86 0B 00 00 00 00 01 3E          Length=63           D1 S6F11W   SYSBYTE=318 S6F11
                        01 03 B1 04 00 00 00 00 A9 02 00 CE 01 01 01 02 A9 02 00 1D 
                        01 03 41 06 4F 48 54 35 31 33 41 09 42 42 44 30 30 32 5F 42 
                        34 41 0A 43 61 72 72 69 65 72 30 30 32 
03-31 21:05:51.894 SEND 00 01 06 0C 00 00 00 00 01 3E          Length=13           D1 S6F12    SYSBYTE=318
                        21 01 00 
03-31 21:06:11.975 RECD 00 01 86 0B 00 00 00 00 01 3F          Length=78           D1 S6F11W   SYSBYTE=319 S6F11
                        01 03 B1 04 00 00 00 00 A9 02 00 98 01 01 01 02 A9 02 00 17 
                        01 04 41 06 4F 48 54 35 31 33 41 0A 43 61 72 72 69 65 72 30 
                        30 32 41 09 42 42 44 30 30 32 5F 42 34 41 0D 50 72 65 6D 6F 
                        76 65 43 6D 64 30 30 33 
03-31 21:06:12.092 RECD 00 01 86 0B 00 00 00 00 01 40          Length=63           D1 S6F11W   SYSBYTE=320 S6F11
                        01 03 B1 04 00 00 00 00 A9 02 00 CF 01 01 01 02 A9 02 00 1E 
                        01 03 41 06 4F 48 54 35 31 33 41 09 42 42 44 30 30 32 5F 42 
                        34 41 0A 43 61 72 72 69 65 72 30 30 32 
03-31 21:06:12.118 SEND 00 01 06 0C 00 00 00 00 01 3F          Length=13           D1 S6F12    SYSBYTE=319
                        21 01 00 
03-31 21:06:12.125 SEND 00 01 06 0C 00 00 00 00 01 40          Length=13           D1 S6F12    SYSBYTE=320
                        21 01 00 
03-31 21:06:12.132 RECD 00 01 86 0B 00 00 00 00 01 41          Length=55           D1 S6F11W   SYSBYTE=321 S6F11
                        01 03 B1 04 00 00 00 00 A9 02 00 D2 01 01 01 02 A9 02 00 21 
                        01 02 41 06 4F 48 54 35 31 33 41 0D 50 72 65 6D 6F 76 65 43 
                        6D 64 30 30 33 
03-31 21:06:12.138 SEND 00 01 06 0C 00 00 00 00 01 41          Length=13           D1 S6F12    SYSBYTE=321
                        21 01 00 
03-31 21:06:12.144 RECD 00 01 86 0B 00 00 00 00 01 42          Length=112          D1 S6F11W   SYSBYTE=322 S6F11
                        01 03 B1 04 00 00 00 00 A9 02 00 6B 01 01 01 02 A9 02 00 11 
                        01 03 01 03 41 0D 50 72 65 6D 6F 76 65 43 6D 64 30 30 33 A9 
                        02 00 0A A9 02 00 00 A9 02 00 00 01 01 01 02 01 03 41 0A 43 
                        61 72 72 69 65 72 30 30 32 41 09 42 48 46 30 30 33 5F 42 36 
                        41 09 42 42 44 30 30 32 5F 42 34 41 09 42 42 44 30 30 32 5F 
                        42 34 
03-31 21:06:12.150 SEND 00 01 06 0C 00 00 00 00 01 42          Length=13           D1 S6F12    SYSBYTE=322
                        21 01 00 
03-31 21:08:12.091 SEND FF FF 00 00 00 05 7F 00 00 F2          Length=10           Linktest.req
03-31 21:08:12.098 RECD FF FF 00 00 00 06 7F 00 00 F2          Length=10           Linktest.rsp
03-31 21:08:42.353 SEND 00 01 82 29 00 00 00 00 00 40          Length=49           D1 S2F41W   SYSBYTE=64
                        01 02 41 05 41 42 4F 52 54 01 01 01 02 41 09 43 4F 4D 4D 41 
                        4E 44 49 44 41 0D 50 72 65 6D 6F 76 65 43 6D 64 30 30 32 
03-31 21:08:42.383 RECD 00 01 02 2A 00 00 00 00 00 40          Length=17           D1 S2F42    SYSBYTE=64 S2F42
                        01 02 21 01 04 01 00 
03-31 21:08:43.023 RECD 00 01 86 0B 00 00 00 00 01 43          Length=47           D1 S6F11W   SYSBYTE=323 S6F11
                        01 03 B1 04 00 00 00 00 A9 02 00 67 01 01 01 02 A9 02 00 0D 
                        01 01 41 0D 50 72 65 6D 6F 76 65 43 6D 64 30 30 32 
03-31 21:08:43.030 SEND 00 01 06 0C 00 00 00 00 01 43          Length=13           D1 S6F12    SYSBYTE=323
                        21 01 00 
03-31 21:08:43.038 RECD 00 01 86 0B 00 00 00 00 01 44          Length=107          D1 S6F11W   SYSBYTE=324 S6F11
                        01 03 B1 04 00 00 00 00 A9 02 00 65 01 01 01 02 A9 02 00 0B 
                        01 02 01 03 41 0D 50 72 65 6D 6F 76 65 43 6D 64 30 30 32 A9 
                        02 00 0A A9 02 00 00 01 01 01 02 01 03 41 0A 43 61 72 72 69 
                        65 72 30 30 31 41 09 42 48 46 30 30 35 5F 42 36 41 09 42 42 
                        44 30 30 32 5F 42 34 41 08 4F 48 54 35 31 30 5F 31 
03-31 21:08:43.045 SEND 00 01 06 0C 00 00 00 00 01 44          Length=13           D1 S6F12    SYSBYTE=324
                        21 01 00 
03-31 21:08:43.051 RECD 00 01 86 0B 00 00 00 00 01 45          Length=55           D1 S6F11W   SYSBYTE=325 S6F11
                        01 03 B1 04 00 00 00 00 A9 02 00 D2 01 01 01 02 A9 02 00 21 
                        01 02 41 06 4F 48 54 35 31 30 41 0D 50 72 65 6D 6F 76 65 43 
                        6D 64 30 30 32 
03-31 21:08:43.057 SEND 00 01 06 0C 00 00 00 00 01 45          Length=13           D1 S6F12    SYSBYTE=325
                        21 01 00 
03-31 21:08:56.436 SEND 00 01 82 31 00 00 00 00 00 41          Length=293          D1 S2F49W   SYSBYTE=65
                        01 04 B1 04 00 00 00 00 41 00 41 0C 54 52 41 4E 53 46 45 52 
                        5F 45 58 34 01 03 01 02 41 0B 43 4F 4D 4D 41 4E 44 49 4E 46 
                        4F 01 03 01 02 41 09 43 4F 4D 4D 41 4E 44 49 44 41 0D 50 72 
                        65 6D 6F 76 65 43 6D 64 30 30 34 01 02 41 08 50 52 49 4F 52 
                        49 54 59 A9 02 00 0A 01 02 41 07 52 45 50 4C 41 43 45 A9 02 
                        00 00 01 02 41 0C 54 52 41 4E 53 46 45 52 49 4E 46 4F 01 03 
                        01 02 41 09 43 41 52 52 49 45 52 49 44 41 0A 43 61 72 72 69 
                        65 72 30 30 31 01 02 41 0A 53 4F 55 52 43 45 50 4F 52 54 41 
                        08 4F 48 54 35 31 30 5F 31 01 02 41 08 44 45 53 54 50 4F 52 
                        54 41 09 42 44 42 30 30 31 5F 42 31 01 02 41 0C 44 45 4C 49 
                        56 45 52 59 49 4E 46 4F 01 03 01 02 41 0C 44 45 4C 49 56 45 
                        52 59 54 59 50 45 41 00 01 02 41 14 45 58 50 45 43 54 45 44 
                        44 45 4C 49 56 45 52 59 54 49 4D 45 A9 02 00 00 01 02 41 13 
                        44 45 4C 49 56 45 52 59 57 41 49 54 54 49 4D 45 4F 55 54 A9 
                        02 00 00 
03-31 21:08:56.488 WARN RECEIVE UNKNOWN MESSAGE FOR D1 S2F50    SYSBYTE=65 (ERR_DISPATCHER_UnrecognizedFunction)
03-31 21:08:56.494 RECD 00 01 02 32 00 00 00 00 00 41          Length=17           D1 S2F50    SYSBYTE=65
                        01 02 21 01 04 01 00 
03-31 21:08:57.097 RECD 00 01 86 0B 00 00 00 00 01 46          Length=47           D1 S6F11W   SYSBYTE=326 S6F11
                        01 03 B1 04 00 00 00 00 A9 02 00 6C 01 01 01 02 A9 02 00 12 
                        01 01 41 0D 50 72 65 6D 6F 76 65 43 6D 64 30 30 34 
03-31 21:08:57.103 RECD 00 01 86 0B 00 00 00 00 01 47          Length=55           D1 S6F11W   SYSBYTE=327 S6F11
                        01 03 B1 04 00 00 00 00 A9 02 00 CC 01 01 01 02 A9 02 00 1B 
                        01 02 41 06 4F 48 54 35 31 30 41 0D 50 72 65 6D 6F 76 65 43 
                        6D 64 30 30 34 
03-31 21:08:57.110 SEND 00 01 06 0C 00 00 00 00 01 46          Length=13           D1 S6F12    SYSBYTE=326
                        21 01 00 
03-31 21:08:57.116 SEND 00 01 06 0C 00 00 00 00 01 47          Length=13           D1 S6F12    SYSBYTE=327
                        21 01 00 
03-31 21:08:57.149 RECD 00 01 86 0B 00 00 00 00 01 48          Length=47           D1 S6F11W   SYSBYTE=328 S6F11
                        01 03 B1 04 00 00 00 00 A9 02 00 6F 01 01 01 02 A9 02 00 15 
                        01 01 41 0D 50 72 65 6D 6F 76 65 43 6D 64 30 30 34 
03-31 21:08:57.156 SEND 00 01 06 0C 00 00 00 00 01 48          Length=13           D1 S6F12    SYSBYTE=328
                        21 01 00 
03-31 21:08:57.170 RECD 00 01 86 0B 00 00 00 00 01 49          Length=53           D1 S6F11W   SYSBYTE=329 S6F11
                        01 03 B1 04 00 00 00 00 A9 02 00 CD 01 01 01 02 A9 02 00 1C 
                        01 02 41 06 4F 48 54 35 31 30 01 01 41 09 42 48 46 30 30 35 
                        5F 42 36 
03-31 21:08:57.177 SEND 00 01 06 0C 00 00 00 00 01 49          Length=13           D1 S6F12    SYSBYTE=329
                        21 01 00 
03-31 21:09:27.273 RECD 00 01 86 0B 00 00 00 00 01 4A          Length=53           D1 S6F11W   SYSBYTE=330 S6F11
                        01 03 B1 04 00 00 00 00 A9 02 00 C9 01 01 01 02 A9 02 00 18 
                        01 02 41 06 4F 48 54 35 31 30 01 01 41 09 42 44 42 30 30 31 
                        5F 42 31 
03-31 21:09:27.281 SEND 00 01 06 0C 00 00 00 00 01 4A          Length=13           D1 S6F12    SYSBYTE=330
                        21 01 00 
03-31 21:09:27.791 RECD 00 01 86 0B 00 00 00 00 01 4B          Length=63           D1 S6F11W   SYSBYTE=331 S6F11
                        01 03 B1 04 00 00 00 00 A9 02 00 CE 01 01 01 02 A9 02 00 1D 
                        01 03 41 06 4F 48 54 35 31 30 41 09 42 44 42 30 30 31 5F 42 
                        31 41 0A 43 61 72 72 69 65 72 30 30 31 
03-31 21:09:27.800 SEND 00 01 06 0C 00 00 00 00 01 4B          Length=13           D1 S6F12    SYSBYTE=331
                        21 01 00 
03-31 21:09:47.889 RECD 00 01 86 0B 00 00 00 00 01 4C          Length=78           D1 S6F11W   SYSBYTE=332 S6F11
                        01 03 B1 04 00 00 00 00 A9 02 00 98 01 01 01 02 A9 02 00 17 
                        01 04 41 06 4F 48 54 35 31 30 41 0A 43 61 72 72 69 65 72 30 
                        30 31 41 09 42 44 42 30 30 31 5F 42 31 41 0D 50 72 65 6D 6F 
                        76 65 43 6D 64 30 30 34 
03-31 21:09:47.897 SEND 00 01 06 0C 00 00 00 00 01 4C          Length=13           D1 S6F12    SYSBYTE=332
                        21 01 00 
03-31 21:09:47.904 RECD 00 01 86 0B 00 00 00 00 01 4D          Length=63           D1 S6F11W   SYSBYTE=333 S6F11
                        01 03 B1 04 00 00 00 00 A9 02 00 CF 01 01 01 02 A9 02 00 1E 
                        01 03 41 06 4F 48 54 35 31 30 41 09 42 44 42 30 30 31 5F 42 
                        31 41 0A 43 61 72 72 69 65 72 30 30 31 
03-31 21:09:47.911 SEND 00 01 06 0C 00 00 00 00 01 4D          Length=13           D1 S6F12    SYSBYTE=333
                        21 01 00 
03-31 21:09:47.917 RECD 00 01 86 0B 00 00 00 00 01 4E          Length=55           D1 S6F11W   SYSBYTE=334 S6F11
                        01 03 B1 04 00 00 00 00 A9 02 00 D2 01 01 01 02 A9 02 00 21 
                        01 02 41 06 4F 48 54 35 31 30 41 0D 50 72 65 6D 6F 76 65 43 
                        6D 64 30 30 34 
03-31 21:09:47.925 SEND 00 01 06 0C 00 00 00 00 01 4E          Length=13           D1 S6F12    SYSBYTE=334
                        21 01 00 
03-31 21:09:47.932 RECD 00 01 86 0B 00 00 00 00 01 4F          Length=112          D1 S6F11W   SYSBYTE=335 S6F11
                        01 03 B1 04 00 00 00 00 A9 02 00 6B 01 01 01 02 A9 02 00 11 
                        01 03 01 03 41 0D 50 72 65 6D 6F 76 65 43 6D 64 30 30 34 A9 
                        02 00 0A A9 02 00 00 A9 02 00 00 01 01 01 02 01 03 41 0A 43 
                        61 72 72 69 65 72 30 30 31 41 09 42 48 46 30 30 35 5F 42 36 
                        41 09 42 44 42 30 30 31 5F 42 31 41 09 42 44 42 30 30 31 5F 
                        42 31 
03-31 21:09:47.938 SEND 00 01 06 0C 00 00 00 00 01 4F          Length=13           D1 S6F12    SYSBYTE=335
                        21 01 00 
03-31 21:11:47.917 SEND FF FF 00 00 00 05 7F 00 00 F3          Length=10           Linktest.req
03-31 21:11:47.923 RECD FF FF 00 00 00 06 7F 00 00 F3          Length=10           Linktest.rsp
03-31 21:13:47.923 RECD FF FF 00 00 00 05 7F 00 00 BB          Length=10           Linktest.req
03-31 21:13:47.928 SEND FF FF 00 00 00 05 7F 00 00 F4          Length=10           Linktest.req
03-31 21:13:47.933 SEND FF FF 00 00 00 06 7F 00 00 BB          Length=10           Linktest.rsp
03-31 21:13:47.936 RECD FF FF 00 00 00 06 7F 00 00 F4          Length=10           Linktest.rsp
03-31 21:15:47.935 SEND FF FF 00 00 00 05 7F 00 00 F5          Length=10           Linktest.req
03-31 21:15:47.941 RECD FF FF 00 00 00 05 7F 00 00 BC          Length=10           Linktest.req
03-31 21:15:47.945 SEND FF FF 00 00 00 06 7F 00 00 BC          Length=10           Linktest.rsp
03-31 21:15:47.950 RECD FF FF 00 00 00 06 7F 00 00 F5          Length=10           Linktest.rsp
03-31 21:17:13.022 SEND 00 01 82 31 00 00 00 00 00 42          Length=281          D1 S2F49W   SYSBYTE=66
                        01 04 B1 04 00 00 00 00 41 00 41 0C 54 52 41 4E 53 46 45 52 
                        5F 45 58 34 01 03 01 02 41 0B 43 4F 4D 4D 41 4E 44 49 4E 46 
                        4F 01 03 01 02 41 09 43 4F 4D 4D 41 4E 44 49 44 41 00 01 02 
                        41 08 50 52 49 4F 52 49 54 59 A9 02 00 0A 01 02 41 07 52 45 
                        50 4C 41 43 45 A9 02 00 00 01 02 41 0C 54 52 41 4E 53 46 45 
                        52 49 4E 46 4F 01 03 01 02 41 09 43 41 52 52 49 45 52 49 44 
                        41 0A 43 61 72 72 69 65 72 30 30 31 01 02 41 0A 53 4F 55 52 
                        43 45 50 4F 52 54 41 09 42 48 46 30 30 35 5F 42 36 01 02 41 
                        08 44 45 53 54 50 4F 52 54 41 09 42 44 42 30 30 31 5F 42 31 
                        01 02 41 0C 44 45 4C 49 56 45 52 59 49 4E 46 4F 01 03 01 02 
                        41 0C 44 45 4C 49 56 45 52 59 54 59 50 45 41 00 01 02 41 14 
                        45 58 50 45 43 54 45 44 44 45 4C 49 56 45 52 59 54 49 4D 45 
                        A9 02 00 00 01 02 41 13 44 45 4C 49 56 45 52 59 57 41 49 54 
                        54 49 4D 45 4F 55 54 A9 02 00 00 
03-31 21:17:43.609 SEND 00 01 82 31 00 00 00 00 00 43          Length=284          D1 S2F49W   SYSBYTE=67
                        01 04 B1 04 00 00 00 00 41 00 41 0C 54 52 41 4E 53 46 45 52 
                        5F 45 58 34 01 03 01 02 41 0B 43 4F 4D 4D 41 4E 44 49 4E 46 
                        4F 01 03 01 02 41 09 43 4F 4D 4D 41 4E 44 49 44 41 0D 50 72 
                        65 6D 6F 76 65 43 6D 64 30 30 31 01 02 41 08 50 52 49 4F 52 
                        49 54 59 A9 02 00 0A 01 02 41 07 52 45 50 4C 41 43 45 A9 02 
                        00 00 01 02 41 0C 54 52 41 4E 53 46 45 52 49 4E 46 4F 01 03 
                        01 02 41 09 43 41 52 52 49 45 52 49 44 41 00 01 02 41 0A 53 
                        4F 55 52 43 45 50 4F 52 54 41 09 42 48 46 30 30 35 5F 42 36 
                        01 02 41 08 44 45 53 54 50 4F 52 54 41 09 42 44 42 30 30 31 
                        5F 42 31 01 02 41 0C 44 45 4C 49 56 45 52 59 49 4E 46 4F 01 
                        03 01 02 41 0C 44 45 4C 49 56 45 52 59 54 59 50 45 41 00 01 
                        02 41 14 45 58 50 45 43 54 45 44 44 45 4C 49 56 45 52 59 54 
                        49 4D 45 A9 02 00 00 01 02 41 13 44 45 4C 49 56 45 52 59 57 
                        41 49 54 54 49 4D 45 4F 55 54 A9 02 00 00 
03-31 21:17:47.948 SEND FF FF 00 00 00 05 7F 00 00 F6          Length=10           Linktest.req
03-31 21:17:47.953 RECD FF FF 00 00 00 06 7F 00 00 F6          Length=10           Linktest.rsp
03-31 21:17:58.023 TIME T3 TIMEOUT FOR D1 S2F49W   SYSBYTE=66
03-31 21:18:04.665 SEND 00 01 82 31 00 00 00 00 00 44          Length=434          D1 S2F49W   SYSBYTE=68
                        01 04 B1 04 00 00 00 00 41 00 41 0C 54 52 41 4E 53 46 45 52 
                        5F 45 58 34 01 03 01 02 41 0B 43 4F 4D 4D 41 4E 44 49 4E 46 
                        4F 01 03 01 02 41 09 43 4F 4D 4D 41 4E 44 49 44 41 0D 50 72 
                        65 6D 6F 76 65 43 6D 64 30 30 31 01 02 41 08 50 52 49 4F 52 
                        49 54 59 A9 02 00 0A 01 02 41 07 52 45 50 4C 41 43 45 A9 02 
                        00 00 01 02 41 0C 54 52 41 4E 53 46 45 52 49 4E 46 4F 01 03 
                        01 02 41 09 43 41 52 52 49 45 52 49 44 41 96 43 61 72 72 69 
                        65 72 30 30 31 43 61 72 72 69 65 72 30 30 31 43 61 72 72 69 
                        65 72 30 30 31 43 61 72 72 69 65 72 30 30 31 43 61 72 72 69 
                        65 72 30 30 31 43 61 72 72 69 65 72 30 30 31 43 61 72 72 69 
                        65 72 30 30 31 43 61 72 72 69 65 72 30 30 31 43 61 72 72 69 
                        65 72 30 30 31 43 61 72 72 69 65 72 30 30 31 43 61 72 72 69 
                        65 72 30 30 31 43 61 72 72 69 65 72 30 30 31 43 61 72 72 69 
                        65 72 30 30 31 43 61 72 72 69 65 72 30 30 31 43 61 72 72 69 
                        65 72 30 30 31 01 02 41 0A 53 4F 55 52 43 45 50 4F 52 54 41 
                        09 42 48 46 30 30 35 5F 42 36 01 02 41 08 44 45 53 54 50 4F 
                        52 54 41 09 42 44 42 30 30 31 5F 42 31 01 02 41 0C 44 45 4C 
                        49 56 45 52 59 49 4E 46 4F 01 03 01 02 41 0C 44 45 4C 49 56 
                        45 52 59 54 59 50 45 41 00 01 02 41 14 45 58 50 45 43 54 45 
                        44 44 45 4C 49 56 45 52 59 54 49 4D 45 A9 02 00 00 01 02 41 
                        13 44 45 4C 49 56 45 52 59 57 41 49 54 54 49 4D 45 4F 55 54 
                        A9 02 00 00 
03-31 21:18:28.609 TIME T3 TIMEOUT FOR D1 S2F49W   SYSBYTE=67
03-31 21:18:49.665 TIME T3 TIMEOUT FOR D1 S2F49W   SYSBYTE=68
03-31 21:19:44.904 SEND 00 01 82 31 00 00 00 00 00 45          Length=294          D1 S2F49W   SYSBYTE=69
                        01 04 B1 04 00 00 00 00 41 00 41 0C 54 52 41 4E 53 46 45 52 
                        5F 45 58 34 01 03 01 02 41 0B 43 4F 4D 4D 41 4E 44 49 4E 46 
                        4F 01 03 01 02 41 09 43 4F 4D 4D 41 4E 44 49 44 41 0D 50 72 
                        65 6D 6F 76 65 43 6D 64 30 30 31 01 02 41 08 50 52 49 4F 52 
                        49 54 59 A9 02 00 0A 01 02 41 07 52 45 50 4C 41 43 45 A9 02 
                        00 00 01 02 41 0C 54 52 41 4E 53 46 45 52 49 4E 46 4F 01 03 
                        01 02 41 09 43 41 52 52 49 45 52 49 44 41 0A 43 61 72 72 69 
                        65 72 30 30 31 01 02 41 0A 53 4F 55 52 43 45 50 4F 52 54 41 
                        09 42 48 46 30 30 35 5F 42 36 01 02 41 08 44 45 53 54 50 4F 
                        52 54 41 09 42 44 42 30 30 31 5F 42 31 01 02 41 0C 44 45 4C 
                        49 56 45 52 59 49 4E 46 4F 01 03 01 02 41 0C 44 45 4C 49 56 
                        45 52 59 54 59 50 45 41 00 01 02 41 14 45 58 50 45 43 54 45 
                        44 44 45 4C 49 56 45 52 59 54 49 4D 45 A9 02 00 00 01 02 41 
                        13 44 45 4C 49 56 45 52 59 57 41 49 54 54 49 4D 45 4F 55 54 
                        A9 02 00 00 
03-31 21:19:44.950 WARN RECEIVE UNKNOWN MESSAGE FOR D1 S2F50    SYSBYTE=69 (ERR_DISPATCHER_UnrecognizedFunction)
03-31 21:19:44.957 RECD 00 01 02 32 00 00 00 00 00 45          Length=17           D1 S2F50    SYSBYTE=69
                        01 02 21 01 04 01 00 
03-31 21:19:46.492 RECD 00 01 86 0B 00 00 00 00 01 50          Length=47           D1 S6F11W   SYSBYTE=336 S6F11
                        01 03 B1 04 00 00 00 00 A9 02 00 6C 01 01 01 02 A9 02 00 12 
                        01 01 41 0D 50 72 65 6D 6F 76 65 43 6D 64 30 30 31 
03-31 21:19:46.499 SEND 00 01 06 0C 00 00 00 00 01 50          Length=13           D1 S6F12    SYSBYTE=336
                        21 01 00 
03-31 21:19:46.505 RECD 00 01 86 0B 00 00 00 00 01 51          Length=55           D1 S6F11W   SYSBYTE=337 S6F11
                        01 03 B1 04 00 00 00 00 A9 02 00 CC 01 01 01 02 A9 02 00 1B 
                        01 02 41 06 4F 48 54 35 31 30 41 0D 50 72 65 6D 6F 76 65 43 
                        6D 64 30 30 31 
03-31 21:19:46.511 SEND 00 01 06 0C 00 00 00 00 01 51          Length=13           D1 S6F12    SYSBYTE=337
                        21 01 00 
03-31 21:19:58.551 RECD 00 01 86 0B 00 00 00 00 01 52          Length=53           D1 S6F11W   SYSBYTE=338 S6F11
                        01 03 B1 04 00 00 00 00 A9 02 00 C9 01 01 01 02 A9 02 00 18 
                        01 02 41 06 4F 48 54 35 31 30 01 01 41 09 42 48 46 30 30 35 
                        5F 42 36 
03-31 21:19:58.561 RECD 00 01 86 0B 00 00 00 00 01 53          Length=47           D1 S6F11W   SYSBYTE=339 S6F11
                        01 03 B1 04 00 00 00 00 A9 02 00 6F 01 01 01 02 A9 02 00 15 
                        01 01 41 0D 50 72 65 6D 6F 76 65 43 6D 64 30 30 31 
03-31 21:19:58.581 SEND 00 01 06 0C 00 00 00 00 01 52          Length=13           D1 S6F12    SYSBYTE=338
                        21 01 00 
03-31 21:19:58.610 RECD 00 01 86 0B 00 00 00 00 01 54          Length=63           D1 S6F11W   SYSBYTE=340 S6F11
                        01 03 B1 04 00 00 00 00 A9 02 00 CA 01 01 01 02 A9 02 00 19 
                        01 03 41 06 4F 48 54 35 31 30 41 09 42 48 46 30 30 35 5F 42 
                        36 41 0A 43 61 72 72 69 65 72 30 30 31 
03-31 21:19:58.632 SEND 00 01 06 0C 00 00 00 00 01 53          Length=13           D1 S6F12    SYSBYTE=339
                        21 01 00 
03-31 21:19:58.647 SEND 00 01 06 0C 00 00 00 00 01 54          Length=13           D1 S6F12    SYSBYTE=340
                        21 01 00 
03-31 21:20:00.583 RECD 00 01 86 0B 00 00 00 00 01 55          Length=81           D1 S6F11W   SYSBYTE=341 S6F11
                        01 03 B1 04 00 00 00 00 A9 02 00 97 01 01 01 02 A9 02 00 16 
                        01 05 41 06 4F 48 54 35 31 30 41 0A 43 61 72 72 69 65 72 30 
                        30 31 41 08 4F 48 54 35 31 30 5F 31 41 0D 50 72 65 6D 6F 76 
                        65 43 6D 64 30 30 31 A9 02 00 64 
03-31 21:20:00.591 RECD 00 01 86 0B 00 00 00 00 01 56          Length=63           D1 S6F11W   SYSBYTE=342 S6F11
                        01 03 B1 04 00 00 00 00 A9 02 00 CB 01 01 01 02 A9 02 00 1A 
                        01 03 41 06 4F 48 54 35 31 30 41 09 42 48 46 30 30 35 5F 42 
                        36 41 0A 43 61 72 72 69 65 72 30 30 31 
03-31 21:20:00.598 SEND 00 01 06 0C 00 00 00 00 01 55          Length=13           D1 S6F12    SYSBYTE=341
                        21 01 00 
03-31 21:20:00.604 SEND 00 01 06 0C 00 00 00 00 01 56          Length=13           D1 S6F12    SYSBYTE=342
                        21 01 00 
03-31 21:20:01.101 RECD 00 01 86 0B 00 00 00 00 01 57          Length=53           D1 S6F11W   SYSBYTE=343 S6F11
                        01 03 B1 04 00 00 00 00 A9 02 00 CD 01 01 01 02 A9 02 00 1C 
                        01 02 41 06 4F 48 54 35 31 30 01 01 41 09 42 48 46 30 30 35 
                        5F 42 36 
03-31 21:20:01.108 SEND 00 01 06 0C 00 00 00 00 01 57          Length=13           D1 S6F12    SYSBYTE=343
                        21 01 00 
03-31 21:20:06.133 RECD 00 01 86 0B 00 00 00 00 01 58          Length=53           D1 S6F11W   SYSBYTE=344 S6F11
                        01 03 B1 04 00 00 00 00 A9 02 00 C9 01 01 01 02 A9 02 00 18 
                        01 02 41 06 4F 48 54 35 31 30 01 01 41 09 42 44 42 30 30 31 
                        5F 42 31 
03-31 21:20:06.141 SEND 00 01 06 0C 00 00 00 00 01 58          Length=13           D1 S6F12    SYSBYTE=344
                        21 01 00 
03-31 21:20:06.649 RECD 00 01 86 0B 00 00 00 00 01 59          Length=63           D1 S6F11W   SYSBYTE=345 S6F11
                        01 03 B1 04 00 00 00 00 A9 02 00 CE 01 01 01 02 A9 02 00 1D 
                        01 03 41 06 4F 48 54 35 31 30 41 09 42 44 42 30 30 31 5F 42 
                        31 41 0A 43 61 72 72 69 65 72 30 30 31 
03-31 21:20:06.656 SEND 00 01 06 0C 00 00 00 00 01 59          Length=13           D1 S6F12    SYSBYTE=345
                        21 01 00 
03-31 21:20:08.665 RECD 00 01 86 0B 00 00 00 00 01 5A          Length=78           D1 S6F11W   SYSBYTE=346 S6F11
                        01 03 B1 04 00 00 00 00 A9 02 00 98 01 01 01 02 A9 02 00 17 
                        01 04 41 06 4F 48 54 35 31 30 41 0A 43 61 72 72 69 65 72 30 
                        30 31 41 09 42 44 42 30 30 31 5F 42 31 41 0D 50 72 65 6D 6F 
                        76 65 43 6D 64 30 30 31 
03-31 21:20:08.672 SEND 00 01 06 0C 00 00 00 00 01 5A          Length=13           D1 S6F12    SYSBYTE=346
                        21 01 00 
03-31 21:20:08.705 RECD 00 01 86 0B 00 00 00 00 01 5B          Length=63           D1 S6F11W   SYSBYTE=347 S6F11
                        01 03 B1 04 00 00 00 00 A9 02 00 CF 01 01 01 02 A9 02 00 1E 
                        01 03 41 06 4F 48 54 35 31 30 41 09 42 44 42 30 30 31 5F 42 
                        31 41 0A 43 61 72 72 69 65 72 30 30 31 
03-31 21:20:08.713 RECD 00 01 86 0B 00 00 00 00 01 5C          Length=55           D1 S6F11W   SYSBYTE=348 S6F11
                        01 03 B1 04 00 00 00 00 A9 02 00 D2 01 01 01 02 A9 02 00 21 
                        01 02 41 06 4F 48 54 35 31 30 41 0D 50 72 65 6D 6F 76 65 43 
                        6D 64 30 30 31 
03-31 21:20:08.720 SEND 00 01 06 0C 00 00 00 00 01 5B          Length=13           D1 S6F12    SYSBYTE=347
                        21 01 00 
03-31 21:20:08.726 SEND 00 01 06 0C 00 00 00 00 01 5C          Length=13           D1 S6F12    SYSBYTE=348
                        21 01 00 
03-31 21:20:08.733 RECD 00 01 86 0B 00 00 00 00 01 5D          Length=112          D1 S6F11W   SYSBYTE=349 S6F11
                        01 03 B1 04 00 00 00 00 A9 02 00 6B 01 01 01 02 A9 02 00 11 
                        01 03 01 03 41 0D 50 72 65 6D 6F 76 65 43 6D 64 30 30 31 A9 
                        02 00 0A A9 02 00 00 A9 02 00 00 01 01 01 02 01 03 41 0A 43 
                        61 72 72 69 65 72 30 30 31 41 09 42 48 46 30 30 35 5F 42 36 
                        41 09 42 44 42 30 30 31 5F 42 31 41 09 42 44 42 30 30 31 5F 
                        42 31 
03-31 21:20:08.740 SEND 00 01 06 0C 00 00 00 00 01 5D          Length=13           D1 S6F12    SYSBYTE=349
                        21 01 00 
03-31 21:20:15.035 SEND 00 01 82 31 00 00 00 00 00 46          Length=285          D1 S2F49W   SYSBYTE=70
                        01 04 B1 04 00 00 00 00 41 00 41 0C 54 52 41 4E 53 46 45 52 
                        5F 45 58 34 01 03 01 02 41 0B 43 4F 4D 4D 41 4E 44 49 4E 46 
                        4F 01 03 01 02 41 09 43 4F 4D 4D 41 4E 44 49 44 41 0D 50 72 
                        65 6D 6F 76 65 43 6D 64 30 30 31 01 02 41 08 50 52 49 4F 52 
                        49 54 59 A9 02 00 0A 01 02 41 07 52 45 50 4C 41 43 45 A9 02 
                        00 00 01 02 41 0C 54 52 41 4E 53 46 45 52 49 4E 46 4F 01 03 
                        01 02 41 09 43 41 52 52 49 45 52 49 44 41 0A 43 61 72 72 69 
                        65 72 30 30 31 01 02 41 0A 53 4F 55 52 43 45 50 4F 52 54 41 
                        00 01 02 41 08 44 45 53 54 50 4F 52 54 41 09 42 44 42 30 30 
                        31 5F 42 31 01 02 41 0C 44 45 4C 49 56 45 52 59 49 4E 46 4F 
                        01 03 01 02 41 0C 44 45 4C 49 56 45 52 59 54 59 50 45 41 00 
                        01 02 41 14 45 58 50 45 43 54 45 44 44 45 4C 49 56 45 52 59 
                        54 49 4D 45 A9 02 00 00 01 02 41 13 44 45 4C 49 56 45 52 59 
                        57 41 49 54 54 49 4D 45 4F 55 54 A9 02 00 00 
03-31 21:21:00.036 TIME T3 TIMEOUT FOR D1 S2F49W   SYSBYTE=70
03-31 21:21:08.089 SEND 00 01 82 31 00 00 00 00 00 47          Length=285          D1 S2F49W   SYSBYTE=71
                        01 04 B1 04 00 00 00 00 41 00 41 0C 54 52 41 4E 53 46 45 52 
                        5F 45 58 34 01 03 01 02 41 0B 43 4F 4D 4D 41 4E 44 49 4E 46 
                        4F 01 03 01 02 41 09 43 4F 4D 4D 41 4E 44 49 44 41 0D 50 72 
                        65 6D 6F 76 65 43 6D 64 30 30 31 01 02 41 08 50 52 49 4F 52 
                        49 54 59 A9 02 00 0A 01 02 41 07 52 45 50 4C 41 43 45 A9 02 
                        00 00 01 02 41 0C 54 52 41 4E 53 46 45 52 49 4E 46 4F 01 03 
                        01 02 41 09 43 41 52 52 49 45 52 49 44 41 0A 43 61 72 72 69 
                        65 72 30 30 31 01 02 41 0A 53 4F 55 52 43 45 50 4F 52 54 41 
                        00 01 02 41 08 44 45 53 54 50 4F 52 54 41 09 42 44 42 30 30 
                        31 5F 42 31 01 02 41 0C 44 45 4C 49 56 45 52 59 49 4E 46 4F 
                        01 03 01 02 41 0C 44 45 4C 49 56 45 52 59 54 59 50 45 41 00 
                        01 02 41 14 45 58 50 45 43 54 45 44 44 45 4C 49 56 45 52 59 
                        54 49 4D 45 A9 02 00 00 01 02 41 13 44 45 4C 49 56 45 52 59 
                        57 41 49 54 54 49 4D 45 4F 55 54 A9 02 00 00 
03-31 21:21:53.089 TIME T3 TIMEOUT FOR D1 S2F49W   SYSBYTE=71
03-31 21:22:00.167 SEND 00 01 82 31 00 00 00 00 00 48          Length=285          D1 S2F49W   SYSBYTE=72
                        01 04 B1 04 00 00 00 00 41 00 41 0C 54 52 41 4E 53 46 45 52 
                        5F 45 58 34 01 03 01 02 41 0B 43 4F 4D 4D 41 4E 44 49 4E 46 
                        4F 01 03 01 02 41 09 43 4F 4D 4D 41 4E 44 49 44 41 0D 50 72 
                        65 6D 6F 76 65 43 6D 64 30 30 31 01 02 41 08 50 52 49 4F 52 
                        49 54 59 A9 02 00 0A 01 02 41 07 52 45 50 4C 41 43 45 A9 02 
                        00 00 01 02 41 0C 54 52 41 4E 53 46 45 52 49 4E 46 4F 01 03 
                        01 02 41 09 43 41 52 52 49 45 52 49 44 41 0A 43 61 72 72 69 
                        65 72 30 30 31 01 02 41 0A 53 4F 55 52 43 45 50 4F 52 54 41 
                        00 01 02 41 08 44 45 53 54 50 4F 52 54 41 09 42 44 42 30 30 
                        31 5F 42 31 01 02 41 0C 44 45 4C 49 56 45 52 59 49 4E 46 4F 
                        01 03 01 02 41 0C 44 45 4C 49 56 45 52 59 54 59 50 45 41 00 
                        01 02 41 14 45 58 50 45 43 54 45 44 44 45 4C 49 56 45 52 59 
                        54 49 4D 45 A9 02 00 00 01 02 41 13 44 45 4C 49 56 45 52 59 
                        57 41 49 54 54 49 4D 45 4F 55 54 A9 02 00 00 
03-31 21:22:08.731 SEND FF FF 00 00 00 05 7F 00 00 F7          Length=10           Linktest.req
03-31 21:22:08.736 RECD FF FF 00 00 00 06 7F 00 00 F7          Length=10           Linktest.rsp
03-31 21:22:45.167 TIME T3 TIMEOUT FOR D1 S2F49W   SYSBYTE=72
03-31 21:23:34.025 SEND 00 01 82 31 00 00 00 00 00 49          Length=285          D1 S2F49W   SYSBYTE=73
                        01 04 B1 04 00 00 00 00 41 00 41 0C 54 52 41 4E 53 46 45 52 
                        5F 45 58 34 01 03 01 02 41 0B 43 4F 4D 4D 41 4E 44 49 4E 46 
                        4F 01 03 01 02 41 09 43 4F 4D 4D 41 4E 44 49 44 41 0D 50 72 
                        65 6D 6F 76 65 43 6D 64 30 30 31 01 02 41 08 50 52 49 4F 52 
                        49 54 59 A9 02 00 0A 01 02 41 07 52 45 50 4C 41 43 45 A9 02 
                        00 00 01 02 41 0C 54 52 41 4E 53 46 45 52 49 4E 46 4F 01 03 
                        01 02 41 09 43 41 52 52 49 45 52 49 44 41 0A 43 61 72 72 69 
                        65 72 30 30 31 01 02 41 0A 53 4F 55 52 43 45 50 4F 52 54 41 
                        00 01 02 41 08 44 45 53 54 50 4F 52 54 41 09 42 44 42 30 30 
                        31 5F 42 31 01 02 41 0C 44 45 4C 49 56 45 52 59 49 4E 46 4F 
                        01 03 01 02 41 0C 44 45 4C 49 56 45 52 59 54 59 50 45 41 00 
                        01 02 41 14 45 58 50 45 43 54 45 44 44 45 4C 49 56 45 52 59 
                        54 49 4D 45 A9 02 00 00 01 02 41 13 44 45 4C 49 56 45 52 59 
                        57 41 49 54 54 49 4D 45 4F 55 54 A9 02 00 00 
03-31 21:23:51.214 SEND 00 01 82 31 00 00 00 00 00 4A          Length=285          D1 S2F49W   SYSBYTE=74
                        01 04 B1 04 00 00 00 00 41 00 41 0C 54 52 41 4E 53 46 45 52 
                        5F 45 58 34 01 03 01 02 41 0B 43 4F 4D 4D 41 4E 44 49 4E 46 
                        4F 01 03 01 02 41 09 43 4F 4D 4D 41 4E 44 49 44 41 0D 50 72 
                        65 6D 6F 76 65 43 6D 64 30 30 31 01 02 41 08 50 52 49 4F 52 
                        49 54 59 A9 02 00 0A 01 02 41 07 52 45 50 4C 41 43 45 A9 02 
                        00 00 01 02 41 0C 54 52 41 4E 53 46 45 52 49 4E 46 4F 01 03 
                        01 02 41 09 43 41 52 52 49 45 52 49 44 41 0A 43 61 72 72 69 
                        65 72 30 30 31 01 02 41 0A 53 4F 55 52 43 45 50 4F 52 54 41 
                        00 01 02 41 08 44 45 53 54 50 4F 52 54 41 09 42 44 42 30 30 
                        31 5F 42 31 01 02 41 0C 44 45 4C 49 56 45 52 59 49 4E 46 4F 
                        01 03 01 02 41 0C 44 45 4C 49 56 45 52 59 54 59 50 45 41 00 
                        01 02 41 14 45 58 50 45 43 54 45 44 44 45 4C 49 56 45 52 59 
                        54 49 4D 45 A9 02 00 00 01 02 41 13 44 45 4C 49 56 45 52 59 
                        57 41 49 54 54 49 4D 45 4F 55 54 A9 02 00 00 
03-31 21:24:08.739 SEND FF FF 00 00 00 05 7F 00 00 F8          Length=10           Linktest.req
03-31 21:24:08.745 RECD FF FF 00 00 00 06 7F 00 00 F8          Length=10           Linktest.rsp
03-31 21:24:19.039 TIME T3 TIMEOUT FOR D1 S2F49W   SYSBYTE=73
03-31 21:24:36.214 TIME T3 TIMEOUT FOR D1 S2F49W   SYSBYTE=74
03-31 21:24:46.665 SEND 00 01 82 31 00 00 00 00 00 4B          Length=186          D1 S2F49W   SYSBYTE=75
                        01 04 B1 04 00 00 00 00 41 00 41 08 54 52 41 4E 53 46 45 52 
                        01 02 01 02 41 0B 43 4F 4D 4D 41 4E 44 49 4E 46 4F 01 03 01 
                        02 41 09 43 4F 4D 4D 41 4E 44 49 44 41 00 01 02 41 08 50 52 
                        49 4F 52 49 54 59 A9 02 00 0A 01 02 41 07 52 45 50 4C 41 43 
                        45 A9 02 00 00 01 02 41 0C 54 52 41 4E 53 46 45 52 49 4E 46 
                        4F 01 03 01 02 41 09 43 41 52 52 49 45 52 49 44 41 0A 43 61 
                        72 72 69 65 72 30 30 31 01 02 41 0A 53 4F 55 52 43 45 50 4F 
                        52 54 41 09 42 48 46 30 30 35 5F 42 36 01 02 41 08 44 45 53 
                        54 50 4F 52 54 41 09 42 44 42 30 30 31 5F 42 31 
03-31 21:25:03.879 WARN RECEIVE UNKNOWN MESSAGE FOR D1 S2F50    SYSBYTE=75 (ERR_DISPATCHER_UnrecognizedFunction)
03-31 21:25:03.886 RECD 00 01 02 32 00 00 00 00 00 4B          Length=54           D1 S2F50    SYSBYTE=75
                        01 02 21 01 03 01 02 01 02 41 0B 43 4F 4D 4D 41 4E 44 49 4E 
                        46 4F 21 01 02 01 02 41 0C 54 52 41 4E 53 46 45 52 49 4E 46 
                        4F 21 01 00 
03-31 21:25:40.439 SEND 00 01 82 31 00 00 00 00 00 4C          Length=186          D1 S2F49W   SYSBYTE=76
                        01 04 B1 04 00 00 00 00 41 00 41 08 54 52 41 4E 53 46 45 52 
                        01 02 01 02 41 0B 43 4F 4D 4D 41 4E 44 49 4E 46 4F 01 03 01 
                        02 41 09 43 4F 4D 4D 41 4E 44 49 44 41 00 01 02 41 08 50 52 
                        49 4F 52 49 54 59 A9 02 00 0A 01 02 41 07 52 45 50 4C 41 43 
                        45 A9 02 00 00 01 02 41 0C 54 52 41 4E 53 46 45 52 49 4E 46 
                        4F 01 03 01 02 41 09 43 41 52 52 49 45 52 49 44 41 0A 43 61 
                        72 72 69 65 72 30 30 31 01 02 41 0A 53 4F 55 52 43 45 50 4F 
                        52 54 41 09 42 48 46 30 30 35 5F 42 36 01 02 41 08 44 45 53 
                        54 50 4F 52 54 41 09 42 44 42 30 30 31 5F 42 31 
03-31 21:25:51.145 WARN RECEIVE UNKNOWN MESSAGE FOR D1 S2F50    SYSBYTE=76 (ERR_DISPATCHER_UnrecognizedFunction)
03-31 21:25:51.154 RECD 00 01 02 32 00 00 00 00 00 4C          Length=54           D1 S2F50    SYSBYTE=76
                        01 02 21 01 03 01 02 01 02 41 0B 43 4F 4D 4D 41 4E 44 49 4E 
                        46 4F 21 01 02 01 02 41 0C 54 52 41 4E 53 46 45 52 49 4E 46 
                        4F 21 01 00 
03-31 21:25:53.814 SEND 00 01 82 31 00 00 00 00 00 4D          Length=285          D1 S2F49W   SYSBYTE=77
                        01 04 B1 04 00 00 00 00 41 00 41 0C 54 52 41 4E 53 46 45 52 
                        5F 45 58 34 01 03 01 02 41 0B 43 4F 4D 4D 41 4E 44 49 4E 46 
                        4F 01 03 01 02 41 09 43 4F 4D 4D 41 4E 44 49 44 41 0D 50 72 
                        65 6D 6F 76 65 43 6D 64 30 30 31 01 02 41 08 50 52 49 4F 52 
                        49 54 59 A9 02 00 0A 01 02 41 07 52 45 50 4C 41 43 45 A9 02 
                        00 00 01 02 41 0C 54 52 41 4E 53 46 45 52 49 4E 46 4F 01 03 
                        01 02 41 09 43 41 52 52 49 45 52 49 44 41 0A 43 61 72 72 69 
                        65 72 30 30 31 01 02 41 0A 53 4F 55 52 43 45 50 4F 52 54 41 
                        00 01 02 41 08 44 45 53 54 50 4F 52 54 41 09 42 44 42 30 30 
                        31 5F 42 31 01 02 41 0C 44 45 4C 49 56 45 52 59 49 4E 46 4F 
                        01 03 01 02 41 0C 44 45 4C 49 56 45 52 59 54 59 50 45 41 00 
                        01 02 41 14 45 58 50 45 43 54 45 44 44 45 4C 49 56 45 52 59 
                        54 49 4D 45 A9 02 00 00 01 02 41 13 44 45 4C 49 56 45 52 59 
                        57 41 49 54 54 49 4D 45 4F 55 54 A9 02 00 00 
03-31 21:26:33.406 SEND 00 01 82 31 00 00 00 00 00 4E          Length=285          D1 S2F49W   SYSBYTE=78
                        01 04 B1 04 00 00 00 00 41 00 41 0C 54 52 41 4E 53 46 45 52 
                        5F 45 58 34 01 03 01 02 41 0B 43 4F 4D 4D 41 4E 44 49 4E 46 
                        4F 01 03 01 02 41 09 43 4F 4D 4D 41 4E 44 49 44 41 0D 50 72 
                        65 6D 6F 76 65 43 6D 64 30 30 31 01 02 41 08 50 52 49 4F 52 
                        49 54 59 A9 02 00 0A 01 02 41 07 52 45 50 4C 41 43 45 A9 02 
                        00 00 01 02 41 0C 54 52 41 4E 53 46 45 52 49 4E 46 4F 01 03 
                        01 02 41 09 43 41 52 52 49 45 52 49 44 41 0A 43 61 72 72 69 
                        65 72 30 30 31 01 02 41 0A 53 4F 55 52 43 45 50 4F 52 54 41 
                        00 01 02 41 08 44 45 53 54 50 4F 52 54 41 09 42 44 42 30 30 
                        31 5F 42 31 01 02 41 0C 44 45 4C 49 56 45 52 59 49 4E 46 4F 
                        01 03 01 02 41 0C 44 45 4C 49 56 45 52 59 54 59 50 45 41 00 
                        01 02 41 14 45 58 50 45 43 54 45 44 44 45 4C 49 56 45 52 59 
                        54 49 4D 45 A9 02 00 00 01 02 41 13 44 45 4C 49 56 45 52 59 
                        57 41 49 54 54 49 4D 45 4F 55 54 A9 02 00 00 
03-31 21:26:38.831 TIME T3 TIMEOUT FOR D1 S2F49W   SYSBYTE=77
03-31 21:27:18.407 TIME T3 TIMEOUT FOR D1 S2F49W   SYSBYTE=78
03-31 21:27:51.143 SEND FF FF 00 00 00 05 7F 00 00 F9          Length=10           Linktest.req
03-31 21:27:51.149 RECD FF FF 00 00 00 06 7F 00 00 F9          Length=10           Linktest.rsp
03-31 21:29:51.150 RECD FF FF 00 00 00 05 7F 00 00 BD          Length=10           Linktest.req
03-31 21:29:51.154 SEND FF FF 00 00 00 05 7F 00 00 FA          Length=10           Linktest.req
03-31 21:29:51.157 SEND FF FF 00 00 00 06 7F 00 00 BD          Length=10           Linktest.rsp
03-31 21:29:51.160 RECD FF FF 00 00 00 06 7F 00 00 FA          Length=10           Linktest.rsp
03-31 21:31:51.164 SEND FF FF 00 00 00 05 7F 00 00 FB          Length=10           Linktest.req
03-31 21:31:51.170 RECD FF FF 00 00 00 05 7F 00 00 BE          Length=10           Linktest.req
03-31 21:31:51.174 SEND FF FF 00 00 00 06 7F 00 00 BE          Length=10           Linktest.rsp
03-31 21:31:51.177 RECD FF FF 00 00 00 06 7F 00 00 FB          Length=10           Linktest.rsp
03-31 21:32:35.812 SEND 00 01 82 31 00 00 00 00 00 4F          Length=186          D1 S2F49W   SYSBYTE=79
                        01 04 B1 04 00 00 00 00 41 00 41 08 54 52 41 4E 53 46 45 52 
                        01 02 01 02 41 0B 43 4F 4D 4D 41 4E 44 49 4E 46 4F 01 03 01 
                        02 41 09 43 4F 4D 4D 41 4E 44 49 44 41 00 01 02 41 08 50 52 
                        49 4F 52 49 54 59 A9 02 00 0A 01 02 41 07 52 45 50 4C 41 43 
                        45 A9 02 00 00 01 02 41 0C 54 52 41 4E 53 46 45 52 49 4E 46 
                        4F 01 03 01 02 41 09 43 41 52 52 49 45 52 49 44 41 0A 43 61 
                        72 72 69 65 72 30 30 31 01 02 41 0A 53 4F 55 52 43 45 50 4F 
                        52 54 41 09 42 48 46 30 30 35 5F 42 36 01 02 41 08 44 45 53 
                        54 50 4F 52 54 41 09 42 44 42 30 30 31 5F 42 31 
03-31 21:33:15.086 WARN RECEIVE UNKNOWN MESSAGE FOR D1 S2F50    SYSBYTE=79 (ERR_DISPATCHER_UnrecognizedFunction)
03-31 21:33:15.093 RECD 00 01 02 32 00 00 00 00 00 4F          Length=54           D1 S2F50    SYSBYTE=79
                        01 02 21 01 03 01 02 01 02 41 0B 43 4F 4D 4D 41 4E 44 49 4E 
                        46 4F 21 01 02 01 02 41 0C 54 52 41 4E 53 46 45 52 49 4E 46 
                        4F 21 01 00 
03-31 21:34:35.821 RECD FF FF 00 00 00 05 7F 00 00 BF          Length=10           Linktest.req
03-31 21:34:35.825 SEND FF FF 00 00 00 06 7F 00 00 BF          Length=10           Linktest.rsp
03-31 21:36:35.825 SEND FF FF 00 00 00 05 7F 00 00 FC          Length=10           Linktest.req
03-31 21:36:35.830 RECD FF FF 00 00 00 06 7F 00 00 FC          Length=10           Linktest.rsp
03-31 21:38:35.834 RECD FF FF 00 00 00 05 7F 00 00 C0          Length=10           Linktest.req
03-31 21:38:35.842 SEND FF FF 00 00 00 05 7F 00 00 FD          Length=10           Linktest.req
03-31 21:38:35.847 SEND FF FF 00 00 00 06 7F 00 00 C0          Length=10           Linktest.rsp
03-31 21:38:35.851 RECD FF FF 00 00 00 06 7F 00 00 FD          Length=10           Linktest.rsp
03-31 21:40:35.851 SEND FF FF 00 00 00 05 7F 00 00 FE          Length=10           Linktest.req
03-31 21:40:35.894 RECD FF FF 00 00 00 05 7F 00 00 C1          Length=10           Linktest.req
03-31 21:40:35.900 SEND FF FF 00 00 00 06 7F 00 00 C1          Length=10           Linktest.rsp
03-31 21:40:35.904 RECD FF FF 00 00 00 06 7F 00 00 FE          Length=10           Linktest.rsp
03-31 21:42:35.903 SEND FF FF 00 00 00 05 7F 00 00 FF          Length=10           Linktest.req
03-31 21:42:35.909 RECD FF FF 00 00 00 05 7F 00 00 C2          Length=10           Linktest.req
03-31 21:42:35.913 SEND FF FF 00 00 00 06 7F 00 00 C2          Length=10           Linktest.rsp
03-31 21:42:35.916 RECD FF FF 00 00 00 06 7F 00 00 FF          Length=10           Linktest.rsp
03-31 21:44:35.918 SEND FF FF 00 00 00 05 7F 00 01 00          Length=10           Linktest.req
03-31 21:44:35.925 RECD FF FF 00 00 00 05 7F 00 00 C3          Length=10           Linktest.req
03-31 21:44:35.929 RECD FF FF 00 00 00 06 7F 00 01 00          Length=10           Linktest.rsp
03-31 21:44:35.932 SEND FF FF 00 00 00 06 7F 00 00 C3          Length=10           Linktest.rsp
03-31 21:45:23.380 WARN SOCKET READ ERROR(IOException):java.net.SocketException: Connection reset
03-31 21:45:23.389 HSMS DISCONNECTED BY SECS TARGET
03-31 21:45:33.488 TIME T5 TIMEOUT
03-31 21:45:33.496 HSMS CONNECTING ACTIVE 127.0.0.1/10080
03-31 21:45:35.509 WARN CONNECT ERROR (java.net.ConnectException: Connection refused: connect)
03-31 21:45:45.511 TIME T5 TIMEOUT
03-31 21:45:45.518 HSMS CONNECTING ACTIVE 127.0.0.1/10080
03-31 21:45:47.524 WARN CONNECT ERROR (java.net.ConnectException: Connection refused: connect)
